10:02:35.135 [main                     ] DEBUG Logger               - Configured Logger
10:02:35.156 [main                     ] DEBUG GameApplication      - Logging settings
Title: Tetris Man 2
Version: 1.0
Width: 1050
Height: 700
Fullscreen: false
Intro: false
Profiling: false
Single step:false
App Mode: DEVELOPER
Menu Key: ESCAPE
Stage Style: DECORATED
Scene Factory: class com.almasb.fxgl.app.scene.SceneFactory

10:02:35.479 [JavaFX Application Thread] DEBUG FXGLApplication      - Initializing FXGL
10:02:35.483 [JavaFX Application Thread] INFO  Engine               - FXGL-17.1 (24.03.2022 17.34) on WINDOWS (J:19.0.1 FX:19-ea)
10:02:35.484 [JavaFX Application Thread] DEBUG Engine               - JRE Vendor Name: Oracle Corporation
10:02:35.484 [JavaFX Application Thread] DEBUG Engine               - Running on OS: Windows 11 version 10.0
10:02:35.484 [JavaFX Application Thread] DEBUG Engine               - Architecture: amd64
10:02:35.484 [JavaFX Application Thread] INFO  Engine               - Source code and latest versions at: https://github.com/AlmasB/FXGL
10:02:35.484 [JavaFX Application Thread] INFO  Engine               -       Ask questions and discuss at: https://github.com/AlmasB/FXGL/discussions
10:02:35.484 [JavaFX Application Thread] INFO  Engine               -              Join the FXGL chat at: https://gitter.im/AlmasB/FXGL
10:02:35.551 [JavaFX Application Thread] DEBUG PrimaryStageWindow   - Creating a JavaFX scene
10:02:35.582 [JavaFX Application Thread] DEBUG PrimaryStageWindow   - Target settings size: 1050.0 x 700.0
10:02:35.582 [JavaFX Application Thread] DEBUG PrimaryStageWindow   - Scaled scene size:    1050.0 x 700.0
10:02:35.583 [JavaFX Application Thread] DEBUG PrimaryStageWindow   - Scaled ratio: (1.0, 1.0)
10:02:35.583 [JavaFX Application Thread] DEBUG PrimaryStageWindow   - Set initial scene to FXGLStartupScene
10:02:35.588 [JavaFX Application Thread] DEBUG PrimaryStageWindow   - Opening main window
10:02:35.652 [JavaFX Application Thread] DEBUG PrimaryStageWindow   - Window border size: (16.0, 39.0)
10:02:35.653 [JavaFX Application Thread] DEBUG PrimaryStageWindow   - Scaled size: 1050.0 x 700.0
10:02:35.653 [JavaFX Application Thread] DEBUG PrimaryStageWindow   - Scaled ratio: (1.0, 1.0)
10:02:35.653 [JavaFX Application Thread] DEBUG PrimaryStageWindow   - Scene size: 1050.0 x 700.0
10:02:35.653 [JavaFX Application Thread] DEBUG PrimaryStageWindow   - Stage size: 1066.0 x 739.0
10:02:35.661 [FXGL Background Thread 1 ] DEBUG Engine               - Initializing environment variables
10:02:35.712 [FXGL Background Thread 1 ] DEBUG FXGLAssetLoaderServi - User app class for loading assets: class com.example.ipose_megaman.Main
10:02:35.712 [FXGL Background Thread 1 ] DEBUG GameApplicationServi - Applying CSS: fxgl_dark.css
10:02:35.712 [FXGL Background Thread 1 ] DEBUG FXGLAssetLoaderServi - Loading from file system: jar:file:///C:/Users/julia/.m2/repository/com/github/almasb/fxgl/17.1/fxgl-17.1.jar!/fxglassets/ui/css/fxgl_dark.css
10:02:35.754 [FXGL Background Thread 1 ] DEBUG GameApplicationServi - Initializing application scenes
10:02:35.797 [FXGL Background Thread 1 ] DEBUG GameWorld            - Game world initialized
10:02:35.866 [FXGL Background Thread 1 ] DEBUG PhysicsWorld         - Physics world initialized: appHeight=700, physics.ppm=50,0
10:02:35.866 [FXGL Background Thread 1 ] DEBUG PhysicsWorld         - Using strategy: BRUTE_FORCE
10:02:35.872 [FXGL Background Thread 1 ] DEBUG GameScene            - Game scene initialized: 1050x700
10:02:35.881 [FXGL Background Thread 1 ] DEBUG FXGL.DefaultMenu     - createMenuBodyMainMenu()
10:02:35.892 [FXGL Background Thread 1 ] DEBUG FXGL.DefaultMenu     - createOptionsMenu()
10:02:35.901 [FXGL Background Thread 1 ] DEBUG FXGLAssetLoaderServi - Loading from file system: jar:file:///C:/Users/julia/.m2/repository/com/github/almasb/fxgl/17.1/fxgl-17.1.jar!/fxglassets/textures/particles/smoke.png
10:02:35.988 [FXGL Background Thread 1 ] DEBUG FXGLAssetLoaderServi - Loading from file system: jar:file:///C:/Users/julia/.m2/repository/com/github/almasb/fxgl/17.1/fxgl-17.1.jar!/fxglassets/textures/particles/trace_horizontal.png
10:02:36.018 [FXGL Background Thread 1 ] DEBUG FXGL.DefaultMenu     - createMenuBodyGameMenu()
10:02:36.020 [FXGL Background Thread 1 ] DEBUG FXGL.DefaultMenu     - createOptionsMenu()
10:02:36.029 [FXGL Background Thread 1 ] DEBUG GameApplicationServi - Application scenes initialized
10:02:36.049 [FXGL Background Thread 1 ] DEBUG SystemBundleService  - Loading FXGL system data
10:02:36.058 [FXGL Background Thread 1 ] DEBUG FileSystemAccess     - Reading from: C:\Users\julia\Desktop\IPOSE_MEGAMAN\system\fxgl.bundle
10:02:36.066 [FXGL Background Thread 1 ] DEBUG SystemBundleService  - Bundle FXGL: {}
10:02:36.066 [FXGL Background Thread 1 ] DEBUG UpdaterService       - Checking for updates
10:02:36.071 [FXGL Background Thread 4 ] DEBUG FXGLApplication      - Loading fonts
10:02:36.071 [FXGL Background Thread 1 ] DEBUG FXGLApplication      - Loading default localization
10:02:36.071 [FXGL Background Thread 4 ] DEBUG FXGLAssetLoaderServi - Loading from file system: jar:file:///C:/Users/julia/.m2/repository/com/github/almasb/fxgl/17.1/fxgl-17.1.jar!/fxglassets/ui/fonts/VarelaRound-Regular.ttf
10:02:36.072 [FXGL Background Thread 1 ] DEBUG FXGLAssetLoaderServi - Loading from file system: jar:file:///C:/Users/julia/.m2/repository/com/github/almasb/fxgl/17.1/fxgl-17.1.jar!/fxglassets/languages/english.lang
10:02:36.101 [FXGL Background Thread 1 ] INFO  FXGLApplication      - FXGL initialization took: 0,440 sec
10:02:36.109 [JavaFX Application Thread] DEBUG Input                - Registered new binding: Move Right - D
10:02:36.109 [JavaFX Application Thread] DEBUG Input                - Registered new binding: Move Left - A
10:02:36.109 [JavaFX Application Thread] DEBUG Input                - Registered new binding: Jump - Space
10:02:36.109 [JavaFX Application Thread] DEBUG Input                - Registered new binding: Shoot - Enter
10:02:36.110 [JavaFX Application Thread] DEBUG FXGLAssetLoaderServi - Loading from file system: jar:file:///C:/Users/julia/.m2/repository/com/github/almasb/fxgl/17.1/fxgl-17.1.jar!/fxglassets/textures/fxgl_icon.png
10:02:36.129 [JavaFX Application Thread] DEBUG FXGLAssetLoaderServi - Loading from file system: jar:file:///C:/Users/julia/.m2/repository/com/github/almasb/fxgl/17.1/fxgl-17.1.jar!/fxglassets/textures/fxgl_default_cursor.png
10:02:36.131 [FXGL Background Thread 4 ] DEBUG FXGLAssetLoaderServi - Loading from file system: jar:file:///C:/Users/julia/.m2/repository/com/github/almasb/fxgl/17.1/fxgl-17.1.jar!/fxglassets/ui/fonts/Abel-Regular.ttf
10:02:36.131 [JavaFX Application Thread] DEBUG Input                - Registered new binding: Screenshot - CTRL+8
10:02:36.132 [JavaFX Application Thread] DEBUG Input                - Registered new binding: System info dump - CTRL+9
10:02:36.132 [JavaFX Application Thread] DEBUG Input                - Registered new binding: Restart - CTRL+R
10:02:36.133 [JavaFX Application Thread] DEBUG Input                - Registered new binding: Toggle Debug Camera - CTRL+7
10:02:36.134 [FXGL Background Thread 4 ] DEBUG FXGLAssetLoaderServi - Loading from file system: jar:file:///C:/Users/julia/.m2/repository/com/github/almasb/fxgl/17.1/fxgl-17.1.jar!/fxglassets/ui/fonts/TerminalLandMono-Regular.otf
10:02:36.137 [JavaFX Application Thread] DEBUG LoopRunner           - Starting loop
10:02:36.137 [JavaFX Application Thread] DEBUG LoopRunner           - Initializing JavaFX AnimationTimerLoop
10:02:36.138 [FXGL Background Thread 4 ] DEBUG FXGLAssetLoaderServi - Loading from file system: jar:file:///C:/Users/julia/.m2/repository/com/github/almasb/fxgl/17.1/fxgl-17.1.jar!/fxglassets/ui/fonts/Courier-Prime.ttf
10:02:36.141 [JavaFX Application Thread] DEBUG Input                - Clearing active input actions
10:02:36.145 [JavaFX Application Thread] DEBUG GameApplicationServi - Removing overlay from FXGLStartupScene and adding to FXGLMainMenuDummyScene
10:02:36.145 [JavaFX Application Thread] DEBUG PrimaryStageWindow   - FXGLStartupScene -> FXGLMainMenuDummyScene
10:02:36.145 [JavaFX Application Thread] DEBUG PrimaryStageWindow   - Push state: FXGLDefaultMenu
10:02:36.156 [JavaFX Application Thread] DEBUG Input                - Clearing active input actions
10:02:36.165 [JavaFX Application Thread] DEBUG GameApplicationServi - Removing overlay from FXGLMainMenuDummyScene and adding to FXGLDefaultMenu
10:02:36.166 [JavaFX Application Thread] DEBUG PrimaryStageWindow   - FXGLMainMenuDummyScene -> FXGLDefaultMenu
10:02:36.236 [JavaFX Application Thread] DEBUG FXGLApplication      - Registering font factories with UI factory
10:02:37.068 [FXGL Background Thread 2 ] INFO  UpdaterService       - Your current version:  17.1
10:02:37.069 [FXGL Background Thread 2 ] INFO  UpdaterService       - Latest stable version: 17.3
10:02:39.053 [JavaFX Application Thread] DEBUG Menu                 - fireNewGame()
10:02:39.053 [JavaFX Application Thread] DEBUG GameApplicationServi - Starting new game
10:02:39.054 [JavaFX Application Thread] DEBUG PrimaryStageWindow   - Pop state: FXGLDefaultMenu
10:02:39.054 [JavaFX Application Thread] DEBUG Input                - Clearing active input actions
10:02:39.055 [JavaFX Application Thread] DEBUG GameApplicationServi - Removing overlay from FXGLDefaultMenu and adding to FXGLMainMenuDummyScene
10:02:39.055 [JavaFX Application Thread] DEBUG PrimaryStageWindow   - FXGLMainMenuDummyScene <- FXGLDefaultMenu
10:02:39.055 [JavaFX Application Thread] DEBUG Input                - Clearing active input actions
10:02:39.065 [JavaFX Application Thread] DEBUG GameApplicationServi - Removing overlay from FXGLMainMenuDummyScene and adding to FXGLLoadingScene
10:02:39.065 [JavaFX Application Thread] DEBUG PrimaryStageWindow   - FXGLMainMenuDummyScene -> FXGLLoadingScene
10:02:39.065 [JavaFX Application Thread] DEBUG GameApplicationServi - Clearing previous game
10:02:39.065 [JavaFX Application Thread] DEBUG GameScene            - Clearing game scene
10:02:39.065 [JavaFX Application Thread] DEBUG GameWorld            - Clearing game world
10:02:39.065 [JavaFX Application Thread] DEBUG PhysicsWorld         - Clearing physics world
10:02:39.069 [FXGL Background Thread 3 ] DEBUG Engine               - Logging environment variables
10:02:39.075 [FXGL Background Thread 2 ] DEBUG FXGLApplication      - Initializing game
10:02:39.076 [FXGL Background Thread 3 ] DEBUG Engine               - achievements: []
10:02:39.079 [FXGL Background Thread 3 ] DEBUG Engine               - actualHeight: 700.0
10:02:39.082 [FXGL Background Thread 3 ] DEBUG Engine               - actualHeightProperty: ReadOnlyDoubleProperty [value: 700.0]
10:02:39.082 [FXGL Background Thread 3 ] DEBUG Engine               - actualWidth: 1050.0
10:02:39.082 [FXGL Background Thread 3 ] DEBUG Engine               - actualWidthProperty: ReadOnlyDoubleProperty [value: 1050.0]
10:02:39.082 [FXGL Background Thread 3 ] DEBUG Engine               - appIcon: fxgl_icon.png
10:02:39.082 [FXGL Background Thread 3 ] DEBUG Engine               - applicationMode: DEVELOPER
10:02:39.082 [FXGL Background Thread 3 ] DEBUG Engine               - cSSList: [fxgl_dark.css]
10:02:39.082 [FXGL Background Thread 3 ] DEBUG Engine               - collisionDetectionStrategy: BRUTE_FORCE
10:02:39.082 [FXGL Background Thread 3 ] DEBUG Engine               - configClass: Optional.empty
10:02:39.082 [FXGL Background Thread 3 ] DEBUG Engine               - credits: []
10:02:39.090 [FXGL Background Thread 3 ] DEBUG Engine               - defaultCursor: CursorInfo(imageName=fxgl_default_cursor.png, hotspotX=7.0, hotspotY=6.0)
10:02:39.095 [FXGL Background Thread 3 ] DEBUG Engine               - devBBoxColorProperty: ObjectProperty [value: 0xff0000ff]
10:02:39.095 [FXGL Background Thread 3 ] DEBUG Engine               - devEnableDebugCameraProperty: BooleanProperty [value: false]
10:02:39.095 [FXGL Background Thread 3 ] DEBUG Engine               - devSensorColorProperty: ObjectProperty [value: 0xffff00ff]
10:02:39.095 [FXGL Background Thread 3 ] DEBUG Engine               - devShowBBoxProperty: BooleanProperty [value: false]
10:02:39.096 [FXGL Background Thread 3 ] DEBUG Engine               - devShowPositionProperty: BooleanProperty [value: false]
10:02:39.096 [FXGL Background Thread 3 ] DEBUG Engine               - enabledMenuItems: []
10:02:39.096 [FXGL Background Thread 3 ] DEBUG Engine               - engineServices: [class com.almasb.fxgl.app.services.FXGLAssetLoaderService, class com.almasb.fxgl.app.FXGLApplication$GameApplicationService, class com.almasb.fxgl.app.services.FXGLDialogService, class com.almasb.fxgl.app.services.IOTaskExecutorService, class com.almasb.fxgl.io.FileSystemService, class com.almasb.fxgl.localization.LocalizationService, class com.almasb.fxgl.app.services.SystemBundleService, class com.almasb.fxgl.profile.SaveLoadService, class com.almasb.fxgl.ui.FXGLUIFactoryServiceProvider, class com.almasb.fxgl.ui.FXGLDialogFactoryServiceProvider, class com.almasb.fxgl.audio.AudioPlayer, class com.almasb.fxgl.notification.impl.NotificationServiceProvider, class com.almasb.fxgl.achievement.AchievementService, class com.almasb.fxgl.cutscene.CutsceneService, class com.almasb.fxgl.minigames.MiniGameService, class com.almasb.fxgl.net.NetService, class com.almasb.fxgl.app.services.UpdaterService, class com.almasb.fxgl.dev.DevService]
10:02:39.096 [FXGL Background Thread 3 ] DEBUG Engine               - fontGame: Abel-Regular.ttf
10:02:39.096 [FXGL Background Thread 3 ] DEBUG Engine               - fontMono: TerminalLandMono-Regular.otf
10:02:39.096 [FXGL Background Thread 3 ] DEBUG Engine               - fontText: Courier-Prime.ttf
10:02:39.096 [FXGL Background Thread 3 ] DEBUG Engine               - fontUI: VarelaRound-Regular.ttf
10:02:39.096 [FXGL Background Thread 3 ] DEBUG Engine               - fullScreen: BooleanProperty [value: false]
10:02:39.096 [FXGL Background Thread 3 ] DEBUG Engine               - gameDifficulty: MEDIUM
10:02:39.096 [FXGL Background Thread 3 ] DEBUG Engine               - gameDifficultyProperty: ObjectProperty [value: MEDIUM]
10:02:39.096 [FXGL Background Thread 3 ] DEBUG Engine               - globalMusicVolume: 0.5
10:02:39.096 [FXGL Background Thread 3 ] DEBUG Engine               - globalMusicVolumeProperty: DoubleProperty [value: 0.5]
10:02:39.096 [FXGL Background Thread 3 ] DEBUG Engine               - globalSoundVolume: 0.5
10:02:39.096 [FXGL Background Thread 3 ] DEBUG Engine               - globalSoundVolumeProperty: DoubleProperty [value: 0.5]
10:02:39.096 [FXGL Background Thread 3 ] DEBUG Engine               - height: 700
10:02:39.096 [FXGL Background Thread 3 ] DEBUG Engine               - is3D: false
10:02:39.096 [FXGL Background Thread 3 ] DEBUG Engine               - isAndroid: false
10:02:39.096 [FXGL Background Thread 3 ] DEBUG Engine               - isBrowser: false
10:02:39.097 [FXGL Background Thread 3 ] DEBUG Engine               - isClickFeedbackEnabled: false
10:02:39.097 [FXGL Background Thread 3 ] DEBUG Engine               - isCloseConfirmation: false
10:02:39.097 [FXGL Background Thread 3 ] DEBUG Engine               - isDesktop: true
10:02:39.097 [FXGL Background Thread 3 ] DEBUG Engine               - isDeveloperMenuEnabled: false
10:02:39.097 [FXGL Background Thread 3 ] DEBUG Engine               - isEmbedded: false
10:02:39.097 [FXGL Background Thread 3 ] DEBUG Engine               - isEntityPreloadEnabled: true
10:02:39.097 [FXGL Background Thread 3 ] DEBUG Engine               - isExperimentalTiledLargeMap: false
10:02:39.097 [FXGL Background Thread 3 ] DEBUG Engine               - isFileSystemWriteAllowed: true
10:02:39.097 [FXGL Background Thread 3 ] DEBUG Engine               - isFullScreenAllowed: false
10:02:39.097 [FXGL Background Thread 3 ] DEBUG Engine               - isFullScreenFromStart: false
10:02:39.097 [FXGL Background Thread 3 ] DEBUG Engine               - isGameMenuEnabled: true
10:02:39.097 [FXGL Background Thread 3 ] DEBUG Engine               - isIOS: false
10:02:39.097 [FXGL Background Thread 3 ] DEBUG Engine               - isIntroEnabled: false
10:02:39.097 [FXGL Background Thread 3 ] DEBUG Engine               - isLinux: false
10:02:39.097 [FXGL Background Thread 3 ] DEBUG Engine               - isMac: false
10:02:39.097 [FXGL Background Thread 3 ] DEBUG Engine               - isMainMenuEnabled: true
10:02:39.097 [FXGL Background Thread 3 ] DEBUG Engine               - isManualResizeEnabled: false
10:02:39.097 [FXGL Background Thread 3 ] DEBUG Engine               - isMobile: false
10:02:39.097 [FXGL Background Thread 3 ] DEBUG Engine               - isNative: false
10:02:39.098 [FXGL Background Thread 3 ] DEBUG Engine               - isPauseMusicWhenMinimized: true
10:02:39.098 [FXGL Background Thread 3 ] DEBUG Engine               - isPreserveResizeRatio: false
10:02:39.098 [FXGL Background Thread 3 ] DEBUG Engine               - isProfilingEnabled: false
10:02:39.098 [FXGL Background Thread 3 ] DEBUG Engine               - isScaleAffectedOnResize: true
10:02:39.098 [FXGL Background Thread 3 ] DEBUG Engine               - isSingleStep: false
10:02:39.098 [FXGL Background Thread 3 ] DEBUG Engine               - isUserProfileEnabled: false
10:02:39.098 [FXGL Background Thread 3 ] DEBUG Engine               - isWindows: true
10:02:39.098 [FXGL Background Thread 3 ] DEBUG Engine               - language: ObjectProperty [value: ENGLISH]
10:02:39.098 [FXGL Background Thread 3 ] DEBUG Engine               - menuKey: ESCAPE
10:02:39.098 [FXGL Background Thread 3 ] DEBUG Engine               - mouseSensitivity: 0.2
10:02:39.099 [FXGL Background Thread 3 ] DEBUG Engine               - notificationViewClass: class com.almasb.fxgl.notification.view.XboxNotificationView
10:02:39.100 [FXGL Background Thread 3 ] DEBUG Engine               - pixelsPerMeter: 50.0
10:02:39.105 [FXGL Background Thread 3 ] DEBUG Engine               - platform: WINDOWS
10:02:39.105 [FXGL Background Thread 3 ] DEBUG Engine               - prefHeightProperty: ReadOnlyDoubleProperty [value: 700.0]
10:02:39.105 [FXGL Background Thread 3 ] DEBUG Engine               - prefWidthProperty: ReadOnlyDoubleProperty [value: 1050.0]
10:02:39.106 [FXGL Background Thread 3 ] DEBUG Engine               - profileDir: profiles/
10:02:39.106 [FXGL Background Thread 3 ] DEBUG Engine               - profileName: StringProperty [value: DEFAULT]
10:02:39.106 [FXGL Background Thread 3 ] DEBUG Engine               - randomSeed: -1
10:02:39.107 [FXGL Background Thread 3 ] DEBUG Engine               - runtimeInfo: RuntimeInfo(platform=WINDOWS, version=17.1, build=24.03.2022 17.34)
10:02:39.107 [FXGL Background Thread 3 ] DEBUG Engine               - saveFileExt: sav
10:02:39.107 [FXGL Background Thread 3 ] DEBUG Engine               - scaledHeightProp$fxgl: DoubleProperty [bound, value: 700.0]
10:02:39.108 [FXGL Background Thread 3 ] DEBUG Engine               - scaledWidthProp$fxgl: DoubleProperty [bound, value: 1050.0]
10:02:39.108 [FXGL Background Thread 3 ] DEBUG Engine               - sceneFactory: com.almasb.fxgl.app.scene.SceneFactory@745791be
10:02:39.108 [FXGL Background Thread 3 ] DEBUG Engine               - secondsIn24h: 60
10:02:39.108 [FXGL Background Thread 3 ] DEBUG Engine               - soundMenuBack: menu/back.wav
10:02:39.108 [FXGL Background Thread 3 ] DEBUG Engine               - soundMenuPress: menu/press.wav
10:02:39.108 [FXGL Background Thread 3 ] DEBUG Engine               - soundMenuSelect: menu/select.wav
10:02:39.108 [FXGL Background Thread 3 ] DEBUG Engine               - soundNotification: core/notification.wav
10:02:39.108 [FXGL Background Thread 3 ] DEBUG Engine               - stageStyle: DECORATED
10:02:39.109 [FXGL Background Thread 3 ] DEBUG Engine               - supportedLanguages: [ENGLISH, FRENCH, GERMAN, HUNGARIAN, RUSSIAN]
10:02:39.109 [FXGL Background Thread 3 ] DEBUG Engine               - ticksPerSecond: -1
10:02:39.109 [FXGL Background Thread 3 ] DEBUG Engine               - title: Tetris Man 2
10:02:39.111 [FXGL Background Thread 3 ] DEBUG Engine               - urlGithub: https://github.com/AlmasB/FXGL
10:02:39.111 [FXGL Background Thread 3 ] DEBUG Engine               - urlLeaderboard: http://fxgl-top.herokuapp.com/
10:02:39.111 [FXGL Background Thread 3 ] DEBUG Engine               - urlPOM: https://raw.githubusercontent.com/AlmasB/FXGL/release/README.md
10:02:39.111 [FXGL Background Thread 3 ] DEBUG Engine               - userAppClass: class com.example.ipose_megaman.Main
10:02:39.111 [FXGL Background Thread 3 ] DEBUG Engine               - version: 1.0
10:02:39.111 [FXGL Background Thread 3 ] DEBUG Engine               - versionCheckDays: 7
10:02:39.111 [FXGL Background Thread 3 ] DEBUG Engine               - width: 1050
10:02:39.111 [FXGL Background Thread 3 ] DEBUG Engine               - Logging services
10:02:39.111 [FXGL Background Thread 3 ] DEBUG Engine               - class com.almasb.fxgl.app.services.FXGLAssetLoaderService
10:02:39.111 [FXGL Background Thread 3 ] DEBUG Engine               - class com.almasb.fxgl.app.FXGLApplication$GameApplicationService
10:02:39.111 [FXGL Background Thread 3 ] DEBUG Engine               - class com.almasb.fxgl.app.services.FXGLDialogService
10:02:39.111 [FXGL Background Thread 3 ] DEBUG Engine               - class com.almasb.fxgl.app.services.IOTaskExecutorService
10:02:39.111 [FXGL Background Thread 3 ] DEBUG Engine               - class com.almasb.fxgl.io.FileSystemService
10:02:39.111 [FXGL Background Thread 3 ] DEBUG Engine               - class com.almasb.fxgl.localization.LocalizationService
10:02:39.111 [FXGL Background Thread 3 ] DEBUG Engine               - class com.almasb.fxgl.app.services.SystemBundleService
10:02:39.111 [FXGL Background Thread 3 ] DEBUG Engine               - class com.almasb.fxgl.profile.SaveLoadService
10:02:39.111 [FXGL Background Thread 3 ] DEBUG Engine               - class com.almasb.fxgl.ui.FXGLUIFactoryServiceProvider
10:02:39.111 [FXGL Background Thread 3 ] DEBUG Engine               - class com.almasb.fxgl.ui.FXGLDialogFactoryServiceProvider
10:02:39.111 [FXGL Background Thread 3 ] DEBUG Engine               - class com.almasb.fxgl.audio.AudioPlayer
10:02:39.111 [FXGL Background Thread 3 ] DEBUG Engine               - class com.almasb.fxgl.notification.impl.NotificationServiceProvider
10:02:39.111 [FXGL Background Thread 3 ] DEBUG Engine               - class com.almasb.fxgl.achievement.AchievementService
10:02:39.112 [FXGL Background Thread 3 ] DEBUG Engine               - class com.almasb.fxgl.cutscene.CutsceneService
10:02:39.112 [FXGL Background Thread 3 ] DEBUG Engine               - class com.almasb.fxgl.minigames.MiniGameService
10:02:39.112 [FXGL Background Thread 3 ] DEBUG Engine               - class com.almasb.fxgl.net.NetService
10:02:39.112 [FXGL Background Thread 3 ] DEBUG Engine               - class com.almasb.fxgl.app.services.UpdaterService
10:02:39.112 [FXGL Background Thread 3 ] DEBUG Engine               - class com.almasb.fxgl.dev.DevService
10:02:39.166 [FXGL Background Thread 2 ] WARN  TMXLevelLoader       - TiledMap generated from 1.0.1. Supported version: 1.4.2. Some features may not be parsed fully.
10:02:39.177 [FXGL Background Thread 2 ] DEBUG TMXLevelLoader       - Parsed TiledMap: file:/C:/Users/julia/Desktop/IPOSE_MEGAMAN/target/classes/assets/levels/level3.tmx
10:02:39.178 [FXGL Background Thread 2 ] DEBUG TMXLevelLoader       - Creating tile layer entities
10:02:39.179 [FXGL Background Thread 2 ] DEBUG TilesetLoader        - Loading view for layer Tilelaag 1
10:02:39.187 [FXGL Background Thread 2 ] DEBUG TilesetLoader        - Created buffer with size 7000.0x1050.0
10:02:39.193 [FXGL Background Thread 2 ] DEBUG TMXLevelLoader       - Creating object layer entities
10:02:39.223 [FXGL Background Thread 2 ] DEBUG GameWorld            - Clearing removable entities
10:02:39.226 [FXGL Background Thread 2 ] DEBUG GameWorld            - Setting level: com.almasb.fxgl.entity.level.Level@140be93e
10:02:39.235 [FXGL Background Thread 2 ] WARN  FXGLAssetLoaderServi - Asset "/assets/textures/assets/textures/MegaManIdle.png" was not found!
10:02:39.235 [FXGL Background Thread 2 ] WARN  FXGLAssetLoaderServi - Failed to load IMAGE
10:02:39.264 [FXGL Background Thread 2 ] DEBUG FXGLAssetLoaderServi - Loading from file system: file:/C:/Users/julia/Desktop/IPOSE_MEGAMAN/target/classes/assets/textures/MegaManIdle.png
10:02:39.268 [FXGL Background Thread 2 ] DEBUG FXGLAssetLoaderServi - Loading from file system: file:/C:/Users/julia/Desktop/IPOSE_MEGAMAN/target/classes/assets/textures/clouds.jpg
10:02:39.287 [FXGL Background Thread 2 ] INFO  FXGLApplication      - Game initialization took: 0,210 sec
10:02:39.291 [JavaFX Application Thread] DEBUG Input                - Clearing active input actions
10:02:39.296 [JavaFX Application Thread] DEBUG GameApplicationServi - Removing overlay from FXGLLoadingScene and adding to GameScene
10:02:39.296 [JavaFX Application Thread] DEBUG PrimaryStageWindow   - FXGLLoadingScene -> GameScene
10:02:41.744 [JavaFX Application Thread] DEBUG PrimaryStageWindow   - Push state: DialogSubScene
10:02:41.744 [JavaFX Application Thread] DEBUG Input                - Clearing active input actions
10:02:41.744 [JavaFX Application Thread] DEBUG GameApplicationServi - Removing overlay from GameScene and adding to DialogSubScene
10:02:41.744 [JavaFX Application Thread] DEBUG PrimaryStageWindow   - GameScene -> DialogSubScene
10:02:43.684 [JavaFX Application Thread] DEBUG PrimaryStageWindow   - Pop state: DialogSubScene
10:02:43.684 [JavaFX Application Thread] DEBUG Input                - Clearing active input actions
10:02:43.684 [JavaFX Application Thread] DEBUG GameApplicationServi - Removing overlay from DialogSubScene and adding to GameScene
10:02:43.684 [JavaFX Application Thread] DEBUG PrimaryStageWindow   - GameScene <- DialogSubScene
10:02:43.686 [JavaFX Application Thread] WARN  FXGLAssetLoaderServi - Asset "/assets/textures/tilesheet.png" was not found!
10:02:43.686 [JavaFX Application Thread] WARN  FXGLAssetLoaderServi - Failed to load IMAGE
10:02:47.311 [JavaFX Application Thread] DEBUG PrimaryStageWindow   - Push state: DialogSubScene
10:02:47.312 [JavaFX Application Thread] DEBUG Input                - Clearing active input actions
10:02:47.313 [JavaFX Application Thread] DEBUG GameApplicationServi - Removing overlay from GameScene and adding to DialogSubScene
10:02:47.313 [JavaFX Application Thread] DEBUG PrimaryStageWindow   - GameScene -> DialogSubScene
10:02:51.259 [JavaFX Application Thread] DEBUG PrimaryStageWindow   - Pop state: DialogSubScene
10:02:51.260 [JavaFX Application Thread] DEBUG Input                - Clearing active input actions
10:02:51.262 [JavaFX Application Thread] DEBUG GameApplicationServi - Removing overlay from DialogSubScene and adding to GameScene
10:02:51.262 [JavaFX Application Thread] DEBUG PrimaryStageWindow   - GameScene <- DialogSubScene
10:02:51.263 [JavaFX Application Thread] WARN  FXGLAssetLoaderServi - Asset "/assets/textures/tilesheet.png" was not found!
10:02:51.264 [JavaFX Application Thread] WARN  FXGLAssetLoaderServi - Failed to load IMAGE
10:02:54.240 [JavaFX Application Thread] DEBUG PrimaryStageWindow   - Push state: DialogSubScene
10:02:54.240 [JavaFX Application Thread] DEBUG Input                - Clearing active input actions
10:02:54.241 [JavaFX Application Thread] DEBUG GameApplicationServi - Removing overlay from GameScene and adding to DialogSubScene
10:02:54.242 [JavaFX Application Thread] DEBUG PrimaryStageWindow   - GameScene -> DialogSubScene
10:02:55.308 [JavaFX Application Thread] DEBUG PrimaryStageWindow   - Pop state: DialogSubScene
10:02:55.308 [JavaFX Application Thread] DEBUG Input                - Clearing active input actions
10:02:55.313 [JavaFX Application Thread] DEBUG GameApplicationServi - Removing overlay from DialogSubScene and adding to GameScene
10:02:55.314 [JavaFX Application Thread] DEBUG PrimaryStageWindow   - GameScene <- DialogSubScene
10:02:55.314 [JavaFX Application Thread] WARN  FXGLAssetLoaderServi - Asset "/assets/textures/tilesheet.png" was not found!
10:02:55.314 [JavaFX Application Thread] WARN  FXGLAssetLoaderServi - Failed to load IMAGE
10:03:00.208 [JavaFX Application Thread] DEBUG PrimaryStageWindow   - Push state: DialogSubScene
10:03:00.209 [JavaFX Application Thread] DEBUG Input                - Clearing active input actions
10:03:00.211 [JavaFX Application Thread] DEBUG GameApplicationServi - Removing overlay from GameScene and adding to DialogSubScene
10:03:00.211 [JavaFX Application Thread] DEBUG PrimaryStageWindow   - GameScene -> DialogSubScene
10:03:01.406 [JavaFX Application Thread] DEBUG PrimaryStageWindow   - Pop state: DialogSubScene
10:03:01.407 [JavaFX Application Thread] DEBUG Input                - Clearing active input actions
10:03:01.408 [JavaFX Application Thread] DEBUG GameApplicationServi - Removing overlay from DialogSubScene and adding to GameScene
10:03:01.408 [JavaFX Application Thread] DEBUG PrimaryStageWindow   - GameScene <- DialogSubScene
10:03:01.409 [JavaFX Application Thread] WARN  FXGLAssetLoaderServi - Asset "/assets/textures/tilesheet.png" was not found!
10:03:01.410 [JavaFX Application Thread] WARN  FXGLAssetLoaderServi - Failed to load IMAGE
10:03:07.875 [JavaFX Application Thread] DEBUG PrimaryStageWindow   - Push state: DialogSubScene
10:03:07.875 [JavaFX Application Thread] DEBUG Input                - Clearing active input actions
10:03:07.876 [JavaFX Application Thread] DEBUG GameApplicationServi - Removing overlay from GameScene and adding to DialogSubScene
10:03:07.877 [JavaFX Application Thread] DEBUG PrimaryStageWindow   - GameScene -> DialogSubScene
10:03:10.569 [JavaFX Application Thread] DEBUG PrimaryStageWindow   - Pop state: DialogSubScene
10:03:10.569 [JavaFX Application Thread] DEBUG Input                - Clearing active input actions
10:03:10.569 [JavaFX Application Thread] DEBUG GameApplicationServi - Removing overlay from DialogSubScene and adding to GameScene
10:03:10.570 [JavaFX Application Thread] DEBUG PrimaryStageWindow   - GameScene <- DialogSubScene
10:03:10.570 [JavaFX Application Thread] WARN  FXGLAssetLoaderServi - Asset "/assets/textures/tilesheet.png" was not found!
10:03:10.570 [JavaFX Application Thread] WARN  FXGLAssetLoaderServi - Failed to load IMAGE
10:03:16.052 [JavaFX Application Thread] DEBUG FXGLApplication      - Exiting FXGL
10:03:16.052 [JavaFX Application Thread] DEBUG LoopRunner           - Stopping loop
10:03:16.052 [JavaFX Application Thread] DEBUG SystemBundleService  - Saving FXGL system data
10:03:16.091 [JavaFX Application Thread] DEBUG FileSystemAccess     - Writing to: C:\Users\julia\Desktop\IPOSE_MEGAMAN\system\fxgl.bundle
10:03:16.093 [JavaFX Application Thread] DEBUG Async                - Shutting down background threads
10:03:16.093 [JavaFX Application Thread] DEBUG PrimaryStageWindow   - Closing main window
10:03:16.102 [JavaFX Application Thread] DEBUG Logger               - Closing Logger
