09:55:57.639 [main                     ] DEBUG Logger               - Configured Logger
09:55:57.666 [main                     ] DEBUG GameApplication      - Logging settings
Title: Tetris Man 2
Version: 1.0
Width: 1050
Height: 700
Fullscreen: false
Intro: false
Profiling: false
Single step:false
App Mode: DEVELOPER
Menu Key: ESCAPE
Stage Style: DECORATED
Scene Factory: class com.almasb.fxgl.app.scene.SceneFactory

09:55:58.008 [JavaFX Application Thread] DEBUG FXGLApplication      - Initializing FXGL
09:55:58.013 [JavaFX Application Thread] INFO  Engine               - FXGL-17.1 (24.03.2022 17.34) on WINDOWS (J:19.0.1 FX:19-ea)
09:55:58.013 [JavaFX Application Thread] DEBUG Engine               - JRE Vendor Name: Oracle Corporation
09:55:58.014 [JavaFX Application Thread] DEBUG Engine               - Running on OS: Windows 11 version 10.0
09:55:58.014 [JavaFX Application Thread] DEBUG Engine               - Architecture: amd64
09:55:58.014 [JavaFX Application Thread] INFO  Engine               - Source code and latest versions at: https://github.com/AlmasB/FXGL
09:55:58.015 [JavaFX Application Thread] INFO  Engine               -       Ask questions and discuss at: https://github.com/AlmasB/FXGL/discussions
09:55:58.015 [JavaFX Application Thread] INFO  Engine               -              Join the FXGL chat at: https://gitter.im/AlmasB/FXGL
09:55:58.073 [JavaFX Application Thread] DEBUG PrimaryStageWindow   - Creating a JavaFX scene
09:55:58.101 [JavaFX Application Thread] DEBUG PrimaryStageWindow   - Target settings size: 1050.0 x 700.0
09:55:58.101 [JavaFX Application Thread] DEBUG PrimaryStageWindow   - Scaled scene size:    1050.0 x 700.0
09:55:58.102 [JavaFX Application Thread] DEBUG PrimaryStageWindow   - Scaled ratio: (1.0, 1.0)
09:55:58.102 [JavaFX Application Thread] DEBUG PrimaryStageWindow   - Set initial scene to FXGLStartupScene
09:55:58.106 [JavaFX Application Thread] DEBUG PrimaryStageWindow   - Opening main window
09:55:58.157 [JavaFX Application Thread] DEBUG PrimaryStageWindow   - Window border size: (16.0, 39.0)
09:55:58.158 [JavaFX Application Thread] DEBUG PrimaryStageWindow   - Scaled size: 1050.0 x 700.0
09:55:58.159 [JavaFX Application Thread] DEBUG PrimaryStageWindow   - Scaled ratio: (1.0, 1.0)
09:55:58.159 [JavaFX Application Thread] DEBUG PrimaryStageWindow   - Scene size: 1050.0 x 700.0
09:55:58.159 [JavaFX Application Thread] DEBUG PrimaryStageWindow   - Stage size: 1066.0 x 739.0
09:55:58.167 [FXGL Background Thread 1 ] DEBUG Engine               - Initializing environment variables
09:55:58.211 [FXGL Background Thread 1 ] DEBUG FXGLAssetLoaderServi - User app class for loading assets: class com.example.ipose_megaman.Main
09:55:58.211 [FXGL Background Thread 1 ] DEBUG GameApplicationServi - Applying CSS: fxgl_dark.css
09:55:58.212 [FXGL Background Thread 1 ] DEBUG FXGLAssetLoaderServi - Loading from file system: jar:file:///C:/Users/julia/.m2/repository/com/github/almasb/fxgl/17.1/fxgl-17.1.jar!/fxglassets/ui/css/fxgl_dark.css
09:55:58.256 [FXGL Background Thread 1 ] DEBUG GameApplicationServi - Initializing application scenes
09:55:58.302 [FXGL Background Thread 1 ] DEBUG GameWorld            - Game world initialized
09:55:58.377 [FXGL Background Thread 1 ] DEBUG PhysicsWorld         - Physics world initialized: appHeight=700, physics.ppm=50,0
09:55:58.377 [FXGL Background Thread 1 ] DEBUG PhysicsWorld         - Using strategy: BRUTE_FORCE
09:55:58.382 [FXGL Background Thread 1 ] DEBUG GameScene            - Game scene initialized: 1050x700
09:55:58.390 [FXGL Background Thread 1 ] DEBUG FXGL.DefaultMenu     - createMenuBodyMainMenu()
09:55:58.398 [FXGL Background Thread 1 ] DEBUG FXGL.DefaultMenu     - createOptionsMenu()
09:55:58.405 [FXGL Background Thread 1 ] DEBUG FXGLAssetLoaderServi - Loading from file system: jar:file:///C:/Users/julia/.m2/repository/com/github/almasb/fxgl/17.1/fxgl-17.1.jar!/fxglassets/textures/particles/smoke.png
09:55:58.500 [FXGL Background Thread 1 ] DEBUG FXGLAssetLoaderServi - Loading from file system: jar:file:///C:/Users/julia/.m2/repository/com/github/almasb/fxgl/17.1/fxgl-17.1.jar!/fxglassets/textures/particles/trace_horizontal.png
09:55:58.532 [FXGL Background Thread 1 ] DEBUG FXGL.DefaultMenu     - createMenuBodyGameMenu()
09:55:58.533 [FXGL Background Thread 1 ] DEBUG FXGL.DefaultMenu     - createOptionsMenu()
09:55:58.541 [FXGL Background Thread 1 ] DEBUG GameApplicationServi - Application scenes initialized
09:55:58.552 [FXGL Background Thread 1 ] DEBUG SystemBundleService  - Loading FXGL system data
09:55:58.557 [FXGL Background Thread 1 ] DEBUG FileSystemAccess     - Reading from: C:\Users\julia\Desktop\IPOSE_MEGAMAN\system\fxgl.bundle
09:55:58.565 [FXGL Background Thread 1 ] DEBUG SystemBundleService  - Bundle FXGL: {}
09:55:58.565 [FXGL Background Thread 1 ] DEBUG UpdaterService       - Checking for updates
09:55:58.569 [FXGL Background Thread 4 ] DEBUG FXGLApplication      - Loading fonts
09:55:58.570 [FXGL Background Thread 1 ] DEBUG FXGLApplication      - Loading default localization
09:55:58.570 [FXGL Background Thread 4 ] DEBUG FXGLAssetLoaderServi - Loading from file system: jar:file:///C:/Users/julia/.m2/repository/com/github/almasb/fxgl/17.1/fxgl-17.1.jar!/fxglassets/ui/fonts/VarelaRound-Regular.ttf
09:55:58.570 [FXGL Background Thread 1 ] DEBUG FXGLAssetLoaderServi - Loading from file system: jar:file:///C:/Users/julia/.m2/repository/com/github/almasb/fxgl/17.1/fxgl-17.1.jar!/fxglassets/languages/english.lang
09:55:58.601 [FXGL Background Thread 1 ] INFO  FXGLApplication      - FXGL initialization took: 0,434 sec
09:55:58.612 [JavaFX Application Thread] DEBUG Input                - Registered new binding: Move Right - D
09:55:58.613 [JavaFX Application Thread] DEBUG Input                - Registered new binding: Move Left - A
09:55:58.613 [JavaFX Application Thread] DEBUG Input                - Registered new binding: Jump - Space
09:55:58.613 [JavaFX Application Thread] DEBUG Input                - Registered new binding: Shoot - Enter
09:55:58.613 [JavaFX Application Thread] DEBUG FXGLAssetLoaderServi - Loading from file system: jar:file:///C:/Users/julia/.m2/repository/com/github/almasb/fxgl/17.1/fxgl-17.1.jar!/fxglassets/textures/fxgl_icon.png
09:55:58.621 [FXGL Background Thread 4 ] DEBUG FXGLAssetLoaderServi - Loading from file system: jar:file:///C:/Users/julia/.m2/repository/com/github/almasb/fxgl/17.1/fxgl-17.1.jar!/fxglassets/ui/fonts/Abel-Regular.ttf
09:55:58.625 [FXGL Background Thread 4 ] DEBUG FXGLAssetLoaderServi - Loading from file system: jar:file:///C:/Users/julia/.m2/repository/com/github/almasb/fxgl/17.1/fxgl-17.1.jar!/fxglassets/ui/fonts/TerminalLandMono-Regular.otf
09:55:58.629 [FXGL Background Thread 4 ] DEBUG FXGLAssetLoaderServi - Loading from file system: jar:file:///C:/Users/julia/.m2/repository/com/github/almasb/fxgl/17.1/fxgl-17.1.jar!/fxglassets/ui/fonts/Courier-Prime.ttf
09:55:58.629 [JavaFX Application Thread] DEBUG FXGLAssetLoaderServi - Loading from file system: jar:file:///C:/Users/julia/.m2/repository/com/github/almasb/fxgl/17.1/fxgl-17.1.jar!/fxglassets/textures/fxgl_default_cursor.png
09:55:58.632 [JavaFX Application Thread] DEBUG Input                - Registered new binding: Screenshot - CTRL+8
09:55:58.632 [JavaFX Application Thread] DEBUG Input                - Registered new binding: System info dump - CTRL+9
09:55:58.632 [JavaFX Application Thread] DEBUG Input                - Registered new binding: Restart - CTRL+R
09:55:58.634 [JavaFX Application Thread] DEBUG Input                - Registered new binding: Toggle Debug Camera - CTRL+7
09:55:58.638 [JavaFX Application Thread] DEBUG LoopRunner           - Starting loop
09:55:58.638 [JavaFX Application Thread] DEBUG LoopRunner           - Initializing JavaFX AnimationTimerLoop
09:55:58.642 [JavaFX Application Thread] DEBUG Input                - Clearing active input actions
09:55:58.646 [JavaFX Application Thread] DEBUG GameApplicationServi - Removing overlay from FXGLStartupScene and adding to FXGLMainMenuDummyScene
09:55:58.646 [JavaFX Application Thread] DEBUG PrimaryStageWindow   - FXGLStartupScene -> FXGLMainMenuDummyScene
09:55:58.646 [JavaFX Application Thread] DEBUG PrimaryStageWindow   - Push state: FXGLDefaultMenu
09:55:58.657 [JavaFX Application Thread] DEBUG Input                - Clearing active input actions
09:55:58.665 [JavaFX Application Thread] DEBUG GameApplicationServi - Removing overlay from FXGLMainMenuDummyScene and adding to FXGLDefaultMenu
09:55:58.665 [JavaFX Application Thread] DEBUG PrimaryStageWindow   - FXGLMainMenuDummyScene -> FXGLDefaultMenu
09:55:58.665 [JavaFX Application Thread] DEBUG FXGLApplication      - Registering font factories with UI factory
09:55:59.143 [FXGL Background Thread 2 ] INFO  UpdaterService       - Your current version:  17.1
09:55:59.143 [FXGL Background Thread 2 ] INFO  UpdaterService       - Latest stable version: 17.3
09:56:01.569 [FXGL Background Thread 3 ] DEBUG Engine               - Logging environment variables
09:56:01.570 [FXGL Background Thread 3 ] DEBUG Engine               - achievements: []
09:56:01.570 [FXGL Background Thread 3 ] DEBUG Engine               - actualHeight: 700.0
09:56:01.570 [FXGL Background Thread 3 ] DEBUG Engine               - actualHeightProperty: ReadOnlyDoubleProperty [value: 700.0]
09:56:01.570 [FXGL Background Thread 3 ] DEBUG Engine               - actualWidth: 1050.0
09:56:01.570 [FXGL Background Thread 3 ] DEBUG Engine               - actualWidthProperty: ReadOnlyDoubleProperty [value: 1050.0]
09:56:01.571 [FXGL Background Thread 3 ] DEBUG Engine               - appIcon: fxgl_icon.png
09:56:01.571 [FXGL Background Thread 3 ] DEBUG Engine               - applicationMode: DEVELOPER
09:56:01.571 [FXGL Background Thread 3 ] DEBUG Engine               - cSSList: [fxgl_dark.css]
09:56:01.571 [FXGL Background Thread 3 ] DEBUG Engine               - collisionDetectionStrategy: BRUTE_FORCE
09:56:01.571 [FXGL Background Thread 3 ] DEBUG Engine               - configClass: Optional.empty
09:56:01.571 [FXGL Background Thread 3 ] DEBUG Engine               - credits: []
09:56:01.572 [FXGL Background Thread 3 ] DEBUG Engine               - defaultCursor: CursorInfo(imageName=fxgl_default_cursor.png, hotspotX=7.0, hotspotY=6.0)
09:56:01.573 [FXGL Background Thread 3 ] DEBUG Engine               - devBBoxColorProperty: ObjectProperty [value: 0xff0000ff]
09:56:01.573 [FXGL Background Thread 3 ] DEBUG Engine               - devEnableDebugCameraProperty: BooleanProperty [value: false]
09:56:01.573 [FXGL Background Thread 3 ] DEBUG Engine               - devSensorColorProperty: ObjectProperty [value: 0xffff00ff]
09:56:01.573 [FXGL Background Thread 3 ] DEBUG Engine               - devShowBBoxProperty: BooleanProperty [value: false]
09:56:01.573 [FXGL Background Thread 3 ] DEBUG Engine               - devShowPositionProperty: BooleanProperty [value: false]
09:56:01.573 [FXGL Background Thread 3 ] DEBUG Engine               - enabledMenuItems: []
09:56:01.573 [FXGL Background Thread 3 ] DEBUG Engine               - engineServices: [class com.almasb.fxgl.app.services.FXGLAssetLoaderService, class com.almasb.fxgl.app.FXGLApplication$GameApplicationService, class com.almasb.fxgl.app.services.FXGLDialogService, class com.almasb.fxgl.app.services.IOTaskExecutorService, class com.almasb.fxgl.io.FileSystemService, class com.almasb.fxgl.localization.LocalizationService, class com.almasb.fxgl.app.services.SystemBundleService, class com.almasb.fxgl.profile.SaveLoadService, class com.almasb.fxgl.ui.FXGLUIFactoryServiceProvider, class com.almasb.fxgl.ui.FXGLDialogFactoryServiceProvider, class com.almasb.fxgl.audio.AudioPlayer, class com.almasb.fxgl.notification.impl.NotificationServiceProvider, class com.almasb.fxgl.achievement.AchievementService, class com.almasb.fxgl.cutscene.CutsceneService, class com.almasb.fxgl.minigames.MiniGameService, class com.almasb.fxgl.net.NetService, class com.almasb.fxgl.app.services.UpdaterService, class com.almasb.fxgl.dev.DevService]
09:56:01.573 [FXGL Background Thread 3 ] DEBUG Engine               - fontGame: Abel-Regular.ttf
09:56:01.573 [FXGL Background Thread 3 ] DEBUG Engine               - fontMono: TerminalLandMono-Regular.otf
09:56:01.573 [FXGL Background Thread 3 ] DEBUG Engine               - fontText: Courier-Prime.ttf
09:56:01.573 [FXGL Background Thread 3 ] DEBUG Engine               - fontUI: VarelaRound-Regular.ttf
09:56:01.573 [FXGL Background Thread 3 ] DEBUG Engine               - fullScreen: BooleanProperty [value: false]
09:56:01.573 [FXGL Background Thread 3 ] DEBUG Engine               - gameDifficulty: MEDIUM
09:56:01.573 [FXGL Background Thread 3 ] DEBUG Engine               - gameDifficultyProperty: ObjectProperty [value: MEDIUM]
09:56:01.573 [FXGL Background Thread 3 ] DEBUG Engine               - globalMusicVolume: 0.5
09:56:01.573 [FXGL Background Thread 3 ] DEBUG Engine               - globalMusicVolumeProperty: DoubleProperty [value: 0.5]
09:56:01.573 [FXGL Background Thread 3 ] DEBUG Engine               - globalSoundVolume: 0.5
09:56:01.574 [FXGL Background Thread 3 ] DEBUG Engine               - globalSoundVolumeProperty: DoubleProperty [value: 0.5]
09:56:01.574 [FXGL Background Thread 3 ] DEBUG Engine               - height: 700
09:56:01.574 [FXGL Background Thread 3 ] DEBUG Engine               - is3D: false
09:56:01.574 [FXGL Background Thread 3 ] DEBUG Engine               - isAndroid: false
09:56:01.574 [FXGL Background Thread 3 ] DEBUG Engine               - isBrowser: false
09:56:01.574 [FXGL Background Thread 3 ] DEBUG Engine               - isClickFeedbackEnabled: false
09:56:01.574 [FXGL Background Thread 3 ] DEBUG Engine               - isCloseConfirmation: false
09:56:01.574 [FXGL Background Thread 3 ] DEBUG Engine               - isDesktop: true
09:56:01.574 [FXGL Background Thread 3 ] DEBUG Engine               - isDeveloperMenuEnabled: false
09:56:01.574 [FXGL Background Thread 3 ] DEBUG Engine               - isEmbedded: false
09:56:01.574 [FXGL Background Thread 3 ] DEBUG Engine               - isEntityPreloadEnabled: true
09:56:01.574 [FXGL Background Thread 3 ] DEBUG Engine               - isExperimentalTiledLargeMap: false
09:56:01.574 [FXGL Background Thread 3 ] DEBUG Engine               - isFileSystemWriteAllowed: true
09:56:01.574 [FXGL Background Thread 3 ] DEBUG Engine               - isFullScreenAllowed: false
09:56:01.574 [FXGL Background Thread 3 ] DEBUG Engine               - isFullScreenFromStart: false
09:56:01.574 [FXGL Background Thread 3 ] DEBUG Engine               - isGameMenuEnabled: true
09:56:01.574 [FXGL Background Thread 3 ] DEBUG Engine               - isIOS: false
09:56:01.574 [FXGL Background Thread 3 ] DEBUG Engine               - isIntroEnabled: false
09:56:01.574 [FXGL Background Thread 3 ] DEBUG Engine               - isLinux: false
09:56:01.574 [FXGL Background Thread 3 ] DEBUG Engine               - isMac: false
09:56:01.574 [FXGL Background Thread 3 ] DEBUG Engine               - isMainMenuEnabled: true
09:56:01.574 [FXGL Background Thread 3 ] DEBUG Engine               - isManualResizeEnabled: false
09:56:01.574 [FXGL Background Thread 3 ] DEBUG Engine               - isMobile: false
09:56:01.574 [FXGL Background Thread 3 ] DEBUG Engine               - isNative: false
09:56:01.575 [FXGL Background Thread 3 ] DEBUG Engine               - isPauseMusicWhenMinimized: true
09:56:01.575 [FXGL Background Thread 3 ] DEBUG Engine               - isPreserveResizeRatio: false
09:56:01.575 [FXGL Background Thread 3 ] DEBUG Engine               - isProfilingEnabled: false
09:56:01.575 [FXGL Background Thread 3 ] DEBUG Engine               - isScaleAffectedOnResize: true
09:56:01.575 [FXGL Background Thread 3 ] DEBUG Engine               - isSingleStep: false
09:56:01.575 [FXGL Background Thread 3 ] DEBUG Engine               - isUserProfileEnabled: false
09:56:01.575 [FXGL Background Thread 3 ] DEBUG Engine               - isWindows: true
09:56:01.575 [FXGL Background Thread 3 ] DEBUG Engine               - language: ObjectProperty [value: ENGLISH]
09:56:01.575 [FXGL Background Thread 3 ] DEBUG Engine               - menuKey: ESCAPE
09:56:01.575 [FXGL Background Thread 3 ] DEBUG Engine               - mouseSensitivity: 0.2
09:56:01.575 [FXGL Background Thread 3 ] DEBUG Engine               - notificationViewClass: class com.almasb.fxgl.notification.view.XboxNotificationView
09:56:01.575 [FXGL Background Thread 3 ] DEBUG Engine               - pixelsPerMeter: 50.0
09:56:01.575 [FXGL Background Thread 3 ] DEBUG Engine               - platform: WINDOWS
09:56:01.575 [FXGL Background Thread 3 ] DEBUG Engine               - prefHeightProperty: ReadOnlyDoubleProperty [value: 700.0]
09:56:01.575 [FXGL Background Thread 3 ] DEBUG Engine               - prefWidthProperty: ReadOnlyDoubleProperty [value: 1050.0]
09:56:01.575 [FXGL Background Thread 3 ] DEBUG Engine               - profileDir: profiles/
09:56:01.575 [FXGL Background Thread 3 ] DEBUG Engine               - profileName: StringProperty [value: DEFAULT]
09:56:01.575 [FXGL Background Thread 3 ] DEBUG Engine               - randomSeed: -1
09:56:01.576 [FXGL Background Thread 3 ] DEBUG Engine               - runtimeInfo: RuntimeInfo(platform=WINDOWS, version=17.1, build=24.03.2022 17.34)
09:56:01.576 [FXGL Background Thread 3 ] DEBUG Engine               - saveFileExt: sav
09:56:01.576 [FXGL Background Thread 3 ] DEBUG Engine               - scaledHeightProp$fxgl: DoubleProperty [bound, value: 700.0]
09:56:01.576 [FXGL Background Thread 3 ] DEBUG Engine               - scaledWidthProp$fxgl: DoubleProperty [bound, value: 1050.0]
09:56:01.576 [FXGL Background Thread 3 ] DEBUG Engine               - sceneFactory: com.almasb.fxgl.app.scene.SceneFactory@24466d6a
09:56:01.576 [FXGL Background Thread 3 ] DEBUG Engine               - secondsIn24h: 60
09:56:01.576 [FXGL Background Thread 3 ] DEBUG Engine               - soundMenuBack: menu/back.wav
09:56:01.576 [FXGL Background Thread 3 ] DEBUG Engine               - soundMenuPress: menu/press.wav
09:56:01.576 [FXGL Background Thread 3 ] DEBUG Engine               - soundMenuSelect: menu/select.wav
09:56:01.576 [FXGL Background Thread 3 ] DEBUG Engine               - soundNotification: core/notification.wav
09:56:01.576 [FXGL Background Thread 3 ] DEBUG Engine               - stageStyle: DECORATED
09:56:01.577 [FXGL Background Thread 3 ] DEBUG Engine               - supportedLanguages: [ENGLISH, FRENCH, GERMAN, HUNGARIAN, RUSSIAN]
09:56:01.577 [FXGL Background Thread 3 ] DEBUG Engine               - ticksPerSecond: -1
09:56:01.577 [FXGL Background Thread 3 ] DEBUG Engine               - title: Tetris Man 2
09:56:01.577 [FXGL Background Thread 3 ] DEBUG Engine               - urlGithub: https://github.com/AlmasB/FXGL
09:56:01.577 [FXGL Background Thread 3 ] DEBUG Engine               - urlLeaderboard: http://fxgl-top.herokuapp.com/
09:56:01.577 [FXGL Background Thread 3 ] DEBUG Engine               - urlPOM: https://raw.githubusercontent.com/AlmasB/FXGL/release/README.md
09:56:01.577 [FXGL Background Thread 3 ] DEBUG Engine               - userAppClass: class com.example.ipose_megaman.Main
09:56:01.577 [FXGL Background Thread 3 ] DEBUG Engine               - version: 1.0
09:56:01.577 [FXGL Background Thread 3 ] DEBUG Engine               - versionCheckDays: 7
09:56:01.577 [FXGL Background Thread 3 ] DEBUG Engine               - width: 1050
09:56:01.577 [FXGL Background Thread 3 ] DEBUG Engine               - Logging services
09:56:01.577 [FXGL Background Thread 3 ] DEBUG Engine               - class com.almasb.fxgl.app.services.FXGLAssetLoaderService
09:56:01.577 [FXGL Background Thread 3 ] DEBUG Engine               - class com.almasb.fxgl.app.FXGLApplication$GameApplicationService
09:56:01.577 [FXGL Background Thread 3 ] DEBUG Engine               - class com.almasb.fxgl.app.services.FXGLDialogService
09:56:01.577 [FXGL Background Thread 3 ] DEBUG Engine               - class com.almasb.fxgl.app.services.IOTaskExecutorService
09:56:01.577 [FXGL Background Thread 3 ] DEBUG Engine               - class com.almasb.fxgl.io.FileSystemService
09:56:01.577 [FXGL Background Thread 3 ] DEBUG Engine               - class com.almasb.fxgl.localization.LocalizationService
09:56:01.577 [FXGL Background Thread 3 ] DEBUG Engine               - class com.almasb.fxgl.app.services.SystemBundleService
09:56:01.577 [FXGL Background Thread 3 ] DEBUG Engine               - class com.almasb.fxgl.profile.SaveLoadService
09:56:01.577 [FXGL Background Thread 3 ] DEBUG Engine               - class com.almasb.fxgl.ui.FXGLUIFactoryServiceProvider
09:56:01.577 [FXGL Background Thread 3 ] DEBUG Engine               - class com.almasb.fxgl.ui.FXGLDialogFactoryServiceProvider
09:56:01.577 [FXGL Background Thread 3 ] DEBUG Engine               - class com.almasb.fxgl.audio.AudioPlayer
09:56:01.577 [FXGL Background Thread 3 ] DEBUG Engine               - class com.almasb.fxgl.notification.impl.NotificationServiceProvider
09:56:01.577 [FXGL Background Thread 3 ] DEBUG Engine               - class com.almasb.fxgl.achievement.AchievementService
09:56:01.577 [FXGL Background Thread 3 ] DEBUG Engine               - class com.almasb.fxgl.cutscene.CutsceneService
09:56:01.577 [FXGL Background Thread 3 ] DEBUG Engine               - class com.almasb.fxgl.minigames.MiniGameService
09:56:01.577 [FXGL Background Thread 3 ] DEBUG Engine               - class com.almasb.fxgl.net.NetService
09:56:01.577 [FXGL Background Thread 3 ] DEBUG Engine               - class com.almasb.fxgl.app.services.UpdaterService
09:56:01.577 [FXGL Background Thread 3 ] DEBUG Engine               - class com.almasb.fxgl.dev.DevService
09:56:02.986 [JavaFX Application Thread] DEBUG FXGL.DefaultMenu     - createContentControls()
09:56:09.936 [JavaFX Application Thread] DEBUG PrimaryStageWindow   - Push state: PressAnyKeyState
09:56:09.936 [JavaFX Application Thread] DEBUG Input                - Clearing active input actions
09:56:09.937 [JavaFX Application Thread] DEBUG GameApplicationServi - Removing overlay from FXGLDefaultMenu and adding to PressAnyKeyState
09:56:09.937 [JavaFX Application Thread] DEBUG PrimaryStageWindow   - FXGLDefaultMenu -> PressAnyKeyState
09:56:10.797 [JavaFX Application Thread] DEBUG PrimaryStageWindow   - Pop state: PressAnyKeyState
09:56:10.797 [JavaFX Application Thread] DEBUG Input                - Clearing active input actions
09:56:10.797 [JavaFX Application Thread] DEBUG GameApplicationServi - Removing overlay from PressAnyKeyState and adding to FXGLDefaultMenu
09:56:10.798 [JavaFX Application Thread] DEBUG PrimaryStageWindow   - FXGLDefaultMenu <- PressAnyKeyState
09:56:19.435 [JavaFX Application Thread] DEBUG Menu                 - fireNewGame()
09:56:19.435 [JavaFX Application Thread] DEBUG GameApplicationServi - Starting new game
09:56:19.437 [JavaFX Application Thread] DEBUG PrimaryStageWindow   - Pop state: FXGLDefaultMenu
09:56:19.437 [JavaFX Application Thread] DEBUG Input                - Clearing active input actions
09:56:19.439 [JavaFX Application Thread] DEBUG GameApplicationServi - Removing overlay from FXGLDefaultMenu and adding to FXGLMainMenuDummyScene
09:56:19.440 [JavaFX Application Thread] DEBUG PrimaryStageWindow   - FXGLMainMenuDummyScene <- FXGLDefaultMenu
09:56:19.440 [JavaFX Application Thread] DEBUG Input                - Clearing active input actions
09:56:19.454 [JavaFX Application Thread] DEBUG GameApplicationServi - Removing overlay from FXGLMainMenuDummyScene and adding to FXGLLoadingScene
09:56:19.454 [JavaFX Application Thread] DEBUG PrimaryStageWindow   - FXGLMainMenuDummyScene -> FXGLLoadingScene
09:56:19.454 [JavaFX Application Thread] DEBUG GameApplicationServi - Clearing previous game
09:56:19.454 [JavaFX Application Thread] DEBUG GameScene            - Clearing game scene
09:56:19.455 [JavaFX Application Thread] DEBUG GameWorld            - Clearing game world
09:56:19.455 [JavaFX Application Thread] DEBUG PhysicsWorld         - Clearing physics world
09:56:19.462 [FXGL Background Thread 2 ] DEBUG FXGLApplication      - Initializing game
09:56:19.518 [FXGL Background Thread 2 ] WARN  TMXLevelLoader       - TiledMap generated from 1.10.0. Supported version: 1.4.2. Some features may not be parsed fully.
09:56:19.528 [FXGL Background Thread 2 ] DEBUG TMXLevelLoader       - Parsed TiledMap: file:/C:/Users/julia/Desktop/IPOSE_MEGAMAN/target/classes/assets/levels/level0.tmx
09:56:19.528 [FXGL Background Thread 2 ] DEBUG TMXLevelLoader       - Creating tile layer entities
09:56:19.530 [FXGL Background Thread 2 ] DEBUG TilesetLoader        - Loading view for layer Tilelaag 1
09:56:19.540 [FXGL Background Thread 2 ] DEBUG TilesetLoader        - Created buffer with size 7000.0x1050.0
09:56:19.543 [FXGL Background Thread 2 ] DEBUG TMXLevelLoader       - Creating object layer entities
09:56:19.562 [FXGL Background Thread 2 ] DEBUG GameWorld            - Clearing removable entities
09:56:19.562 [FXGL Background Thread 2 ] DEBUG GameWorld            - Setting level: com.almasb.fxgl.entity.level.Level@6891e52a
09:56:19.569 [FXGL Background Thread 2 ] WARN  FXGLAssetLoaderServi - Asset "/assets/textures/assets/textures/MegaManIdle.png" was not found!
09:56:19.569 [FXGL Background Thread 2 ] WARN  FXGLAssetLoaderServi - Failed to load IMAGE
09:56:19.604 [FXGL Background Thread 2 ] DEBUG FXGLAssetLoaderServi - Loading from file system: file:/C:/Users/julia/Desktop/IPOSE_MEGAMAN/target/classes/assets/textures/MegaManIdle.png
09:56:19.608 [FXGL Background Thread 2 ] DEBUG FXGLAssetLoaderServi - Loading from file system: file:/C:/Users/julia/Desktop/IPOSE_MEGAMAN/target/classes/assets/textures/clouds.jpg
09:56:19.628 [FXGL Background Thread 2 ] INFO  FXGLApplication      - Game initialization took: 0,166 sec
09:56:19.633 [JavaFX Application Thread] DEBUG Input                - Clearing active input actions
09:56:19.636 [JavaFX Application Thread] DEBUG GameApplicationServi - Removing overlay from FXGLLoadingScene and adding to GameScene
09:56:19.636 [JavaFX Application Thread] DEBUG PrimaryStageWindow   - FXGLLoadingScene -> GameScene
10:00:33.395 [JavaFX Application Thread] DEBUG FXGLApplication      - Exiting FXGL
10:00:33.395 [JavaFX Application Thread] DEBUG LoopRunner           - Stopping loop
10:00:33.396 [JavaFX Application Thread] DEBUG SystemBundleService  - Saving FXGL system data
10:00:33.400 [JavaFX Application Thread] DEBUG FileSystemAccess     - Writing to: C:\Users\julia\Desktop\IPOSE_MEGAMAN\system\fxgl.bundle
10:00:33.419 [JavaFX Application Thread] DEBUG Async                - Shutting down background threads
10:00:33.419 [JavaFX Application Thread] DEBUG PrimaryStageWindow   - Closing main window
10:00:33.434 [JavaFX Application Thread] DEBUG Logger               - Closing Logger
