23:55:15.303 [main                     ] DEBUG Logger               - Configured Logger
23:55:15.326 [main                     ] DEBUG GameApplication      - Logging settings
Title: Tetris Man 2
Version: 1.0
Width: 1050
Height: 700
Fullscreen: false
Intro: false
Profiling: false
Single step:false
App Mode: DEVELOPER
Menu Key: ESCAPE
Stage Style: DECORATED
Scene Factory: class com.almasb.fxgl.app.scene.SceneFactory

23:55:16.003 [JavaFX Application Thread] DEBUG FXGLApplication      - Initializing FXGL
23:55:16.008 [JavaFX Application Thread] INFO  Engine               - FXGL-17.1 (24.03.2022 17.34) on WINDOWS (J:19.0.2 FX:19-ea)
23:55:16.008 [JavaFX Application Thread] DEBUG Engine               - JRE Vendor Name: Oracle Corporation
23:55:16.008 [JavaFX Application Thread] DEBUG Engine               - Running on OS: Windows 10 version 10.0
23:55:16.009 [JavaFX Application Thread] DEBUG Engine               - Architecture: amd64
23:55:16.009 [JavaFX Application Thread] INFO  Engine               - Source code and latest versions at: https://github.com/AlmasB/FXGL
23:55:16.009 [JavaFX Application Thread] INFO  Engine               -       Ask questions and discuss at: https://github.com/AlmasB/FXGL/discussions
23:55:16.009 [JavaFX Application Thread] INFO  Engine               -              Join the FXGL chat at: https://gitter.im/AlmasB/FXGL
23:55:16.103 [JavaFX Application Thread] DEBUG PrimaryStageWindow   - Creating a JavaFX scene
23:55:16.148 [JavaFX Application Thread] DEBUG PrimaryStageWindow   - Target settings size: 1050.0 x 700.0
23:55:16.149 [JavaFX Application Thread] DEBUG PrimaryStageWindow   - Scaled scene size:    1050.0 x 700.0
23:55:16.149 [JavaFX Application Thread] DEBUG PrimaryStageWindow   - Scaled ratio: (1.0, 1.0)
23:55:16.150 [JavaFX Application Thread] DEBUG PrimaryStageWindow   - Set initial scene to FXGLStartupScene
23:55:16.157 [JavaFX Application Thread] DEBUG PrimaryStageWindow   - Opening main window
23:55:16.252 [JavaFX Application Thread] DEBUG PrimaryStageWindow   - Window border size: (14.800048828125, 37.5999755859375)
23:55:16.252 [JavaFX Application Thread] DEBUG PrimaryStageWindow   - Scaled size: 1050.0 x 700.0
23:55:16.252 [JavaFX Application Thread] DEBUG PrimaryStageWindow   - Scaled ratio: (1.0, 1.0)
23:55:16.252 [JavaFX Application Thread] DEBUG PrimaryStageWindow   - Scene size: 1050.0 x 700.0
23:55:16.253 [JavaFX Application Thread] DEBUG PrimaryStageWindow   - Stage size: 1064.800048828125 x 737.5999755859375
23:55:16.268 [FXGL Background Thread 1 ] DEBUG Engine               - Initializing environment variables
23:55:16.318 [FXGL Background Thread 1 ] DEBUG FXGLAssetLoaderServi - User app class for loading assets: class com.example.ipose_megaman.Main
23:55:16.319 [FXGL Background Thread 1 ] DEBUG GameApplicationServi - Applying CSS: fxgl_dark.css
23:55:16.319 [FXGL Background Thread 1 ] DEBUG FXGLAssetLoaderServi - Loading from file system: jar:file:///C:/Users/Patryk/.m2/repository/com/github/almasb/fxgl/17.1/fxgl-17.1.jar!/fxglassets/ui/css/fxgl_dark.css
23:55:16.367 [FXGL Background Thread 1 ] DEBUG GameApplicationServi - Initializing application scenes
23:55:16.439 [FXGL Background Thread 1 ] DEBUG GameWorld            - Game world initialized
23:55:16.500 [FXGL Background Thread 1 ] DEBUG PhysicsWorld         - Physics world initialized: appHeight=700, physics.ppm=50,0
23:55:16.500 [FXGL Background Thread 1 ] DEBUG PhysicsWorld         - Using strategy: BRUTE_FORCE
23:55:16.504 [FXGL Background Thread 1 ] DEBUG GameScene            - Game scene initialized: 1050x700
23:55:16.518 [FXGL Background Thread 1 ] DEBUG FXGL.DefaultMenu     - createMenuBodyMainMenu()
23:55:16.532 [FXGL Background Thread 1 ] DEBUG FXGL.DefaultMenu     - createOptionsMenu()
23:55:16.545 [FXGL Background Thread 1 ] DEBUG FXGLAssetLoaderServi - Loading from file system: jar:file:///C:/Users/Patryk/.m2/repository/com/github/almasb/fxgl/17.1/fxgl-17.1.jar!/fxglassets/textures/particles/smoke.png
23:55:16.629 [FXGL Background Thread 1 ] DEBUG FXGLAssetLoaderServi - Loading from file system: jar:file:///C:/Users/Patryk/.m2/repository/com/github/almasb/fxgl/17.1/fxgl-17.1.jar!/fxglassets/textures/particles/trace_horizontal.png
23:55:16.659 [FXGL Background Thread 1 ] DEBUG FXGL.DefaultMenu     - createMenuBodyGameMenu()
23:55:16.660 [FXGL Background Thread 1 ] DEBUG FXGL.DefaultMenu     - createOptionsMenu()
23:55:16.676 [FXGL Background Thread 1 ] DEBUG GameApplicationServi - Application scenes initialized
23:55:16.691 [FXGL Background Thread 1 ] DEBUG SystemBundleService  - Loading FXGL system data
23:55:16.697 [FXGL Background Thread 1 ] DEBUG FileSystemAccess     - Reading from: D:\GITHUB ZOOI\IPOSE-FXGL-Mega-Man\system\fxgl.bundle
23:55:16.706 [FXGL Background Thread 1 ] DEBUG SystemBundleService  - Bundle FXGL: {}
23:55:16.706 [FXGL Background Thread 1 ] DEBUG UpdaterService       - Checking for updates
23:55:16.711 [FXGL Background Thread 1 ] DEBUG FXGLApplication      - Loading default localization
23:55:16.713 [FXGL Background Thread 1 ] DEBUG FXGLAssetLoaderServi - Loading from file system: jar:file:///C:/Users/Patryk/.m2/repository/com/github/almasb/fxgl/17.1/fxgl-17.1.jar!/fxglassets/languages/english.lang
23:55:16.717 [FXGL Background Thread 4 ] DEBUG FXGLApplication      - Loading fonts
23:55:16.717 [FXGL Background Thread 4 ] DEBUG FXGLAssetLoaderServi - Loading from file system: jar:file:///C:/Users/Patryk/.m2/repository/com/github/almasb/fxgl/17.1/fxgl-17.1.jar!/fxglassets/ui/fonts/VarelaRound-Regular.ttf
23:55:16.778 [FXGL Background Thread 1 ] INFO  FXGLApplication      - FXGL initialization took: 0,510 sec
23:55:16.789 [JavaFX Application Thread] DEBUG Input                - Registered new binding: Move Right - D
23:55:16.789 [JavaFX Application Thread] DEBUG Input                - Registered new binding: Move Left - A
23:55:16.789 [JavaFX Application Thread] DEBUG Input                - Registered new binding: Jump - Space
23:55:16.789 [JavaFX Application Thread] DEBUG Input                - Registered new binding: Shoot - Enter
23:55:16.789 [JavaFX Application Thread] DEBUG FXGLAssetLoaderServi - Loading from file system: jar:file:///C:/Users/Patryk/.m2/repository/com/github/almasb/fxgl/17.1/fxgl-17.1.jar!/fxglassets/textures/fxgl_icon.png
23:55:16.807 [JavaFX Application Thread] DEBUG FXGLAssetLoaderServi - Loading from file system: jar:file:///C:/Users/Patryk/.m2/repository/com/github/almasb/fxgl/17.1/fxgl-17.1.jar!/fxglassets/textures/fxgl_default_cursor.png
23:55:16.810 [JavaFX Application Thread] DEBUG Input                - Registered new binding: Screenshot - CTRL+8
23:55:16.810 [JavaFX Application Thread] DEBUG Input                - Registered new binding: System info dump - CTRL+9
23:55:16.811 [JavaFX Application Thread] DEBUG Input                - Registered new binding: Restart - CTRL+R
23:55:16.811 [JavaFX Application Thread] DEBUG Input                - Registered new binding: Toggle Debug Camera - CTRL+7
23:55:16.813 [JavaFX Application Thread] DEBUG LoopRunner           - Starting loop
23:55:16.813 [JavaFX Application Thread] DEBUG LoopRunner           - Initializing JavaFX AnimationTimerLoop
23:55:16.815 [JavaFX Application Thread] DEBUG Input                - Clearing active input actions
23:55:16.821 [JavaFX Application Thread] DEBUG GameApplicationServi - Removing overlay from FXGLStartupScene and adding to FXGLMainMenuDummyScene
23:55:16.821 [JavaFX Application Thread] DEBUG PrimaryStageWindow   - FXGLStartupScene -> FXGLMainMenuDummyScene
23:55:16.822 [JavaFX Application Thread] DEBUG PrimaryStageWindow   - Push state: FXGLDefaultMenu
23:55:16.825 [JavaFX Application Thread] DEBUG Input                - Clearing active input actions
23:55:16.837 [JavaFX Application Thread] DEBUG GameApplicationServi - Removing overlay from FXGLMainMenuDummyScene and adding to FXGLDefaultMenu
23:55:16.838 [JavaFX Application Thread] DEBUG PrimaryStageWindow   - FXGLMainMenuDummyScene -> FXGLDefaultMenu
23:55:17.174 [FXGL Background Thread 4 ] DEBUG FXGLAssetLoaderServi - Loading from file system: jar:file:///C:/Users/Patryk/.m2/repository/com/github/almasb/fxgl/17.1/fxgl-17.1.jar!/fxglassets/ui/fonts/Abel-Regular.ttf
23:55:17.179 [FXGL Background Thread 4 ] DEBUG FXGLAssetLoaderServi - Loading from file system: jar:file:///C:/Users/Patryk/.m2/repository/com/github/almasb/fxgl/17.1/fxgl-17.1.jar!/fxglassets/ui/fonts/TerminalLandMono-Regular.otf
23:55:17.184 [FXGL Background Thread 4 ] DEBUG FXGLAssetLoaderServi - Loading from file system: jar:file:///C:/Users/Patryk/.m2/repository/com/github/almasb/fxgl/17.1/fxgl-17.1.jar!/fxglassets/ui/fonts/Courier-Prime.ttf
23:55:17.195 [JavaFX Application Thread] DEBUG FXGLApplication      - Registering font factories with UI factory
23:55:17.580 [JavaFX Application Thread] DEBUG Menu                 - fireNewGame()
23:55:17.580 [JavaFX Application Thread] DEBUG GameApplicationServi - Starting new game
23:55:17.586 [JavaFX Application Thread] DEBUG PrimaryStageWindow   - Pop state: FXGLDefaultMenu
23:55:17.586 [JavaFX Application Thread] DEBUG Input                - Clearing active input actions
23:55:17.586 [JavaFX Application Thread] DEBUG GameApplicationServi - Removing overlay from FXGLDefaultMenu and adding to FXGLMainMenuDummyScene
23:55:17.586 [JavaFX Application Thread] DEBUG PrimaryStageWindow   - FXGLMainMenuDummyScene <- FXGLDefaultMenu
23:55:17.587 [JavaFX Application Thread] DEBUG Input                - Clearing active input actions
23:55:17.598 [JavaFX Application Thread] DEBUG GameApplicationServi - Removing overlay from FXGLMainMenuDummyScene and adding to FXGLLoadingScene
23:55:17.598 [JavaFX Application Thread] DEBUG PrimaryStageWindow   - FXGLMainMenuDummyScene -> FXGLLoadingScene
23:55:17.598 [JavaFX Application Thread] DEBUG GameApplicationServi - Clearing previous game
23:55:17.598 [JavaFX Application Thread] DEBUG GameScene            - Clearing game scene
23:55:17.598 [JavaFX Application Thread] DEBUG GameWorld            - Clearing game world
23:55:17.598 [JavaFX Application Thread] DEBUG PhysicsWorld         - Clearing physics world
23:55:17.607 [FXGL Background Thread 2 ] INFO  UpdaterService       - Your current version:  17.1
23:55:17.608 [FXGL Background Thread 2 ] INFO  UpdaterService       - Latest stable version: 17.3
23:55:17.608 [FXGL Background Thread 4 ] DEBUG FXGLApplication      - Initializing game
23:55:17.650 [FXGL Background Thread 4 ] WARN  TMXLevelLoader       - TiledMap generated from 1.10.0. Supported version: 1.4.2. Some features may not be parsed fully.
23:55:17.657 [FXGL Background Thread 4 ] DEBUG TMXLevelLoader       - Parsed TiledMap: file:/D:/GITHUB%20ZOOI/IPOSE-FXGL-Mega-Man/target/classes/assets/levels/level0.tmx
23:55:17.658 [FXGL Background Thread 4 ] DEBUG TMXLevelLoader       - Creating tile layer entities
23:55:17.660 [FXGL Background Thread 4 ] DEBUG TilesetLoader        - Loading view for layer Tilelaag 1
23:55:17.675 [FXGL Background Thread 4 ] DEBUG TilesetLoader        - Created buffer with size 7000.0x1050.0
23:55:17.678 [FXGL Background Thread 4 ] DEBUG TMXLevelLoader       - Creating object layer entities
23:55:17.698 [FXGL Background Thread 4 ] DEBUG GameWorld            - Clearing removable entities
23:55:17.699 [FXGL Background Thread 4 ] DEBUG GameWorld            - Setting level: com.almasb.fxgl.entity.level.Level@1f59e0d6
23:55:17.715 [FXGL Background Thread 4 ] WARN  FXGLAssetLoaderServi - Asset "/assets/textures/assets/textures/MegaManIdle.png" was not found!
23:55:17.715 [FXGL Background Thread 4 ] WARN  FXGLAssetLoaderServi - Failed to load IMAGE
23:55:17.741 [FXGL Background Thread 4 ] DEBUG FXGLAssetLoaderServi - Loading from file system: file:/D:/GITHUB%20ZOOI/IPOSE-FXGL-Mega-Man/target/classes/assets/textures/MegaManIdle.png
23:55:17.750 [FXGL Background Thread 4 ] DEBUG FXGLAssetLoaderServi - Loading from file system: file:/D:/GITHUB%20ZOOI/IPOSE-FXGL-Mega-Man/target/classes/assets/textures/clouds.jpg
23:55:17.771 [FXGL Background Thread 4 ] INFO  FXGLApplication      - Game initialization took: 0,163 sec
23:55:17.776 [JavaFX Application Thread] DEBUG Input                - Clearing active input actions
23:55:17.784 [JavaFX Application Thread] DEBUG GameApplicationServi - Removing overlay from FXGLLoadingScene and adding to GameScene
23:55:17.784 [JavaFX Application Thread] DEBUG PrimaryStageWindow   - FXGLLoadingScene -> GameScene
23:55:19.712 [FXGL Background Thread 3 ] DEBUG Engine               - Logging environment variables
23:55:19.712 [FXGL Background Thread 3 ] DEBUG Engine               - achievements: []
23:55:19.712 [FXGL Background Thread 3 ] DEBUG Engine               - actualHeight: 700.0
23:55:19.712 [FXGL Background Thread 3 ] DEBUG Engine               - actualHeightProperty: ReadOnlyDoubleProperty [value: 700.0]
23:55:19.712 [FXGL Background Thread 3 ] DEBUG Engine               - actualWidth: 1050.0
23:55:19.712 [FXGL Background Thread 3 ] DEBUG Engine               - actualWidthProperty: ReadOnlyDoubleProperty [value: 1050.0]
23:55:19.712 [FXGL Background Thread 3 ] DEBUG Engine               - appIcon: fxgl_icon.png
23:55:19.712 [FXGL Background Thread 3 ] DEBUG Engine               - applicationMode: DEVELOPER
23:55:19.712 [FXGL Background Thread 3 ] DEBUG Engine               - cSSList: [fxgl_dark.css]
23:55:19.712 [FXGL Background Thread 3 ] DEBUG Engine               - collisionDetectionStrategy: BRUTE_FORCE
23:55:19.712 [FXGL Background Thread 3 ] DEBUG Engine               - configClass: Optional.empty
23:55:19.712 [FXGL Background Thread 3 ] DEBUG Engine               - credits: []
23:55:19.713 [FXGL Background Thread 3 ] DEBUG Engine               - defaultCursor: CursorInfo(imageName=fxgl_default_cursor.png, hotspotX=7.0, hotspotY=6.0)
23:55:19.713 [FXGL Background Thread 3 ] DEBUG Engine               - devBBoxColorProperty: ObjectProperty [value: 0xff0000ff]
23:55:19.713 [FXGL Background Thread 3 ] DEBUG Engine               - devEnableDebugCameraProperty: BooleanProperty [value: false]
23:55:19.713 [FXGL Background Thread 3 ] DEBUG Engine               - devSensorColorProperty: ObjectProperty [value: 0xffff00ff]
23:55:19.713 [FXGL Background Thread 3 ] DEBUG Engine               - devShowBBoxProperty: BooleanProperty [value: false]
23:55:19.713 [FXGL Background Thread 3 ] DEBUG Engine               - devShowPositionProperty: BooleanProperty [value: false]
23:55:19.713 [FXGL Background Thread 3 ] DEBUG Engine               - enabledMenuItems: []
23:55:19.713 [FXGL Background Thread 3 ] DEBUG Engine               - engineServices: [class com.almasb.fxgl.app.services.FXGLAssetLoaderService, class com.almasb.fxgl.app.FXGLApplication$GameApplicationService, class com.almasb.fxgl.app.services.FXGLDialogService, class com.almasb.fxgl.app.services.IOTaskExecutorService, class com.almasb.fxgl.io.FileSystemService, class com.almasb.fxgl.localization.LocalizationService, class com.almasb.fxgl.app.services.SystemBundleService, class com.almasb.fxgl.profile.SaveLoadService, class com.almasb.fxgl.ui.FXGLUIFactoryServiceProvider, class com.almasb.fxgl.ui.FXGLDialogFactoryServiceProvider, class com.almasb.fxgl.audio.AudioPlayer, class com.almasb.fxgl.notification.impl.NotificationServiceProvider, class com.almasb.fxgl.achievement.AchievementService, class com.almasb.fxgl.cutscene.CutsceneService, class com.almasb.fxgl.minigames.MiniGameService, class com.almasb.fxgl.net.NetService, class com.almasb.fxgl.app.services.UpdaterService, class com.almasb.fxgl.dev.DevService]
23:55:19.713 [FXGL Background Thread 3 ] DEBUG Engine               - fontGame: Abel-Regular.ttf
23:55:19.713 [FXGL Background Thread 3 ] DEBUG Engine               - fontMono: TerminalLandMono-Regular.otf
23:55:19.713 [FXGL Background Thread 3 ] DEBUG Engine               - fontText: Courier-Prime.ttf
23:55:19.713 [FXGL Background Thread 3 ] DEBUG Engine               - fontUI: VarelaRound-Regular.ttf
23:55:19.713 [FXGL Background Thread 3 ] DEBUG Engine               - fullScreen: BooleanProperty [value: false]
23:55:19.713 [FXGL Background Thread 3 ] DEBUG Engine               - gameDifficulty: MEDIUM
23:55:19.713 [FXGL Background Thread 3 ] DEBUG Engine               - gameDifficultyProperty: ObjectProperty [value: MEDIUM]
23:55:19.713 [FXGL Background Thread 3 ] DEBUG Engine               - globalMusicVolume: 0.5
23:55:19.714 [FXGL Background Thread 3 ] DEBUG Engine               - globalMusicVolumeProperty: DoubleProperty [value: 0.5]
23:55:19.714 [FXGL Background Thread 3 ] DEBUG Engine               - globalSoundVolume: 0.5
23:55:19.714 [FXGL Background Thread 3 ] DEBUG Engine               - globalSoundVolumeProperty: DoubleProperty [value: 0.5]
23:55:19.714 [FXGL Background Thread 3 ] DEBUG Engine               - height: 700
23:55:19.714 [FXGL Background Thread 3 ] DEBUG Engine               - is3D: false
23:55:19.714 [FXGL Background Thread 3 ] DEBUG Engine               - isAndroid: false
23:55:19.714 [FXGL Background Thread 3 ] DEBUG Engine               - isBrowser: false
23:55:19.714 [FXGL Background Thread 3 ] DEBUG Engine               - isClickFeedbackEnabled: false
23:55:19.714 [FXGL Background Thread 3 ] DEBUG Engine               - isCloseConfirmation: false
23:55:19.714 [FXGL Background Thread 3 ] DEBUG Engine               - isDesktop: true
23:55:19.714 [FXGL Background Thread 3 ] DEBUG Engine               - isDeveloperMenuEnabled: false
23:55:19.714 [FXGL Background Thread 3 ] DEBUG Engine               - isEmbedded: false
23:55:19.714 [FXGL Background Thread 3 ] DEBUG Engine               - isEntityPreloadEnabled: true
23:55:19.714 [FXGL Background Thread 3 ] DEBUG Engine               - isExperimentalTiledLargeMap: false
23:55:19.714 [FXGL Background Thread 3 ] DEBUG Engine               - isFileSystemWriteAllowed: true
23:55:19.714 [FXGL Background Thread 3 ] DEBUG Engine               - isFullScreenAllowed: false
23:55:19.714 [FXGL Background Thread 3 ] DEBUG Engine               - isFullScreenFromStart: false
23:55:19.714 [FXGL Background Thread 3 ] DEBUG Engine               - isGameMenuEnabled: true
23:55:19.714 [FXGL Background Thread 3 ] DEBUG Engine               - isIOS: false
23:55:19.714 [FXGL Background Thread 3 ] DEBUG Engine               - isIntroEnabled: false
23:55:19.714 [FXGL Background Thread 3 ] DEBUG Engine               - isLinux: false
23:55:19.714 [FXGL Background Thread 3 ] DEBUG Engine               - isMac: false
23:55:19.715 [FXGL Background Thread 3 ] DEBUG Engine               - isMainMenuEnabled: true
23:55:19.715 [FXGL Background Thread 3 ] DEBUG Engine               - isManualResizeEnabled: false
23:55:19.715 [FXGL Background Thread 3 ] DEBUG Engine               - isMobile: false
23:55:19.715 [FXGL Background Thread 3 ] DEBUG Engine               - isNative: false
23:55:19.715 [FXGL Background Thread 3 ] DEBUG Engine               - isPauseMusicWhenMinimized: true
23:55:19.715 [FXGL Background Thread 3 ] DEBUG Engine               - isPreserveResizeRatio: false
23:55:19.715 [FXGL Background Thread 3 ] DEBUG Engine               - isProfilingEnabled: false
23:55:19.715 [FXGL Background Thread 3 ] DEBUG Engine               - isScaleAffectedOnResize: true
23:55:19.715 [FXGL Background Thread 3 ] DEBUG Engine               - isSingleStep: false
23:55:19.715 [FXGL Background Thread 3 ] DEBUG Engine               - isUserProfileEnabled: false
23:55:19.715 [FXGL Background Thread 3 ] DEBUG Engine               - isWindows: true
23:55:19.715 [FXGL Background Thread 3 ] DEBUG Engine               - language: ObjectProperty [value: ENGLISH]
23:55:19.715 [FXGL Background Thread 3 ] DEBUG Engine               - menuKey: ESCAPE
23:55:19.715 [FXGL Background Thread 3 ] DEBUG Engine               - mouseSensitivity: 0.2
23:55:19.715 [FXGL Background Thread 3 ] DEBUG Engine               - notificationViewClass: class com.almasb.fxgl.notification.view.XboxNotificationView
23:55:19.715 [FXGL Background Thread 3 ] DEBUG Engine               - pixelsPerMeter: 50.0
23:55:19.715 [FXGL Background Thread 3 ] DEBUG Engine               - platform: WINDOWS
23:55:19.715 [FXGL Background Thread 3 ] DEBUG Engine               - prefHeightProperty: ReadOnlyDoubleProperty [value: 700.0]
23:55:19.715 [FXGL Background Thread 3 ] DEBUG Engine               - prefWidthProperty: ReadOnlyDoubleProperty [value: 1050.0]
23:55:19.715 [FXGL Background Thread 3 ] DEBUG Engine               - profileDir: profiles/
23:55:19.715 [FXGL Background Thread 3 ] DEBUG Engine               - profileName: StringProperty [value: DEFAULT]
23:55:19.716 [FXGL Background Thread 3 ] DEBUG Engine               - randomSeed: -1
23:55:19.716 [FXGL Background Thread 3 ] DEBUG Engine               - runtimeInfo: RuntimeInfo(platform=WINDOWS, version=17.1, build=24.03.2022 17.34)
23:55:19.716 [FXGL Background Thread 3 ] DEBUG Engine               - saveFileExt: sav
23:55:19.716 [FXGL Background Thread 3 ] DEBUG Engine               - scaledHeightProp$fxgl: DoubleProperty [bound, value: 700.0]
23:55:19.716 [FXGL Background Thread 3 ] DEBUG Engine               - scaledWidthProp$fxgl: DoubleProperty [bound, value: 1050.0]
23:55:19.716 [FXGL Background Thread 3 ] DEBUG Engine               - sceneFactory: com.almasb.fxgl.app.scene.SceneFactory@2e9d0767
23:55:19.716 [FXGL Background Thread 3 ] DEBUG Engine               - secondsIn24h: 60
23:55:19.716 [FXGL Background Thread 3 ] DEBUG Engine               - soundMenuBack: menu/back.wav
23:55:19.716 [FXGL Background Thread 3 ] DEBUG Engine               - soundMenuPress: menu/press.wav
23:55:19.716 [FXGL Background Thread 3 ] DEBUG Engine               - soundMenuSelect: menu/select.wav
23:55:19.716 [FXGL Background Thread 3 ] DEBUG Engine               - soundNotification: core/notification.wav
23:55:19.716 [FXGL Background Thread 3 ] DEBUG Engine               - stageStyle: DECORATED
23:55:19.716 [FXGL Background Thread 3 ] DEBUG Engine               - supportedLanguages: [ENGLISH, FRENCH, GERMAN, HUNGARIAN, RUSSIAN]
23:55:19.716 [FXGL Background Thread 3 ] DEBUG Engine               - ticksPerSecond: -1
23:55:19.716 [FXGL Background Thread 3 ] DEBUG Engine               - title: Tetris Man 2
23:55:19.717 [FXGL Background Thread 3 ] DEBUG Engine               - urlGithub: https://github.com/AlmasB/FXGL
23:55:19.717 [FXGL Background Thread 3 ] DEBUG Engine               - urlLeaderboard: http://fxgl-top.herokuapp.com/
23:55:19.717 [FXGL Background Thread 3 ] DEBUG Engine               - urlPOM: https://raw.githubusercontent.com/AlmasB/FXGL/release/README.md
23:55:19.717 [FXGL Background Thread 3 ] DEBUG Engine               - userAppClass: class com.example.ipose_megaman.Main
23:55:19.717 [FXGL Background Thread 3 ] DEBUG Engine               - version: 1.0
23:55:19.718 [FXGL Background Thread 3 ] DEBUG Engine               - versionCheckDays: 7
23:55:19.718 [FXGL Background Thread 3 ] DEBUG Engine               - width: 1050
23:55:19.718 [FXGL Background Thread 3 ] DEBUG Engine               - Logging services
23:55:19.718 [FXGL Background Thread 3 ] DEBUG Engine               - class com.almasb.fxgl.app.services.FXGLAssetLoaderService
23:55:19.718 [FXGL Background Thread 3 ] DEBUG Engine               - class com.almasb.fxgl.app.FXGLApplication$GameApplicationService
23:55:19.718 [FXGL Background Thread 3 ] DEBUG Engine               - class com.almasb.fxgl.app.services.FXGLDialogService
23:55:19.718 [FXGL Background Thread 3 ] DEBUG Engine               - class com.almasb.fxgl.app.services.IOTaskExecutorService
23:55:19.718 [FXGL Background Thread 3 ] DEBUG Engine               - class com.almasb.fxgl.io.FileSystemService
23:55:19.718 [FXGL Background Thread 3 ] DEBUG Engine               - class com.almasb.fxgl.localization.LocalizationService
23:55:19.718 [FXGL Background Thread 3 ] DEBUG Engine               - class com.almasb.fxgl.app.services.SystemBundleService
23:55:19.718 [FXGL Background Thread 3 ] DEBUG Engine               - class com.almasb.fxgl.profile.SaveLoadService
23:55:19.718 [FXGL Background Thread 3 ] DEBUG Engine               - class com.almasb.fxgl.ui.FXGLUIFactoryServiceProvider
23:55:19.718 [FXGL Background Thread 3 ] DEBUG Engine               - class com.almasb.fxgl.ui.FXGLDialogFactoryServiceProvider
23:55:19.718 [FXGL Background Thread 3 ] DEBUG Engine               - class com.almasb.fxgl.audio.AudioPlayer
23:55:19.718 [FXGL Background Thread 3 ] DEBUG Engine               - class com.almasb.fxgl.notification.impl.NotificationServiceProvider
23:55:19.718 [FXGL Background Thread 3 ] DEBUG Engine               - class com.almasb.fxgl.achievement.AchievementService
23:55:19.718 [FXGL Background Thread 3 ] DEBUG Engine               - class com.almasb.fxgl.cutscene.CutsceneService
23:55:19.719 [FXGL Background Thread 3 ] DEBUG Engine               - class com.almasb.fxgl.minigames.MiniGameService
23:55:19.719 [FXGL Background Thread 3 ] DEBUG Engine               - class com.almasb.fxgl.net.NetService
23:55:19.719 [FXGL Background Thread 3 ] DEBUG Engine               - class com.almasb.fxgl.app.services.UpdaterService
23:55:19.719 [FXGL Background Thread 3 ] DEBUG Engine               - class com.almasb.fxgl.dev.DevService
23:55:26.900 [JavaFX Application Thread] DEBUG FXGLApplication      - Exiting FXGL
23:55:26.901 [JavaFX Application Thread] DEBUG LoopRunner           - Stopping loop
23:55:26.901 [JavaFX Application Thread] DEBUG SystemBundleService  - Saving FXGL system data
23:55:26.903 [JavaFX Application Thread] DEBUG FileSystemAccess     - Writing to: D:\GITHUB ZOOI\IPOSE-FXGL-Mega-Man\system\fxgl.bundle
23:55:26.906 [JavaFX Application Thread] DEBUG Async                - Shutting down background threads
23:55:26.906 [JavaFX Application Thread] DEBUG PrimaryStageWindow   - Closing main window
23:55:26.922 [JavaFX Application Thread] DEBUG Logger               - Closing Logger
