11:27:56.115 [main                     ] DEBUG Logger               - Configured Logger
11:27:56.141 [main                     ] DEBUG GameApplication      - Logging settings
Title: Tetris Man 2
Version: 1.0
Width: 1280
Height: 720
Fullscreen: false
Intro: false
Profiling: false
Single step:false
App Mode: DEVELOPER
Menu Key: ESCAPE
Stage Style: DECORATED
Scene Factory: class com.almasb.fxgl.app.scene.SceneFactory

11:27:56.859 [JavaFX Application Thread] DEBUG FXGLApplication      - Initializing FXGL
11:27:56.864 [JavaFX Application Thread] INFO  Engine               - FXGL-17.1 (24.03.2022 17.34) on WINDOWS (J:19.0.2 FX:19-ea)
11:27:56.864 [JavaFX Application Thread] DEBUG Engine               - JRE Vendor Name: Oracle Corporation
11:27:56.865 [JavaFX Application Thread] DEBUG Engine               - Running on OS: Windows 10 version 10.0
11:27:56.865 [JavaFX Application Thread] DEBUG Engine               - Architecture: amd64
11:27:56.865 [JavaFX Application Thread] INFO  Engine               - Source code and latest versions at: https://github.com/AlmasB/FXGL
11:27:56.865 [JavaFX Application Thread] INFO  Engine               -       Ask questions and discuss at: https://github.com/AlmasB/FXGL/discussions
11:27:56.865 [JavaFX Application Thread] INFO  Engine               -              Join the FXGL chat at: https://gitter.im/AlmasB/FXGL
11:27:56.962 [JavaFX Application Thread] DEBUG PrimaryStageWindow   - Creating a JavaFX scene
11:27:57.008 [JavaFX Application Thread] DEBUG PrimaryStageWindow   - Target settings size: 1280.0 x 720.0
11:27:57.008 [JavaFX Application Thread] DEBUG PrimaryStageWindow   - Scaled scene size:    1280.0 x 720.0
11:27:57.008 [JavaFX Application Thread] DEBUG PrimaryStageWindow   - Scaled ratio: (1.0, 1.0)
11:27:57.009 [JavaFX Application Thread] DEBUG PrimaryStageWindow   - Set initial scene to FXGLStartupScene
11:27:57.016 [JavaFX Application Thread] DEBUG PrimaryStageWindow   - Opening main window
11:27:57.114 [JavaFX Application Thread] DEBUG PrimaryStageWindow   - Window border size: (14.4000244140625, 37.5999755859375)
11:27:57.115 [JavaFX Application Thread] DEBUG PrimaryStageWindow   - Scaled size: 1280.0 x 720.0
11:27:57.115 [JavaFX Application Thread] DEBUG PrimaryStageWindow   - Scaled ratio: (1.0, 1.0)
11:27:57.115 [JavaFX Application Thread] DEBUG PrimaryStageWindow   - Scene size: 1280.0 x 720.0
11:27:57.115 [JavaFX Application Thread] DEBUG PrimaryStageWindow   - Stage size: 1294.4000244140625 x 757.5999755859375
11:27:57.123 [FXGL Background Thread 1 ] DEBUG Engine               - Initializing environment variables
11:27:57.174 [FXGL Background Thread 1 ] DEBUG FXGLAssetLoaderServi - User app class for loading assets: class com.example.ipose_megaman.Main
11:27:57.175 [FXGL Background Thread 1 ] DEBUG GameApplicationServi - Applying CSS: fxgl_dark.css
11:27:57.176 [FXGL Background Thread 1 ] DEBUG FXGLAssetLoaderServi - Loading from file system: jar:file:///C:/Users/Patryk/.m2/repository/com/github/almasb/fxgl/17.1/fxgl-17.1.jar!/fxglassets/ui/css/fxgl_dark.css
11:27:57.223 [FXGL Background Thread 1 ] DEBUG GameApplicationServi - Initializing application scenes
11:27:57.288 [FXGL Background Thread 1 ] DEBUG GameWorld            - Game world initialized
11:27:57.350 [FXGL Background Thread 1 ] DEBUG PhysicsWorld         - Physics world initialized: appHeight=720, physics.ppm=50,0
11:27:57.350 [FXGL Background Thread 1 ] DEBUG PhysicsWorld         - Using strategy: BRUTE_FORCE
11:27:57.356 [FXGL Background Thread 1 ] DEBUG GameScene            - Game scene initialized: 1280x720
11:27:57.370 [FXGL Background Thread 1 ] DEBUG FXGL.DefaultMenu     - createMenuBodyMainMenu()
11:27:57.384 [FXGL Background Thread 1 ] DEBUG FXGL.DefaultMenu     - createOptionsMenu()
11:27:57.397 [FXGL Background Thread 1 ] DEBUG FXGLAssetLoaderServi - Loading from file system: jar:file:///C:/Users/Patryk/.m2/repository/com/github/almasb/fxgl/17.1/fxgl-17.1.jar!/fxglassets/textures/particles/smoke.png
11:27:57.500 [FXGL Background Thread 1 ] DEBUG FXGLAssetLoaderServi - Loading from file system: jar:file:///C:/Users/Patryk/.m2/repository/com/github/almasb/fxgl/17.1/fxgl-17.1.jar!/fxglassets/textures/particles/trace_horizontal.png
11:27:57.526 [FXGL Background Thread 1 ] DEBUG FXGL.DefaultMenu     - createMenuBodyGameMenu()
11:27:57.527 [FXGL Background Thread 1 ] DEBUG FXGL.DefaultMenu     - createOptionsMenu()
11:27:57.542 [FXGL Background Thread 1 ] DEBUG GameApplicationServi - Application scenes initialized
11:27:57.556 [FXGL Background Thread 1 ] DEBUG SystemBundleService  - Loading FXGL system data
11:27:57.562 [FXGL Background Thread 1 ] DEBUG FileSystemAccess     - Reading from: D:\GITHUB ZOOI\IPOSE-FXGL-Mega-Man\system\fxgl.bundle
11:27:57.574 [FXGL Background Thread 1 ] DEBUG SystemBundleService  - Bundle FXGL: {}
11:27:57.575 [FXGL Background Thread 1 ] DEBUG UpdaterService       - Checking for updates
11:27:57.580 [FXGL Background Thread 1 ] DEBUG FXGLApplication      - Loading default localization
11:27:57.581 [FXGL Background Thread 1 ] DEBUG FXGLAssetLoaderServi - Loading from file system: jar:file:///C:/Users/Patryk/.m2/repository/com/github/almasb/fxgl/17.1/fxgl-17.1.jar!/fxglassets/languages/english.lang
11:27:57.591 [FXGL Background Thread 4 ] DEBUG FXGLApplication      - Loading fonts
11:27:57.592 [FXGL Background Thread 4 ] DEBUG FXGLAssetLoaderServi - Loading from file system: jar:file:///C:/Users/Patryk/.m2/repository/com/github/almasb/fxgl/17.1/fxgl-17.1.jar!/fxglassets/ui/fonts/VarelaRound-Regular.ttf
11:27:57.623 [FXGL Background Thread 1 ] INFO  FXGLApplication      - FXGL initialization took: 0,500 sec
11:27:57.640 [JavaFX Application Thread] DEBUG Input                - Registered new binding: Move Right - D
11:27:57.640 [JavaFX Application Thread] DEBUG Input                - Registered new binding: Move Left - A
11:27:57.640 [JavaFX Application Thread] DEBUG Input                - Registered new binding: Jump - Space
11:27:57.641 [JavaFX Application Thread] DEBUG Input                - Registered new binding: Shoot - Enter
11:27:57.641 [JavaFX Application Thread] DEBUG FXGLAssetLoaderServi - Loading from file system: jar:file:///C:/Users/Patryk/.m2/repository/com/github/almasb/fxgl/17.1/fxgl-17.1.jar!/fxglassets/textures/fxgl_icon.png
11:27:57.670 [JavaFX Application Thread] DEBUG FXGLAssetLoaderServi - Loading from file system: jar:file:///C:/Users/Patryk/.m2/repository/com/github/almasb/fxgl/17.1/fxgl-17.1.jar!/fxglassets/textures/fxgl_default_cursor.png
11:27:57.672 [JavaFX Application Thread] DEBUG Input                - Registered new binding: Screenshot - CTRL+8
11:27:57.672 [JavaFX Application Thread] DEBUG Input                - Registered new binding: System info dump - CTRL+9
11:27:57.673 [JavaFX Application Thread] DEBUG Input                - Registered new binding: Restart - CTRL+R
11:27:57.676 [JavaFX Application Thread] DEBUG Input                - Registered new binding: Toggle Debug Camera - CTRL+7
11:27:57.681 [JavaFX Application Thread] DEBUG LoopRunner           - Starting loop
11:27:57.681 [JavaFX Application Thread] DEBUG LoopRunner           - Initializing JavaFX AnimationTimerLoop
11:27:57.683 [JavaFX Application Thread] DEBUG Input                - Clearing active input actions
11:27:57.690 [JavaFX Application Thread] DEBUG GameApplicationServi - Removing overlay from FXGLStartupScene and adding to FXGLMainMenuDummyScene
11:27:57.691 [JavaFX Application Thread] DEBUG PrimaryStageWindow   - FXGLStartupScene -> FXGLMainMenuDummyScene
11:27:57.691 [JavaFX Application Thread] DEBUG PrimaryStageWindow   - Push state: FXGLDefaultMenu
11:27:57.700 [JavaFX Application Thread] DEBUG Input                - Clearing active input actions
11:27:57.711 [JavaFX Application Thread] DEBUG GameApplicationServi - Removing overlay from FXGLMainMenuDummyScene and adding to FXGLDefaultMenu
11:27:57.711 [JavaFX Application Thread] DEBUG PrimaryStageWindow   - FXGLMainMenuDummyScene -> FXGLDefaultMenu
11:27:57.851 [FXGL Background Thread 4 ] DEBUG FXGLAssetLoaderServi - Loading from file system: jar:file:///C:/Users/Patryk/.m2/repository/com/github/almasb/fxgl/17.1/fxgl-17.1.jar!/fxglassets/ui/fonts/Abel-Regular.ttf
11:27:57.855 [FXGL Background Thread 4 ] DEBUG FXGLAssetLoaderServi - Loading from file system: jar:file:///C:/Users/Patryk/.m2/repository/com/github/almasb/fxgl/17.1/fxgl-17.1.jar!/fxglassets/ui/fonts/TerminalLandMono-Regular.otf
11:27:57.859 [FXGL Background Thread 4 ] DEBUG FXGLAssetLoaderServi - Loading from file system: jar:file:///C:/Users/Patryk/.m2/repository/com/github/almasb/fxgl/17.1/fxgl-17.1.jar!/fxglassets/ui/fonts/Courier-Prime.ttf
11:27:57.912 [JavaFX Application Thread] DEBUG FXGLApplication      - Registering font factories with UI factory
11:27:58.144 [FXGL Background Thread 2 ] INFO  UpdaterService       - Your current version:  17.1
11:27:58.145 [FXGL Background Thread 2 ] INFO  UpdaterService       - Latest stable version: 17.3
11:27:58.635 [JavaFX Application Thread] DEBUG Menu                 - fireNewGame()
11:27:58.635 [JavaFX Application Thread] DEBUG GameApplicationServi - Starting new game
11:27:58.637 [JavaFX Application Thread] DEBUG PrimaryStageWindow   - Pop state: FXGLDefaultMenu
11:27:58.637 [JavaFX Application Thread] DEBUG Input                - Clearing active input actions
11:27:58.637 [JavaFX Application Thread] DEBUG GameApplicationServi - Removing overlay from FXGLDefaultMenu and adding to FXGLMainMenuDummyScene
11:27:58.638 [JavaFX Application Thread] DEBUG PrimaryStageWindow   - FXGLMainMenuDummyScene <- FXGLDefaultMenu
11:27:58.638 [JavaFX Application Thread] DEBUG Input                - Clearing active input actions
11:27:58.647 [JavaFX Application Thread] DEBUG GameApplicationServi - Removing overlay from FXGLMainMenuDummyScene and adding to FXGLLoadingScene
11:27:58.648 [JavaFX Application Thread] DEBUG PrimaryStageWindow   - FXGLMainMenuDummyScene -> FXGLLoadingScene
11:27:58.648 [JavaFX Application Thread] DEBUG GameApplicationServi - Clearing previous game
11:27:58.648 [JavaFX Application Thread] DEBUG GameScene            - Clearing game scene
11:27:58.649 [JavaFX Application Thread] DEBUG GameWorld            - Clearing game world
11:27:58.649 [JavaFX Application Thread] DEBUG PhysicsWorld         - Clearing physics world
11:27:58.651 [FXGL Background Thread 2 ] DEBUG FXGLApplication      - Initializing game
11:27:58.689 [FXGL Background Thread 2 ] WARN  TMXLevelLoader       - TiledMap generated from 1.10.0. Supported version: 1.4.2. Some features may not be parsed fully.
11:27:58.717 [FXGL Background Thread 2 ] DEBUG TMXLevelLoader       - Parsed TiledMap: file:/D:/GITHUB%20ZOOI/IPOSE-FXGL-Mega-Man/target/classes/assets/levels/level.tmx
11:27:58.718 [FXGL Background Thread 2 ] DEBUG TMXLevelLoader       - Creating tile layer entities
11:27:58.720 [FXGL Background Thread 2 ] DEBUG TilesetLoader        - Loading view for layer Tilelaag 1
11:27:58.809 [FXGL Background Thread 2 ] DEBUG TilesetLoader        - Created buffer with size 28000.0x1400.0
11:27:58.820 [FXGL Background Thread 2 ] DEBUG TMXLevelLoader       - Creating object layer entities
11:27:58.880 [FXGL Background Thread 2 ] DEBUG GameWorld            - Clearing removable entities
11:27:58.882 [FXGL Background Thread 2 ] DEBUG GameWorld            - Setting level: com.almasb.fxgl.entity.level.Level@45b9e358
11:27:58.901 [FXGL Background Thread 2 ] WARN  FXGLAssetLoaderServi - Asset "/assets/textures/assets/textures/MegaManIdle.png" was not found!
11:27:58.902 [FXGL Background Thread 2 ] WARN  FXGLAssetLoaderServi - Failed to load IMAGE
11:27:58.921 [FXGL Background Thread 2 ] DEBUG FXGLAssetLoaderServi - Loading from file system: file:/D:/GITHUB%20ZOOI/IPOSE-FXGL-Mega-Man/target/classes/assets/textures/MegaManIdle.png
11:27:58.924 [FXGL Background Thread 2 ] DEBUG FXGLAssetLoaderServi - Loading from file system: file:/D:/GITHUB%20ZOOI/IPOSE-FXGL-Mega-Man/target/classes/assets/textures/background2.jpg
11:27:59.549 [JavaFX Application Thread] DEBUG LoopRunner           - Stopping loop
11:27:59.550 [JavaFX Application Thread] FATAL FXGLApplication      - Uncaught Exception:
java.lang.RuntimeException: Initialization failed
	at com.almasb.fxgl.all@17.1/com.almasb.fxgl.app.FXGLApplication$InitAppTask.failed(FXGLApplication.kt:343)
	at javafx.graphics@19-ea/javafx.concurrent.Task.setState(Task.java:710)
	at javafx.graphics@19-ea/javafx.concurrent.Task$TaskCallable.lambda$call$2(Task.java:1456)
	at javafx.graphics@19-ea/com.sun.javafx.application.PlatformImpl.lambda$runLater$10(PlatformImpl.java:457)
	at java.base/java.security.AccessController.doPrivileged(AccessController.java:399)
	at javafx.graphics@19-ea/com.sun.javafx.application.PlatformImpl.lambda$runLater$11(PlatformImpl.java:456)
	at javafx.graphics@19-ea/com.sun.glass.ui.InvokeLaterDispatcher$Future.run(InvokeLaterDispatcher.java:96)
	at javafx.graphics@19-ea/com.sun.glass.ui.win.WinApplication._runLoop(Native Method)
	at javafx.graphics@19-ea/com.sun.glass.ui.win.WinApplication.lambda$runLoop$3(WinApplication.java:184)
	at java.base/java.lang.Thread.run(Thread.java:1589)
Caused by: java.lang.ClassCastException: class javafx.beans.property.SimpleIntegerProperty cannot be cast to class javafx.beans.property.DoubleProperty (javafx.beans.property.SimpleIntegerProperty and javafx.beans.property.DoubleProperty are in module javafx.base@19-ea of loader 'app')
	at com.almasb.fxgl.core@17.1/com.almasb.fxgl.core.collection.PropertyMap.doubleProperty(PropertyMap.kt:164)
	at com.example.ipose_megaman/com.example.ipose_megaman.Main.initUI(Main.java:303)
	at com.almasb.fxgl.all@17.1/com.almasb.fxgl.app.FXGLApplication$InitAppTask.call(FXGLApplication.kt:321)
	at com.almasb.fxgl.all@17.1/com.almasb.fxgl.app.FXGLApplication$InitAppTask.call(FXGLApplication.kt:311)
	at javafx.graphics@19-ea/javafx.concurrent.Task$TaskCallable.call(Task.java:1426)
	at java.base/java.util.concurrent.FutureTask.run(FutureTask.java:317)
	at java.base/java.util.concurrent.Executors$RunnableAdapter.call(Executors.java:577)
	at java.base/java.util.concurrent.FutureTask.run(FutureTask.java:317)
	at java.base/java.util.concurrent.ThreadPoolExecutor.runWorker(ThreadPoolExecutor.java:1144)
	at java.base/java.util.concurrent.ThreadPoolExecutor$Worker.run(ThreadPoolExecutor.java:642)
	... 1 more

11:27:59.551 [JavaFX Application Thread] FATAL FXGLApplication      - Application will now exit
11:27:59.566 [JavaFX Application Thread] DEBUG PrimaryStageWindow   - Push state: ErrorSubScene
11:27:59.567 [JavaFX Application Thread] DEBUG Input                - Clearing active input actions
11:27:59.569 [JavaFX Application Thread] DEBUG GameApplicationServi - Removing overlay from FXGLLoadingScene and adding to ErrorSubScene
11:27:59.569 [JavaFX Application Thread] DEBUG PrimaryStageWindow   - FXGLLoadingScene -> ErrorSubScene
11:28:00.579 [FXGL Background Thread 3 ] DEBUG Engine               - Logging environment variables
11:28:00.579 [FXGL Background Thread 3 ] DEBUG Engine               - achievements: []
11:28:00.579 [FXGL Background Thread 3 ] DEBUG Engine               - actualHeight: 720.0
11:28:00.579 [FXGL Background Thread 3 ] DEBUG Engine               - actualHeightProperty: ReadOnlyDoubleProperty [value: 720.0]
11:28:00.579 [FXGL Background Thread 3 ] DEBUG Engine               - actualWidth: 1280.0
11:28:00.579 [FXGL Background Thread 3 ] DEBUG Engine               - actualWidthProperty: ReadOnlyDoubleProperty [value: 1280.0]
11:28:00.579 [FXGL Background Thread 3 ] DEBUG Engine               - appIcon: fxgl_icon.png
11:28:00.579 [FXGL Background Thread 3 ] DEBUG Engine               - applicationMode: DEVELOPER
11:28:00.580 [FXGL Background Thread 3 ] DEBUG Engine               - cSSList: [fxgl_dark.css]
11:28:00.580 [FXGL Background Thread 3 ] DEBUG Engine               - collisionDetectionStrategy: BRUTE_FORCE
11:28:00.580 [FXGL Background Thread 3 ] DEBUG Engine               - configClass: Optional.empty
11:28:00.580 [FXGL Background Thread 3 ] DEBUG Engine               - credits: []
11:28:00.580 [FXGL Background Thread 3 ] DEBUG Engine               - defaultCursor: CursorInfo(imageName=fxgl_default_cursor.png, hotspotX=7.0, hotspotY=6.0)
11:28:00.580 [FXGL Background Thread 3 ] DEBUG Engine               - devBBoxColorProperty: ObjectProperty [value: 0xff0000ff]
11:28:00.580 [FXGL Background Thread 3 ] DEBUG Engine               - devEnableDebugCameraProperty: BooleanProperty [value: false]
11:28:00.580 [FXGL Background Thread 3 ] DEBUG Engine               - devSensorColorProperty: ObjectProperty [value: 0xffff00ff]
11:28:00.580 [FXGL Background Thread 3 ] DEBUG Engine               - devShowBBoxProperty: BooleanProperty [value: false]
11:28:00.580 [FXGL Background Thread 3 ] DEBUG Engine               - devShowPositionProperty: BooleanProperty [value: false]
11:28:00.580 [FXGL Background Thread 3 ] DEBUG Engine               - enabledMenuItems: []
11:28:00.581 [FXGL Background Thread 3 ] DEBUG Engine               - engineServices: [class com.almasb.fxgl.app.services.FXGLAssetLoaderService, class com.almasb.fxgl.app.FXGLApplication$GameApplicationService, class com.almasb.fxgl.app.services.FXGLDialogService, class com.almasb.fxgl.app.services.IOTaskExecutorService, class com.almasb.fxgl.io.FileSystemService, class com.almasb.fxgl.localization.LocalizationService, class com.almasb.fxgl.app.services.SystemBundleService, class com.almasb.fxgl.profile.SaveLoadService, class com.almasb.fxgl.ui.FXGLUIFactoryServiceProvider, class com.almasb.fxgl.ui.FXGLDialogFactoryServiceProvider, class com.almasb.fxgl.audio.AudioPlayer, class com.almasb.fxgl.notification.impl.NotificationServiceProvider, class com.almasb.fxgl.achievement.AchievementService, class com.almasb.fxgl.cutscene.CutsceneService, class com.almasb.fxgl.minigames.MiniGameService, class com.almasb.fxgl.net.NetService, class com.almasb.fxgl.app.services.UpdaterService, class com.almasb.fxgl.dev.DevService]
11:28:00.581 [FXGL Background Thread 3 ] DEBUG Engine               - fontGame: Abel-Regular.ttf
11:28:00.581 [FXGL Background Thread 3 ] DEBUG Engine               - fontMono: TerminalLandMono-Regular.otf
11:28:00.581 [FXGL Background Thread 3 ] DEBUG Engine               - fontText: Courier-Prime.ttf
11:28:00.581 [FXGL Background Thread 3 ] DEBUG Engine               - fontUI: VarelaRound-Regular.ttf
11:28:00.581 [FXGL Background Thread 3 ] DEBUG Engine               - fullScreen: BooleanProperty [value: false]
11:28:00.581 [FXGL Background Thread 3 ] DEBUG Engine               - gameDifficulty: MEDIUM
11:28:00.581 [FXGL Background Thread 3 ] DEBUG Engine               - gameDifficultyProperty: ObjectProperty [value: MEDIUM]
11:28:00.581 [FXGL Background Thread 3 ] DEBUG Engine               - globalMusicVolume: 0.5
11:28:00.581 [FXGL Background Thread 3 ] DEBUG Engine               - globalMusicVolumeProperty: DoubleProperty [value: 0.5]
11:28:00.581 [FXGL Background Thread 3 ] DEBUG Engine               - globalSoundVolume: 0.5
11:28:00.581 [FXGL Background Thread 3 ] DEBUG Engine               - globalSoundVolumeProperty: DoubleProperty [value: 0.5]
11:28:00.581 [FXGL Background Thread 3 ] DEBUG Engine               - height: 720
11:28:00.581 [FXGL Background Thread 3 ] DEBUG Engine               - is3D: false
11:28:00.581 [FXGL Background Thread 3 ] DEBUG Engine               - isAndroid: false
11:28:00.582 [FXGL Background Thread 3 ] DEBUG Engine               - isBrowser: false
11:28:00.582 [FXGL Background Thread 3 ] DEBUG Engine               - isClickFeedbackEnabled: false
11:28:00.582 [FXGL Background Thread 3 ] DEBUG Engine               - isCloseConfirmation: false
11:28:00.582 [FXGL Background Thread 3 ] DEBUG Engine               - isDesktop: true
11:28:00.582 [FXGL Background Thread 3 ] DEBUG Engine               - isDeveloperMenuEnabled: false
11:28:00.582 [FXGL Background Thread 3 ] DEBUG Engine               - isEmbedded: false
11:28:00.582 [FXGL Background Thread 3 ] DEBUG Engine               - isEntityPreloadEnabled: true
11:28:00.582 [FXGL Background Thread 3 ] DEBUG Engine               - isExperimentalTiledLargeMap: false
11:28:00.582 [FXGL Background Thread 3 ] DEBUG Engine               - isFileSystemWriteAllowed: true
11:28:00.582 [FXGL Background Thread 3 ] DEBUG Engine               - isFullScreenAllowed: false
11:28:00.582 [FXGL Background Thread 3 ] DEBUG Engine               - isFullScreenFromStart: false
11:28:00.582 [FXGL Background Thread 3 ] DEBUG Engine               - isGameMenuEnabled: true
11:28:00.582 [FXGL Background Thread 3 ] DEBUG Engine               - isIOS: false
11:28:00.582 [FXGL Background Thread 3 ] DEBUG Engine               - isIntroEnabled: false
11:28:00.582 [FXGL Background Thread 3 ] DEBUG Engine               - isLinux: false
11:28:00.583 [FXGL Background Thread 3 ] DEBUG Engine               - isMac: false
11:28:00.583 [FXGL Background Thread 3 ] DEBUG Engine               - isMainMenuEnabled: true
11:28:00.583 [FXGL Background Thread 3 ] DEBUG Engine               - isManualResizeEnabled: false
11:28:00.583 [FXGL Background Thread 3 ] DEBUG Engine               - isMobile: false
11:28:00.583 [FXGL Background Thread 3 ] DEBUG Engine               - isNative: false
11:28:00.583 [FXGL Background Thread 3 ] DEBUG Engine               - isPauseMusicWhenMinimized: true
11:28:00.583 [FXGL Background Thread 3 ] DEBUG Engine               - isPreserveResizeRatio: false
11:28:00.583 [FXGL Background Thread 3 ] DEBUG Engine               - isProfilingEnabled: false
11:28:00.583 [FXGL Background Thread 3 ] DEBUG Engine               - isScaleAffectedOnResize: true
11:28:00.583 [FXGL Background Thread 3 ] DEBUG Engine               - isSingleStep: false
11:28:00.583 [FXGL Background Thread 3 ] DEBUG Engine               - isUserProfileEnabled: false
11:28:00.583 [FXGL Background Thread 3 ] DEBUG Engine               - isWindows: true
11:28:00.583 [FXGL Background Thread 3 ] DEBUG Engine               - language: ObjectProperty [value: ENGLISH]
11:28:00.583 [FXGL Background Thread 3 ] DEBUG Engine               - menuKey: ESCAPE
11:28:00.583 [FXGL Background Thread 3 ] DEBUG Engine               - mouseSensitivity: 0.2
11:28:00.583 [FXGL Background Thread 3 ] DEBUG Engine               - notificationViewClass: class com.almasb.fxgl.notification.view.XboxNotificationView
11:28:00.583 [FXGL Background Thread 3 ] DEBUG Engine               - pixelsPerMeter: 50.0
11:28:00.583 [FXGL Background Thread 3 ] DEBUG Engine               - platform: WINDOWS
11:28:00.583 [FXGL Background Thread 3 ] DEBUG Engine               - prefHeightProperty: ReadOnlyDoubleProperty [value: 720.0]
11:28:00.583 [FXGL Background Thread 3 ] DEBUG Engine               - prefWidthProperty: ReadOnlyDoubleProperty [value: 1280.0]
11:28:00.584 [FXGL Background Thread 3 ] DEBUG Engine               - profileDir: profiles/
11:28:00.584 [FXGL Background Thread 3 ] DEBUG Engine               - profileName: StringProperty [value: DEFAULT]
11:28:00.584 [FXGL Background Thread 3 ] DEBUG Engine               - randomSeed: -1
11:28:00.584 [FXGL Background Thread 3 ] DEBUG Engine               - runtimeInfo: RuntimeInfo(platform=WINDOWS, version=17.1, build=24.03.2022 17.34)
11:28:00.584 [FXGL Background Thread 3 ] DEBUG Engine               - saveFileExt: sav
11:28:00.584 [FXGL Background Thread 3 ] DEBUG Engine               - scaledHeightProp$fxgl: DoubleProperty [bound, value: 720.0]
11:28:00.584 [FXGL Background Thread 3 ] DEBUG Engine               - scaledWidthProp$fxgl: DoubleProperty [bound, value: 1280.0]
11:28:00.584 [FXGL Background Thread 3 ] DEBUG Engine               - sceneFactory: com.almasb.fxgl.app.scene.SceneFactory@709b97ce
11:28:00.584 [FXGL Background Thread 3 ] DEBUG Engine               - secondsIn24h: 60
11:28:00.584 [FXGL Background Thread 3 ] DEBUG Engine               - soundMenuBack: menu/back.wav
11:28:00.584 [FXGL Background Thread 3 ] DEBUG Engine               - soundMenuPress: menu/press.wav
11:28:00.584 [FXGL Background Thread 3 ] DEBUG Engine               - soundMenuSelect: menu/select.wav
11:28:00.584 [FXGL Background Thread 3 ] DEBUG Engine               - soundNotification: core/notification.wav
11:28:00.584 [FXGL Background Thread 3 ] DEBUG Engine               - stageStyle: DECORATED
11:28:00.584 [FXGL Background Thread 3 ] DEBUG Engine               - supportedLanguages: [ENGLISH, FRENCH, GERMAN, HUNGARIAN, RUSSIAN]
11:28:00.584 [FXGL Background Thread 3 ] DEBUG Engine               - ticksPerSecond: -1
11:28:00.585 [FXGL Background Thread 3 ] DEBUG Engine               - title: Tetris Man 2
11:28:00.585 [FXGL Background Thread 3 ] DEBUG Engine               - urlGithub: https://github.com/AlmasB/FXGL
11:28:00.585 [FXGL Background Thread 3 ] DEBUG Engine               - urlLeaderboard: http://fxgl-top.herokuapp.com/
11:28:00.585 [FXGL Background Thread 3 ] DEBUG Engine               - urlPOM: https://raw.githubusercontent.com/AlmasB/FXGL/release/README.md
11:28:00.585 [FXGL Background Thread 3 ] DEBUG Engine               - userAppClass: class com.example.ipose_megaman.Main
11:28:00.585 [FXGL Background Thread 3 ] DEBUG Engine               - version: 1.0
11:28:00.585 [FXGL Background Thread 3 ] DEBUG Engine               - versionCheckDays: 7
11:28:00.585 [FXGL Background Thread 3 ] DEBUG Engine               - width: 1280
11:28:00.585 [FXGL Background Thread 3 ] DEBUG Engine               - Logging services
11:28:00.585 [FXGL Background Thread 3 ] DEBUG Engine               - class com.almasb.fxgl.app.services.FXGLAssetLoaderService
11:28:00.585 [FXGL Background Thread 3 ] DEBUG Engine               - class com.almasb.fxgl.app.FXGLApplication$GameApplicationService
11:28:00.585 [FXGL Background Thread 3 ] DEBUG Engine               - class com.almasb.fxgl.app.services.FXGLDialogService
11:28:00.585 [FXGL Background Thread 3 ] DEBUG Engine               - class com.almasb.fxgl.app.services.IOTaskExecutorService
11:28:00.585 [FXGL Background Thread 3 ] DEBUG Engine               - class com.almasb.fxgl.io.FileSystemService
11:28:00.585 [FXGL Background Thread 3 ] DEBUG Engine               - class com.almasb.fxgl.localization.LocalizationService
11:28:00.585 [FXGL Background Thread 3 ] DEBUG Engine               - class com.almasb.fxgl.app.services.SystemBundleService
11:28:00.585 [FXGL Background Thread 3 ] DEBUG Engine               - class com.almasb.fxgl.profile.SaveLoadService
11:28:00.585 [FXGL Background Thread 3 ] DEBUG Engine               - class com.almasb.fxgl.ui.FXGLUIFactoryServiceProvider
11:28:00.585 [FXGL Background Thread 3 ] DEBUG Engine               - class com.almasb.fxgl.ui.FXGLDialogFactoryServiceProvider
11:28:00.585 [FXGL Background Thread 3 ] DEBUG Engine               - class com.almasb.fxgl.audio.AudioPlayer
11:28:00.585 [FXGL Background Thread 3 ] DEBUG Engine               - class com.almasb.fxgl.notification.impl.NotificationServiceProvider
11:28:00.585 [FXGL Background Thread 3 ] DEBUG Engine               - class com.almasb.fxgl.achievement.AchievementService
11:28:00.585 [FXGL Background Thread 3 ] DEBUG Engine               - class com.almasb.fxgl.cutscene.CutsceneService
11:28:00.585 [FXGL Background Thread 3 ] DEBUG Engine               - class com.almasb.fxgl.minigames.MiniGameService
11:28:00.586 [FXGL Background Thread 3 ] DEBUG Engine               - class com.almasb.fxgl.net.NetService
11:28:00.586 [FXGL Background Thread 3 ] DEBUG Engine               - class com.almasb.fxgl.app.services.UpdaterService
11:28:00.586 [FXGL Background Thread 3 ] DEBUG Engine               - class com.almasb.fxgl.dev.DevService
11:28:09.301 [JavaFX Application Thread] DEBUG FXGLApplication      - Exiting FXGL
11:28:09.301 [JavaFX Application Thread] DEBUG Async                - Shutting down background threads
11:28:09.302 [JavaFX Application Thread] DEBUG PrimaryStageWindow   - Closing main window
11:28:09.313 [JavaFX Application Thread] DEBUG Logger               - Closing Logger
