13:20:05.515 [main                     ] DEBUG Logger               - Configured Logger
13:20:05.548 [main                     ] DEBUG GameApplication      - Logging settings
Title: Tetris Man 2
Version: 1.0
Width: 1280
Height: 720
Fullscreen: false
Intro: false
Profiling: false
Single step:false
App Mode: DEVELOPER
Menu Key: ESCAPE
Stage Style: DECORATED
Scene Factory: class com.almasb.fxgl.app.scene.SceneFactory

13:20:05.883 [JavaFX Application Thread] DEBUG FXGLApplication      - Initializing FXGL
13:20:05.887 [JavaFX Application Thread] INFO  Engine               - FXGL-17.1 (24.03.2022 17.34) on WINDOWS (J:19.0.1 FX:19-ea)
13:20:05.887 [JavaFX Application Thread] DEBUG Engine               - JRE Vendor Name: Oracle Corporation
13:20:05.887 [JavaFX Application Thread] DEBUG Engine               - Running on OS: Windows 11 version 10.0
13:20:05.888 [JavaFX Application Thread] DEBUG Engine               - Architecture: amd64
13:20:05.888 [JavaFX Application Thread] INFO  Engine               - Source code and latest versions at: https://github.com/AlmasB/FXGL
13:20:05.888 [JavaFX Application Thread] INFO  Engine               -       Ask questions and discuss at: https://github.com/AlmasB/FXGL/discussions
13:20:05.888 [JavaFX Application Thread] INFO  Engine               -              Join the FXGL chat at: https://gitter.im/AlmasB/FXGL
13:20:05.946 [JavaFX Application Thread] DEBUG PrimaryStageWindow   - Creating a JavaFX scene
13:20:05.974 [JavaFX Application Thread] DEBUG PrimaryStageWindow   - Target settings size: 1280.0 x 720.0
13:20:05.974 [JavaFX Application Thread] DEBUG PrimaryStageWindow   - Scaled scene size:    1280.0 x 720.0
13:20:05.974 [JavaFX Application Thread] DEBUG PrimaryStageWindow   - Scaled ratio: (1.0, 1.0)
13:20:05.975 [JavaFX Application Thread] DEBUG PrimaryStageWindow   - Set initial scene to FXGLStartupScene
13:20:05.980 [JavaFX Application Thread] DEBUG PrimaryStageWindow   - Opening main window
13:20:06.052 [JavaFX Application Thread] DEBUG PrimaryStageWindow   - Window border size: (16.0, 39.0)
13:20:06.053 [JavaFX Application Thread] DEBUG PrimaryStageWindow   - Scaled size: 1280.0 x 720.0
13:20:06.053 [JavaFX Application Thread] DEBUG PrimaryStageWindow   - Scaled ratio: (1.0, 1.0)
13:20:06.053 [JavaFX Application Thread] DEBUG PrimaryStageWindow   - Scene size: 1280.0 x 720.0
13:20:06.053 [JavaFX Application Thread] DEBUG PrimaryStageWindow   - Stage size: 1296.0 x 759.0
13:20:06.057 [FXGL Background Thread 1 ] DEBUG Engine               - Initializing environment variables
13:20:06.108 [FXGL Background Thread 1 ] DEBUG FXGLAssetLoaderServi - User app class for loading assets: class com.example.ipose_megaman.Main
13:20:06.108 [FXGL Background Thread 1 ] DEBUG GameApplicationServi - Applying CSS: fxgl_dark.css
13:20:06.108 [FXGL Background Thread 1 ] DEBUG FXGLAssetLoaderServi - Loading from file system: jar:file:///C:/Users/julia/.m2/repository/com/github/almasb/fxgl/17.1/fxgl-17.1.jar!/fxglassets/ui/css/fxgl_dark.css
13:20:06.157 [FXGL Background Thread 1 ] DEBUG GameApplicationServi - Initializing application scenes
13:20:06.228 [FXGL Background Thread 1 ] DEBUG GameWorld            - Game world initialized
13:20:06.322 [FXGL Background Thread 1 ] DEBUG PhysicsWorld         - Physics world initialized: appHeight=720, physics.ppm=50,0
13:20:06.322 [FXGL Background Thread 1 ] DEBUG PhysicsWorld         - Using strategy: BRUTE_FORCE
13:20:06.327 [FXGL Background Thread 1 ] DEBUG GameScene            - Game scene initialized: 1280x720
13:20:06.362 [FXGL Background Thread 1 ] DEBUG FXGL.DefaultMenu     - createMenuBodyMainMenu()
13:20:06.381 [FXGL Background Thread 1 ] DEBUG FXGL.DefaultMenu     - createOptionsMenu()
13:20:06.392 [FXGL Background Thread 1 ] DEBUG FXGLAssetLoaderServi - Loading from file system: jar:file:///C:/Users/julia/.m2/repository/com/github/almasb/fxgl/17.1/fxgl-17.1.jar!/fxglassets/textures/particles/smoke.png
13:20:06.481 [FXGL Background Thread 1 ] DEBUG FXGLAssetLoaderServi - Loading from file system: jar:file:///C:/Users/julia/.m2/repository/com/github/almasb/fxgl/17.1/fxgl-17.1.jar!/fxglassets/textures/particles/trace_horizontal.png
13:20:06.497 [FXGL Background Thread 1 ] DEBUG FXGL.DefaultMenu     - createMenuBodyGameMenu()
13:20:06.498 [FXGL Background Thread 1 ] DEBUG FXGL.DefaultMenu     - createOptionsMenu()
13:20:06.505 [FXGL Background Thread 1 ] DEBUG GameApplicationServi - Application scenes initialized
13:20:06.514 [FXGL Background Thread 1 ] DEBUG SystemBundleService  - Loading FXGL system data
13:20:06.517 [FXGL Background Thread 1 ] DEBUG FileSystemAccess     - Reading from: C:\Users\julia\Desktop\IPOSE_MEGAMAN\system\fxgl.bundle
13:20:06.523 [FXGL Background Thread 1 ] DEBUG SystemBundleService  - Bundle FXGL: {}
13:20:06.523 [FXGL Background Thread 1 ] DEBUG UpdaterService       - Checking for updates
13:20:06.527 [FXGL Background Thread 4 ] DEBUG FXGLApplication      - Loading fonts
13:20:06.527 [FXGL Background Thread 4 ] DEBUG FXGLAssetLoaderServi - Loading from file system: jar:file:///C:/Users/julia/.m2/repository/com/github/almasb/fxgl/17.1/fxgl-17.1.jar!/fxglassets/ui/fonts/VarelaRound-Regular.ttf
13:20:06.528 [FXGL Background Thread 1 ] DEBUG FXGLApplication      - Loading default localization
13:20:06.529 [FXGL Background Thread 1 ] DEBUG FXGLAssetLoaderServi - Loading from file system: jar:file:///C:/Users/julia/.m2/repository/com/github/almasb/fxgl/17.1/fxgl-17.1.jar!/fxglassets/languages/english.lang
13:20:06.561 [FXGL Background Thread 1 ] INFO  FXGLApplication      - FXGL initialization took: 0,504 sec
13:20:06.574 [JavaFX Application Thread] DEBUG Input                - Registered new binding: Move Right - D
13:20:06.574 [JavaFX Application Thread] DEBUG Input                - Registered new binding: Move Left - A
13:20:06.574 [JavaFX Application Thread] DEBUG Input                - Registered new binding: Jump - Space
13:20:06.575 [FXGL Background Thread 4 ] DEBUG FXGLAssetLoaderServi - Loading from file system: jar:file:///C:/Users/julia/.m2/repository/com/github/almasb/fxgl/17.1/fxgl-17.1.jar!/fxglassets/ui/fonts/Abel-Regular.ttf
13:20:06.575 [JavaFX Application Thread] DEBUG Input                - Registered new binding: Shoot - Enter
13:20:06.575 [JavaFX Application Thread] DEBUG FXGLAssetLoaderServi - Loading from file system: jar:file:///C:/Users/julia/.m2/repository/com/github/almasb/fxgl/17.1/fxgl-17.1.jar!/fxglassets/textures/fxgl_icon.png
13:20:06.580 [FXGL Background Thread 4 ] DEBUG FXGLAssetLoaderServi - Loading from file system: jar:file:///C:/Users/julia/.m2/repository/com/github/almasb/fxgl/17.1/fxgl-17.1.jar!/fxglassets/ui/fonts/TerminalLandMono-Regular.otf
13:20:06.584 [FXGL Background Thread 4 ] DEBUG FXGLAssetLoaderServi - Loading from file system: jar:file:///C:/Users/julia/.m2/repository/com/github/almasb/fxgl/17.1/fxgl-17.1.jar!/fxglassets/ui/fonts/Courier-Prime.ttf
13:20:06.592 [JavaFX Application Thread] DEBUG FXGLAssetLoaderServi - Loading from file system: jar:file:///C:/Users/julia/.m2/repository/com/github/almasb/fxgl/17.1/fxgl-17.1.jar!/fxglassets/textures/fxgl_default_cursor.png
13:20:06.596 [JavaFX Application Thread] DEBUG Input                - Registered new binding: Screenshot - CTRL+8
13:20:06.597 [JavaFX Application Thread] DEBUG Input                - Registered new binding: System info dump - CTRL+9
13:20:06.598 [JavaFX Application Thread] DEBUG Input                - Registered new binding: Restart - CTRL+R
13:20:06.599 [JavaFX Application Thread] DEBUG Input                - Registered new binding: Toggle Debug Camera - CTRL+7
13:20:06.603 [JavaFX Application Thread] DEBUG LoopRunner           - Starting loop
13:20:06.604 [JavaFX Application Thread] DEBUG LoopRunner           - Initializing JavaFX AnimationTimerLoop
13:20:06.608 [JavaFX Application Thread] DEBUG Input                - Clearing active input actions
13:20:06.611 [JavaFX Application Thread] DEBUG GameApplicationServi - Removing overlay from FXGLStartupScene and adding to FXGLMainMenuDummyScene
13:20:06.611 [JavaFX Application Thread] DEBUG PrimaryStageWindow   - FXGLStartupScene -> FXGLMainMenuDummyScene
13:20:06.611 [JavaFX Application Thread] DEBUG PrimaryStageWindow   - Push state: FXGLDefaultMenu
13:20:06.624 [JavaFX Application Thread] DEBUG Input                - Clearing active input actions
13:20:06.634 [JavaFX Application Thread] DEBUG GameApplicationServi - Removing overlay from FXGLMainMenuDummyScene and adding to FXGLDefaultMenu
13:20:06.635 [JavaFX Application Thread] DEBUG PrimaryStageWindow   - FXGLMainMenuDummyScene -> FXGLDefaultMenu
13:20:06.636 [JavaFX Application Thread] DEBUG FXGLApplication      - Registering font factories with UI factory
13:20:06.943 [FXGL Background Thread 2 ] INFO  UpdaterService       - Your current version:  17.1
13:20:06.943 [FXGL Background Thread 2 ] INFO  UpdaterService       - Latest stable version: 17.3
13:20:07.966 [JavaFX Application Thread] DEBUG Menu                 - fireNewGame()
13:20:07.966 [JavaFX Application Thread] DEBUG GameApplicationServi - Starting new game
13:20:07.969 [JavaFX Application Thread] DEBUG PrimaryStageWindow   - Pop state: FXGLDefaultMenu
13:20:07.969 [JavaFX Application Thread] DEBUG Input                - Clearing active input actions
13:20:07.970 [JavaFX Application Thread] DEBUG GameApplicationServi - Removing overlay from FXGLDefaultMenu and adding to FXGLMainMenuDummyScene
13:20:07.970 [JavaFX Application Thread] DEBUG PrimaryStageWindow   - FXGLMainMenuDummyScene <- FXGLDefaultMenu
13:20:07.970 [JavaFX Application Thread] DEBUG Input                - Clearing active input actions
13:20:07.979 [JavaFX Application Thread] DEBUG GameApplicationServi - Removing overlay from FXGLMainMenuDummyScene and adding to FXGLLoadingScene
13:20:07.979 [JavaFX Application Thread] DEBUG PrimaryStageWindow   - FXGLMainMenuDummyScene -> FXGLLoadingScene
13:20:07.979 [JavaFX Application Thread] DEBUG GameApplicationServi - Clearing previous game
13:20:07.979 [JavaFX Application Thread] DEBUG GameScene            - Clearing game scene
13:20:07.979 [JavaFX Application Thread] DEBUG GameWorld            - Clearing game world
13:20:07.980 [JavaFX Application Thread] DEBUG PhysicsWorld         - Clearing physics world
13:20:07.985 [FXGL Background Thread 2 ] DEBUG FXGLApplication      - Initializing game
13:20:08.057 [FXGL Background Thread 2 ] WARN  TMXLevelLoader       - TiledMap generated from 1.10.0. Supported version: 1.4.2. Some features may not be parsed fully.
13:20:08.086 [FXGL Background Thread 2 ] DEBUG TMXLevelLoader       - Parsed TiledMap: file:/C:/Users/julia/Desktop/IPOSE_MEGAMAN/target/classes/assets/levels/level.tmx
13:20:08.088 [FXGL Background Thread 2 ] DEBUG TMXLevelLoader       - Creating tile layer entities
13:20:08.090 [FXGL Background Thread 2 ] DEBUG TilesetLoader        - Loading view for layer Tilelaag 1
13:20:08.139 [FXGL Background Thread 2 ] DEBUG TilesetLoader        - Created buffer with size 28000.0x1400.0
13:20:08.144 [FXGL Background Thread 2 ] DEBUG TMXLevelLoader       - Creating object layer entities
13:20:08.199 [FXGL Background Thread 2 ] DEBUG FXGLAssetLoaderServi - Loading from file system: file:/C:/Users/julia/Desktop/IPOSE_MEGAMAN/target/classes/assets/textures/enemy.png
13:20:08.207 [FXGL Background Thread 2 ] DEBUG GameWorld            - Clearing removable entities
13:20:08.208 [FXGL Background Thread 2 ] DEBUG GameWorld            - Setting level: com.almasb.fxgl.entity.level.Level@ae0f37c
13:20:08.225 [FXGL Background Thread 2 ] WARN  FXGLAssetLoaderServi - Asset "/assets/textures/assets/textures/MegaManIdle.png" was not found!
13:20:08.226 [FXGL Background Thread 2 ] WARN  FXGLAssetLoaderServi - Failed to load IMAGE
13:20:08.249 [FXGL Background Thread 2 ] DEBUG FXGLAssetLoaderServi - Loading from file system: file:/C:/Users/julia/Desktop/IPOSE_MEGAMAN/target/classes/assets/textures/MegaManIdle.png
13:20:08.252 [FXGL Background Thread 2 ] DEBUG FXGLAssetLoaderServi - Loading from file system: file:/C:/Users/julia/Desktop/IPOSE_MEGAMAN/target/classes/assets/textures/background2.jpg
13:20:08.549 [FXGL Background Thread 2 ] INFO  FXGLApplication      - Game initialization took: 0,564 sec
13:20:08.564 [JavaFX Application Thread] DEBUG Input                - Clearing active input actions
13:20:08.568 [JavaFX Application Thread] DEBUG GameApplicationServi - Removing overlay from FXGLLoadingScene and adding to GameScene
13:20:08.568 [JavaFX Application Thread] DEBUG PrimaryStageWindow   - FXGLLoadingScene -> GameScene
13:20:09.347 [JavaFX Application Thread] WARN  FXGLAssetLoaderServi - Asset "/assets/sounds/shoot.wav" was not found!
13:20:09.347 [JavaFX Application Thread] WARN  FXGLAssetLoaderServi - Failed to load SOUND
13:20:09.526 [FXGL Background Thread 3 ] DEBUG Engine               - Logging environment variables
13:20:09.527 [FXGL Background Thread 3 ] DEBUG Engine               - achievements: []
13:20:09.527 [FXGL Background Thread 3 ] DEBUG Engine               - actualHeight: 720.0
13:20:09.527 [FXGL Background Thread 3 ] DEBUG Engine               - actualHeightProperty: ReadOnlyDoubleProperty [value: 720.0]
13:20:09.527 [FXGL Background Thread 3 ] DEBUG Engine               - actualWidth: 1280.0
13:20:09.527 [FXGL Background Thread 3 ] DEBUG Engine               - actualWidthProperty: ReadOnlyDoubleProperty [value: 1280.0]
13:20:09.527 [FXGL Background Thread 3 ] DEBUG Engine               - appIcon: fxgl_icon.png
13:20:09.527 [FXGL Background Thread 3 ] DEBUG Engine               - applicationMode: DEVELOPER
13:20:09.527 [FXGL Background Thread 3 ] DEBUG Engine               - cSSList: [fxgl_dark.css]
13:20:09.527 [FXGL Background Thread 3 ] DEBUG Engine               - collisionDetectionStrategy: BRUTE_FORCE
13:20:09.527 [FXGL Background Thread 3 ] DEBUG Engine               - configClass: Optional.empty
13:20:09.528 [FXGL Background Thread 3 ] DEBUG Engine               - credits: []
13:20:09.528 [FXGL Background Thread 3 ] DEBUG Engine               - defaultCursor: CursorInfo(imageName=fxgl_default_cursor.png, hotspotX=7.0, hotspotY=6.0)
13:20:09.528 [FXGL Background Thread 3 ] DEBUG Engine               - devBBoxColorProperty: ObjectProperty [value: 0xff0000ff]
13:20:09.529 [FXGL Background Thread 3 ] DEBUG Engine               - devEnableDebugCameraProperty: BooleanProperty [value: false]
13:20:09.529 [FXGL Background Thread 3 ] DEBUG Engine               - devSensorColorProperty: ObjectProperty [value: 0xffff00ff]
13:20:09.529 [FXGL Background Thread 3 ] DEBUG Engine               - devShowBBoxProperty: BooleanProperty [value: false]
13:20:09.529 [FXGL Background Thread 3 ] DEBUG Engine               - devShowPositionProperty: BooleanProperty [value: false]
13:20:09.529 [FXGL Background Thread 3 ] DEBUG Engine               - enabledMenuItems: []
13:20:09.529 [FXGL Background Thread 3 ] DEBUG Engine               - engineServices: [class com.almasb.fxgl.app.services.FXGLAssetLoaderService, class com.almasb.fxgl.app.FXGLApplication$GameApplicationService, class com.almasb.fxgl.app.services.FXGLDialogService, class com.almasb.fxgl.app.services.IOTaskExecutorService, class com.almasb.fxgl.io.FileSystemService, class com.almasb.fxgl.localization.LocalizationService, class com.almasb.fxgl.app.services.SystemBundleService, class com.almasb.fxgl.profile.SaveLoadService, class com.almasb.fxgl.ui.FXGLUIFactoryServiceProvider, class com.almasb.fxgl.ui.FXGLDialogFactoryServiceProvider, class com.almasb.fxgl.audio.AudioPlayer, class com.almasb.fxgl.notification.impl.NotificationServiceProvider, class com.almasb.fxgl.achievement.AchievementService, class com.almasb.fxgl.cutscene.CutsceneService, class com.almasb.fxgl.minigames.MiniGameService, class com.almasb.fxgl.net.NetService, class com.almasb.fxgl.app.services.UpdaterService, class com.almasb.fxgl.dev.DevService]
13:20:09.529 [FXGL Background Thread 3 ] DEBUG Engine               - fontGame: Abel-Regular.ttf
13:20:09.529 [FXGL Background Thread 3 ] DEBUG Engine               - fontMono: TerminalLandMono-Regular.otf
13:20:09.529 [FXGL Background Thread 3 ] DEBUG Engine               - fontText: Courier-Prime.ttf
13:20:09.529 [FXGL Background Thread 3 ] DEBUG Engine               - fontUI: VarelaRound-Regular.ttf
13:20:09.529 [FXGL Background Thread 3 ] DEBUG Engine               - fullScreen: BooleanProperty [value: false]
13:20:09.529 [FXGL Background Thread 3 ] DEBUG Engine               - gameDifficulty: MEDIUM
13:20:09.529 [FXGL Background Thread 3 ] DEBUG Engine               - gameDifficultyProperty: ObjectProperty [value: MEDIUM]
13:20:09.529 [FXGL Background Thread 3 ] DEBUG Engine               - globalMusicVolume: 0.5
13:20:09.529 [FXGL Background Thread 3 ] DEBUG Engine               - globalMusicVolumeProperty: DoubleProperty [value: 0.5]
13:20:09.529 [FXGL Background Thread 3 ] DEBUG Engine               - globalSoundVolume: 0.5
13:20:09.529 [FXGL Background Thread 3 ] DEBUG Engine               - globalSoundVolumeProperty: DoubleProperty [value: 0.5]
13:20:09.530 [FXGL Background Thread 3 ] DEBUG Engine               - height: 720
13:20:09.530 [FXGL Background Thread 3 ] DEBUG Engine               - is3D: false
13:20:09.530 [FXGL Background Thread 3 ] DEBUG Engine               - isAndroid: false
13:20:09.530 [FXGL Background Thread 3 ] DEBUG Engine               - isBrowser: false
13:20:09.530 [FXGL Background Thread 3 ] DEBUG Engine               - isClickFeedbackEnabled: false
13:20:09.530 [FXGL Background Thread 3 ] DEBUG Engine               - isCloseConfirmation: false
13:20:09.530 [FXGL Background Thread 3 ] DEBUG Engine               - isDesktop: true
13:20:09.530 [FXGL Background Thread 3 ] DEBUG Engine               - isDeveloperMenuEnabled: false
13:20:09.530 [FXGL Background Thread 3 ] DEBUG Engine               - isEmbedded: false
13:20:09.530 [FXGL Background Thread 3 ] DEBUG Engine               - isEntityPreloadEnabled: true
13:20:09.530 [FXGL Background Thread 3 ] DEBUG Engine               - isExperimentalTiledLargeMap: false
13:20:09.530 [FXGL Background Thread 3 ] DEBUG Engine               - isFileSystemWriteAllowed: true
13:20:09.530 [FXGL Background Thread 3 ] DEBUG Engine               - isFullScreenAllowed: false
13:20:09.530 [FXGL Background Thread 3 ] DEBUG Engine               - isFullScreenFromStart: false
13:20:09.530 [FXGL Background Thread 3 ] DEBUG Engine               - isGameMenuEnabled: true
13:20:09.530 [FXGL Background Thread 3 ] DEBUG Engine               - isIOS: false
13:20:09.530 [FXGL Background Thread 3 ] DEBUG Engine               - isIntroEnabled: false
13:20:09.530 [FXGL Background Thread 3 ] DEBUG Engine               - isLinux: false
13:20:09.530 [FXGL Background Thread 3 ] DEBUG Engine               - isMac: false
13:20:09.531 [FXGL Background Thread 3 ] DEBUG Engine               - isMainMenuEnabled: true
13:20:09.531 [FXGL Background Thread 3 ] DEBUG Engine               - isManualResizeEnabled: false
13:20:09.531 [FXGL Background Thread 3 ] DEBUG Engine               - isMobile: false
13:20:09.531 [FXGL Background Thread 3 ] DEBUG Engine               - isNative: false
13:20:09.531 [FXGL Background Thread 3 ] DEBUG Engine               - isPauseMusicWhenMinimized: true
13:20:09.531 [FXGL Background Thread 3 ] DEBUG Engine               - isPreserveResizeRatio: false
13:20:09.531 [FXGL Background Thread 3 ] DEBUG Engine               - isProfilingEnabled: false
13:20:09.531 [FXGL Background Thread 3 ] DEBUG Engine               - isScaleAffectedOnResize: true
13:20:09.531 [FXGL Background Thread 3 ] DEBUG Engine               - isSingleStep: false
13:20:09.531 [FXGL Background Thread 3 ] DEBUG Engine               - isUserProfileEnabled: false
13:20:09.531 [FXGL Background Thread 3 ] DEBUG Engine               - isWindows: true
13:20:09.531 [FXGL Background Thread 3 ] DEBUG Engine               - language: ObjectProperty [value: ENGLISH]
13:20:09.531 [FXGL Background Thread 3 ] DEBUG Engine               - menuKey: ESCAPE
13:20:09.531 [FXGL Background Thread 3 ] DEBUG Engine               - mouseSensitivity: 0.2
13:20:09.531 [FXGL Background Thread 3 ] DEBUG Engine               - notificationViewClass: class com.almasb.fxgl.notification.view.XboxNotificationView
13:20:09.531 [FXGL Background Thread 3 ] DEBUG Engine               - pixelsPerMeter: 50.0
13:20:09.531 [FXGL Background Thread 3 ] DEBUG Engine               - platform: WINDOWS
13:20:09.531 [FXGL Background Thread 3 ] DEBUG Engine               - prefHeightProperty: ReadOnlyDoubleProperty [value: 720.0]
13:20:09.531 [FXGL Background Thread 3 ] DEBUG Engine               - prefWidthProperty: ReadOnlyDoubleProperty [value: 1280.0]
13:20:09.531 [FXGL Background Thread 3 ] DEBUG Engine               - profileDir: profiles/
13:20:09.532 [FXGL Background Thread 3 ] DEBUG Engine               - profileName: StringProperty [value: DEFAULT]
13:20:09.532 [FXGL Background Thread 3 ] DEBUG Engine               - randomSeed: -1
13:20:09.532 [FXGL Background Thread 3 ] DEBUG Engine               - runtimeInfo: RuntimeInfo(platform=WINDOWS, version=17.1, build=24.03.2022 17.34)
13:20:09.532 [FXGL Background Thread 3 ] DEBUG Engine               - saveFileExt: sav
13:20:09.532 [FXGL Background Thread 3 ] DEBUG Engine               - scaledHeightProp$fxgl: DoubleProperty [bound, value: 720.0]
13:20:09.532 [FXGL Background Thread 3 ] DEBUG Engine               - scaledWidthProp$fxgl: DoubleProperty [bound, value: 1280.0]
13:20:09.532 [FXGL Background Thread 3 ] DEBUG Engine               - sceneFactory: com.almasb.fxgl.app.scene.SceneFactory@28b24532
13:20:09.532 [FXGL Background Thread 3 ] DEBUG Engine               - secondsIn24h: 60
13:20:09.532 [FXGL Background Thread 3 ] DEBUG Engine               - soundMenuBack: menu/back.wav
13:20:09.532 [FXGL Background Thread 3 ] DEBUG Engine               - soundMenuPress: menu/press.wav
13:20:09.532 [FXGL Background Thread 3 ] DEBUG Engine               - soundMenuSelect: menu/select.wav
13:20:09.532 [FXGL Background Thread 3 ] DEBUG Engine               - soundNotification: core/notification.wav
13:20:09.532 [FXGL Background Thread 3 ] DEBUG Engine               - stageStyle: DECORATED
13:20:09.532 [FXGL Background Thread 3 ] DEBUG Engine               - supportedLanguages: [ENGLISH, FRENCH, GERMAN, HUNGARIAN, RUSSIAN]
13:20:09.532 [FXGL Background Thread 3 ] DEBUG Engine               - ticksPerSecond: -1
13:20:09.532 [FXGL Background Thread 3 ] DEBUG Engine               - title: Tetris Man 2
13:20:09.532 [FXGL Background Thread 3 ] DEBUG Engine               - urlGithub: https://github.com/AlmasB/FXGL
13:20:09.532 [FXGL Background Thread 3 ] DEBUG Engine               - urlLeaderboard: http://fxgl-top.herokuapp.com/
13:20:09.532 [FXGL Background Thread 3 ] DEBUG Engine               - urlPOM: https://raw.githubusercontent.com/AlmasB/FXGL/release/README.md
13:20:09.532 [FXGL Background Thread 3 ] DEBUG Engine               - userAppClass: class com.example.ipose_megaman.Main
13:20:09.533 [FXGL Background Thread 3 ] DEBUG Engine               - version: 1.0
13:20:09.533 [FXGL Background Thread 3 ] DEBUG Engine               - versionCheckDays: 7
13:20:09.533 [FXGL Background Thread 3 ] DEBUG Engine               - width: 1280
13:20:09.533 [FXGL Background Thread 3 ] DEBUG Engine               - Logging services
13:20:09.533 [FXGL Background Thread 3 ] DEBUG Engine               - class com.almasb.fxgl.app.services.FXGLAssetLoaderService
13:20:09.533 [FXGL Background Thread 3 ] DEBUG Engine               - class com.almasb.fxgl.app.FXGLApplication$GameApplicationService
13:20:09.533 [FXGL Background Thread 3 ] DEBUG Engine               - class com.almasb.fxgl.app.services.FXGLDialogService
13:20:09.533 [FXGL Background Thread 3 ] DEBUG Engine               - class com.almasb.fxgl.app.services.IOTaskExecutorService
13:20:09.533 [FXGL Background Thread 3 ] DEBUG Engine               - class com.almasb.fxgl.io.FileSystemService
13:20:09.533 [FXGL Background Thread 3 ] DEBUG Engine               - class com.almasb.fxgl.localization.LocalizationService
13:20:09.533 [FXGL Background Thread 3 ] DEBUG Engine               - class com.almasb.fxgl.app.services.SystemBundleService
13:20:09.533 [FXGL Background Thread 3 ] DEBUG Engine               - class com.almasb.fxgl.profile.SaveLoadService
13:20:09.533 [FXGL Background Thread 3 ] DEBUG Engine               - class com.almasb.fxgl.ui.FXGLUIFactoryServiceProvider
13:20:09.533 [FXGL Background Thread 3 ] DEBUG Engine               - class com.almasb.fxgl.ui.FXGLDialogFactoryServiceProvider
13:20:09.533 [FXGL Background Thread 3 ] DEBUG Engine               - class com.almasb.fxgl.audio.AudioPlayer
13:20:09.533 [FXGL Background Thread 3 ] DEBUG Engine               - class com.almasb.fxgl.notification.impl.NotificationServiceProvider
13:20:09.533 [FXGL Background Thread 3 ] DEBUG Engine               - class com.almasb.fxgl.achievement.AchievementService
13:20:09.533 [FXGL Background Thread 3 ] DEBUG Engine               - class com.almasb.fxgl.cutscene.CutsceneService
13:20:09.533 [FXGL Background Thread 3 ] DEBUG Engine               - class com.almasb.fxgl.minigames.MiniGameService
13:20:09.533 [FXGL Background Thread 3 ] DEBUG Engine               - class com.almasb.fxgl.net.NetService
13:20:09.533 [FXGL Background Thread 3 ] DEBUG Engine               - class com.almasb.fxgl.app.services.UpdaterService
13:20:09.533 [FXGL Background Thread 3 ] DEBUG Engine               - class com.almasb.fxgl.dev.DevService
13:20:09.665 [JavaFX Application Thread] WARN  FXGLAssetLoaderServi - Asset "/assets/sounds/shoot.wav" was not found!
13:20:09.665 [JavaFX Application Thread] WARN  FXGLAssetLoaderServi - Failed to load SOUND
13:20:10.202 [JavaFX Application Thread] WARN  FXGLAssetLoaderServi - Asset "/assets/sounds/shoot.wav" was not found!
13:20:10.202 [JavaFX Application Thread] WARN  FXGLAssetLoaderServi - Failed to load SOUND
13:20:10.464 [JavaFX Application Thread] WARN  FXGLAssetLoaderServi - Asset "/assets/sounds/shoot.wav" was not found!
13:20:10.464 [JavaFX Application Thread] WARN  FXGLAssetLoaderServi - Failed to load SOUND
13:20:11.666 [JavaFX Application Thread] WARN  FXGLAssetLoaderServi - Asset "/assets/sounds/shoot.wav" was not found!
13:20:11.666 [JavaFX Application Thread] WARN  FXGLAssetLoaderServi - Failed to load SOUND
13:20:12.087 [JavaFX Application Thread] WARN  FXGLAssetLoaderServi - Asset "/assets/sounds/shoot.wav" was not found!
13:20:12.088 [JavaFX Application Thread] WARN  FXGLAssetLoaderServi - Failed to load SOUND
13:20:12.481 [JavaFX Application Thread] WARN  FXGLAssetLoaderServi - Asset "/assets/sounds/shoot.wav" was not found!
13:20:12.481 [JavaFX Application Thread] WARN  FXGLAssetLoaderServi - Failed to load SOUND
13:20:12.713 [JavaFX Application Thread] WARN  FXGLAssetLoaderServi - Asset "/assets/sounds/shoot.wav" was not found!
13:20:12.714 [JavaFX Application Thread] WARN  FXGLAssetLoaderServi - Failed to load SOUND
13:20:13.002 [JavaFX Application Thread] WARN  FXGLAssetLoaderServi - Asset "/assets/sounds/shoot.wav" was not found!
13:20:13.002 [JavaFX Application Thread] WARN  FXGLAssetLoaderServi - Failed to load SOUND
13:20:13.280 [JavaFX Application Thread] WARN  FXGLAssetLoaderServi - Asset "/assets/sounds/shoot.wav" was not found!
13:20:13.281 [JavaFX Application Thread] WARN  FXGLAssetLoaderServi - Failed to load SOUND
13:20:31.142 [JavaFX Application Thread] DEBUG FXGLApplication      - Exiting FXGL
13:20:31.142 [JavaFX Application Thread] DEBUG LoopRunner           - Stopping loop
13:20:31.142 [JavaFX Application Thread] DEBUG SystemBundleService  - Saving FXGL system data
13:20:31.146 [JavaFX Application Thread] DEBUG FileSystemAccess     - Writing to: C:\Users\julia\Desktop\IPOSE_MEGAMAN\system\fxgl.bundle
13:20:31.149 [JavaFX Application Thread] DEBUG Async                - Shutting down background threads
13:20:31.149 [JavaFX Application Thread] DEBUG PrimaryStageWindow   - Closing main window
13:20:31.176 [JavaFX Application Thread] DEBUG Logger               - Closing Logger
