10:28:03.149 [main                     ] DEBUG Logger               - Configured Logger
10:28:03.168 [main                     ] DEBUG GameApplication      - Logging settings
Title: Tetris Man 2
Version: 1.0
Width: 1050
Height: 700
Fullscreen: false
Intro: false
Profiling: false
Single step:false
App Mode: DEVELOPER
Menu Key: ESCAPE
Stage Style: DECORATED
Scene Factory: class com.almasb.fxgl.app.scene.SceneFactory

10:28:03.540 [JavaFX Application Thread] DEBUG FXGLApplication      - Initializing FXGL
10:28:03.546 [JavaFX Application Thread] INFO  Engine               - FXGL-17.1 (24.03.2022 17.34) on WINDOWS (J:19.0.1 FX:19-ea)
10:28:03.546 [JavaFX Application Thread] DEBUG Engine               - JRE Vendor Name: Oracle Corporation
10:28:03.546 [JavaFX Application Thread] DEBUG Engine               - Running on OS: Windows 11 version 10.0
10:28:03.546 [JavaFX Application Thread] DEBUG Engine               - Architecture: amd64
10:28:03.547 [JavaFX Application Thread] INFO  Engine               - Source code and latest versions at: https://github.com/AlmasB/FXGL
10:28:03.547 [JavaFX Application Thread] INFO  Engine               -       Ask questions and discuss at: https://github.com/AlmasB/FXGL/discussions
10:28:03.547 [JavaFX Application Thread] INFO  Engine               -              Join the FXGL chat at: https://gitter.im/AlmasB/FXGL
10:28:03.610 [JavaFX Application Thread] DEBUG PrimaryStageWindow   - Creating a JavaFX scene
10:28:03.638 [JavaFX Application Thread] DEBUG PrimaryStageWindow   - Target settings size: 1050.0 x 700.0
10:28:03.638 [JavaFX Application Thread] DEBUG PrimaryStageWindow   - Scaled scene size:    1050.0 x 700.0
10:28:03.638 [JavaFX Application Thread] DEBUG PrimaryStageWindow   - Scaled ratio: (1.0, 1.0)
10:28:03.639 [JavaFX Application Thread] DEBUG PrimaryStageWindow   - Set initial scene to FXGLStartupScene
10:28:03.643 [JavaFX Application Thread] DEBUG PrimaryStageWindow   - Opening main window
10:28:03.702 [JavaFX Application Thread] DEBUG PrimaryStageWindow   - Window border size: (16.0, 39.0)
10:28:03.702 [JavaFX Application Thread] DEBUG PrimaryStageWindow   - Scaled size: 1050.0 x 700.0
10:28:03.703 [JavaFX Application Thread] DEBUG PrimaryStageWindow   - Scaled ratio: (1.0, 1.0)
10:28:03.703 [JavaFX Application Thread] DEBUG PrimaryStageWindow   - Scene size: 1050.0 x 700.0
10:28:03.703 [JavaFX Application Thread] DEBUG PrimaryStageWindow   - Stage size: 1066.0 x 739.0
10:28:03.712 [FXGL Background Thread 1 ] DEBUG Engine               - Initializing environment variables
10:28:03.769 [FXGL Background Thread 1 ] DEBUG FXGLAssetLoaderServi - User app class for loading assets: class com.example.ipose_megaman.Main
10:28:03.769 [FXGL Background Thread 1 ] DEBUG GameApplicationServi - Applying CSS: fxgl_dark.css
10:28:03.770 [FXGL Background Thread 1 ] DEBUG FXGLAssetLoaderServi - Loading from file system: jar:file:///C:/Users/julia/.m2/repository/com/github/almasb/fxgl/17.1/fxgl-17.1.jar!/fxglassets/ui/css/fxgl_dark.css
10:28:03.813 [FXGL Background Thread 1 ] DEBUG GameApplicationServi - Initializing application scenes
10:28:03.869 [FXGL Background Thread 1 ] DEBUG GameWorld            - Game world initialized
10:28:03.951 [FXGL Background Thread 1 ] DEBUG PhysicsWorld         - Physics world initialized: appHeight=700, physics.ppm=50,0
10:28:03.951 [FXGL Background Thread 1 ] DEBUG PhysicsWorld         - Using strategy: BRUTE_FORCE
10:28:03.958 [FXGL Background Thread 1 ] DEBUG GameScene            - Game scene initialized: 1050x700
10:28:03.970 [FXGL Background Thread 1 ] DEBUG FXGL.DefaultMenu     - createMenuBodyMainMenu()
10:28:03.982 [FXGL Background Thread 1 ] DEBUG FXGL.DefaultMenu     - createOptionsMenu()
10:28:03.991 [FXGL Background Thread 1 ] DEBUG FXGLAssetLoaderServi - Loading from file system: jar:file:///C:/Users/julia/.m2/repository/com/github/almasb/fxgl/17.1/fxgl-17.1.jar!/fxglassets/textures/particles/smoke.png
10:28:04.064 [FXGL Background Thread 1 ] DEBUG FXGLAssetLoaderServi - Loading from file system: jar:file:///C:/Users/julia/.m2/repository/com/github/almasb/fxgl/17.1/fxgl-17.1.jar!/fxglassets/textures/particles/trace_horizontal.png
10:28:04.090 [FXGL Background Thread 1 ] DEBUG FXGL.DefaultMenu     - createMenuBodyGameMenu()
10:28:04.092 [FXGL Background Thread 1 ] DEBUG FXGL.DefaultMenu     - createOptionsMenu()
10:28:04.098 [FXGL Background Thread 1 ] DEBUG GameApplicationServi - Application scenes initialized
10:28:04.105 [FXGL Background Thread 1 ] DEBUG SystemBundleService  - Loading FXGL system data
10:28:04.110 [FXGL Background Thread 1 ] DEBUG FileSystemAccess     - Reading from: C:\Users\julia\Desktop\IPOSE_MEGAMAN\system\fxgl.bundle
10:28:04.118 [FXGL Background Thread 1 ] DEBUG SystemBundleService  - Bundle FXGL: {}
10:28:04.118 [FXGL Background Thread 1 ] DEBUG UpdaterService       - Checking for updates
10:28:04.122 [FXGL Background Thread 1 ] DEBUG FXGLApplication      - Loading default localization
10:28:04.122 [FXGL Background Thread 4 ] DEBUG FXGLApplication      - Loading fonts
10:28:04.122 [FXGL Background Thread 4 ] DEBUG FXGLAssetLoaderServi - Loading from file system: jar:file:///C:/Users/julia/.m2/repository/com/github/almasb/fxgl/17.1/fxgl-17.1.jar!/fxglassets/ui/fonts/VarelaRound-Regular.ttf
10:28:04.122 [FXGL Background Thread 1 ] DEBUG FXGLAssetLoaderServi - Loading from file system: jar:file:///C:/Users/julia/.m2/repository/com/github/almasb/fxgl/17.1/fxgl-17.1.jar!/fxglassets/languages/english.lang
10:28:04.148 [FXGL Background Thread 1 ] INFO  FXGLApplication      - FXGL initialization took: 0,435 sec
10:28:04.154 [JavaFX Application Thread] DEBUG Input                - Registered new binding: Move Right - D
10:28:04.154 [JavaFX Application Thread] DEBUG Input                - Registered new binding: Move Left - A
10:28:04.156 [JavaFX Application Thread] DEBUG Input                - Registered new binding: Jump - Space
10:28:04.156 [JavaFX Application Thread] DEBUG Input                - Registered new binding: Shoot - Enter
10:28:04.156 [JavaFX Application Thread] DEBUG FXGLAssetLoaderServi - Loading from file system: jar:file:///C:/Users/julia/.m2/repository/com/github/almasb/fxgl/17.1/fxgl-17.1.jar!/fxglassets/textures/fxgl_icon.png
10:28:04.182 [JavaFX Application Thread] DEBUG FXGLAssetLoaderServi - Loading from file system: jar:file:///C:/Users/julia/.m2/repository/com/github/almasb/fxgl/17.1/fxgl-17.1.jar!/fxglassets/textures/fxgl_default_cursor.png
10:28:04.188 [JavaFX Application Thread] DEBUG Input                - Registered new binding: Screenshot - CTRL+8
10:28:04.190 [JavaFX Application Thread] DEBUG Input                - Registered new binding: System info dump - CTRL+9
10:28:04.190 [FXGL Background Thread 4 ] DEBUG FXGLAssetLoaderServi - Loading from file system: jar:file:///C:/Users/julia/.m2/repository/com/github/almasb/fxgl/17.1/fxgl-17.1.jar!/fxglassets/ui/fonts/Abel-Regular.ttf
10:28:04.190 [JavaFX Application Thread] DEBUG Input                - Registered new binding: Restart - CTRL+R
10:28:04.193 [JavaFX Application Thread] DEBUG Input                - Registered new binding: Toggle Debug Camera - CTRL+7
10:28:04.193 [FXGL Background Thread 4 ] DEBUG FXGLAssetLoaderServi - Loading from file system: jar:file:///C:/Users/julia/.m2/repository/com/github/almasb/fxgl/17.1/fxgl-17.1.jar!/fxglassets/ui/fonts/TerminalLandMono-Regular.otf
10:28:04.196 [FXGL Background Thread 4 ] DEBUG FXGLAssetLoaderServi - Loading from file system: jar:file:///C:/Users/julia/.m2/repository/com/github/almasb/fxgl/17.1/fxgl-17.1.jar!/fxglassets/ui/fonts/Courier-Prime.ttf
10:28:04.198 [JavaFX Application Thread] DEBUG LoopRunner           - Starting loop
10:28:04.198 [JavaFX Application Thread] DEBUG LoopRunner           - Initializing JavaFX AnimationTimerLoop
10:28:04.202 [JavaFX Application Thread] DEBUG Input                - Clearing active input actions
10:28:04.207 [JavaFX Application Thread] DEBUG GameApplicationServi - Removing overlay from FXGLStartupScene and adding to FXGLMainMenuDummyScene
10:28:04.207 [JavaFX Application Thread] DEBUG PrimaryStageWindow   - FXGLStartupScene -> FXGLMainMenuDummyScene
10:28:04.207 [JavaFX Application Thread] DEBUG PrimaryStageWindow   - Push state: FXGLDefaultMenu
10:28:04.216 [JavaFX Application Thread] DEBUG Input                - Clearing active input actions
10:28:04.227 [JavaFX Application Thread] DEBUG GameApplicationServi - Removing overlay from FXGLMainMenuDummyScene and adding to FXGLDefaultMenu
10:28:04.228 [JavaFX Application Thread] DEBUG PrimaryStageWindow   - FXGLMainMenuDummyScene -> FXGLDefaultMenu
10:28:04.228 [JavaFX Application Thread] DEBUG FXGLApplication      - Registering font factories with UI factory
10:28:04.689 [FXGL Background Thread 2 ] INFO  UpdaterService       - Your current version:  17.1
10:28:04.689 [FXGL Background Thread 2 ] INFO  UpdaterService       - Latest stable version: 17.3
10:28:05.933 [JavaFX Application Thread] DEBUG FXGLApplication      - Exiting FXGL
10:28:05.933 [JavaFX Application Thread] DEBUG LoopRunner           - Stopping loop
10:28:05.933 [JavaFX Application Thread] DEBUG SystemBundleService  - Saving FXGL system data
10:28:05.937 [JavaFX Application Thread] DEBUG FileSystemAccess     - Writing to: C:\Users\julia\Desktop\IPOSE_MEGAMAN\system\fxgl.bundle
10:28:05.945 [JavaFX Application Thread] DEBUG Async                - Shutting down background threads
10:28:05.945 [JavaFX Application Thread] DEBUG PrimaryStageWindow   - Closing main window
10:28:05.983 [JavaFX Application Thread] DEBUG Logger               - Closing Logger
