11:28:22.441 [main                     ] DEBUG Logger               - Configured Logger
11:28:22.466 [main                     ] DEBUG GameApplication      - Logging settings
Title: Tetris Man 2
Version: 1.0
Width: 1280
Height: 720
Fullscreen: false
Intro: false
Profiling: false
Single step:false
App Mode: DEVELOPER
Menu Key: ESCAPE
Stage Style: DECORATED
Scene Factory: class com.almasb.fxgl.app.scene.SceneFactory

11:28:23.158 [JavaFX Application Thread] DEBUG FXGLApplication      - Initializing FXGL
11:28:23.163 [JavaFX Application Thread] INFO  Engine               - FXGL-17.1 (24.03.2022 17.34) on WINDOWS (J:19.0.2 FX:19-ea)
11:28:23.163 [JavaFX Application Thread] DEBUG Engine               - JRE Vendor Name: Oracle Corporation
11:28:23.163 [JavaFX Application Thread] DEBUG Engine               - Running on OS: Windows 10 version 10.0
11:28:23.164 [JavaFX Application Thread] DEBUG Engine               - Architecture: amd64
11:28:23.164 [JavaFX Application Thread] INFO  Engine               - Source code and latest versions at: https://github.com/AlmasB/FXGL
11:28:23.164 [JavaFX Application Thread] INFO  Engine               -       Ask questions and discuss at: https://github.com/AlmasB/FXGL/discussions
11:28:23.164 [JavaFX Application Thread] INFO  Engine               -              Join the FXGL chat at: https://gitter.im/AlmasB/FXGL
11:28:23.259 [JavaFX Application Thread] DEBUG PrimaryStageWindow   - Creating a JavaFX scene
11:28:23.305 [JavaFX Application Thread] DEBUG PrimaryStageWindow   - Target settings size: 1280.0 x 720.0
11:28:23.305 [JavaFX Application Thread] DEBUG PrimaryStageWindow   - Scaled scene size:    1280.0 x 720.0
11:28:23.306 [JavaFX Application Thread] DEBUG PrimaryStageWindow   - Scaled ratio: (1.0, 1.0)
11:28:23.306 [JavaFX Application Thread] DEBUG PrimaryStageWindow   - Set initial scene to FXGLStartupScene
11:28:23.313 [JavaFX Application Thread] DEBUG PrimaryStageWindow   - Opening main window
11:28:23.411 [JavaFX Application Thread] DEBUG PrimaryStageWindow   - Window border size: (14.4000244140625, 37.5999755859375)
11:28:23.412 [JavaFX Application Thread] DEBUG PrimaryStageWindow   - Scaled size: 1280.0 x 720.0
11:28:23.412 [JavaFX Application Thread] DEBUG PrimaryStageWindow   - Scaled ratio: (1.0, 1.0)
11:28:23.413 [JavaFX Application Thread] DEBUG PrimaryStageWindow   - Scene size: 1280.0 x 720.0
11:28:23.413 [JavaFX Application Thread] DEBUG PrimaryStageWindow   - Stage size: 1294.4000244140625 x 757.5999755859375
11:28:23.422 [FXGL Background Thread 1 ] DEBUG Engine               - Initializing environment variables
11:28:23.472 [FXGL Background Thread 1 ] DEBUG FXGLAssetLoaderServi - User app class for loading assets: class com.example.ipose_megaman.Main
11:28:23.472 [FXGL Background Thread 1 ] DEBUG GameApplicationServi - Applying CSS: fxgl_dark.css
11:28:23.473 [FXGL Background Thread 1 ] DEBUG FXGLAssetLoaderServi - Loading from file system: jar:file:///C:/Users/Patryk/.m2/repository/com/github/almasb/fxgl/17.1/fxgl-17.1.jar!/fxglassets/ui/css/fxgl_dark.css
11:28:23.525 [FXGL Background Thread 1 ] DEBUG GameApplicationServi - Initializing application scenes
11:28:23.596 [FXGL Background Thread 1 ] DEBUG GameWorld            - Game world initialized
11:28:23.653 [FXGL Background Thread 1 ] DEBUG PhysicsWorld         - Physics world initialized: appHeight=720, physics.ppm=50,0
11:28:23.654 [FXGL Background Thread 1 ] DEBUG PhysicsWorld         - Using strategy: BRUTE_FORCE
11:28:23.658 [FXGL Background Thread 1 ] DEBUG GameScene            - Game scene initialized: 1280x720
11:28:23.671 [FXGL Background Thread 1 ] DEBUG FXGL.DefaultMenu     - createMenuBodyMainMenu()
11:28:23.687 [FXGL Background Thread 1 ] DEBUG FXGL.DefaultMenu     - createOptionsMenu()
11:28:23.700 [FXGL Background Thread 1 ] DEBUG FXGLAssetLoaderServi - Loading from file system: jar:file:///C:/Users/Patryk/.m2/repository/com/github/almasb/fxgl/17.1/fxgl-17.1.jar!/fxglassets/textures/particles/smoke.png
11:28:23.804 [FXGL Background Thread 1 ] DEBUG FXGLAssetLoaderServi - Loading from file system: jar:file:///C:/Users/Patryk/.m2/repository/com/github/almasb/fxgl/17.1/fxgl-17.1.jar!/fxglassets/textures/particles/trace_horizontal.png
11:28:23.861 [FXGL Background Thread 1 ] DEBUG FXGL.DefaultMenu     - createMenuBodyGameMenu()
11:28:23.862 [FXGL Background Thread 1 ] DEBUG FXGL.DefaultMenu     - createOptionsMenu()
11:28:23.877 [FXGL Background Thread 1 ] DEBUG GameApplicationServi - Application scenes initialized
11:28:23.894 [FXGL Background Thread 1 ] DEBUG SystemBundleService  - Loading FXGL system data
11:28:23.899 [FXGL Background Thread 1 ] DEBUG FileSystemAccess     - Reading from: D:\GITHUB ZOOI\IPOSE-FXGL-Mega-Man\system\fxgl.bundle
11:28:23.909 [FXGL Background Thread 1 ] DEBUG SystemBundleService  - Bundle FXGL: {}
11:28:23.909 [FXGL Background Thread 1 ] DEBUG UpdaterService       - Checking for updates
11:28:23.914 [FXGL Background Thread 1 ] DEBUG FXGLApplication      - Loading default localization
11:28:23.915 [FXGL Background Thread 1 ] DEBUG FXGLAssetLoaderServi - Loading from file system: jar:file:///C:/Users/Patryk/.m2/repository/com/github/almasb/fxgl/17.1/fxgl-17.1.jar!/fxglassets/languages/english.lang
11:28:23.931 [FXGL Background Thread 1 ] INFO  FXGLApplication      - FXGL initialization took: 0,509 sec
11:28:23.940 [JavaFX Application Thread] DEBUG Input                - Registered new binding: Move Right - D
11:28:23.940 [JavaFX Application Thread] DEBUG Input                - Registered new binding: Move Left - A
11:28:23.941 [JavaFX Application Thread] DEBUG Input                - Registered new binding: Jump - Space
11:28:23.941 [JavaFX Application Thread] DEBUG Input                - Registered new binding: Shoot - Enter
11:28:23.941 [JavaFX Application Thread] DEBUG FXGLAssetLoaderServi - Loading from file system: jar:file:///C:/Users/Patryk/.m2/repository/com/github/almasb/fxgl/17.1/fxgl-17.1.jar!/fxglassets/textures/fxgl_icon.png
11:28:23.964 [JavaFX Application Thread] DEBUG FXGLAssetLoaderServi - Loading from file system: jar:file:///C:/Users/Patryk/.m2/repository/com/github/almasb/fxgl/17.1/fxgl-17.1.jar!/fxglassets/textures/fxgl_default_cursor.png
11:28:23.966 [JavaFX Application Thread] DEBUG Input                - Registered new binding: Screenshot - CTRL+8
11:28:23.966 [JavaFX Application Thread] DEBUG Input                - Registered new binding: System info dump - CTRL+9
11:28:23.967 [JavaFX Application Thread] DEBUG Input                - Registered new binding: Restart - CTRL+R
11:28:23.967 [JavaFX Application Thread] DEBUG Input                - Registered new binding: Toggle Debug Camera - CTRL+7
11:28:23.970 [JavaFX Application Thread] DEBUG LoopRunner           - Starting loop
11:28:23.970 [JavaFX Application Thread] DEBUG LoopRunner           - Initializing JavaFX AnimationTimerLoop
11:28:23.971 [JavaFX Application Thread] DEBUG Input                - Clearing active input actions
11:28:23.978 [JavaFX Application Thread] DEBUG GameApplicationServi - Removing overlay from FXGLStartupScene and adding to FXGLMainMenuDummyScene
11:28:23.979 [JavaFX Application Thread] DEBUG PrimaryStageWindow   - FXGLStartupScene -> FXGLMainMenuDummyScene
11:28:23.979 [JavaFX Application Thread] DEBUG PrimaryStageWindow   - Push state: FXGLDefaultMenu
11:28:23.983 [JavaFX Application Thread] DEBUG Input                - Clearing active input actions
11:28:23.991 [JavaFX Application Thread] DEBUG GameApplicationServi - Removing overlay from FXGLMainMenuDummyScene and adding to FXGLDefaultMenu
11:28:23.991 [JavaFX Application Thread] DEBUG PrimaryStageWindow   - FXGLMainMenuDummyScene -> FXGLDefaultMenu
11:28:24.109 [FXGL Background Thread 4 ] DEBUG FXGLApplication      - Loading fonts
11:28:24.109 [FXGL Background Thread 4 ] DEBUG FXGLAssetLoaderServi - Loading from file system: jar:file:///C:/Users/Patryk/.m2/repository/com/github/almasb/fxgl/17.1/fxgl-17.1.jar!/fxglassets/ui/fonts/VarelaRound-Regular.ttf
11:28:24.731 [FXGL Background Thread 4 ] DEBUG FXGLAssetLoaderServi - Loading from file system: jar:file:///C:/Users/Patryk/.m2/repository/com/github/almasb/fxgl/17.1/fxgl-17.1.jar!/fxglassets/ui/fonts/Abel-Regular.ttf
11:28:24.736 [FXGL Background Thread 4 ] DEBUG FXGLAssetLoaderServi - Loading from file system: jar:file:///C:/Users/Patryk/.m2/repository/com/github/almasb/fxgl/17.1/fxgl-17.1.jar!/fxglassets/ui/fonts/TerminalLandMono-Regular.otf
11:28:24.742 [FXGL Background Thread 4 ] DEBUG FXGLAssetLoaderServi - Loading from file system: jar:file:///C:/Users/Patryk/.m2/repository/com/github/almasb/fxgl/17.1/fxgl-17.1.jar!/fxglassets/ui/fonts/Courier-Prime.ttf
11:28:24.752 [JavaFX Application Thread] DEBUG FXGLApplication      - Registering font factories with UI factory
11:28:24.883 [JavaFX Application Thread] DEBUG Menu                 - fireNewGame()
11:28:24.883 [JavaFX Application Thread] DEBUG GameApplicationServi - Starting new game
11:28:24.885 [JavaFX Application Thread] DEBUG PrimaryStageWindow   - Pop state: FXGLDefaultMenu
11:28:24.885 [JavaFX Application Thread] DEBUG Input                - Clearing active input actions
11:28:24.886 [JavaFX Application Thread] DEBUG GameApplicationServi - Removing overlay from FXGLDefaultMenu and adding to FXGLMainMenuDummyScene
11:28:24.887 [JavaFX Application Thread] DEBUG PrimaryStageWindow   - FXGLMainMenuDummyScene <- FXGLDefaultMenu
11:28:24.887 [JavaFX Application Thread] DEBUG Input                - Clearing active input actions
11:28:24.902 [JavaFX Application Thread] DEBUG GameApplicationServi - Removing overlay from FXGLMainMenuDummyScene and adding to FXGLLoadingScene
11:28:24.902 [JavaFX Application Thread] DEBUG PrimaryStageWindow   - FXGLMainMenuDummyScene -> FXGLLoadingScene
11:28:24.902 [JavaFX Application Thread] DEBUG GameApplicationServi - Clearing previous game
11:28:24.902 [JavaFX Application Thread] DEBUG GameScene            - Clearing game scene
11:28:24.902 [JavaFX Application Thread] DEBUG GameWorld            - Clearing game world
11:28:24.902 [JavaFX Application Thread] DEBUG PhysicsWorld         - Clearing physics world
11:28:24.912 [FXGL Background Thread 4 ] DEBUG FXGLApplication      - Initializing game
11:28:24.996 [FXGL Background Thread 2 ] INFO  UpdaterService       - Your current version:  17.1
11:28:24.997 [FXGL Background Thread 2 ] INFO  UpdaterService       - Latest stable version: 17.3
11:28:25.011 [FXGL Background Thread 4 ] WARN  TMXLevelLoader       - TiledMap generated from 1.10.0. Supported version: 1.4.2. Some features may not be parsed fully.
11:28:25.041 [FXGL Background Thread 4 ] DEBUG TMXLevelLoader       - Parsed TiledMap: file:/D:/GITHUB%20ZOOI/IPOSE-FXGL-Mega-Man/target/classes/assets/levels/level.tmx
11:28:25.043 [FXGL Background Thread 4 ] DEBUG TMXLevelLoader       - Creating tile layer entities
11:28:25.044 [FXGL Background Thread 4 ] DEBUG TilesetLoader        - Loading view for layer Tilelaag 1
11:28:25.184 [FXGL Background Thread 4 ] DEBUG TilesetLoader        - Created buffer with size 28000.0x1400.0
11:28:25.213 [FXGL Background Thread 4 ] DEBUG TMXLevelLoader       - Creating object layer entities
11:28:25.267 [FXGL Background Thread 4 ] DEBUG GameWorld            - Clearing removable entities
11:28:25.267 [FXGL Background Thread 4 ] DEBUG GameWorld            - Setting level: com.almasb.fxgl.entity.level.Level@68b3deb6
11:28:25.303 [FXGL Background Thread 4 ] WARN  FXGLAssetLoaderServi - Asset "/assets/textures/assets/textures/MegaManIdle.png" was not found!
11:28:25.303 [FXGL Background Thread 4 ] WARN  FXGLAssetLoaderServi - Failed to load IMAGE
11:28:25.341 [FXGL Background Thread 4 ] DEBUG FXGLAssetLoaderServi - Loading from file system: file:/D:/GITHUB%20ZOOI/IPOSE-FXGL-Mega-Man/target/classes/assets/textures/MegaManIdle.png
11:28:25.345 [FXGL Background Thread 4 ] DEBUG FXGLAssetLoaderServi - Loading from file system: file:/D:/GITHUB%20ZOOI/IPOSE-FXGL-Mega-Man/target/classes/assets/textures/background2.jpg
11:28:25.897 [FXGL Background Thread 4 ] INFO  FXGLApplication      - Game initialization took: 0,986 sec
11:28:25.907 [JavaFX Application Thread] DEBUG Input                - Clearing active input actions
11:28:25.913 [JavaFX Application Thread] DEBUG GameApplicationServi - Removing overlay from FXGLLoadingScene and adding to GameScene
11:28:25.913 [JavaFX Application Thread] DEBUG PrimaryStageWindow   - FXGLLoadingScene -> GameScene
11:28:26.914 [FXGL Background Thread 3 ] DEBUG Engine               - Logging environment variables
11:28:26.914 [FXGL Background Thread 3 ] DEBUG Engine               - achievements: []
11:28:26.914 [FXGL Background Thread 3 ] DEBUG Engine               - actualHeight: 720.0
11:28:26.914 [FXGL Background Thread 3 ] DEBUG Engine               - actualHeightProperty: ReadOnlyDoubleProperty [value: 720.0]
11:28:26.915 [FXGL Background Thread 3 ] DEBUG Engine               - actualWidth: 1280.0
11:28:26.915 [FXGL Background Thread 3 ] DEBUG Engine               - actualWidthProperty: ReadOnlyDoubleProperty [value: 1280.0]
11:28:26.915 [FXGL Background Thread 3 ] DEBUG Engine               - appIcon: fxgl_icon.png
11:28:26.915 [FXGL Background Thread 3 ] DEBUG Engine               - applicationMode: DEVELOPER
11:28:26.915 [FXGL Background Thread 3 ] DEBUG Engine               - cSSList: [fxgl_dark.css]
11:28:26.915 [FXGL Background Thread 3 ] DEBUG Engine               - collisionDetectionStrategy: BRUTE_FORCE
11:28:26.915 [FXGL Background Thread 3 ] DEBUG Engine               - configClass: Optional.empty
11:28:26.915 [FXGL Background Thread 3 ] DEBUG Engine               - credits: []
11:28:26.915 [FXGL Background Thread 3 ] DEBUG Engine               - defaultCursor: CursorInfo(imageName=fxgl_default_cursor.png, hotspotX=7.0, hotspotY=6.0)
11:28:26.915 [FXGL Background Thread 3 ] DEBUG Engine               - devBBoxColorProperty: ObjectProperty [value: 0xff0000ff]
11:28:26.915 [FXGL Background Thread 3 ] DEBUG Engine               - devEnableDebugCameraProperty: BooleanProperty [value: false]
11:28:26.916 [FXGL Background Thread 3 ] DEBUG Engine               - devSensorColorProperty: ObjectProperty [value: 0xffff00ff]
11:28:26.916 [FXGL Background Thread 3 ] DEBUG Engine               - devShowBBoxProperty: BooleanProperty [value: false]
11:28:26.916 [FXGL Background Thread 3 ] DEBUG Engine               - devShowPositionProperty: BooleanProperty [value: false]
11:28:26.916 [FXGL Background Thread 3 ] DEBUG Engine               - enabledMenuItems: []
11:28:26.916 [FXGL Background Thread 3 ] DEBUG Engine               - engineServices: [class com.almasb.fxgl.app.services.FXGLAssetLoaderService, class com.almasb.fxgl.app.FXGLApplication$GameApplicationService, class com.almasb.fxgl.app.services.FXGLDialogService, class com.almasb.fxgl.app.services.IOTaskExecutorService, class com.almasb.fxgl.io.FileSystemService, class com.almasb.fxgl.localization.LocalizationService, class com.almasb.fxgl.app.services.SystemBundleService, class com.almasb.fxgl.profile.SaveLoadService, class com.almasb.fxgl.ui.FXGLUIFactoryServiceProvider, class com.almasb.fxgl.ui.FXGLDialogFactoryServiceProvider, class com.almasb.fxgl.audio.AudioPlayer, class com.almasb.fxgl.notification.impl.NotificationServiceProvider, class com.almasb.fxgl.achievement.AchievementService, class com.almasb.fxgl.cutscene.CutsceneService, class com.almasb.fxgl.minigames.MiniGameService, class com.almasb.fxgl.net.NetService, class com.almasb.fxgl.app.services.UpdaterService, class com.almasb.fxgl.dev.DevService]
11:28:26.916 [FXGL Background Thread 3 ] DEBUG Engine               - fontGame: Abel-Regular.ttf
11:28:26.916 [FXGL Background Thread 3 ] DEBUG Engine               - fontMono: TerminalLandMono-Regular.otf
11:28:26.916 [FXGL Background Thread 3 ] DEBUG Engine               - fontText: Courier-Prime.ttf
11:28:26.916 [FXGL Background Thread 3 ] DEBUG Engine               - fontUI: VarelaRound-Regular.ttf
11:28:26.916 [FXGL Background Thread 3 ] DEBUG Engine               - fullScreen: BooleanProperty [value: false]
11:28:26.916 [FXGL Background Thread 3 ] DEBUG Engine               - gameDifficulty: MEDIUM
11:28:26.916 [FXGL Background Thread 3 ] DEBUG Engine               - gameDifficultyProperty: ObjectProperty [value: MEDIUM]
11:28:26.916 [FXGL Background Thread 3 ] DEBUG Engine               - globalMusicVolume: 0.5
11:28:26.917 [FXGL Background Thread 3 ] DEBUG Engine               - globalMusicVolumeProperty: DoubleProperty [value: 0.5]
11:28:26.917 [FXGL Background Thread 3 ] DEBUG Engine               - globalSoundVolume: 0.5
11:28:26.917 [FXGL Background Thread 3 ] DEBUG Engine               - globalSoundVolumeProperty: DoubleProperty [value: 0.5]
11:28:26.917 [FXGL Background Thread 3 ] DEBUG Engine               - height: 720
11:28:26.917 [FXGL Background Thread 3 ] DEBUG Engine               - is3D: false
11:28:26.917 [FXGL Background Thread 3 ] DEBUG Engine               - isAndroid: false
11:28:26.917 [FXGL Background Thread 3 ] DEBUG Engine               - isBrowser: false
11:28:26.917 [FXGL Background Thread 3 ] DEBUG Engine               - isClickFeedbackEnabled: false
11:28:26.917 [FXGL Background Thread 3 ] DEBUG Engine               - isCloseConfirmation: false
11:28:26.917 [FXGL Background Thread 3 ] DEBUG Engine               - isDesktop: true
11:28:26.917 [FXGL Background Thread 3 ] DEBUG Engine               - isDeveloperMenuEnabled: false
11:28:26.917 [FXGL Background Thread 3 ] DEBUG Engine               - isEmbedded: false
11:28:26.917 [FXGL Background Thread 3 ] DEBUG Engine               - isEntityPreloadEnabled: true
11:28:26.917 [FXGL Background Thread 3 ] DEBUG Engine               - isExperimentalTiledLargeMap: false
11:28:26.917 [FXGL Background Thread 3 ] DEBUG Engine               - isFileSystemWriteAllowed: true
11:28:26.917 [FXGL Background Thread 3 ] DEBUG Engine               - isFullScreenAllowed: false
11:28:26.917 [FXGL Background Thread 3 ] DEBUG Engine               - isFullScreenFromStart: false
11:28:26.918 [FXGL Background Thread 3 ] DEBUG Engine               - isGameMenuEnabled: true
11:28:26.918 [FXGL Background Thread 3 ] DEBUG Engine               - isIOS: false
11:28:26.918 [FXGL Background Thread 3 ] DEBUG Engine               - isIntroEnabled: false
11:28:26.918 [FXGL Background Thread 3 ] DEBUG Engine               - isLinux: false
11:28:26.918 [FXGL Background Thread 3 ] DEBUG Engine               - isMac: false
11:28:26.918 [FXGL Background Thread 3 ] DEBUG Engine               - isMainMenuEnabled: true
11:28:26.918 [FXGL Background Thread 3 ] DEBUG Engine               - isManualResizeEnabled: false
11:28:26.918 [FXGL Background Thread 3 ] DEBUG Engine               - isMobile: false
11:28:26.918 [FXGL Background Thread 3 ] DEBUG Engine               - isNative: false
11:28:26.918 [FXGL Background Thread 3 ] DEBUG Engine               - isPauseMusicWhenMinimized: true
11:28:26.918 [FXGL Background Thread 3 ] DEBUG Engine               - isPreserveResizeRatio: false
11:28:26.918 [FXGL Background Thread 3 ] DEBUG Engine               - isProfilingEnabled: false
11:28:26.918 [FXGL Background Thread 3 ] DEBUG Engine               - isScaleAffectedOnResize: true
11:28:26.918 [FXGL Background Thread 3 ] DEBUG Engine               - isSingleStep: false
11:28:26.918 [FXGL Background Thread 3 ] DEBUG Engine               - isUserProfileEnabled: false
11:28:26.918 [FXGL Background Thread 3 ] DEBUG Engine               - isWindows: true
11:28:26.918 [FXGL Background Thread 3 ] DEBUG Engine               - language: ObjectProperty [value: ENGLISH]
11:28:26.919 [FXGL Background Thread 3 ] DEBUG Engine               - menuKey: ESCAPE
11:28:26.919 [FXGL Background Thread 3 ] DEBUG Engine               - mouseSensitivity: 0.2
11:28:26.919 [FXGL Background Thread 3 ] DEBUG Engine               - notificationViewClass: class com.almasb.fxgl.notification.view.XboxNotificationView
11:28:26.919 [FXGL Background Thread 3 ] DEBUG Engine               - pixelsPerMeter: 50.0
11:28:26.919 [FXGL Background Thread 3 ] DEBUG Engine               - platform: WINDOWS
11:28:26.919 [FXGL Background Thread 3 ] DEBUG Engine               - prefHeightProperty: ReadOnlyDoubleProperty [value: 720.0]
11:28:26.919 [FXGL Background Thread 3 ] DEBUG Engine               - prefWidthProperty: ReadOnlyDoubleProperty [value: 1280.0]
11:28:26.919 [FXGL Background Thread 3 ] DEBUG Engine               - profileDir: profiles/
11:28:26.919 [FXGL Background Thread 3 ] DEBUG Engine               - profileName: StringProperty [value: DEFAULT]
11:28:26.919 [FXGL Background Thread 3 ] DEBUG Engine               - randomSeed: -1
11:28:26.920 [FXGL Background Thread 3 ] DEBUG Engine               - runtimeInfo: RuntimeInfo(platform=WINDOWS, version=17.1, build=24.03.2022 17.34)
11:28:26.920 [FXGL Background Thread 3 ] DEBUG Engine               - saveFileExt: sav
11:28:26.920 [FXGL Background Thread 3 ] DEBUG Engine               - scaledHeightProp$fxgl: DoubleProperty [bound, value: 720.0]
11:28:26.920 [FXGL Background Thread 3 ] DEBUG Engine               - scaledWidthProp$fxgl: DoubleProperty [bound, value: 1280.0]
11:28:26.920 [FXGL Background Thread 3 ] DEBUG Engine               - sceneFactory: com.almasb.fxgl.app.scene.SceneFactory@1d7b286a
11:28:26.920 [FXGL Background Thread 3 ] DEBUG Engine               - secondsIn24h: 60
11:28:26.920 [FXGL Background Thread 3 ] DEBUG Engine               - soundMenuBack: menu/back.wav
11:28:26.920 [FXGL Background Thread 3 ] DEBUG Engine               - soundMenuPress: menu/press.wav
11:28:26.920 [FXGL Background Thread 3 ] DEBUG Engine               - soundMenuSelect: menu/select.wav
11:28:26.920 [FXGL Background Thread 3 ] DEBUG Engine               - soundNotification: core/notification.wav
11:28:26.920 [FXGL Background Thread 3 ] DEBUG Engine               - stageStyle: DECORATED
11:28:26.920 [FXGL Background Thread 3 ] DEBUG Engine               - supportedLanguages: [ENGLISH, FRENCH, GERMAN, HUNGARIAN, RUSSIAN]
11:28:26.920 [FXGL Background Thread 3 ] DEBUG Engine               - ticksPerSecond: -1
11:28:26.920 [FXGL Background Thread 3 ] DEBUG Engine               - title: Tetris Man 2
11:28:26.920 [FXGL Background Thread 3 ] DEBUG Engine               - urlGithub: https://github.com/AlmasB/FXGL
11:28:26.920 [FXGL Background Thread 3 ] DEBUG Engine               - urlLeaderboard: http://fxgl-top.herokuapp.com/
11:28:26.920 [FXGL Background Thread 3 ] DEBUG Engine               - urlPOM: https://raw.githubusercontent.com/AlmasB/FXGL/release/README.md
11:28:26.920 [FXGL Background Thread 3 ] DEBUG Engine               - userAppClass: class com.example.ipose_megaman.Main
11:28:26.920 [FXGL Background Thread 3 ] DEBUG Engine               - version: 1.0
11:28:26.920 [FXGL Background Thread 3 ] DEBUG Engine               - versionCheckDays: 7
11:28:26.921 [FXGL Background Thread 3 ] DEBUG Engine               - width: 1280
11:28:26.921 [FXGL Background Thread 3 ] DEBUG Engine               - Logging services
11:28:26.921 [FXGL Background Thread 3 ] DEBUG Engine               - class com.almasb.fxgl.app.services.FXGLAssetLoaderService
11:28:26.921 [FXGL Background Thread 3 ] DEBUG Engine               - class com.almasb.fxgl.app.FXGLApplication$GameApplicationService
11:28:26.921 [FXGL Background Thread 3 ] DEBUG Engine               - class com.almasb.fxgl.app.services.FXGLDialogService
11:28:26.921 [FXGL Background Thread 3 ] DEBUG Engine               - class com.almasb.fxgl.app.services.IOTaskExecutorService
11:28:26.921 [FXGL Background Thread 3 ] DEBUG Engine               - class com.almasb.fxgl.io.FileSystemService
11:28:26.921 [FXGL Background Thread 3 ] DEBUG Engine               - class com.almasb.fxgl.localization.LocalizationService
11:28:26.921 [FXGL Background Thread 3 ] DEBUG Engine               - class com.almasb.fxgl.app.services.SystemBundleService
11:28:26.921 [FXGL Background Thread 3 ] DEBUG Engine               - class com.almasb.fxgl.profile.SaveLoadService
11:28:26.921 [FXGL Background Thread 3 ] DEBUG Engine               - class com.almasb.fxgl.ui.FXGLUIFactoryServiceProvider
11:28:26.921 [FXGL Background Thread 3 ] DEBUG Engine               - class com.almasb.fxgl.ui.FXGLDialogFactoryServiceProvider
11:28:26.921 [FXGL Background Thread 3 ] DEBUG Engine               - class com.almasb.fxgl.audio.AudioPlayer
11:28:26.921 [FXGL Background Thread 3 ] DEBUG Engine               - class com.almasb.fxgl.notification.impl.NotificationServiceProvider
11:28:26.921 [FXGL Background Thread 3 ] DEBUG Engine               - class com.almasb.fxgl.achievement.AchievementService
11:28:26.921 [FXGL Background Thread 3 ] DEBUG Engine               - class com.almasb.fxgl.cutscene.CutsceneService
11:28:26.921 [FXGL Background Thread 3 ] DEBUG Engine               - class com.almasb.fxgl.minigames.MiniGameService
11:28:26.921 [FXGL Background Thread 3 ] DEBUG Engine               - class com.almasb.fxgl.net.NetService
11:28:26.921 [FXGL Background Thread 3 ] DEBUG Engine               - class com.almasb.fxgl.app.services.UpdaterService
11:28:26.921 [FXGL Background Thread 3 ] DEBUG Engine               - class com.almasb.fxgl.dev.DevService
11:28:28.256 [JavaFX Application Thread] DEBUG LoopRunner           - Stopping loop
11:28:28.257 [JavaFX Application Thread] FATAL FXGLApplication      - Uncaught Exception:
java.lang.IllegalArgumentException: Property NumberOfShots does not exist
	at com.almasb.fxgl.core@17.1/com.almasb.fxgl.core.collection.PropertyMap.get(PropertyMap.kt:251)
	at com.almasb.fxgl.core@17.1/com.almasb.fxgl.core.collection.PropertyMap.intProperty(PropertyMap.kt:162)
	at com.almasb.fxgl.core@17.1/com.almasb.fxgl.core.collection.PropertyMap.getInt(PropertyMap.kt:152)
	at com.almasb.fxgl.all@17.1/com.almasb.fxgl.dsl.FXGL$Companion.geti(FXGL.kt:306)
	at com.almasb.fxgl.all@17.1/com.almasb.fxgl.dsl.FXGL.geti(FXGL.kt)
	at com.example.ipose_megaman/com.example.ipose_megaman.Main$8.onActionBegin(Main.java:247)
	at com.almasb.fxgl.core@17.1/com.almasb.fxgl.input.UserAction.begin$fxgl_core(UserAction.kt:37)
	at com.almasb.fxgl.core@17.1/com.almasb.fxgl.input.Input.handlePressed(Input.kt:350)
	at com.almasb.fxgl.core@17.1/com.almasb.fxgl.input.Input.onKeyEvent(Input.kt:291)
	at com.almasb.fxgl.all@17.1/com.almasb.fxgl.app.PrimaryStageWindow$1$1.invoke(MainWindow.kt:308)
	at com.almasb.fxgl.all@17.1/com.almasb.fxgl.app.PrimaryStageWindow$1$1.invoke(MainWindow.kt:308)
	at com.almasb.fxgl.core@17.1/com.almasb.fxgl.core.fsm.StateMachine.runOnActiveStates(StateMachine.kt:69)
	at com.almasb.fxgl.all@17.1/com.almasb.fxgl.app.PrimaryStageWindow$1.invoke(MainWindow.kt:308)
	at com.almasb.fxgl.all@17.1/com.almasb.fxgl.app.PrimaryStageWindow$1.invoke(MainWindow.kt:306)
	at com.almasb.fxgl.all@17.1/com.almasb.fxgl.app.MainWindow.addKeyHandler$lambda-1(MainWindow.kt:221)
	at javafx.base@19-ea/com.sun.javafx.event.CompositeEventHandler$NormalEventHandlerRecord.handleBubblingEvent(CompositeEventHandler.java:247)
	at javafx.base@19-ea/com.sun.javafx.event.CompositeEventHandler.dispatchBubblingEvent(CompositeEventHandler.java:80)
	at javafx.base@19-ea/com.sun.javafx.event.EventHandlerManager.dispatchBubblingEvent(EventHandlerManager.java:234)
	at javafx.base@19-ea/com.sun.javafx.event.EventHandlerManager.dispatchBubblingEvent(EventHandlerManager.java:191)
	at javafx.base@19-ea/com.sun.javafx.event.CompositeEventDispatcher.dispatchBubblingEvent(CompositeEventDispatcher.java:59)
	at javafx.base@19-ea/com.sun.javafx.event.BasicEventDispatcher.dispatchEvent(BasicEventDispatcher.java:58)
	at javafx.base@19-ea/com.sun.javafx.event.EventDispatchChainImpl.dispatchEvent(EventDispatchChainImpl.java:114)
	at javafx.base@19-ea/com.sun.javafx.event.BasicEventDispatcher.dispatchEvent(BasicEventDispatcher.java:56)
	at javafx.base@19-ea/com.sun.javafx.event.EventDispatchChainImpl.dispatchEvent(EventDispatchChainImpl.java:114)
	at javafx.base@19-ea/com.sun.javafx.event.EventUtil.fireEventImpl(EventUtil.java:74)
	at javafx.base@19-ea/com.sun.javafx.event.EventUtil.fireEvent(EventUtil.java:54)
	at javafx.base@19-ea/javafx.event.Event.fireEvent(Event.java:198)
	at javafx.graphics@19-ea/javafx.scene.Scene$KeyHandler.process(Scene.java:4089)
	at javafx.graphics@19-ea/javafx.scene.Scene.processKeyEvent(Scene.java:2146)
	at javafx.graphics@19-ea/javafx.scene.Scene$ScenePeerListener.keyEvent(Scene.java:2614)
	at javafx.graphics@19-ea/com.sun.javafx.tk.quantum.GlassViewEventHandler$KeyEventNotification.run(GlassViewEventHandler.java:218)
	at javafx.graphics@19-ea/com.sun.javafx.tk.quantum.GlassViewEventHandler$KeyEventNotification.run(GlassViewEventHandler.java:150)
	at java.base/java.security.AccessController.doPrivileged(AccessController.java:399)
	at javafx.graphics@19-ea/com.sun.javafx.tk.quantum.GlassViewEventHandler.lambda$handleKeyEvent$1(GlassViewEventHandler.java:250)
	at javafx.graphics@19-ea/com.sun.javafx.tk.quantum.QuantumToolkit.runWithoutRenderLock(QuantumToolkit.java:424)
	at javafx.graphics@19-ea/com.sun.javafx.tk.quantum.GlassViewEventHandler.handleKeyEvent(GlassViewEventHandler.java:249)
	at javafx.graphics@19-ea/com.sun.glass.ui.View.handleKeyEvent(View.java:542)
	at javafx.graphics@19-ea/com.sun.glass.ui.View.notifyKey(View.java:966)
	at javafx.graphics@19-ea/com.sun.glass.ui.win.WinApplication._runLoop(Native Method)
	at javafx.graphics@19-ea/com.sun.glass.ui.win.WinApplication.lambda$runLoop$3(WinApplication.java:184)
	at java.base/java.lang.Thread.run(Thread.java:1589)

11:28:28.258 [JavaFX Application Thread] FATAL FXGLApplication      - Application will now exit
11:28:28.275 [JavaFX Application Thread] DEBUG PrimaryStageWindow   - Push state: ErrorSubScene
11:28:28.275 [JavaFX Application Thread] DEBUG Input                - Clearing active input actions
11:28:28.277 [JavaFX Application Thread] DEBUG GameApplicationServi - Removing overlay from GameScene and adding to ErrorSubScene
11:28:28.277 [JavaFX Application Thread] DEBUG PrimaryStageWindow   - GameScene -> ErrorSubScene
11:28:32.327 [JavaFX Application Thread] DEBUG FXGLApplication      - Exiting FXGL
11:28:32.327 [JavaFX Application Thread] DEBUG Async                - Shutting down background threads
11:28:32.327 [JavaFX Application Thread] DEBUG PrimaryStageWindow   - Closing main window
11:28:32.338 [JavaFX Application Thread] DEBUG Logger               - Closing Logger
