13:19:00.945 [main                     ] DEBUG Logger               - Configured Logger
13:19:00.977 [main                     ] DEBUG GameApplication      - Logging settings
Title: Tetris Man 2
Version: 1.0
Width: 1280
Height: 720
Fullscreen: false
Intro: false
Profiling: false
Single step:false
App Mode: DEVELOPER
Menu Key: ESCAPE
Stage Style: DECORATED
Scene Factory: class com.almasb.fxgl.app.scene.SceneFactory

13:19:01.320 [JavaFX Application Thread] DEBUG FXGLApplication      - Initializing FXGL
13:19:01.326 [JavaFX Application Thread] INFO  Engine               - FXGL-17.1 (24.03.2022 17.34) on WINDOWS (J:19.0.1 FX:19-ea)
13:19:01.327 [JavaFX Application Thread] DEBUG Engine               - JRE Vendor Name: Oracle Corporation
13:19:01.328 [JavaFX Application Thread] DEBUG Engine               - Running on OS: Windows 11 version 10.0
13:19:01.328 [JavaFX Application Thread] DEBUG Engine               - Architecture: amd64
13:19:01.328 [JavaFX Application Thread] INFO  Engine               - Source code and latest versions at: https://github.com/AlmasB/FXGL
13:19:01.328 [JavaFX Application Thread] INFO  Engine               -       Ask questions and discuss at: https://github.com/AlmasB/FXGL/discussions
13:19:01.328 [JavaFX Application Thread] INFO  Engine               -              Join the FXGL chat at: https://gitter.im/AlmasB/FXGL
13:19:01.394 [JavaFX Application Thread] DEBUG PrimaryStageWindow   - Creating a JavaFX scene
13:19:01.427 [JavaFX Application Thread] DEBUG PrimaryStageWindow   - Target settings size: 1280.0 x 720.0
13:19:01.427 [JavaFX Application Thread] DEBUG PrimaryStageWindow   - Scaled scene size:    1280.0 x 720.0
13:19:01.427 [JavaFX Application Thread] DEBUG PrimaryStageWindow   - Scaled ratio: (1.0, 1.0)
13:19:01.428 [JavaFX Application Thread] DEBUG PrimaryStageWindow   - Set initial scene to FXGLStartupScene
13:19:01.433 [JavaFX Application Thread] DEBUG PrimaryStageWindow   - Opening main window
13:19:01.537 [JavaFX Application Thread] DEBUG PrimaryStageWindow   - Window border size: (16.0, 39.0)
13:19:01.537 [JavaFX Application Thread] DEBUG PrimaryStageWindow   - Scaled size: 1280.0 x 720.0
13:19:01.537 [JavaFX Application Thread] DEBUG PrimaryStageWindow   - Scaled ratio: (1.0, 1.0)
13:19:01.538 [JavaFX Application Thread] DEBUG PrimaryStageWindow   - Scene size: 1280.0 x 720.0
13:19:01.538 [JavaFX Application Thread] DEBUG PrimaryStageWindow   - Stage size: 1296.0 x 759.0
13:19:01.543 [FXGL Background Thread 1 ] DEBUG Engine               - Initializing environment variables
13:19:01.595 [FXGL Background Thread 1 ] DEBUG FXGLAssetLoaderServi - User app class for loading assets: class com.example.ipose_megaman.Main
13:19:01.596 [FXGL Background Thread 1 ] DEBUG GameApplicationServi - Applying CSS: fxgl_dark.css
13:19:01.597 [FXGL Background Thread 1 ] DEBUG FXGLAssetLoaderServi - Loading from file system: jar:file:///C:/Users/julia/.m2/repository/com/github/almasb/fxgl/17.1/fxgl-17.1.jar!/fxglassets/ui/css/fxgl_dark.css
13:19:01.637 [FXGL Background Thread 1 ] DEBUG GameApplicationServi - Initializing application scenes
13:19:01.715 [FXGL Background Thread 1 ] DEBUG GameWorld            - Game world initialized
13:19:01.809 [FXGL Background Thread 1 ] DEBUG PhysicsWorld         - Physics world initialized: appHeight=720, physics.ppm=50,0
13:19:01.809 [FXGL Background Thread 1 ] DEBUG PhysicsWorld         - Using strategy: BRUTE_FORCE
13:19:01.815 [FXGL Background Thread 1 ] DEBUG GameScene            - Game scene initialized: 1280x720
13:19:01.849 [FXGL Background Thread 1 ] DEBUG FXGL.DefaultMenu     - createMenuBodyMainMenu()
13:19:01.857 [FXGL Background Thread 1 ] DEBUG FXGL.DefaultMenu     - createOptionsMenu()
13:19:01.880 [FXGL Background Thread 1 ] DEBUG FXGLAssetLoaderServi - Loading from file system: jar:file:///C:/Users/julia/.m2/repository/com/github/almasb/fxgl/17.1/fxgl-17.1.jar!/fxglassets/textures/particles/smoke.png
13:19:01.968 [FXGL Background Thread 1 ] DEBUG FXGLAssetLoaderServi - Loading from file system: jar:file:///C:/Users/julia/.m2/repository/com/github/almasb/fxgl/17.1/fxgl-17.1.jar!/fxglassets/textures/particles/trace_horizontal.png
13:19:01.994 [FXGL Background Thread 1 ] DEBUG FXGL.DefaultMenu     - createMenuBodyGameMenu()
13:19:01.995 [FXGL Background Thread 1 ] DEBUG FXGL.DefaultMenu     - createOptionsMenu()
13:19:02.001 [FXGL Background Thread 1 ] DEBUG GameApplicationServi - Application scenes initialized
13:19:02.010 [FXGL Background Thread 1 ] DEBUG SystemBundleService  - Loading FXGL system data
13:19:02.015 [FXGL Background Thread 1 ] DEBUG FileSystemAccess     - Reading from: C:\Users\julia\Desktop\IPOSE_MEGAMAN\system\fxgl.bundle
13:19:02.023 [FXGL Background Thread 1 ] DEBUG SystemBundleService  - Bundle FXGL: {}
13:19:02.024 [FXGL Background Thread 1 ] DEBUG UpdaterService       - Checking for updates
13:19:02.028 [FXGL Background Thread 4 ] DEBUG FXGLApplication      - Loading fonts
13:19:02.028 [FXGL Background Thread 4 ] DEBUG FXGLAssetLoaderServi - Loading from file system: jar:file:///C:/Users/julia/.m2/repository/com/github/almasb/fxgl/17.1/fxgl-17.1.jar!/fxglassets/ui/fonts/VarelaRound-Regular.ttf
13:19:02.030 [FXGL Background Thread 1 ] DEBUG FXGLApplication      - Loading default localization
13:19:02.030 [FXGL Background Thread 1 ] DEBUG FXGLAssetLoaderServi - Loading from file system: jar:file:///C:/Users/julia/.m2/repository/com/github/almasb/fxgl/17.1/fxgl-17.1.jar!/fxglassets/languages/english.lang
13:19:02.060 [FXGL Background Thread 1 ] INFO  FXGLApplication      - FXGL initialization took: 0,516 sec
13:19:02.069 [JavaFX Application Thread] DEBUG Input                - Registered new binding: Move Right - D
13:19:02.069 [JavaFX Application Thread] DEBUG Input                - Registered new binding: Move Left - A
13:19:02.069 [JavaFX Application Thread] DEBUG Input                - Registered new binding: Jump - Space
13:19:02.069 [JavaFX Application Thread] DEBUG Input                - Registered new binding: Shoot - Enter
13:19:02.069 [JavaFX Application Thread] DEBUG FXGLAssetLoaderServi - Loading from file system: jar:file:///C:/Users/julia/.m2/repository/com/github/almasb/fxgl/17.1/fxgl-17.1.jar!/fxglassets/textures/fxgl_icon.png
13:19:02.084 [JavaFX Application Thread] DEBUG FXGLAssetLoaderServi - Loading from file system: jar:file:///C:/Users/julia/.m2/repository/com/github/almasb/fxgl/17.1/fxgl-17.1.jar!/fxglassets/textures/fxgl_default_cursor.png
13:19:02.084 [FXGL Background Thread 4 ] DEBUG FXGLAssetLoaderServi - Loading from file system: jar:file:///C:/Users/julia/.m2/repository/com/github/almasb/fxgl/17.1/fxgl-17.1.jar!/fxglassets/ui/fonts/Abel-Regular.ttf
13:19:02.086 [JavaFX Application Thread] DEBUG Input                - Registered new binding: Screenshot - CTRL+8
13:19:02.086 [JavaFX Application Thread] DEBUG Input                - Registered new binding: System info dump - CTRL+9
13:19:02.086 [JavaFX Application Thread] DEBUG Input                - Registered new binding: Restart - CTRL+R
13:19:02.087 [JavaFX Application Thread] DEBUG Input                - Registered new binding: Toggle Debug Camera - CTRL+7
13:19:02.088 [FXGL Background Thread 4 ] DEBUG FXGLAssetLoaderServi - Loading from file system: jar:file:///C:/Users/julia/.m2/repository/com/github/almasb/fxgl/17.1/fxgl-17.1.jar!/fxglassets/ui/fonts/TerminalLandMono-Regular.otf
13:19:02.089 [JavaFX Application Thread] DEBUG LoopRunner           - Starting loop
13:19:02.089 [JavaFX Application Thread] DEBUG LoopRunner           - Initializing JavaFX AnimationTimerLoop
13:19:02.091 [JavaFX Application Thread] DEBUG Input                - Clearing active input actions
13:19:02.093 [FXGL Background Thread 4 ] DEBUG FXGLAssetLoaderServi - Loading from file system: jar:file:///C:/Users/julia/.m2/repository/com/github/almasb/fxgl/17.1/fxgl-17.1.jar!/fxglassets/ui/fonts/Courier-Prime.ttf
13:19:02.095 [JavaFX Application Thread] DEBUG GameApplicationServi - Removing overlay from FXGLStartupScene and adding to FXGLMainMenuDummyScene
13:19:02.095 [JavaFX Application Thread] DEBUG PrimaryStageWindow   - FXGLStartupScene -> FXGLMainMenuDummyScene
13:19:02.095 [JavaFX Application Thread] DEBUG PrimaryStageWindow   - Push state: FXGLDefaultMenu
13:19:02.101 [JavaFX Application Thread] DEBUG Input                - Clearing active input actions
13:19:02.108 [JavaFX Application Thread] DEBUG GameApplicationServi - Removing overlay from FXGLMainMenuDummyScene and adding to FXGLDefaultMenu
13:19:02.109 [JavaFX Application Thread] DEBUG PrimaryStageWindow   - FXGLMainMenuDummyScene -> FXGLDefaultMenu
13:19:02.180 [JavaFX Application Thread] DEBUG FXGLApplication      - Registering font factories with UI factory
13:19:02.911 [FXGL Background Thread 2 ] INFO  UpdaterService       - Your current version:  17.1
13:19:02.911 [FXGL Background Thread 2 ] INFO  UpdaterService       - Latest stable version: 17.3
13:19:04.217 [JavaFX Application Thread] DEBUG Menu                 - fireNewGame()
13:19:04.217 [JavaFX Application Thread] DEBUG GameApplicationServi - Starting new game
13:19:04.219 [JavaFX Application Thread] DEBUG PrimaryStageWindow   - Pop state: FXGLDefaultMenu
13:19:04.219 [JavaFX Application Thread] DEBUG Input                - Clearing active input actions
13:19:04.219 [JavaFX Application Thread] DEBUG GameApplicationServi - Removing overlay from FXGLDefaultMenu and adding to FXGLMainMenuDummyScene
13:19:04.219 [JavaFX Application Thread] DEBUG PrimaryStageWindow   - FXGLMainMenuDummyScene <- FXGLDefaultMenu
13:19:04.220 [JavaFX Application Thread] DEBUG Input                - Clearing active input actions
13:19:04.229 [JavaFX Application Thread] DEBUG GameApplicationServi - Removing overlay from FXGLMainMenuDummyScene and adding to FXGLLoadingScene
13:19:04.229 [JavaFX Application Thread] DEBUG PrimaryStageWindow   - FXGLMainMenuDummyScene -> FXGLLoadingScene
13:19:04.229 [JavaFX Application Thread] DEBUG GameApplicationServi - Clearing previous game
13:19:04.229 [JavaFX Application Thread] DEBUG GameScene            - Clearing game scene
13:19:04.229 [JavaFX Application Thread] DEBUG GameWorld            - Clearing game world
13:19:04.229 [JavaFX Application Thread] DEBUG PhysicsWorld         - Clearing physics world
13:19:04.233 [FXGL Background Thread 2 ] DEBUG FXGLApplication      - Initializing game
13:19:04.282 [FXGL Background Thread 2 ] WARN  TMXLevelLoader       - TiledMap generated from 1.10.0. Supported version: 1.4.2. Some features may not be parsed fully.
13:19:04.301 [FXGL Background Thread 2 ] DEBUG TMXLevelLoader       - Parsed TiledMap: file:/C:/Users/julia/Desktop/IPOSE_MEGAMAN/target/classes/assets/levels/level.tmx
13:19:04.302 [FXGL Background Thread 2 ] DEBUG TMXLevelLoader       - Creating tile layer entities
13:19:04.303 [FXGL Background Thread 2 ] DEBUG TilesetLoader        - Loading view for layer Tilelaag 1
13:19:04.351 [FXGL Background Thread 2 ] DEBUG TilesetLoader        - Created buffer with size 28000.0x1400.0
13:19:04.356 [FXGL Background Thread 2 ] DEBUG TMXLevelLoader       - Creating object layer entities
13:19:04.426 [FXGL Background Thread 2 ] DEBUG FXGLAssetLoaderServi - Loading from file system: file:/C:/Users/julia/Desktop/IPOSE_MEGAMAN/target/classes/assets/textures/enemy.png
13:19:04.435 [FXGL Background Thread 2 ] DEBUG GameWorld            - Clearing removable entities
13:19:04.436 [FXGL Background Thread 2 ] DEBUG GameWorld            - Setting level: com.almasb.fxgl.entity.level.Level@48690476
13:19:04.454 [FXGL Background Thread 2 ] WARN  FXGLAssetLoaderServi - Asset "/assets/textures/assets/textures/MegaManIdle.png" was not found!
13:19:04.454 [FXGL Background Thread 2 ] WARN  FXGLAssetLoaderServi - Failed to load IMAGE
13:19:04.465 [FXGL Background Thread 2 ] DEBUG FXGLAssetLoaderServi - Loading from file system: file:/C:/Users/julia/Desktop/IPOSE_MEGAMAN/target/classes/assets/textures/MegaManIdle.png
13:19:04.468 [FXGL Background Thread 2 ] DEBUG FXGLAssetLoaderServi - Loading from file system: file:/C:/Users/julia/Desktop/IPOSE_MEGAMAN/target/classes/assets/textures/background2.jpg
13:19:04.918 [FXGL Background Thread 2 ] INFO  FXGLApplication      - Game initialization took: 0,684 sec
13:19:04.920 [JavaFX Application Thread] DEBUG Input                - Clearing active input actions
13:19:04.926 [JavaFX Application Thread] DEBUG GameApplicationServi - Removing overlay from FXGLLoadingScene and adding to GameScene
13:19:04.926 [JavaFX Application Thread] DEBUG PrimaryStageWindow   - FXGLLoadingScene -> GameScene
13:19:05.028 [FXGL Background Thread 3 ] DEBUG Engine               - Logging environment variables
13:19:05.028 [FXGL Background Thread 3 ] DEBUG Engine               - achievements: []
13:19:05.028 [FXGL Background Thread 3 ] DEBUG Engine               - actualHeight: 720.0
13:19:05.028 [FXGL Background Thread 3 ] DEBUG Engine               - actualHeightProperty: ReadOnlyDoubleProperty [value: 720.0]
13:19:05.028 [FXGL Background Thread 3 ] DEBUG Engine               - actualWidth: 1280.0
13:19:05.028 [FXGL Background Thread 3 ] DEBUG Engine               - actualWidthProperty: ReadOnlyDoubleProperty [value: 1280.0]
13:19:05.028 [FXGL Background Thread 3 ] DEBUG Engine               - appIcon: fxgl_icon.png
13:19:05.028 [FXGL Background Thread 3 ] DEBUG Engine               - applicationMode: DEVELOPER
13:19:05.029 [FXGL Background Thread 3 ] DEBUG Engine               - cSSList: [fxgl_dark.css]
13:19:05.029 [FXGL Background Thread 3 ] DEBUG Engine               - collisionDetectionStrategy: BRUTE_FORCE
13:19:05.029 [FXGL Background Thread 3 ] DEBUG Engine               - configClass: Optional.empty
13:19:05.029 [FXGL Background Thread 3 ] DEBUG Engine               - credits: []
13:19:05.029 [FXGL Background Thread 3 ] DEBUG Engine               - defaultCursor: CursorInfo(imageName=fxgl_default_cursor.png, hotspotX=7.0, hotspotY=6.0)
13:19:05.029 [FXGL Background Thread 3 ] DEBUG Engine               - devBBoxColorProperty: ObjectProperty [value: 0xff0000ff]
13:19:05.029 [FXGL Background Thread 3 ] DEBUG Engine               - devEnableDebugCameraProperty: BooleanProperty [value: false]
13:19:05.030 [FXGL Background Thread 3 ] DEBUG Engine               - devSensorColorProperty: ObjectProperty [value: 0xffff00ff]
13:19:05.030 [FXGL Background Thread 3 ] DEBUG Engine               - devShowBBoxProperty: BooleanProperty [value: false]
13:19:05.030 [FXGL Background Thread 3 ] DEBUG Engine               - devShowPositionProperty: BooleanProperty [value: false]
13:19:05.030 [FXGL Background Thread 3 ] DEBUG Engine               - enabledMenuItems: []
13:19:05.030 [FXGL Background Thread 3 ] DEBUG Engine               - engineServices: [class com.almasb.fxgl.app.services.FXGLAssetLoaderService, class com.almasb.fxgl.app.FXGLApplication$GameApplicationService, class com.almasb.fxgl.app.services.FXGLDialogService, class com.almasb.fxgl.app.services.IOTaskExecutorService, class com.almasb.fxgl.io.FileSystemService, class com.almasb.fxgl.localization.LocalizationService, class com.almasb.fxgl.app.services.SystemBundleService, class com.almasb.fxgl.profile.SaveLoadService, class com.almasb.fxgl.ui.FXGLUIFactoryServiceProvider, class com.almasb.fxgl.ui.FXGLDialogFactoryServiceProvider, class com.almasb.fxgl.audio.AudioPlayer, class com.almasb.fxgl.notification.impl.NotificationServiceProvider, class com.almasb.fxgl.achievement.AchievementService, class com.almasb.fxgl.cutscene.CutsceneService, class com.almasb.fxgl.minigames.MiniGameService, class com.almasb.fxgl.net.NetService, class com.almasb.fxgl.app.services.UpdaterService, class com.almasb.fxgl.dev.DevService]
13:19:05.030 [FXGL Background Thread 3 ] DEBUG Engine               - fontGame: Abel-Regular.ttf
13:19:05.030 [FXGL Background Thread 3 ] DEBUG Engine               - fontMono: TerminalLandMono-Regular.otf
13:19:05.030 [FXGL Background Thread 3 ] DEBUG Engine               - fontText: Courier-Prime.ttf
13:19:05.030 [FXGL Background Thread 3 ] DEBUG Engine               - fontUI: VarelaRound-Regular.ttf
13:19:05.030 [FXGL Background Thread 3 ] DEBUG Engine               - fullScreen: BooleanProperty [value: false]
13:19:05.030 [FXGL Background Thread 3 ] DEBUG Engine               - gameDifficulty: MEDIUM
13:19:05.030 [FXGL Background Thread 3 ] DEBUG Engine               - gameDifficultyProperty: ObjectProperty [value: MEDIUM]
13:19:05.030 [FXGL Background Thread 3 ] DEBUG Engine               - globalMusicVolume: 0.5
13:19:05.030 [FXGL Background Thread 3 ] DEBUG Engine               - globalMusicVolumeProperty: DoubleProperty [value: 0.5]
13:19:05.030 [FXGL Background Thread 3 ] DEBUG Engine               - globalSoundVolume: 0.5
13:19:05.030 [FXGL Background Thread 3 ] DEBUG Engine               - globalSoundVolumeProperty: DoubleProperty [value: 0.5]
13:19:05.030 [FXGL Background Thread 3 ] DEBUG Engine               - height: 720
13:19:05.030 [FXGL Background Thread 3 ] DEBUG Engine               - is3D: false
13:19:05.030 [FXGL Background Thread 3 ] DEBUG Engine               - isAndroid: false
13:19:05.030 [FXGL Background Thread 3 ] DEBUG Engine               - isBrowser: false
13:19:05.030 [FXGL Background Thread 3 ] DEBUG Engine               - isClickFeedbackEnabled: false
13:19:05.030 [FXGL Background Thread 3 ] DEBUG Engine               - isCloseConfirmation: false
13:19:05.030 [FXGL Background Thread 3 ] DEBUG Engine               - isDesktop: true
13:19:05.030 [FXGL Background Thread 3 ] DEBUG Engine               - isDeveloperMenuEnabled: false
13:19:05.030 [FXGL Background Thread 3 ] DEBUG Engine               - isEmbedded: false
13:19:05.031 [FXGL Background Thread 3 ] DEBUG Engine               - isEntityPreloadEnabled: true
13:19:05.031 [FXGL Background Thread 3 ] DEBUG Engine               - isExperimentalTiledLargeMap: false
13:19:05.031 [FXGL Background Thread 3 ] DEBUG Engine               - isFileSystemWriteAllowed: true
13:19:05.031 [FXGL Background Thread 3 ] DEBUG Engine               - isFullScreenAllowed: false
13:19:05.031 [FXGL Background Thread 3 ] DEBUG Engine               - isFullScreenFromStart: false
13:19:05.031 [FXGL Background Thread 3 ] DEBUG Engine               - isGameMenuEnabled: true
13:19:05.031 [FXGL Background Thread 3 ] DEBUG Engine               - isIOS: false
13:19:05.031 [FXGL Background Thread 3 ] DEBUG Engine               - isIntroEnabled: false
13:19:05.031 [FXGL Background Thread 3 ] DEBUG Engine               - isLinux: false
13:19:05.031 [FXGL Background Thread 3 ] DEBUG Engine               - isMac: false
13:19:05.031 [FXGL Background Thread 3 ] DEBUG Engine               - isMainMenuEnabled: true
13:19:05.031 [FXGL Background Thread 3 ] DEBUG Engine               - isManualResizeEnabled: false
13:19:05.031 [FXGL Background Thread 3 ] DEBUG Engine               - isMobile: false
13:19:05.031 [FXGL Background Thread 3 ] DEBUG Engine               - isNative: false
13:19:05.031 [FXGL Background Thread 3 ] DEBUG Engine               - isPauseMusicWhenMinimized: true
13:19:05.031 [FXGL Background Thread 3 ] DEBUG Engine               - isPreserveResizeRatio: false
13:19:05.031 [FXGL Background Thread 3 ] DEBUG Engine               - isProfilingEnabled: false
13:19:05.031 [FXGL Background Thread 3 ] DEBUG Engine               - isScaleAffectedOnResize: true
13:19:05.031 [FXGL Background Thread 3 ] DEBUG Engine               - isSingleStep: false
13:19:05.031 [FXGL Background Thread 3 ] DEBUG Engine               - isUserProfileEnabled: false
13:19:05.031 [FXGL Background Thread 3 ] DEBUG Engine               - isWindows: true
13:19:05.031 [FXGL Background Thread 3 ] DEBUG Engine               - language: ObjectProperty [value: ENGLISH]
13:19:05.031 [FXGL Background Thread 3 ] DEBUG Engine               - menuKey: ESCAPE
13:19:05.031 [FXGL Background Thread 3 ] DEBUG Engine               - mouseSensitivity: 0.2
13:19:05.031 [FXGL Background Thread 3 ] DEBUG Engine               - notificationViewClass: class com.almasb.fxgl.notification.view.XboxNotificationView
13:19:05.032 [FXGL Background Thread 3 ] DEBUG Engine               - pixelsPerMeter: 50.0
13:19:05.032 [FXGL Background Thread 3 ] DEBUG Engine               - platform: WINDOWS
13:19:05.032 [FXGL Background Thread 3 ] DEBUG Engine               - prefHeightProperty: ReadOnlyDoubleProperty [value: 720.0]
13:19:05.032 [FXGL Background Thread 3 ] DEBUG Engine               - prefWidthProperty: ReadOnlyDoubleProperty [value: 1280.0]
13:19:05.032 [FXGL Background Thread 3 ] DEBUG Engine               - profileDir: profiles/
13:19:05.032 [FXGL Background Thread 3 ] DEBUG Engine               - profileName: StringProperty [value: DEFAULT]
13:19:05.032 [FXGL Background Thread 3 ] DEBUG Engine               - randomSeed: -1
13:19:05.032 [FXGL Background Thread 3 ] DEBUG Engine               - runtimeInfo: RuntimeInfo(platform=WINDOWS, version=17.1, build=24.03.2022 17.34)
13:19:05.032 [FXGL Background Thread 3 ] DEBUG Engine               - saveFileExt: sav
13:19:05.032 [FXGL Background Thread 3 ] DEBUG Engine               - scaledHeightProp$fxgl: DoubleProperty [bound, value: 720.0]
13:19:05.032 [FXGL Background Thread 3 ] DEBUG Engine               - scaledWidthProp$fxgl: DoubleProperty [bound, value: 1280.0]
13:19:05.032 [FXGL Background Thread 3 ] DEBUG Engine               - sceneFactory: com.almasb.fxgl.app.scene.SceneFactory@118a6e5a
13:19:05.032 [FXGL Background Thread 3 ] DEBUG Engine               - secondsIn24h: 60
13:19:05.032 [FXGL Background Thread 3 ] DEBUG Engine               - soundMenuBack: menu/back.wav
13:19:05.032 [FXGL Background Thread 3 ] DEBUG Engine               - soundMenuPress: menu/press.wav
13:19:05.032 [FXGL Background Thread 3 ] DEBUG Engine               - soundMenuSelect: menu/select.wav
13:19:05.032 [FXGL Background Thread 3 ] DEBUG Engine               - soundNotification: core/notification.wav
13:19:05.032 [FXGL Background Thread 3 ] DEBUG Engine               - stageStyle: DECORATED
13:19:05.032 [FXGL Background Thread 3 ] DEBUG Engine               - supportedLanguages: [ENGLISH, FRENCH, GERMAN, HUNGARIAN, RUSSIAN]
13:19:05.032 [FXGL Background Thread 3 ] DEBUG Engine               - ticksPerSecond: -1
13:19:05.032 [FXGL Background Thread 3 ] DEBUG Engine               - title: Tetris Man 2
13:19:05.032 [FXGL Background Thread 3 ] DEBUG Engine               - urlGithub: https://github.com/AlmasB/FXGL
13:19:05.032 [FXGL Background Thread 3 ] DEBUG Engine               - urlLeaderboard: http://fxgl-top.herokuapp.com/
13:19:05.032 [FXGL Background Thread 3 ] DEBUG Engine               - urlPOM: https://raw.githubusercontent.com/AlmasB/FXGL/release/README.md
13:19:05.033 [FXGL Background Thread 3 ] DEBUG Engine               - userAppClass: class com.example.ipose_megaman.Main
13:19:05.033 [FXGL Background Thread 3 ] DEBUG Engine               - version: 1.0
13:19:05.033 [FXGL Background Thread 3 ] DEBUG Engine               - versionCheckDays: 7
13:19:05.033 [FXGL Background Thread 3 ] DEBUG Engine               - width: 1280
13:19:05.033 [FXGL Background Thread 3 ] DEBUG Engine               - Logging services
13:19:05.033 [FXGL Background Thread 3 ] DEBUG Engine               - class com.almasb.fxgl.app.services.FXGLAssetLoaderService
13:19:05.033 [FXGL Background Thread 3 ] DEBUG Engine               - class com.almasb.fxgl.app.FXGLApplication$GameApplicationService
13:19:05.033 [FXGL Background Thread 3 ] DEBUG Engine               - class com.almasb.fxgl.app.services.FXGLDialogService
13:19:05.033 [FXGL Background Thread 3 ] DEBUG Engine               - class com.almasb.fxgl.app.services.IOTaskExecutorService
13:19:05.033 [FXGL Background Thread 3 ] DEBUG Engine               - class com.almasb.fxgl.io.FileSystemService
13:19:05.033 [FXGL Background Thread 3 ] DEBUG Engine               - class com.almasb.fxgl.localization.LocalizationService
13:19:05.033 [FXGL Background Thread 3 ] DEBUG Engine               - class com.almasb.fxgl.app.services.SystemBundleService
13:19:05.033 [FXGL Background Thread 3 ] DEBUG Engine               - class com.almasb.fxgl.profile.SaveLoadService
13:19:05.033 [FXGL Background Thread 3 ] DEBUG Engine               - class com.almasb.fxgl.ui.FXGLUIFactoryServiceProvider
13:19:05.033 [FXGL Background Thread 3 ] DEBUG Engine               - class com.almasb.fxgl.ui.FXGLDialogFactoryServiceProvider
13:19:05.033 [FXGL Background Thread 3 ] DEBUG Engine               - class com.almasb.fxgl.audio.AudioPlayer
13:19:05.033 [FXGL Background Thread 3 ] DEBUG Engine               - class com.almasb.fxgl.notification.impl.NotificationServiceProvider
13:19:05.033 [FXGL Background Thread 3 ] DEBUG Engine               - class com.almasb.fxgl.achievement.AchievementService
13:19:05.033 [FXGL Background Thread 3 ] DEBUG Engine               - class com.almasb.fxgl.cutscene.CutsceneService
13:19:05.033 [FXGL Background Thread 3 ] DEBUG Engine               - class com.almasb.fxgl.minigames.MiniGameService
13:19:05.033 [FXGL Background Thread 3 ] DEBUG Engine               - class com.almasb.fxgl.net.NetService
13:19:05.033 [FXGL Background Thread 3 ] DEBUG Engine               - class com.almasb.fxgl.app.services.UpdaterService
13:19:05.033 [FXGL Background Thread 3 ] DEBUG Engine               - class com.almasb.fxgl.dev.DevService
13:19:05.364 [JavaFX Application Thread] DEBUG LoopRunner           - Stopping loop
13:19:05.365 [JavaFX Application Thread] FATAL FXGLApplication      - Uncaught Exception:
java.lang.IllegalArgumentException: Property assets/sounds/shoot.wav does not exist
	at com.almasb.fxgl.core@17.1/com.almasb.fxgl.core.collection.PropertyMap.get(PropertyMap.kt:251)
	at com.almasb.fxgl.core@17.1/com.almasb.fxgl.core.collection.PropertyMap.intProperty(PropertyMap.kt:162)
	at com.almasb.fxgl.core@17.1/com.almasb.fxgl.core.collection.PropertyMap.getInt(PropertyMap.kt:152)
	at com.almasb.fxgl.all@17.1/com.almasb.fxgl.dsl.FXGL$Companion.geti(FXGL.kt:306)
	at com.almasb.fxgl.all@17.1/com.almasb.fxgl.dsl.FXGL.geti(FXGL.kt)
	at com.example.ipose_megaman/com.example.ipose_megaman.Main$8.onActionBegin(Main.java:253)
	at com.almasb.fxgl.core@17.1/com.almasb.fxgl.input.UserAction.begin$fxgl_core(UserAction.kt:37)
	at com.almasb.fxgl.core@17.1/com.almasb.fxgl.input.Input.handlePressed(Input.kt:350)
	at com.almasb.fxgl.core@17.1/com.almasb.fxgl.input.Input.onKeyEvent(Input.kt:291)
	at com.almasb.fxgl.all@17.1/com.almasb.fxgl.app.PrimaryStageWindow$1$1.invoke(MainWindow.kt:308)
	at com.almasb.fxgl.all@17.1/com.almasb.fxgl.app.PrimaryStageWindow$1$1.invoke(MainWindow.kt:308)
	at com.almasb.fxgl.core@17.1/com.almasb.fxgl.core.fsm.StateMachine.runOnActiveStates(StateMachine.kt:69)
	at com.almasb.fxgl.all@17.1/com.almasb.fxgl.app.PrimaryStageWindow$1.invoke(MainWindow.kt:308)
	at com.almasb.fxgl.all@17.1/com.almasb.fxgl.app.PrimaryStageWindow$1.invoke(MainWindow.kt:306)
	at com.almasb.fxgl.all@17.1/com.almasb.fxgl.app.MainWindow.addKeyHandler$lambda-1(MainWindow.kt:221)
	at javafx.base@19-ea/com.sun.javafx.event.CompositeEventHandler$NormalEventHandlerRecord.handleBubblingEvent(CompositeEventHandler.java:247)
	at javafx.base@19-ea/com.sun.javafx.event.CompositeEventHandler.dispatchBubblingEvent(CompositeEventHandler.java:80)
	at javafx.base@19-ea/com.sun.javafx.event.EventHandlerManager.dispatchBubblingEvent(EventHandlerManager.java:234)
	at javafx.base@19-ea/com.sun.javafx.event.EventHandlerManager.dispatchBubblingEvent(EventHandlerManager.java:191)
	at javafx.base@19-ea/com.sun.javafx.event.CompositeEventDispatcher.dispatchBubblingEvent(CompositeEventDispatcher.java:59)
	at javafx.base@19-ea/com.sun.javafx.event.BasicEventDispatcher.dispatchEvent(BasicEventDispatcher.java:58)
	at javafx.base@19-ea/com.sun.javafx.event.EventDispatchChainImpl.dispatchEvent(EventDispatchChainImpl.java:114)
	at javafx.base@19-ea/com.sun.javafx.event.BasicEventDispatcher.dispatchEvent(BasicEventDispatcher.java:56)
	at javafx.base@19-ea/com.sun.javafx.event.EventDispatchChainImpl.dispatchEvent(EventDispatchChainImpl.java:114)
	at javafx.base@19-ea/com.sun.javafx.event.EventUtil.fireEventImpl(EventUtil.java:74)
	at javafx.base@19-ea/com.sun.javafx.event.EventUtil.fireEvent(EventUtil.java:54)
	at javafx.base@19-ea/javafx.event.Event.fireEvent(Event.java:198)
	at javafx.graphics@19-ea/javafx.scene.Scene$KeyHandler.process(Scene.java:4089)
	at javafx.graphics@19-ea/javafx.scene.Scene.processKeyEvent(Scene.java:2146)
	at javafx.graphics@19-ea/javafx.scene.Scene$ScenePeerListener.keyEvent(Scene.java:2614)
	at javafx.graphics@19-ea/com.sun.javafx.tk.quantum.GlassViewEventHandler$KeyEventNotification.run(GlassViewEventHandler.java:218)
	at javafx.graphics@19-ea/com.sun.javafx.tk.quantum.GlassViewEventHandler$KeyEventNotification.run(GlassViewEventHandler.java:150)
	at java.base/java.security.AccessController.doPrivileged(AccessController.java:399)
	at javafx.graphics@19-ea/com.sun.javafx.tk.quantum.GlassViewEventHandler.lambda$handleKeyEvent$1(GlassViewEventHandler.java:250)
	at javafx.graphics@19-ea/com.sun.javafx.tk.quantum.QuantumToolkit.runWithoutRenderLock(QuantumToolkit.java:424)
	at javafx.graphics@19-ea/com.sun.javafx.tk.quantum.GlassViewEventHandler.handleKeyEvent(GlassViewEventHandler.java:249)
	at javafx.graphics@19-ea/com.sun.glass.ui.View.handleKeyEvent(View.java:542)
	at javafx.graphics@19-ea/com.sun.glass.ui.View.notifyKey(View.java:966)
	at javafx.graphics@19-ea/com.sun.glass.ui.win.WinApplication._runLoop(Native Method)
	at javafx.graphics@19-ea/com.sun.glass.ui.win.WinApplication.lambda$runLoop$3(WinApplication.java:184)
	at java.base/java.lang.Thread.run(Thread.java:1589)

13:19:05.365 [JavaFX Application Thread] FATAL FXGLApplication      - Application will now exit
13:19:05.384 [JavaFX Application Thread] DEBUG PrimaryStageWindow   - Push state: ErrorSubScene
13:19:05.384 [JavaFX Application Thread] DEBUG Input                - Clearing active input actions
13:19:05.387 [JavaFX Application Thread] DEBUG GameApplicationServi - Removing overlay from GameScene and adding to ErrorSubScene
13:19:05.387 [JavaFX Application Thread] DEBUG PrimaryStageWindow   - GameScene -> ErrorSubScene
13:19:05.625 [JavaFX Application Thread] DEBUG FXGLApplication      - Exiting FXGL
13:19:05.625 [JavaFX Application Thread] DEBUG Async                - Shutting down background threads
13:19:05.625 [JavaFX Application Thread] DEBUG PrimaryStageWindow   - Closing main window
13:19:05.663 [JavaFX Application Thread] DEBUG Logger               - Closing Logger
