12:01:56.785 [main                     ] DEBUG Logger               - Configured Logger
12:01:56.825 [main                     ] DEBUG GameApplication      - Logging settings
Title: Tetris Man 2
Version: 1.0
Width: 1280
Height: 720
Fullscreen: false
Intro: false
Profiling: false
Single step:false
App Mode: DEVELOPER
Menu Key: ESCAPE
Stage Style: DECORATED
Scene Factory: class com.almasb.fxgl.app.scene.SceneFactory

12:01:57.521 [JavaFX Application Thread] DEBUG FXGLApplication      - Initializing FXGL
12:01:57.526 [JavaFX Application Thread] INFO  Engine               - FXGL-17.1 (24.03.2022 17.34) on WINDOWS (J:19.0.2 FX:19-ea)
12:01:57.526 [JavaFX Application Thread] DEBUG Engine               - JRE Vendor Name: Oracle Corporation
12:01:57.527 [JavaFX Application Thread] DEBUG Engine               - Running on OS: Windows 10 version 10.0
12:01:57.527 [JavaFX Application Thread] DEBUG Engine               - Architecture: amd64
12:01:57.527 [JavaFX Application Thread] INFO  Engine               - Source code and latest versions at: https://github.com/AlmasB/FXGL
12:01:57.528 [JavaFX Application Thread] INFO  Engine               -       Ask questions and discuss at: https://github.com/AlmasB/FXGL/discussions
12:01:57.528 [JavaFX Application Thread] INFO  Engine               -              Join the FXGL chat at: https://gitter.im/AlmasB/FXGL
12:01:57.626 [JavaFX Application Thread] DEBUG PrimaryStageWindow   - Creating a JavaFX scene
12:01:57.673 [JavaFX Application Thread] DEBUG PrimaryStageWindow   - Target settings size: 1280.0 x 720.0
12:01:57.673 [JavaFX Application Thread] DEBUG PrimaryStageWindow   - Scaled scene size:    1280.0 x 720.0
12:01:57.673 [JavaFX Application Thread] DEBUG PrimaryStageWindow   - Scaled ratio: (1.0, 1.0)
12:01:57.674 [JavaFX Application Thread] DEBUG PrimaryStageWindow   - Set initial scene to FXGLStartupScene
12:01:57.681 [JavaFX Application Thread] DEBUG PrimaryStageWindow   - Opening main window
12:01:57.779 [JavaFX Application Thread] DEBUG PrimaryStageWindow   - Window border size: (14.4000244140625, 37.5999755859375)
12:01:57.779 [JavaFX Application Thread] DEBUG PrimaryStageWindow   - Scaled size: 1280.0 x 720.0
12:01:57.779 [JavaFX Application Thread] DEBUG PrimaryStageWindow   - Scaled ratio: (1.0, 1.0)
12:01:57.779 [JavaFX Application Thread] DEBUG PrimaryStageWindow   - Scene size: 1280.0 x 720.0
12:01:57.780 [JavaFX Application Thread] DEBUG PrimaryStageWindow   - Stage size: 1294.4000244140625 x 757.5999755859375
12:01:57.791 [FXGL Background Thread 1 ] DEBUG Engine               - Initializing environment variables
12:01:57.847 [FXGL Background Thread 1 ] DEBUG FXGLAssetLoaderServi - User app class for loading assets: class com.example.ipose_megaman.Main
12:01:57.848 [FXGL Background Thread 1 ] DEBUG GameApplicationServi - Applying CSS: fxgl_dark.css
12:01:57.849 [FXGL Background Thread 1 ] DEBUG FXGLAssetLoaderServi - Loading from file system: jar:file:///C:/Users/Patryk/.m2/repository/com/github/almasb/fxgl/17.1/fxgl-17.1.jar!/fxglassets/ui/css/fxgl_dark.css
12:01:57.898 [FXGL Background Thread 1 ] DEBUG GameApplicationServi - Initializing application scenes
12:01:57.963 [FXGL Background Thread 1 ] DEBUG GameWorld            - Game world initialized
12:01:58.019 [FXGL Background Thread 1 ] DEBUG PhysicsWorld         - Physics world initialized: appHeight=720, physics.ppm=50,0
12:01:58.020 [FXGL Background Thread 1 ] DEBUG PhysicsWorld         - Using strategy: BRUTE_FORCE
12:01:58.028 [FXGL Background Thread 1 ] DEBUG GameScene            - Game scene initialized: 1280x720
12:01:58.041 [FXGL Background Thread 1 ] DEBUG FXGL.DefaultMenu     - createMenuBodyMainMenu()
12:01:58.056 [FXGL Background Thread 1 ] DEBUG FXGL.DefaultMenu     - createOptionsMenu()
12:01:58.067 [FXGL Background Thread 1 ] DEBUG FXGLAssetLoaderServi - Loading from file system: jar:file:///C:/Users/Patryk/.m2/repository/com/github/almasb/fxgl/17.1/fxgl-17.1.jar!/fxglassets/textures/particles/smoke.png
12:01:58.164 [FXGL Background Thread 1 ] DEBUG FXGLAssetLoaderServi - Loading from file system: jar:file:///C:/Users/Patryk/.m2/repository/com/github/almasb/fxgl/17.1/fxgl-17.1.jar!/fxglassets/textures/particles/trace_horizontal.png
12:01:58.190 [FXGL Background Thread 1 ] DEBUG FXGL.DefaultMenu     - createMenuBodyGameMenu()
12:01:58.191 [FXGL Background Thread 1 ] DEBUG FXGL.DefaultMenu     - createOptionsMenu()
12:01:58.207 [FXGL Background Thread 1 ] DEBUG GameApplicationServi - Application scenes initialized
12:01:58.221 [FXGL Background Thread 1 ] DEBUG SystemBundleService  - Loading FXGL system data
12:01:58.227 [FXGL Background Thread 1 ] DEBUG FileSystemAccess     - Reading from: D:\GITHUB ZOOI\IPOSE-FXGL-Mega-Man\system\fxgl.bundle
12:01:58.238 [FXGL Background Thread 1 ] DEBUG SystemBundleService  - Bundle FXGL: {}
12:01:58.238 [FXGL Background Thread 1 ] DEBUG UpdaterService       - Checking for updates
12:01:58.244 [FXGL Background Thread 1 ] DEBUG FXGLApplication      - Loading default localization
12:01:58.245 [FXGL Background Thread 1 ] DEBUG FXGLAssetLoaderServi - Loading from file system: jar:file:///C:/Users/Patryk/.m2/repository/com/github/almasb/fxgl/17.1/fxgl-17.1.jar!/fxglassets/languages/english.lang
12:01:58.250 [FXGL Background Thread 4 ] DEBUG FXGLApplication      - Loading fonts
12:01:58.250 [FXGL Background Thread 4 ] DEBUG FXGLAssetLoaderServi - Loading from file system: jar:file:///C:/Users/Patryk/.m2/repository/com/github/almasb/fxgl/17.1/fxgl-17.1.jar!/fxglassets/ui/fonts/VarelaRound-Regular.ttf
12:01:58.302 [FXGL Background Thread 1 ] INFO  FXGLApplication      - FXGL initialization took: 0,510 sec
12:01:58.311 [JavaFX Application Thread] DEBUG Input                - Registered new binding: Move Right - D
12:01:58.311 [JavaFX Application Thread] DEBUG Input                - Registered new binding: Move Left - A
12:01:58.312 [JavaFX Application Thread] DEBUG Input                - Registered new binding: Jump - Space
12:01:58.312 [JavaFX Application Thread] DEBUG Input                - Registered new binding: Shoot - Enter
12:01:58.312 [JavaFX Application Thread] DEBUG FXGLAssetLoaderServi - Loading from file system: jar:file:///C:/Users/Patryk/.m2/repository/com/github/almasb/fxgl/17.1/fxgl-17.1.jar!/fxglassets/textures/fxgl_icon.png
12:01:58.328 [JavaFX Application Thread] DEBUG FXGLAssetLoaderServi - Loading from file system: jar:file:///C:/Users/Patryk/.m2/repository/com/github/almasb/fxgl/17.1/fxgl-17.1.jar!/fxglassets/textures/fxgl_default_cursor.png
12:01:58.330 [JavaFX Application Thread] DEBUG Input                - Registered new binding: Screenshot - CTRL+8
12:01:58.331 [JavaFX Application Thread] DEBUG Input                - Registered new binding: System info dump - CTRL+9
12:01:58.331 [JavaFX Application Thread] DEBUG Input                - Registered new binding: Restart - CTRL+R
12:01:58.332 [JavaFX Application Thread] DEBUG Input                - Registered new binding: Toggle Debug Camera - CTRL+7
12:01:58.334 [JavaFX Application Thread] DEBUG LoopRunner           - Starting loop
12:01:58.334 [JavaFX Application Thread] DEBUG LoopRunner           - Initializing JavaFX AnimationTimerLoop
12:01:58.337 [JavaFX Application Thread] DEBUG Input                - Clearing active input actions
12:01:58.344 [JavaFX Application Thread] DEBUG GameApplicationServi - Removing overlay from FXGLStartupScene and adding to FXGLMainMenuDummyScene
12:01:58.344 [JavaFX Application Thread] DEBUG PrimaryStageWindow   - FXGLStartupScene -> FXGLMainMenuDummyScene
12:01:58.344 [JavaFX Application Thread] DEBUG PrimaryStageWindow   - Push state: FXGLDefaultMenu
12:01:58.348 [JavaFX Application Thread] DEBUG Input                - Clearing active input actions
12:01:58.355 [JavaFX Application Thread] DEBUG GameApplicationServi - Removing overlay from FXGLMainMenuDummyScene and adding to FXGLDefaultMenu
12:01:58.355 [JavaFX Application Thread] DEBUG PrimaryStageWindow   - FXGLMainMenuDummyScene -> FXGLDefaultMenu
12:01:58.567 [FXGL Background Thread 4 ] DEBUG FXGLAssetLoaderServi - Loading from file system: jar:file:///C:/Users/Patryk/.m2/repository/com/github/almasb/fxgl/17.1/fxgl-17.1.jar!/fxglassets/ui/fonts/Abel-Regular.ttf
12:01:58.571 [FXGL Background Thread 4 ] DEBUG FXGLAssetLoaderServi - Loading from file system: jar:file:///C:/Users/Patryk/.m2/repository/com/github/almasb/fxgl/17.1/fxgl-17.1.jar!/fxglassets/ui/fonts/TerminalLandMono-Regular.otf
12:01:58.575 [FXGL Background Thread 4 ] DEBUG FXGLAssetLoaderServi - Loading from file system: jar:file:///C:/Users/Patryk/.m2/repository/com/github/almasb/fxgl/17.1/fxgl-17.1.jar!/fxglassets/ui/fonts/Courier-Prime.ttf
12:01:58.583 [JavaFX Application Thread] DEBUG FXGLApplication      - Registering font factories with UI factory
12:01:58.913 [FXGL Background Thread 2 ] INFO  UpdaterService       - Your current version:  17.1
12:01:58.913 [FXGL Background Thread 2 ] INFO  UpdaterService       - Latest stable version: 17.3
12:01:59.353 [JavaFX Application Thread] DEBUG Menu                 - fireNewGame()
12:01:59.353 [JavaFX Application Thread] DEBUG GameApplicationServi - Starting new game
12:01:59.358 [JavaFX Application Thread] DEBUG PrimaryStageWindow   - Pop state: FXGLDefaultMenu
12:01:59.358 [JavaFX Application Thread] DEBUG Input                - Clearing active input actions
12:01:59.359 [JavaFX Application Thread] DEBUG GameApplicationServi - Removing overlay from FXGLDefaultMenu and adding to FXGLMainMenuDummyScene
12:01:59.359 [JavaFX Application Thread] DEBUG PrimaryStageWindow   - FXGLMainMenuDummyScene <- FXGLDefaultMenu
12:01:59.359 [JavaFX Application Thread] DEBUG Input                - Clearing active input actions
12:01:59.371 [JavaFX Application Thread] DEBUG GameApplicationServi - Removing overlay from FXGLMainMenuDummyScene and adding to FXGLLoadingScene
12:01:59.371 [JavaFX Application Thread] DEBUG PrimaryStageWindow   - FXGLMainMenuDummyScene -> FXGLLoadingScene
12:01:59.371 [JavaFX Application Thread] DEBUG GameApplicationServi - Clearing previous game
12:01:59.371 [JavaFX Application Thread] DEBUG GameScene            - Clearing game scene
12:01:59.371 [JavaFX Application Thread] DEBUG GameWorld            - Clearing game world
12:01:59.371 [JavaFX Application Thread] DEBUG PhysicsWorld         - Clearing physics world
12:01:59.373 [FXGL Background Thread 2 ] DEBUG FXGLApplication      - Initializing game
12:01:59.406 [FXGL Background Thread 2 ] WARN  TMXLevelLoader       - TiledMap generated from 1.10.0. Supported version: 1.4.2. Some features may not be parsed fully.
12:01:59.429 [FXGL Background Thread 2 ] DEBUG TMXLevelLoader       - Parsed TiledMap: file:/D:/GITHUB%20ZOOI/IPOSE-FXGL-Mega-Man/target/classes/assets/levels/level.tmx
12:01:59.430 [FXGL Background Thread 2 ] DEBUG TMXLevelLoader       - Creating tile layer entities
12:01:59.431 [FXGL Background Thread 2 ] DEBUG TilesetLoader        - Loading view for layer Tilelaag 1
12:01:59.531 [FXGL Background Thread 2 ] DEBUG TilesetLoader        - Created buffer with size 28000.0x1400.0
12:01:59.540 [FXGL Background Thread 2 ] DEBUG TMXLevelLoader       - Creating object layer entities
12:01:59.607 [FXGL Background Thread 2 ] DEBUG GameWorld            - Clearing removable entities
12:01:59.607 [FXGL Background Thread 2 ] DEBUG GameWorld            - Setting level: com.almasb.fxgl.entity.level.Level@151aed51
12:01:59.626 [FXGL Background Thread 2 ] WARN  FXGLAssetLoaderServi - Asset "/assets/textures/assets/textures/MegaManIdle.png" was not found!
12:01:59.626 [FXGL Background Thread 2 ] WARN  FXGLAssetLoaderServi - Failed to load IMAGE
12:01:59.650 [FXGL Background Thread 2 ] DEBUG FXGLAssetLoaderServi - Loading from file system: file:/D:/GITHUB%20ZOOI/IPOSE-FXGL-Mega-Man/target/classes/assets/textures/MegaManIdle.png
12:01:59.654 [FXGL Background Thread 2 ] DEBUG FXGLAssetLoaderServi - Loading from file system: file:/D:/GITHUB%20ZOOI/IPOSE-FXGL-Mega-Man/target/classes/assets/textures/background2.jpg
12:02:00.332 [FXGL Background Thread 2 ] INFO  FXGLApplication      - Game initialization took: 0,959 sec
12:02:00.337 [JavaFX Application Thread] DEBUG Input                - Clearing active input actions
12:02:00.347 [JavaFX Application Thread] DEBUG GameApplicationServi - Removing overlay from FXGLLoadingScene and adding to GameScene
12:02:00.348 [JavaFX Application Thread] DEBUG PrimaryStageWindow   - FXGLLoadingScene -> GameScene
12:02:01.244 [FXGL Background Thread 3 ] DEBUG Engine               - Logging environment variables
12:02:01.244 [FXGL Background Thread 3 ] DEBUG Engine               - achievements: []
12:02:01.244 [FXGL Background Thread 3 ] DEBUG Engine               - actualHeight: 720.0
12:02:01.244 [FXGL Background Thread 3 ] DEBUG Engine               - actualHeightProperty: ReadOnlyDoubleProperty [value: 720.0]
12:02:01.244 [FXGL Background Thread 3 ] DEBUG Engine               - actualWidth: 1280.0
12:02:01.244 [FXGL Background Thread 3 ] DEBUG Engine               - actualWidthProperty: ReadOnlyDoubleProperty [value: 1280.0]
12:02:01.244 [FXGL Background Thread 3 ] DEBUG Engine               - appIcon: fxgl_icon.png
12:02:01.244 [FXGL Background Thread 3 ] DEBUG Engine               - applicationMode: DEVELOPER
12:02:01.244 [FXGL Background Thread 3 ] DEBUG Engine               - cSSList: [fxgl_dark.css]
12:02:01.245 [FXGL Background Thread 3 ] DEBUG Engine               - collisionDetectionStrategy: BRUTE_FORCE
12:02:01.245 [FXGL Background Thread 3 ] DEBUG Engine               - configClass: Optional.empty
12:02:01.245 [FXGL Background Thread 3 ] DEBUG Engine               - credits: []
12:02:01.245 [FXGL Background Thread 3 ] DEBUG Engine               - defaultCursor: CursorInfo(imageName=fxgl_default_cursor.png, hotspotX=7.0, hotspotY=6.0)
12:02:01.245 [FXGL Background Thread 3 ] DEBUG Engine               - devBBoxColorProperty: ObjectProperty [value: 0xff0000ff]
12:02:01.245 [FXGL Background Thread 3 ] DEBUG Engine               - devEnableDebugCameraProperty: BooleanProperty [value: false]
12:02:01.245 [FXGL Background Thread 3 ] DEBUG Engine               - devSensorColorProperty: ObjectProperty [value: 0xffff00ff]
12:02:01.245 [FXGL Background Thread 3 ] DEBUG Engine               - devShowBBoxProperty: BooleanProperty [value: false]
12:02:01.245 [FXGL Background Thread 3 ] DEBUG Engine               - devShowPositionProperty: BooleanProperty [value: false]
12:02:01.245 [FXGL Background Thread 3 ] DEBUG Engine               - enabledMenuItems: []
12:02:01.245 [FXGL Background Thread 3 ] DEBUG Engine               - engineServices: [class com.almasb.fxgl.app.services.FXGLAssetLoaderService, class com.almasb.fxgl.app.FXGLApplication$GameApplicationService, class com.almasb.fxgl.app.services.FXGLDialogService, class com.almasb.fxgl.app.services.IOTaskExecutorService, class com.almasb.fxgl.io.FileSystemService, class com.almasb.fxgl.localization.LocalizationService, class com.almasb.fxgl.app.services.SystemBundleService, class com.almasb.fxgl.profile.SaveLoadService, class com.almasb.fxgl.ui.FXGLUIFactoryServiceProvider, class com.almasb.fxgl.ui.FXGLDialogFactoryServiceProvider, class com.almasb.fxgl.audio.AudioPlayer, class com.almasb.fxgl.notification.impl.NotificationServiceProvider, class com.almasb.fxgl.achievement.AchievementService, class com.almasb.fxgl.cutscene.CutsceneService, class com.almasb.fxgl.minigames.MiniGameService, class com.almasb.fxgl.net.NetService, class com.almasb.fxgl.app.services.UpdaterService, class com.almasb.fxgl.dev.DevService]
12:02:01.245 [FXGL Background Thread 3 ] DEBUG Engine               - fontGame: Abel-Regular.ttf
12:02:01.246 [FXGL Background Thread 3 ] DEBUG Engine               - fontMono: TerminalLandMono-Regular.otf
12:02:01.246 [FXGL Background Thread 3 ] DEBUG Engine               - fontText: Courier-Prime.ttf
12:02:01.246 [FXGL Background Thread 3 ] DEBUG Engine               - fontUI: VarelaRound-Regular.ttf
12:02:01.246 [FXGL Background Thread 3 ] DEBUG Engine               - fullScreen: BooleanProperty [value: false]
12:02:01.246 [FXGL Background Thread 3 ] DEBUG Engine               - gameDifficulty: MEDIUM
12:02:01.246 [FXGL Background Thread 3 ] DEBUG Engine               - gameDifficultyProperty: ObjectProperty [value: MEDIUM]
12:02:01.246 [FXGL Background Thread 3 ] DEBUG Engine               - globalMusicVolume: 0.5
12:02:01.246 [FXGL Background Thread 3 ] DEBUG Engine               - globalMusicVolumeProperty: DoubleProperty [value: 0.5]
12:02:01.246 [FXGL Background Thread 3 ] DEBUG Engine               - globalSoundVolume: 0.5
12:02:01.246 [FXGL Background Thread 3 ] DEBUG Engine               - globalSoundVolumeProperty: DoubleProperty [value: 0.5]
12:02:01.246 [FXGL Background Thread 3 ] DEBUG Engine               - height: 720
12:02:01.246 [FXGL Background Thread 3 ] DEBUG Engine               - is3D: false
12:02:01.246 [FXGL Background Thread 3 ] DEBUG Engine               - isAndroid: false
12:02:01.246 [FXGL Background Thread 3 ] DEBUG Engine               - isBrowser: false
12:02:01.246 [FXGL Background Thread 3 ] DEBUG Engine               - isClickFeedbackEnabled: false
12:02:01.246 [FXGL Background Thread 3 ] DEBUG Engine               - isCloseConfirmation: false
12:02:01.246 [FXGL Background Thread 3 ] DEBUG Engine               - isDesktop: true
12:02:01.246 [FXGL Background Thread 3 ] DEBUG Engine               - isDeveloperMenuEnabled: false
12:02:01.246 [FXGL Background Thread 3 ] DEBUG Engine               - isEmbedded: false
12:02:01.247 [FXGL Background Thread 3 ] DEBUG Engine               - isEntityPreloadEnabled: true
12:02:01.247 [FXGL Background Thread 3 ] DEBUG Engine               - isExperimentalTiledLargeMap: false
12:02:01.247 [FXGL Background Thread 3 ] DEBUG Engine               - isFileSystemWriteAllowed: true
12:02:01.247 [FXGL Background Thread 3 ] DEBUG Engine               - isFullScreenAllowed: false
12:02:01.247 [FXGL Background Thread 3 ] DEBUG Engine               - isFullScreenFromStart: false
12:02:01.247 [FXGL Background Thread 3 ] DEBUG Engine               - isGameMenuEnabled: true
12:02:01.247 [FXGL Background Thread 3 ] DEBUG Engine               - isIOS: false
12:02:01.247 [FXGL Background Thread 3 ] DEBUG Engine               - isIntroEnabled: false
12:02:01.247 [FXGL Background Thread 3 ] DEBUG Engine               - isLinux: false
12:02:01.247 [FXGL Background Thread 3 ] DEBUG Engine               - isMac: false
12:02:01.247 [FXGL Background Thread 3 ] DEBUG Engine               - isMainMenuEnabled: true
12:02:01.247 [FXGL Background Thread 3 ] DEBUG Engine               - isManualResizeEnabled: false
12:02:01.247 [FXGL Background Thread 3 ] DEBUG Engine               - isMobile: false
12:02:01.247 [FXGL Background Thread 3 ] DEBUG Engine               - isNative: false
12:02:01.247 [FXGL Background Thread 3 ] DEBUG Engine               - isPauseMusicWhenMinimized: true
12:02:01.247 [FXGL Background Thread 3 ] DEBUG Engine               - isPreserveResizeRatio: false
12:02:01.247 [FXGL Background Thread 3 ] DEBUG Engine               - isProfilingEnabled: false
12:02:01.247 [FXGL Background Thread 3 ] DEBUG Engine               - isScaleAffectedOnResize: true
12:02:01.247 [FXGL Background Thread 3 ] DEBUG Engine               - isSingleStep: false
12:02:01.247 [FXGL Background Thread 3 ] DEBUG Engine               - isUserProfileEnabled: false
12:02:01.247 [FXGL Background Thread 3 ] DEBUG Engine               - isWindows: true
12:02:01.247 [FXGL Background Thread 3 ] DEBUG Engine               - language: ObjectProperty [value: ENGLISH]
12:02:01.247 [FXGL Background Thread 3 ] DEBUG Engine               - menuKey: ESCAPE
12:02:01.247 [FXGL Background Thread 3 ] DEBUG Engine               - mouseSensitivity: 0.2
12:02:01.248 [FXGL Background Thread 3 ] DEBUG Engine               - notificationViewClass: class com.almasb.fxgl.notification.view.XboxNotificationView
12:02:01.248 [FXGL Background Thread 3 ] DEBUG Engine               - pixelsPerMeter: 50.0
12:02:01.248 [FXGL Background Thread 3 ] DEBUG Engine               - platform: WINDOWS
12:02:01.248 [FXGL Background Thread 3 ] DEBUG Engine               - prefHeightProperty: ReadOnlyDoubleProperty [value: 720.0]
12:02:01.248 [FXGL Background Thread 3 ] DEBUG Engine               - prefWidthProperty: ReadOnlyDoubleProperty [value: 1280.0]
12:02:01.248 [FXGL Background Thread 3 ] DEBUG Engine               - profileDir: profiles/
12:02:01.248 [FXGL Background Thread 3 ] DEBUG Engine               - profileName: StringProperty [value: DEFAULT]
12:02:01.248 [FXGL Background Thread 3 ] DEBUG Engine               - randomSeed: -1
12:02:01.248 [FXGL Background Thread 3 ] DEBUG Engine               - runtimeInfo: RuntimeInfo(platform=WINDOWS, version=17.1, build=24.03.2022 17.34)
12:02:01.248 [FXGL Background Thread 3 ] DEBUG Engine               - saveFileExt: sav
12:02:01.248 [FXGL Background Thread 3 ] DEBUG Engine               - scaledHeightProp$fxgl: DoubleProperty [bound, value: 720.0]
12:02:01.248 [FXGL Background Thread 3 ] DEBUG Engine               - scaledWidthProp$fxgl: DoubleProperty [bound, value: 1280.0]
12:02:01.248 [FXGL Background Thread 3 ] DEBUG Engine               - sceneFactory: com.almasb.fxgl.app.scene.SceneFactory@366edbed
12:02:01.249 [FXGL Background Thread 3 ] DEBUG Engine               - secondsIn24h: 60
12:02:01.249 [FXGL Background Thread 3 ] DEBUG Engine               - soundMenuBack: menu/back.wav
12:02:01.249 [FXGL Background Thread 3 ] DEBUG Engine               - soundMenuPress: menu/press.wav
12:02:01.249 [FXGL Background Thread 3 ] DEBUG Engine               - soundMenuSelect: menu/select.wav
12:02:01.249 [FXGL Background Thread 3 ] DEBUG Engine               - soundNotification: core/notification.wav
12:02:01.249 [FXGL Background Thread 3 ] DEBUG Engine               - stageStyle: DECORATED
12:02:01.249 [FXGL Background Thread 3 ] DEBUG Engine               - supportedLanguages: [ENGLISH, FRENCH, GERMAN, HUNGARIAN, RUSSIAN]
12:02:01.249 [FXGL Background Thread 3 ] DEBUG Engine               - ticksPerSecond: -1
12:02:01.249 [FXGL Background Thread 3 ] DEBUG Engine               - title: Tetris Man 2
12:02:01.249 [FXGL Background Thread 3 ] DEBUG Engine               - urlGithub: https://github.com/AlmasB/FXGL
12:02:01.249 [FXGL Background Thread 3 ] DEBUG Engine               - urlLeaderboard: http://fxgl-top.herokuapp.com/
12:02:01.249 [FXGL Background Thread 3 ] DEBUG Engine               - urlPOM: https://raw.githubusercontent.com/AlmasB/FXGL/release/README.md
12:02:01.249 [FXGL Background Thread 3 ] DEBUG Engine               - userAppClass: class com.example.ipose_megaman.Main
12:02:01.249 [FXGL Background Thread 3 ] DEBUG Engine               - version: 1.0
12:02:01.249 [FXGL Background Thread 3 ] DEBUG Engine               - versionCheckDays: 7
12:02:01.249 [FXGL Background Thread 3 ] DEBUG Engine               - width: 1280
12:02:01.249 [FXGL Background Thread 3 ] DEBUG Engine               - Logging services
12:02:01.249 [FXGL Background Thread 3 ] DEBUG Engine               - class com.almasb.fxgl.app.services.FXGLAssetLoaderService
12:02:01.249 [FXGL Background Thread 3 ] DEBUG Engine               - class com.almasb.fxgl.app.FXGLApplication$GameApplicationService
12:02:01.249 [FXGL Background Thread 3 ] DEBUG Engine               - class com.almasb.fxgl.app.services.FXGLDialogService
12:02:01.249 [FXGL Background Thread 3 ] DEBUG Engine               - class com.almasb.fxgl.app.services.IOTaskExecutorService
12:02:01.249 [FXGL Background Thread 3 ] DEBUG Engine               - class com.almasb.fxgl.io.FileSystemService
12:02:01.249 [FXGL Background Thread 3 ] DEBUG Engine               - class com.almasb.fxgl.localization.LocalizationService
12:02:01.249 [FXGL Background Thread 3 ] DEBUG Engine               - class com.almasb.fxgl.app.services.SystemBundleService
12:02:01.249 [FXGL Background Thread 3 ] DEBUG Engine               - class com.almasb.fxgl.profile.SaveLoadService
12:02:01.250 [FXGL Background Thread 3 ] DEBUG Engine               - class com.almasb.fxgl.ui.FXGLUIFactoryServiceProvider
12:02:01.250 [FXGL Background Thread 3 ] DEBUG Engine               - class com.almasb.fxgl.ui.FXGLDialogFactoryServiceProvider
12:02:01.250 [FXGL Background Thread 3 ] DEBUG Engine               - class com.almasb.fxgl.audio.AudioPlayer
12:02:01.250 [FXGL Background Thread 3 ] DEBUG Engine               - class com.almasb.fxgl.notification.impl.NotificationServiceProvider
12:02:01.250 [FXGL Background Thread 3 ] DEBUG Engine               - class com.almasb.fxgl.achievement.AchievementService
12:02:01.250 [FXGL Background Thread 3 ] DEBUG Engine               - class com.almasb.fxgl.cutscene.CutsceneService
12:02:01.250 [FXGL Background Thread 3 ] DEBUG Engine               - class com.almasb.fxgl.minigames.MiniGameService
12:02:01.250 [FXGL Background Thread 3 ] DEBUG Engine               - class com.almasb.fxgl.net.NetService
12:02:01.250 [FXGL Background Thread 3 ] DEBUG Engine               - class com.almasb.fxgl.app.services.UpdaterService
12:02:01.250 [FXGL Background Thread 3 ] DEBUG Engine               - class com.almasb.fxgl.dev.DevService
12:02:02.510 [JavaFX Application Thread] WARN  FXGLAssetLoaderServi - Asset "/assets/sounds/shoot.wav" was not found!
12:02:02.510 [JavaFX Application Thread] WARN  FXGLAssetLoaderServi - Failed to load SOUND
12:02:08.928 [JavaFX Application Thread] WARN  FXGLAssetLoaderServi - Asset "/assets/sounds/shoot.wav" was not found!
12:02:08.928 [JavaFX Application Thread] WARN  FXGLAssetLoaderServi - Failed to load SOUND
12:02:12.183 [JavaFX Application Thread] WARN  FXGLAssetLoaderServi - Asset "/assets/sounds/shoot.wav" was not found!
12:02:12.183 [JavaFX Application Thread] WARN  FXGLAssetLoaderServi - Failed to load SOUND
12:02:16.227 [JavaFX Application Thread] WARN  FXGLAssetLoaderServi - Asset "/assets/sounds/shoot.wav" was not found!
12:02:16.228 [JavaFX Application Thread] WARN  FXGLAssetLoaderServi - Failed to load SOUND
12:02:17.633 [JavaFX Application Thread] WARN  FXGLAssetLoaderServi - Asset "/assets/sounds/shoot.wav" was not found!
12:02:17.633 [JavaFX Application Thread] WARN  FXGLAssetLoaderServi - Failed to load SOUND
12:02:19.732 [JavaFX Application Thread] DEBUG PrimaryStageWindow   - Push state: DialogSubScene
12:02:19.732 [JavaFX Application Thread] DEBUG Input                - Clearing active input actions
12:02:19.732 [JavaFX Application Thread] DEBUG GameApplicationServi - Removing overlay from GameScene and adding to DialogSubScene
12:02:19.732 [JavaFX Application Thread] DEBUG PrimaryStageWindow   - GameScene -> DialogSubScene
12:02:21.420 [JavaFX Application Thread] DEBUG PrimaryStageWindow   - Pop state: DialogSubScene
12:02:21.420 [JavaFX Application Thread] DEBUG Input                - Clearing active input actions
12:02:21.420 [JavaFX Application Thread] DEBUG GameApplicationServi - Removing overlay from DialogSubScene and adding to GameScene
12:02:21.420 [JavaFX Application Thread] DEBUG PrimaryStageWindow   - GameScene <- DialogSubScene
12:02:21.421 [JavaFX Application Thread] WARN  FXGLAssetLoaderServi - Asset "/assets/textures/tilesheet.png" was not found!
12:02:21.421 [JavaFX Application Thread] WARN  FXGLAssetLoaderServi - Failed to load IMAGE
12:02:21.421 [JavaFX Application Thread] DEBUG FXGLAssetLoaderServi - Loading from file system: file:/D:/GITHUB%20ZOOI/IPOSE-FXGL-Mega-Man/target/classes/assets/textures/background1.jpg
12:02:22.669 [JavaFX Application Thread] WARN  FXGLAssetLoaderServi - Asset "/assets/sounds/shoot.wav" was not found!
12:02:22.669 [JavaFX Application Thread] WARN  FXGLAssetLoaderServi - Failed to load SOUND
12:02:23.673 [JavaFX Application Thread] WARN  FXGLAssetLoaderServi - Asset "/assets/sounds/shoot.wav" was not found!
12:02:23.673 [JavaFX Application Thread] WARN  FXGLAssetLoaderServi - Failed to load SOUND
12:02:24.397 [JavaFX Application Thread] WARN  FXGLAssetLoaderServi - Asset "/assets/sounds/shoot.wav" was not found!
12:02:24.397 [JavaFX Application Thread] WARN  FXGLAssetLoaderServi - Failed to load SOUND
12:02:27.357 [JavaFX Application Thread] WARN  FXGLAssetLoaderServi - Asset "/assets/sounds/shoot.wav" was not found!
12:02:27.358 [JavaFX Application Thread] WARN  FXGLAssetLoaderServi - Failed to load SOUND
12:02:28.785 [JavaFX Application Thread] WARN  FXGLAssetLoaderServi - Asset "/assets/sounds/shoot.wav" was not found!
12:02:28.785 [JavaFX Application Thread] WARN  FXGLAssetLoaderServi - Failed to load SOUND
12:02:30.194 [JavaFX Application Thread] DEBUG PrimaryStageWindow   - Push state: DialogSubScene
12:02:30.194 [JavaFX Application Thread] DEBUG Input                - Clearing active input actions
12:02:30.194 [JavaFX Application Thread] DEBUG GameApplicationServi - Removing overlay from GameScene and adding to DialogSubScene
12:02:30.194 [JavaFX Application Thread] DEBUG PrimaryStageWindow   - GameScene -> DialogSubScene
12:02:31.435 [JavaFX Application Thread] DEBUG PrimaryStageWindow   - Pop state: DialogSubScene
12:02:31.435 [JavaFX Application Thread] DEBUG Input                - Clearing active input actions
12:02:31.436 [JavaFX Application Thread] DEBUG GameApplicationServi - Removing overlay from DialogSubScene and adding to GameScene
12:02:31.436 [JavaFX Application Thread] DEBUG PrimaryStageWindow   - GameScene <- DialogSubScene
12:02:31.436 [JavaFX Application Thread] WARN  FXGLAssetLoaderServi - Asset "/assets/textures/tilesheet.png" was not found!
12:02:31.437 [JavaFX Application Thread] WARN  FXGLAssetLoaderServi - Failed to load IMAGE
12:02:31.986 [JavaFX Application Thread] DEBUG PrimaryStageWindow   - Push state: DialogSubScene
12:02:31.986 [JavaFX Application Thread] DEBUG Input                - Clearing active input actions
12:02:31.986 [JavaFX Application Thread] DEBUG GameApplicationServi - Removing overlay from GameScene and adding to DialogSubScene
12:02:31.987 [JavaFX Application Thread] DEBUG PrimaryStageWindow   - GameScene -> DialogSubScene
12:02:33.128 [JavaFX Application Thread] DEBUG PrimaryStageWindow   - Pop state: DialogSubScene
12:02:33.128 [JavaFX Application Thread] DEBUG Input                - Clearing active input actions
12:02:33.128 [JavaFX Application Thread] DEBUG GameApplicationServi - Removing overlay from DialogSubScene and adding to GameScene
12:02:33.128 [JavaFX Application Thread] DEBUG PrimaryStageWindow   - GameScene <- DialogSubScene
12:02:33.128 [JavaFX Application Thread] WARN  FXGLAssetLoaderServi - Asset "/assets/textures/tilesheet.png" was not found!
12:02:33.129 [JavaFX Application Thread] WARN  FXGLAssetLoaderServi - Failed to load IMAGE
12:02:33.911 [JavaFX Application Thread] DEBUG FXGLApplication      - Exiting FXGL
12:02:33.911 [JavaFX Application Thread] DEBUG LoopRunner           - Stopping loop
12:02:33.911 [JavaFX Application Thread] DEBUG SystemBundleService  - Saving FXGL system data
12:02:33.914 [JavaFX Application Thread] DEBUG FileSystemAccess     - Writing to: D:\GITHUB ZOOI\IPOSE-FXGL-Mega-Man\system\fxgl.bundle
12:02:33.916 [JavaFX Application Thread] DEBUG Async                - Shutting down background threads
12:02:33.916 [JavaFX Application Thread] DEBUG PrimaryStageWindow   - Closing main window
12:02:33.928 [JavaFX Application Thread] DEBUG Logger               - Closing Logger
