10:48:16.111 [main                     ] DEBUG Logger               - Configured Logger
10:48:16.133 [main                     ] DEBUG GameApplication      - Logging settings
Title: Tetris Man 2
Version: 1.0
Width: 1280
Height: 720
Fullscreen: false
Intro: false
Profiling: false
Single step:false
App Mode: DEVELOPER
Menu Key: ESCAPE
Stage Style: DECORATED
Scene Factory: class com.almasb.fxgl.app.scene.SceneFactory

10:48:16.446 [JavaFX Application Thread] DEBUG FXGLApplication      - Initializing FXGL
10:48:16.450 [JavaFX Application Thread] INFO  Engine               - FXGL-17.1 (24.03.2022 17.34) on WINDOWS (J:19.0.1 FX:19-ea)
10:48:16.451 [JavaFX Application Thread] DEBUG Engine               - JRE Vendor Name: Oracle Corporation
10:48:16.451 [JavaFX Application Thread] DEBUG Engine               - Running on OS: Windows 11 version 10.0
10:48:16.451 [JavaFX Application Thread] DEBUG Engine               - Architecture: amd64
10:48:16.451 [JavaFX Application Thread] INFO  Engine               - Source code and latest versions at: https://github.com/AlmasB/FXGL
10:48:16.451 [JavaFX Application Thread] INFO  Engine               -       Ask questions and discuss at: https://github.com/AlmasB/FXGL/discussions
10:48:16.451 [JavaFX Application Thread] INFO  Engine               -              Join the FXGL chat at: https://gitter.im/AlmasB/FXGL
10:48:16.509 [JavaFX Application Thread] DEBUG PrimaryStageWindow   - Creating a JavaFX scene
10:48:16.536 [JavaFX Application Thread] DEBUG PrimaryStageWindow   - Target settings size: 1280.0 x 720.0
10:48:16.536 [JavaFX Application Thread] DEBUG PrimaryStageWindow   - Scaled scene size:    1280.0 x 720.0
10:48:16.536 [JavaFX Application Thread] DEBUG PrimaryStageWindow   - Scaled ratio: (1.0, 1.0)
10:48:16.537 [JavaFX Application Thread] DEBUG PrimaryStageWindow   - Set initial scene to FXGLStartupScene
10:48:16.540 [JavaFX Application Thread] DEBUG PrimaryStageWindow   - Opening main window
10:48:16.597 [JavaFX Application Thread] DEBUG PrimaryStageWindow   - Window border size: (16.0, 39.0)
10:48:16.597 [JavaFX Application Thread] DEBUG PrimaryStageWindow   - Scaled size: 1280.0 x 720.0
10:48:16.598 [JavaFX Application Thread] DEBUG PrimaryStageWindow   - Scaled ratio: (1.0, 1.0)
10:48:16.598 [JavaFX Application Thread] DEBUG PrimaryStageWindow   - Scene size: 1280.0 x 720.0
10:48:16.598 [JavaFX Application Thread] DEBUG PrimaryStageWindow   - Stage size: 1296.0 x 759.0
10:48:16.603 [FXGL Background Thread 1 ] DEBUG Engine               - Initializing environment variables
10:48:16.654 [FXGL Background Thread 1 ] DEBUG FXGLAssetLoaderServi - User app class for loading assets: class com.example.ipose_megaman.Main
10:48:16.654 [FXGL Background Thread 1 ] DEBUG GameApplicationServi - Applying CSS: fxgl_dark.css
10:48:16.656 [FXGL Background Thread 1 ] DEBUG FXGLAssetLoaderServi - Loading from file system: jar:file:///C:/Users/julia/.m2/repository/com/github/almasb/fxgl/17.1/fxgl-17.1.jar!/fxglassets/ui/css/fxgl_dark.css
10:48:16.706 [FXGL Background Thread 1 ] DEBUG GameApplicationServi - Initializing application scenes
10:48:16.759 [FXGL Background Thread 1 ] DEBUG GameWorld            - Game world initialized
10:48:16.845 [FXGL Background Thread 1 ] DEBUG PhysicsWorld         - Physics world initialized: appHeight=720, physics.ppm=50,0
10:48:16.845 [FXGL Background Thread 1 ] DEBUG PhysicsWorld         - Using strategy: BRUTE_FORCE
10:48:16.850 [FXGL Background Thread 1 ] DEBUG GameScene            - Game scene initialized: 1280x720
10:48:16.858 [FXGL Background Thread 1 ] DEBUG FXGL.DefaultMenu     - createMenuBodyMainMenu()
10:48:16.870 [FXGL Background Thread 1 ] DEBUG FXGL.DefaultMenu     - createOptionsMenu()
10:48:16.882 [FXGL Background Thread 1 ] DEBUG FXGLAssetLoaderServi - Loading from file system: jar:file:///C:/Users/julia/.m2/repository/com/github/almasb/fxgl/17.1/fxgl-17.1.jar!/fxglassets/textures/particles/smoke.png
10:48:16.975 [FXGL Background Thread 1 ] DEBUG FXGLAssetLoaderServi - Loading from file system: jar:file:///C:/Users/julia/.m2/repository/com/github/almasb/fxgl/17.1/fxgl-17.1.jar!/fxglassets/textures/particles/trace_horizontal.png
10:48:17.000 [FXGL Background Thread 1 ] DEBUG FXGL.DefaultMenu     - createMenuBodyGameMenu()
10:48:17.002 [FXGL Background Thread 1 ] DEBUG FXGL.DefaultMenu     - createOptionsMenu()
10:48:17.010 [FXGL Background Thread 1 ] DEBUG GameApplicationServi - Application scenes initialized
10:48:17.032 [FXGL Background Thread 1 ] DEBUG SystemBundleService  - Loading FXGL system data
10:48:17.038 [FXGL Background Thread 1 ] DEBUG FileSystemAccess     - Reading from: C:\Users\julia\Desktop\IPOSE_MEGAMAN\system\fxgl.bundle
10:48:17.051 [FXGL Background Thread 1 ] DEBUG SystemBundleService  - Bundle FXGL: {}
10:48:17.051 [FXGL Background Thread 1 ] DEBUG UpdaterService       - Checking for updates
10:48:17.060 [FXGL Background Thread 4 ] DEBUG FXGLApplication      - Loading fonts
10:48:17.060 [FXGL Background Thread 4 ] DEBUG FXGLAssetLoaderServi - Loading from file system: jar:file:///C:/Users/julia/.m2/repository/com/github/almasb/fxgl/17.1/fxgl-17.1.jar!/fxglassets/ui/fonts/VarelaRound-Regular.ttf
10:48:17.062 [FXGL Background Thread 1 ] DEBUG FXGLApplication      - Loading default localization
10:48:17.063 [FXGL Background Thread 1 ] DEBUG FXGLAssetLoaderServi - Loading from file system: jar:file:///C:/Users/julia/.m2/repository/com/github/almasb/fxgl/17.1/fxgl-17.1.jar!/fxglassets/languages/english.lang
10:48:17.099 [FXGL Background Thread 1 ] INFO  FXGLApplication      - FXGL initialization took: 0,495 sec
10:48:17.104 [JavaFX Application Thread] DEBUG Input                - Registered new binding: Move Right - D
10:48:17.106 [JavaFX Application Thread] DEBUG Input                - Registered new binding: Move Left - A
10:48:17.106 [JavaFX Application Thread] DEBUG Input                - Registered new binding: Jump - Space
10:48:17.106 [JavaFX Application Thread] DEBUG Input                - Registered new binding: Shoot - Enter
10:48:17.107 [JavaFX Application Thread] DEBUG FXGLAssetLoaderServi - Loading from file system: jar:file:///C:/Users/julia/.m2/repository/com/github/almasb/fxgl/17.1/fxgl-17.1.jar!/fxglassets/textures/fxgl_icon.png
10:48:17.129 [JavaFX Application Thread] DEBUG FXGLAssetLoaderServi - Loading from file system: jar:file:///C:/Users/julia/.m2/repository/com/github/almasb/fxgl/17.1/fxgl-17.1.jar!/fxglassets/textures/fxgl_default_cursor.png
10:48:17.130 [FXGL Background Thread 4 ] DEBUG FXGLAssetLoaderServi - Loading from file system: jar:file:///C:/Users/julia/.m2/repository/com/github/almasb/fxgl/17.1/fxgl-17.1.jar!/fxglassets/ui/fonts/Abel-Regular.ttf
10:48:17.133 [JavaFX Application Thread] DEBUG Input                - Registered new binding: Screenshot - CTRL+8
10:48:17.133 [JavaFX Application Thread] DEBUG Input                - Registered new binding: System info dump - CTRL+9
10:48:17.134 [JavaFX Application Thread] DEBUG Input                - Registered new binding: Restart - CTRL+R
10:48:17.134 [FXGL Background Thread 4 ] DEBUG FXGLAssetLoaderServi - Loading from file system: jar:file:///C:/Users/julia/.m2/repository/com/github/almasb/fxgl/17.1/fxgl-17.1.jar!/fxglassets/ui/fonts/TerminalLandMono-Regular.otf
10:48:17.135 [JavaFX Application Thread] DEBUG Input                - Registered new binding: Toggle Debug Camera - CTRL+7
10:48:17.138 [FXGL Background Thread 4 ] DEBUG FXGLAssetLoaderServi - Loading from file system: jar:file:///C:/Users/julia/.m2/repository/com/github/almasb/fxgl/17.1/fxgl-17.1.jar!/fxglassets/ui/fonts/Courier-Prime.ttf
10:48:17.139 [JavaFX Application Thread] DEBUG LoopRunner           - Starting loop
10:48:17.139 [JavaFX Application Thread] DEBUG LoopRunner           - Initializing JavaFX AnimationTimerLoop
10:48:17.143 [JavaFX Application Thread] DEBUG Input                - Clearing active input actions
10:48:17.149 [JavaFX Application Thread] DEBUG GameApplicationServi - Removing overlay from FXGLStartupScene and adding to FXGLMainMenuDummyScene
10:48:17.150 [JavaFX Application Thread] DEBUG PrimaryStageWindow   - FXGLStartupScene -> FXGLMainMenuDummyScene
10:48:17.150 [JavaFX Application Thread] DEBUG PrimaryStageWindow   - Push state: FXGLDefaultMenu
10:48:17.158 [JavaFX Application Thread] DEBUG Input                - Clearing active input actions
10:48:17.168 [JavaFX Application Thread] DEBUG GameApplicationServi - Removing overlay from FXGLMainMenuDummyScene and adding to FXGLDefaultMenu
10:48:17.169 [JavaFX Application Thread] DEBUG PrimaryStageWindow   - FXGLMainMenuDummyScene -> FXGLDefaultMenu
10:48:17.241 [JavaFX Application Thread] DEBUG FXGLApplication      - Registering font factories with UI factory
10:48:17.722 [FXGL Background Thread 2 ] INFO  UpdaterService       - Your current version:  17.1
10:48:17.722 [FXGL Background Thread 2 ] INFO  UpdaterService       - Latest stable version: 17.3
10:48:18.740 [JavaFX Application Thread] DEBUG FXGLApplication      - Exiting FXGL
10:48:18.741 [JavaFX Application Thread] DEBUG LoopRunner           - Stopping loop
10:48:18.741 [JavaFX Application Thread] DEBUG SystemBundleService  - Saving FXGL system data
10:48:18.744 [JavaFX Application Thread] DEBUG FileSystemAccess     - Writing to: C:\Users\julia\Desktop\IPOSE_MEGAMAN\system\fxgl.bundle
10:48:18.748 [JavaFX Application Thread] DEBUG Async                - Shutting down background threads
10:48:18.749 [JavaFX Application Thread] DEBUG PrimaryStageWindow   - Closing main window
10:48:18.769 [JavaFX Application Thread] DEBUG Logger               - Closing Logger
