08:49:46.949 [main                     ] DEBUG Logger               - Configured Logger
08:49:46.985 [main                     ] DEBUG GameApplication      - Logging settings
Title: Tetris Man 2
Version: 1.0
Width: 1050
Height: 700
Fullscreen: false
Intro: false
Profiling: false
Single step:false
App Mode: DEVELOPER
Menu Key: ESCAPE
Stage Style: DECORATED
Scene Factory: class com.almasb.fxgl.app.scene.SceneFactory

08:49:47.669 [JavaFX Application Thread] DEBUG FXGLApplication      - Initializing FXGL
08:49:47.674 [JavaFX Application Thread] INFO  Engine               - FXGL-17.1 (24.03.2022 17.34) on WINDOWS (J:19.0.2 FX:19-ea)
08:49:47.674 [JavaFX Application Thread] DEBUG Engine               - JRE Vendor Name: Oracle Corporation
08:49:47.674 [JavaFX Application Thread] DEBUG Engine               - Running on OS: Windows 10 version 10.0
08:49:47.674 [JavaFX Application Thread] DEBUG Engine               - Architecture: amd64
08:49:47.674 [JavaFX Application Thread] INFO  Engine               - Source code and latest versions at: https://github.com/AlmasB/FXGL
08:49:47.675 [JavaFX Application Thread] INFO  Engine               -       Ask questions and discuss at: https://github.com/AlmasB/FXGL/discussions
08:49:47.675 [JavaFX Application Thread] INFO  Engine               -              Join the FXGL chat at: https://gitter.im/AlmasB/FXGL
08:49:47.770 [JavaFX Application Thread] DEBUG PrimaryStageWindow   - Creating a JavaFX scene
08:49:47.815 [JavaFX Application Thread] DEBUG PrimaryStageWindow   - Target settings size: 1050.0 x 700.0
08:49:47.816 [JavaFX Application Thread] DEBUG PrimaryStageWindow   - Scaled scene size:    1050.0 x 700.0
08:49:47.816 [JavaFX Application Thread] DEBUG PrimaryStageWindow   - Scaled ratio: (1.0, 1.0)
08:49:47.817 [JavaFX Application Thread] DEBUG PrimaryStageWindow   - Set initial scene to FXGLStartupScene
08:49:47.823 [JavaFX Application Thread] DEBUG PrimaryStageWindow   - Opening main window
08:49:47.922 [JavaFX Application Thread] DEBUG PrimaryStageWindow   - Window border size: (14.800048828125, 37.5999755859375)
08:49:47.922 [JavaFX Application Thread] DEBUG PrimaryStageWindow   - Scaled size: 1050.0 x 700.0
08:49:47.922 [JavaFX Application Thread] DEBUG PrimaryStageWindow   - Scaled ratio: (1.0, 1.0)
08:49:47.922 [JavaFX Application Thread] DEBUG PrimaryStageWindow   - Scene size: 1050.0 x 700.0
08:49:47.922 [JavaFX Application Thread] DEBUG PrimaryStageWindow   - Stage size: 1064.800048828125 x 737.5999755859375
08:49:47.932 [FXGL Background Thread 1 ] DEBUG Engine               - Initializing environment variables
08:49:47.989 [FXGL Background Thread 1 ] DEBUG FXGLAssetLoaderServi - User app class for loading assets: class com.example.ipose_megaman.Main
08:49:47.989 [FXGL Background Thread 1 ] DEBUG GameApplicationServi - Applying CSS: fxgl_dark.css
08:49:47.990 [FXGL Background Thread 1 ] DEBUG FXGLAssetLoaderServi - Loading from file system: jar:file:///C:/Users/Patryk/.m2/repository/com/github/almasb/fxgl/17.1/fxgl-17.1.jar!/fxglassets/ui/css/fxgl_dark.css
08:49:48.052 [FXGL Background Thread 1 ] DEBUG GameApplicationServi - Initializing application scenes
08:49:48.137 [FXGL Background Thread 1 ] DEBUG GameWorld            - Game world initialized
08:49:48.199 [FXGL Background Thread 1 ] DEBUG PhysicsWorld         - Physics world initialized: appHeight=700, physics.ppm=50,0
08:49:48.200 [FXGL Background Thread 1 ] DEBUG PhysicsWorld         - Using strategy: BRUTE_FORCE
08:49:48.207 [FXGL Background Thread 1 ] DEBUG GameScene            - Game scene initialized: 1050x700
08:49:48.222 [FXGL Background Thread 1 ] DEBUG FXGL.DefaultMenu     - createMenuBodyMainMenu()
08:49:48.238 [FXGL Background Thread 1 ] DEBUG FXGL.DefaultMenu     - createOptionsMenu()
08:49:48.253 [FXGL Background Thread 1 ] DEBUG FXGLAssetLoaderServi - Loading from file system: jar:file:///C:/Users/Patryk/.m2/repository/com/github/almasb/fxgl/17.1/fxgl-17.1.jar!/fxglassets/textures/particles/smoke.png
08:49:48.357 [FXGL Background Thread 1 ] DEBUG FXGLAssetLoaderServi - Loading from file system: jar:file:///C:/Users/Patryk/.m2/repository/com/github/almasb/fxgl/17.1/fxgl-17.1.jar!/fxglassets/textures/particles/trace_horizontal.png
08:49:48.390 [FXGL Background Thread 1 ] DEBUG FXGL.DefaultMenu     - createMenuBodyGameMenu()
08:49:48.391 [FXGL Background Thread 1 ] DEBUG FXGL.DefaultMenu     - createOptionsMenu()
08:49:48.406 [FXGL Background Thread 1 ] DEBUG GameApplicationServi - Application scenes initialized
08:49:48.422 [FXGL Background Thread 1 ] DEBUG SystemBundleService  - Loading FXGL system data
08:49:48.426 [FXGL Background Thread 1 ] DEBUG FileSystemAccess     - Reading from: D:\GITHUB ZOOI\IPOSE-FXGL-Mega-Man\system\fxgl.bundle
08:49:48.436 [FXGL Background Thread 1 ] DEBUG SystemBundleService  - Bundle FXGL: {}
08:49:48.436 [FXGL Background Thread 1 ] DEBUG UpdaterService       - Checking for updates
08:49:48.442 [FXGL Background Thread 1 ] DEBUG FXGLApplication      - Loading default localization
08:49:48.443 [FXGL Background Thread 1 ] DEBUG FXGLAssetLoaderServi - Loading from file system: jar:file:///C:/Users/Patryk/.m2/repository/com/github/almasb/fxgl/17.1/fxgl-17.1.jar!/fxglassets/languages/english.lang
08:49:48.446 [FXGL Background Thread 4 ] DEBUG FXGLApplication      - Loading fonts
08:49:48.447 [FXGL Background Thread 4 ] DEBUG FXGLAssetLoaderServi - Loading from file system: jar:file:///C:/Users/Patryk/.m2/repository/com/github/almasb/fxgl/17.1/fxgl-17.1.jar!/fxglassets/ui/fonts/VarelaRound-Regular.ttf
08:49:48.486 [FXGL Background Thread 1 ] INFO  FXGLApplication      - FXGL initialization took: 0,555 sec
08:49:48.509 [JavaFX Application Thread] DEBUG Input                - Registered new binding: Move Right - D
08:49:48.510 [JavaFX Application Thread] DEBUG Input                - Registered new binding: Move Left - A
08:49:48.510 [JavaFX Application Thread] DEBUG Input                - Registered new binding: Jump - Space
08:49:48.510 [JavaFX Application Thread] DEBUG Input                - Registered new binding: Shoot - Enter
08:49:48.510 [JavaFX Application Thread] DEBUG FXGLAssetLoaderServi - Loading from file system: jar:file:///C:/Users/Patryk/.m2/repository/com/github/almasb/fxgl/17.1/fxgl-17.1.jar!/fxglassets/textures/fxgl_icon.png
08:49:48.529 [JavaFX Application Thread] DEBUG FXGLAssetLoaderServi - Loading from file system: jar:file:///C:/Users/Patryk/.m2/repository/com/github/almasb/fxgl/17.1/fxgl-17.1.jar!/fxglassets/textures/fxgl_default_cursor.png
08:49:48.531 [JavaFX Application Thread] DEBUG Input                - Registered new binding: Screenshot - CTRL+8
08:49:48.531 [JavaFX Application Thread] DEBUG Input                - Registered new binding: System info dump - CTRL+9
08:49:48.532 [JavaFX Application Thread] DEBUG Input                - Registered new binding: Restart - CTRL+R
08:49:48.532 [JavaFX Application Thread] DEBUG Input                - Registered new binding: Toggle Debug Camera - CTRL+7
08:49:48.534 [JavaFX Application Thread] DEBUG LoopRunner           - Starting loop
08:49:48.534 [JavaFX Application Thread] DEBUG LoopRunner           - Initializing JavaFX AnimationTimerLoop
08:49:48.536 [JavaFX Application Thread] DEBUG Input                - Clearing active input actions
08:49:48.542 [JavaFX Application Thread] DEBUG GameApplicationServi - Removing overlay from FXGLStartupScene and adding to FXGLMainMenuDummyScene
08:49:48.542 [JavaFX Application Thread] DEBUG PrimaryStageWindow   - FXGLStartupScene -> FXGLMainMenuDummyScene
08:49:48.542 [JavaFX Application Thread] DEBUG PrimaryStageWindow   - Push state: FXGLDefaultMenu
08:49:48.546 [JavaFX Application Thread] DEBUG Input                - Clearing active input actions
08:49:48.554 [JavaFX Application Thread] DEBUG GameApplicationServi - Removing overlay from FXGLMainMenuDummyScene and adding to FXGLDefaultMenu
08:49:48.554 [JavaFX Application Thread] DEBUG PrimaryStageWindow   - FXGLMainMenuDummyScene -> FXGLDefaultMenu
08:49:48.970 [FXGL Background Thread 4 ] DEBUG FXGLAssetLoaderServi - Loading from file system: jar:file:///C:/Users/Patryk/.m2/repository/com/github/almasb/fxgl/17.1/fxgl-17.1.jar!/fxglassets/ui/fonts/Abel-Regular.ttf
08:49:48.975 [FXGL Background Thread 4 ] DEBUG FXGLAssetLoaderServi - Loading from file system: jar:file:///C:/Users/Patryk/.m2/repository/com/github/almasb/fxgl/17.1/fxgl-17.1.jar!/fxglassets/ui/fonts/TerminalLandMono-Regular.otf
08:49:48.987 [FXGL Background Thread 4 ] DEBUG FXGLAssetLoaderServi - Loading from file system: jar:file:///C:/Users/Patryk/.m2/repository/com/github/almasb/fxgl/17.1/fxgl-17.1.jar!/fxglassets/ui/fonts/Courier-Prime.ttf
08:49:49.016 [JavaFX Application Thread] DEBUG FXGLApplication      - Registering font factories with UI factory
08:49:49.326 [FXGL Background Thread 2 ] INFO  UpdaterService       - Your current version:  17.1
08:49:49.326 [FXGL Background Thread 2 ] INFO  UpdaterService       - Latest stable version: 17.3
08:49:49.557 [JavaFX Application Thread] DEBUG Menu                 - fireNewGame()
08:49:49.558 [JavaFX Application Thread] DEBUG GameApplicationServi - Starting new game
08:49:49.560 [JavaFX Application Thread] DEBUG PrimaryStageWindow   - Pop state: FXGLDefaultMenu
08:49:49.560 [JavaFX Application Thread] DEBUG Input                - Clearing active input actions
08:49:49.561 [JavaFX Application Thread] DEBUG GameApplicationServi - Removing overlay from FXGLDefaultMenu and adding to FXGLMainMenuDummyScene
08:49:49.561 [JavaFX Application Thread] DEBUG PrimaryStageWindow   - FXGLMainMenuDummyScene <- FXGLDefaultMenu
08:49:49.562 [JavaFX Application Thread] DEBUG Input                - Clearing active input actions
08:49:49.571 [JavaFX Application Thread] DEBUG GameApplicationServi - Removing overlay from FXGLMainMenuDummyScene and adding to FXGLLoadingScene
08:49:49.571 [JavaFX Application Thread] DEBUG PrimaryStageWindow   - FXGLMainMenuDummyScene -> FXGLLoadingScene
08:49:49.571 [JavaFX Application Thread] DEBUG GameApplicationServi - Clearing previous game
08:49:49.571 [JavaFX Application Thread] DEBUG GameScene            - Clearing game scene
08:49:49.571 [JavaFX Application Thread] DEBUG GameWorld            - Clearing game world
08:49:49.571 [JavaFX Application Thread] DEBUG PhysicsWorld         - Clearing physics world
08:49:49.573 [FXGL Background Thread 2 ] DEBUG FXGLApplication      - Initializing game
08:49:49.698 [FXGL Background Thread 2 ] WARN  TMXLevelLoader       - TiledMap generated from 1.10.0. Supported version: 1.4.2. Some features may not be parsed fully.
08:49:49.708 [FXGL Background Thread 2 ] DEBUG TMXLevelLoader       - Parsed TiledMap: file:/D:/GITHUB%20ZOOI/IPOSE-FXGL-Mega-Man/target/classes/assets/levels/level0.tmx
08:49:49.709 [FXGL Background Thread 2 ] DEBUG TMXLevelLoader       - Creating tile layer entities
08:49:49.711 [FXGL Background Thread 2 ] DEBUG TilesetLoader        - Loading view for layer Tilelaag 1
08:49:49.728 [FXGL Background Thread 2 ] DEBUG TilesetLoader        - Created buffer with size 7000.0x1050.0
08:49:49.731 [FXGL Background Thread 2 ] DEBUG TMXLevelLoader       - Creating object layer entities
08:49:49.752 [FXGL Background Thread 2 ] DEBUG GameWorld            - Clearing removable entities
08:49:49.753 [FXGL Background Thread 2 ] DEBUG GameWorld            - Setting level: com.almasb.fxgl.entity.level.Level@15d47db8
08:49:49.761 [FXGL Background Thread 2 ] WARN  FXGLAssetLoaderServi - Asset "/assets/textures/assets/textures/MegaManIdle.png" was not found!
08:49:49.761 [FXGL Background Thread 2 ] WARN  FXGLAssetLoaderServi - Failed to load IMAGE
08:49:50.480 [FXGL Background Thread 2 ] DEBUG FXGLAssetLoaderServi - Loading from file system: file:/D:/GITHUB%20ZOOI/IPOSE-FXGL-Mega-Man/target/classes/assets/textures/MegaManIdle.png
08:49:50.483 [FXGL Background Thread 2 ] DEBUG FXGLAssetLoaderServi - Loading from file system: file:/D:/GITHUB%20ZOOI/IPOSE-FXGL-Mega-Man/target/classes/assets/textures/clouds.jpg
08:49:50.505 [FXGL Background Thread 2 ] INFO  FXGLApplication      - Game initialization took: 0,931 sec
08:49:50.508 [JavaFX Application Thread] DEBUG Input                - Clearing active input actions
08:49:50.513 [JavaFX Application Thread] DEBUG GameApplicationServi - Removing overlay from FXGLLoadingScene and adding to GameScene
08:49:50.513 [JavaFX Application Thread] DEBUG PrimaryStageWindow   - FXGLLoadingScene -> GameScene
08:49:51.443 [FXGL Background Thread 3 ] DEBUG Engine               - Logging environment variables
08:49:51.443 [FXGL Background Thread 3 ] DEBUG Engine               - achievements: []
08:49:51.444 [FXGL Background Thread 3 ] DEBUG Engine               - actualHeight: 700.0
08:49:51.444 [FXGL Background Thread 3 ] DEBUG Engine               - actualHeightProperty: ReadOnlyDoubleProperty [value: 700.0]
08:49:51.444 [FXGL Background Thread 3 ] DEBUG Engine               - actualWidth: 1050.0
08:49:51.444 [FXGL Background Thread 3 ] DEBUG Engine               - actualWidthProperty: ReadOnlyDoubleProperty [value: 1050.0]
08:49:51.444 [FXGL Background Thread 3 ] DEBUG Engine               - appIcon: fxgl_icon.png
08:49:51.444 [FXGL Background Thread 3 ] DEBUG Engine               - applicationMode: DEVELOPER
08:49:51.444 [FXGL Background Thread 3 ] DEBUG Engine               - cSSList: [fxgl_dark.css]
08:49:51.444 [FXGL Background Thread 3 ] DEBUG Engine               - collisionDetectionStrategy: BRUTE_FORCE
08:49:51.444 [FXGL Background Thread 3 ] DEBUG Engine               - configClass: Optional.empty
08:49:51.444 [FXGL Background Thread 3 ] DEBUG Engine               - credits: []
08:49:51.445 [FXGL Background Thread 3 ] DEBUG Engine               - defaultCursor: CursorInfo(imageName=fxgl_default_cursor.png, hotspotX=7.0, hotspotY=6.0)
08:49:51.445 [FXGL Background Thread 3 ] DEBUG Engine               - devBBoxColorProperty: ObjectProperty [value: 0xff0000ff]
08:49:51.445 [FXGL Background Thread 3 ] DEBUG Engine               - devEnableDebugCameraProperty: BooleanProperty [value: false]
08:49:51.445 [FXGL Background Thread 3 ] DEBUG Engine               - devSensorColorProperty: ObjectProperty [value: 0xffff00ff]
08:49:51.445 [FXGL Background Thread 3 ] DEBUG Engine               - devShowBBoxProperty: BooleanProperty [value: false]
08:49:51.445 [FXGL Background Thread 3 ] DEBUG Engine               - devShowPositionProperty: BooleanProperty [value: false]
08:49:51.445 [FXGL Background Thread 3 ] DEBUG Engine               - enabledMenuItems: []
08:49:51.445 [FXGL Background Thread 3 ] DEBUG Engine               - engineServices: [class com.almasb.fxgl.app.services.FXGLAssetLoaderService, class com.almasb.fxgl.app.FXGLApplication$GameApplicationService, class com.almasb.fxgl.app.services.FXGLDialogService, class com.almasb.fxgl.app.services.IOTaskExecutorService, class com.almasb.fxgl.io.FileSystemService, class com.almasb.fxgl.localization.LocalizationService, class com.almasb.fxgl.app.services.SystemBundleService, class com.almasb.fxgl.profile.SaveLoadService, class com.almasb.fxgl.ui.FXGLUIFactoryServiceProvider, class com.almasb.fxgl.ui.FXGLDialogFactoryServiceProvider, class com.almasb.fxgl.audio.AudioPlayer, class com.almasb.fxgl.notification.impl.NotificationServiceProvider, class com.almasb.fxgl.achievement.AchievementService, class com.almasb.fxgl.cutscene.CutsceneService, class com.almasb.fxgl.minigames.MiniGameService, class com.almasb.fxgl.net.NetService, class com.almasb.fxgl.app.services.UpdaterService, class com.almasb.fxgl.dev.DevService]
08:49:51.445 [FXGL Background Thread 3 ] DEBUG Engine               - fontGame: Abel-Regular.ttf
08:49:51.445 [FXGL Background Thread 3 ] DEBUG Engine               - fontMono: TerminalLandMono-Regular.otf
08:49:51.445 [FXGL Background Thread 3 ] DEBUG Engine               - fontText: Courier-Prime.ttf
08:49:51.445 [FXGL Background Thread 3 ] DEBUG Engine               - fontUI: VarelaRound-Regular.ttf
08:49:51.445 [FXGL Background Thread 3 ] DEBUG Engine               - fullScreen: BooleanProperty [value: false]
08:49:51.445 [FXGL Background Thread 3 ] DEBUG Engine               - gameDifficulty: MEDIUM
08:49:51.445 [FXGL Background Thread 3 ] DEBUG Engine               - gameDifficultyProperty: ObjectProperty [value: MEDIUM]
08:49:51.445 [FXGL Background Thread 3 ] DEBUG Engine               - globalMusicVolume: 0.5
08:49:51.446 [FXGL Background Thread 3 ] DEBUG Engine               - globalMusicVolumeProperty: DoubleProperty [value: 0.5]
08:49:51.446 [FXGL Background Thread 3 ] DEBUG Engine               - globalSoundVolume: 0.5
08:49:51.446 [FXGL Background Thread 3 ] DEBUG Engine               - globalSoundVolumeProperty: DoubleProperty [value: 0.5]
08:49:51.446 [FXGL Background Thread 3 ] DEBUG Engine               - height: 700
08:49:51.446 [FXGL Background Thread 3 ] DEBUG Engine               - is3D: false
08:49:51.446 [FXGL Background Thread 3 ] DEBUG Engine               - isAndroid: false
08:49:51.446 [FXGL Background Thread 3 ] DEBUG Engine               - isBrowser: false
08:49:51.446 [FXGL Background Thread 3 ] DEBUG Engine               - isClickFeedbackEnabled: false
08:49:51.446 [FXGL Background Thread 3 ] DEBUG Engine               - isCloseConfirmation: false
08:49:51.446 [FXGL Background Thread 3 ] DEBUG Engine               - isDesktop: true
08:49:51.446 [FXGL Background Thread 3 ] DEBUG Engine               - isDeveloperMenuEnabled: false
08:49:51.446 [FXGL Background Thread 3 ] DEBUG Engine               - isEmbedded: false
08:49:51.446 [FXGL Background Thread 3 ] DEBUG Engine               - isEntityPreloadEnabled: true
08:49:51.446 [FXGL Background Thread 3 ] DEBUG Engine               - isExperimentalTiledLargeMap: false
08:49:51.446 [FXGL Background Thread 3 ] DEBUG Engine               - isFileSystemWriteAllowed: true
08:49:51.446 [FXGL Background Thread 3 ] DEBUG Engine               - isFullScreenAllowed: false
08:49:51.446 [FXGL Background Thread 3 ] DEBUG Engine               - isFullScreenFromStart: false
08:49:51.447 [FXGL Background Thread 3 ] DEBUG Engine               - isGameMenuEnabled: true
08:49:51.447 [FXGL Background Thread 3 ] DEBUG Engine               - isIOS: false
08:49:51.447 [FXGL Background Thread 3 ] DEBUG Engine               - isIntroEnabled: false
08:49:51.447 [FXGL Background Thread 3 ] DEBUG Engine               - isLinux: false
08:49:51.447 [FXGL Background Thread 3 ] DEBUG Engine               - isMac: false
08:49:51.447 [FXGL Background Thread 3 ] DEBUG Engine               - isMainMenuEnabled: true
08:49:51.447 [FXGL Background Thread 3 ] DEBUG Engine               - isManualResizeEnabled: false
08:49:51.447 [FXGL Background Thread 3 ] DEBUG Engine               - isMobile: false
08:49:51.447 [FXGL Background Thread 3 ] DEBUG Engine               - isNative: false
08:49:51.447 [FXGL Background Thread 3 ] DEBUG Engine               - isPauseMusicWhenMinimized: true
08:49:51.447 [FXGL Background Thread 3 ] DEBUG Engine               - isPreserveResizeRatio: false
08:49:51.447 [FXGL Background Thread 3 ] DEBUG Engine               - isProfilingEnabled: false
08:49:51.447 [FXGL Background Thread 3 ] DEBUG Engine               - isScaleAffectedOnResize: true
08:49:51.447 [FXGL Background Thread 3 ] DEBUG Engine               - isSingleStep: false
08:49:51.447 [FXGL Background Thread 3 ] DEBUG Engine               - isUserProfileEnabled: false
08:49:51.447 [FXGL Background Thread 3 ] DEBUG Engine               - isWindows: true
08:49:51.447 [FXGL Background Thread 3 ] DEBUG Engine               - language: ObjectProperty [value: ENGLISH]
08:49:51.447 [FXGL Background Thread 3 ] DEBUG Engine               - menuKey: ESCAPE
08:49:51.448 [FXGL Background Thread 3 ] DEBUG Engine               - mouseSensitivity: 0.2
08:49:51.448 [FXGL Background Thread 3 ] DEBUG Engine               - notificationViewClass: class com.almasb.fxgl.notification.view.XboxNotificationView
08:49:51.448 [FXGL Background Thread 3 ] DEBUG Engine               - pixelsPerMeter: 50.0
08:49:51.448 [FXGL Background Thread 3 ] DEBUG Engine               - platform: WINDOWS
08:49:51.448 [FXGL Background Thread 3 ] DEBUG Engine               - prefHeightProperty: ReadOnlyDoubleProperty [value: 700.0]
08:49:51.448 [FXGL Background Thread 3 ] DEBUG Engine               - prefWidthProperty: ReadOnlyDoubleProperty [value: 1050.0]
08:49:51.448 [FXGL Background Thread 3 ] DEBUG Engine               - profileDir: profiles/
08:49:51.448 [FXGL Background Thread 3 ] DEBUG Engine               - profileName: StringProperty [value: DEFAULT]
08:49:51.448 [FXGL Background Thread 3 ] DEBUG Engine               - randomSeed: -1
08:49:51.448 [FXGL Background Thread 3 ] DEBUG Engine               - runtimeInfo: RuntimeInfo(platform=WINDOWS, version=17.1, build=24.03.2022 17.34)
08:49:51.448 [FXGL Background Thread 3 ] DEBUG Engine               - saveFileExt: sav
08:49:51.448 [FXGL Background Thread 3 ] DEBUG Engine               - scaledHeightProp$fxgl: DoubleProperty [bound, value: 700.0]
08:49:51.449 [FXGL Background Thread 3 ] DEBUG Engine               - scaledWidthProp$fxgl: DoubleProperty [bound, value: 1050.0]
08:49:51.449 [FXGL Background Thread 3 ] DEBUG Engine               - sceneFactory: com.almasb.fxgl.app.scene.SceneFactory@72793ed1
08:49:51.449 [FXGL Background Thread 3 ] DEBUG Engine               - secondsIn24h: 60
08:49:51.449 [FXGL Background Thread 3 ] DEBUG Engine               - soundMenuBack: menu/back.wav
08:49:51.449 [FXGL Background Thread 3 ] DEBUG Engine               - soundMenuPress: menu/press.wav
08:49:51.449 [FXGL Background Thread 3 ] DEBUG Engine               - soundMenuSelect: menu/select.wav
08:49:51.449 [FXGL Background Thread 3 ] DEBUG Engine               - soundNotification: core/notification.wav
08:49:51.449 [FXGL Background Thread 3 ] DEBUG Engine               - stageStyle: DECORATED
08:49:51.449 [FXGL Background Thread 3 ] DEBUG Engine               - supportedLanguages: [ENGLISH, FRENCH, GERMAN, HUNGARIAN, RUSSIAN]
08:49:51.449 [FXGL Background Thread 3 ] DEBUG Engine               - ticksPerSecond: -1
08:49:51.449 [FXGL Background Thread 3 ] DEBUG Engine               - title: Tetris Man 2
08:49:51.449 [FXGL Background Thread 3 ] DEBUG Engine               - urlGithub: https://github.com/AlmasB/FXGL
08:49:51.449 [FXGL Background Thread 3 ] DEBUG Engine               - urlLeaderboard: http://fxgl-top.herokuapp.com/
08:49:51.449 [FXGL Background Thread 3 ] DEBUG Engine               - urlPOM: https://raw.githubusercontent.com/AlmasB/FXGL/release/README.md
08:49:51.449 [FXGL Background Thread 3 ] DEBUG Engine               - userAppClass: class com.example.ipose_megaman.Main
08:49:51.449 [FXGL Background Thread 3 ] DEBUG Engine               - version: 1.0
08:49:51.449 [FXGL Background Thread 3 ] DEBUG Engine               - versionCheckDays: 7
08:49:51.449 [FXGL Background Thread 3 ] DEBUG Engine               - width: 1050
08:49:51.449 [FXGL Background Thread 3 ] DEBUG Engine               - Logging services
08:49:51.449 [FXGL Background Thread 3 ] DEBUG Engine               - class com.almasb.fxgl.app.services.FXGLAssetLoaderService
08:49:51.450 [FXGL Background Thread 3 ] DEBUG Engine               - class com.almasb.fxgl.app.FXGLApplication$GameApplicationService
08:49:51.450 [FXGL Background Thread 3 ] DEBUG Engine               - class com.almasb.fxgl.app.services.FXGLDialogService
08:49:51.450 [FXGL Background Thread 3 ] DEBUG Engine               - class com.almasb.fxgl.app.services.IOTaskExecutorService
08:49:51.450 [FXGL Background Thread 3 ] DEBUG Engine               - class com.almasb.fxgl.io.FileSystemService
08:49:51.450 [FXGL Background Thread 3 ] DEBUG Engine               - class com.almasb.fxgl.localization.LocalizationService
08:49:51.450 [FXGL Background Thread 3 ] DEBUG Engine               - class com.almasb.fxgl.app.services.SystemBundleService
08:49:51.450 [FXGL Background Thread 3 ] DEBUG Engine               - class com.almasb.fxgl.profile.SaveLoadService
08:49:51.450 [FXGL Background Thread 3 ] DEBUG Engine               - class com.almasb.fxgl.ui.FXGLUIFactoryServiceProvider
08:49:51.450 [FXGL Background Thread 3 ] DEBUG Engine               - class com.almasb.fxgl.ui.FXGLDialogFactoryServiceProvider
08:49:51.450 [FXGL Background Thread 3 ] DEBUG Engine               - class com.almasb.fxgl.audio.AudioPlayer
08:49:51.450 [FXGL Background Thread 3 ] DEBUG Engine               - class com.almasb.fxgl.notification.impl.NotificationServiceProvider
08:49:51.450 [FXGL Background Thread 3 ] DEBUG Engine               - class com.almasb.fxgl.achievement.AchievementService
08:49:51.450 [FXGL Background Thread 3 ] DEBUG Engine               - class com.almasb.fxgl.cutscene.CutsceneService
08:49:51.450 [FXGL Background Thread 3 ] DEBUG Engine               - class com.almasb.fxgl.minigames.MiniGameService
08:49:51.450 [FXGL Background Thread 3 ] DEBUG Engine               - class com.almasb.fxgl.net.NetService
08:49:51.450 [FXGL Background Thread 3 ] DEBUG Engine               - class com.almasb.fxgl.app.services.UpdaterService
08:49:51.450 [FXGL Background Thread 3 ] DEBUG Engine               - class com.almasb.fxgl.dev.DevService
08:50:05.783 [JavaFX Application Thread] DEBUG Input                - Clearing active input actions
08:50:05.788 [JavaFX Application Thread] DEBUG GameApplicationServi - Removing overlay from GameScene and adding to FXGLMainMenuDummyScene
08:50:05.788 [JavaFX Application Thread] DEBUG PrimaryStageWindow   - GameScene -> FXGLMainMenuDummyScene
08:50:05.788 [JavaFX Application Thread] DEBUG PrimaryStageWindow   - Push state: FXGLDefaultMenu
08:50:05.788 [JavaFX Application Thread] DEBUG Input                - Clearing active input actions
08:50:05.790 [JavaFX Application Thread] DEBUG GameApplicationServi - Removing overlay from FXGLMainMenuDummyScene and adding to FXGLDefaultMenu
08:50:05.791 [JavaFX Application Thread] DEBUG PrimaryStageWindow   - FXGLMainMenuDummyScene -> FXGLDefaultMenu
08:50:09.323 [JavaFX Application Thread] DEBUG FXGLApplication      - Exiting FXGL
08:50:09.323 [JavaFX Application Thread] DEBUG LoopRunner           - Stopping loop
08:50:09.323 [JavaFX Application Thread] DEBUG SystemBundleService  - Saving FXGL system data
08:50:09.325 [JavaFX Application Thread] DEBUG FileSystemAccess     - Writing to: D:\GITHUB ZOOI\IPOSE-FXGL-Mega-Man\system\fxgl.bundle
08:50:09.328 [JavaFX Application Thread] DEBUG Async                - Shutting down background threads
08:50:09.328 [JavaFX Application Thread] DEBUG PrimaryStageWindow   - Closing main window
08:50:09.354 [JavaFX Application Thread] DEBUG Logger               - Closing Logger
