12:51:08.802 [main                     ] DEBUG Logger               - Configured Logger
12:51:08.841 [main                     ] DEBUG GameApplication      - Logging settings
Title: Tetris Man 2
Version: 1.0
Width: 1280
Height: 720
Fullscreen: false
Intro: false
Profiling: false
Single step:false
App Mode: DEVELOPER
Menu Key: ESCAPE
Stage Style: DECORATED
Scene Factory: class com.almasb.fxgl.app.scene.SceneFactory

12:51:09.746 [JavaFX Application Thread] DEBUG FXGLApplication      - Initializing FXGL
12:51:09.752 [JavaFX Application Thread] INFO  Engine               - FXGL-17.1 (24.03.2022 17.34) on WINDOWS (J:19.0.2 FX:19-ea)
12:51:09.753 [JavaFX Application Thread] DEBUG Engine               - JRE Vendor Name: Oracle Corporation
12:51:09.753 [JavaFX Application Thread] DEBUG Engine               - Running on OS: Windows 10 version 10.0
12:51:09.753 [JavaFX Application Thread] DEBUG Engine               - Architecture: amd64
12:51:09.753 [JavaFX Application Thread] INFO  Engine               - Source code and latest versions at: https://github.com/AlmasB/FXGL
12:51:09.753 [JavaFX Application Thread] INFO  Engine               -       Ask questions and discuss at: https://github.com/AlmasB/FXGL/discussions
12:51:09.754 [JavaFX Application Thread] INFO  Engine               -              Join the FXGL chat at: https://gitter.im/AlmasB/FXGL
12:51:09.879 [JavaFX Application Thread] DEBUG PrimaryStageWindow   - Creating a JavaFX scene
12:51:09.940 [JavaFX Application Thread] DEBUG PrimaryStageWindow   - Target settings size: 1280.0 x 720.0
12:51:09.940 [JavaFX Application Thread] DEBUG PrimaryStageWindow   - Scaled scene size:    1280.0 x 720.0
12:51:09.941 [JavaFX Application Thread] DEBUG PrimaryStageWindow   - Scaled ratio: (1.0, 1.0)
12:51:09.942 [JavaFX Application Thread] DEBUG PrimaryStageWindow   - Set initial scene to FXGLStartupScene
12:51:09.951 [JavaFX Application Thread] DEBUG PrimaryStageWindow   - Opening main window
12:51:10.083 [JavaFX Application Thread] DEBUG PrimaryStageWindow   - Window border size: (14.4000244140625, 37.5999755859375)
12:51:10.083 [JavaFX Application Thread] DEBUG PrimaryStageWindow   - Scaled size: 1280.0 x 720.0
12:51:10.083 [JavaFX Application Thread] DEBUG PrimaryStageWindow   - Scaled ratio: (1.0, 1.0)
12:51:10.084 [JavaFX Application Thread] DEBUG PrimaryStageWindow   - Scene size: 1280.0 x 720.0
12:51:10.084 [JavaFX Application Thread] DEBUG PrimaryStageWindow   - Stage size: 1294.4000244140625 x 757.5999755859375
12:51:10.096 [FXGL Background Thread 1 ] DEBUG Engine               - Initializing environment variables
12:51:10.173 [FXGL Background Thread 1 ] DEBUG FXGLAssetLoaderServi - User app class for loading assets: class com.example.ipose_megaman.Main
12:51:10.174 [FXGL Background Thread 1 ] DEBUG GameApplicationServi - Applying CSS: fxgl_dark.css
12:51:10.175 [FXGL Background Thread 1 ] DEBUG FXGLAssetLoaderServi - Loading from file system: jar:file:///C:/Users/Patryk/.m2/repository/com/github/almasb/fxgl/17.1/fxgl-17.1.jar!/fxglassets/ui/css/fxgl_dark.css
12:51:10.236 [FXGL Background Thread 1 ] DEBUG GameApplicationServi - Initializing application scenes
12:51:10.332 [FXGL Background Thread 1 ] DEBUG GameWorld            - Game world initialized
12:51:10.415 [FXGL Background Thread 1 ] DEBUG PhysicsWorld         - Physics world initialized: appHeight=720, physics.ppm=50,0
12:51:10.416 [FXGL Background Thread 1 ] DEBUG PhysicsWorld         - Using strategy: BRUTE_FORCE
12:51:10.421 [FXGL Background Thread 1 ] DEBUG GameScene            - Game scene initialized: 1280x720
12:51:10.435 [FXGL Background Thread 1 ] DEBUG FXGL.DefaultMenu     - createMenuBodyMainMenu()
12:51:10.454 [FXGL Background Thread 1 ] DEBUG FXGL.DefaultMenu     - createOptionsMenu()
12:51:10.468 [FXGL Background Thread 1 ] DEBUG FXGLAssetLoaderServi - Loading from file system: jar:file:///C:/Users/Patryk/.m2/repository/com/github/almasb/fxgl/17.1/fxgl-17.1.jar!/fxglassets/textures/particles/smoke.png
12:51:10.601 [FXGL Background Thread 1 ] DEBUG FXGLAssetLoaderServi - Loading from file system: jar:file:///C:/Users/Patryk/.m2/repository/com/github/almasb/fxgl/17.1/fxgl-17.1.jar!/fxglassets/textures/particles/trace_horizontal.png
12:51:10.638 [FXGL Background Thread 1 ] DEBUG FXGL.DefaultMenu     - createMenuBodyGameMenu()
12:51:10.639 [FXGL Background Thread 1 ] DEBUG FXGL.DefaultMenu     - createOptionsMenu()
12:51:10.659 [FXGL Background Thread 1 ] DEBUG GameApplicationServi - Application scenes initialized
12:51:10.676 [FXGL Background Thread 1 ] DEBUG SystemBundleService  - Loading FXGL system data
12:51:10.682 [FXGL Background Thread 1 ] DEBUG FileSystemAccess     - Reading from: D:\GITHUB ZOOI\IPOSE-FXGL-Mega-Man\system\fxgl.bundle
12:51:10.695 [FXGL Background Thread 1 ] DEBUG SystemBundleService  - Bundle FXGL: {}
12:51:10.696 [FXGL Background Thread 1 ] DEBUG UpdaterService       - Checking for updates
12:51:10.702 [FXGL Background Thread 1 ] DEBUG FXGLApplication      - Loading default localization
12:51:10.703 [FXGL Background Thread 1 ] DEBUG FXGLAssetLoaderServi - Loading from file system: jar:file:///C:/Users/Patryk/.m2/repository/com/github/almasb/fxgl/17.1/fxgl-17.1.jar!/fxglassets/languages/english.lang
12:51:10.724 [FXGL Background Thread 1 ] INFO  FXGLApplication      - FXGL initialization took: 0,627 sec
12:51:10.736 [JavaFX Application Thread] DEBUG Input                - Registered new binding: Move Right - D
12:51:10.736 [JavaFX Application Thread] DEBUG Input                - Registered new binding: Move Left - A
12:51:10.736 [JavaFX Application Thread] DEBUG Input                - Registered new binding: Jump - Space
12:51:10.736 [JavaFX Application Thread] DEBUG Input                - Registered new binding: Shoot - Enter
12:51:10.737 [JavaFX Application Thread] DEBUG FXGLAssetLoaderServi - Loading from file system: jar:file:///C:/Users/Patryk/.m2/repository/com/github/almasb/fxgl/17.1/fxgl-17.1.jar!/fxglassets/textures/fxgl_icon.png
12:51:10.761 [JavaFX Application Thread] DEBUG FXGLAssetLoaderServi - Loading from file system: jar:file:///C:/Users/Patryk/.m2/repository/com/github/almasb/fxgl/17.1/fxgl-17.1.jar!/fxglassets/textures/fxgl_default_cursor.png
12:51:10.763 [JavaFX Application Thread] DEBUG Input                - Registered new binding: Screenshot - CTRL+8
12:51:10.764 [JavaFX Application Thread] DEBUG Input                - Registered new binding: System info dump - CTRL+9
12:51:10.764 [JavaFX Application Thread] DEBUG Input                - Registered new binding: Restart - CTRL+R
12:51:10.765 [JavaFX Application Thread] DEBUG Input                - Registered new binding: Toggle Debug Camera - CTRL+7
12:51:10.767 [JavaFX Application Thread] DEBUG LoopRunner           - Starting loop
12:51:10.767 [JavaFX Application Thread] DEBUG LoopRunner           - Initializing JavaFX AnimationTimerLoop
12:51:10.770 [JavaFX Application Thread] DEBUG Input                - Clearing active input actions
12:51:10.780 [JavaFX Application Thread] DEBUG GameApplicationServi - Removing overlay from FXGLStartupScene and adding to FXGLMainMenuDummyScene
12:51:10.780 [JavaFX Application Thread] DEBUG PrimaryStageWindow   - FXGLStartupScene -> FXGLMainMenuDummyScene
12:51:10.780 [JavaFX Application Thread] DEBUG PrimaryStageWindow   - Push state: FXGLDefaultMenu
12:51:10.787 [JavaFX Application Thread] DEBUG Input                - Clearing active input actions
12:51:10.798 [JavaFX Application Thread] DEBUG GameApplicationServi - Removing overlay from FXGLMainMenuDummyScene and adding to FXGLDefaultMenu
12:51:10.798 [JavaFX Application Thread] DEBUG PrimaryStageWindow   - FXGLMainMenuDummyScene -> FXGLDefaultMenu
12:51:10.861 [FXGL Background Thread 4 ] DEBUG FXGLApplication      - Loading fonts
12:51:10.862 [FXGL Background Thread 4 ] DEBUG FXGLAssetLoaderServi - Loading from file system: jar:file:///C:/Users/Patryk/.m2/repository/com/github/almasb/fxgl/17.1/fxgl-17.1.jar!/fxglassets/ui/fonts/VarelaRound-Regular.ttf
12:51:11.194 [FXGL Background Thread 4 ] DEBUG FXGLAssetLoaderServi - Loading from file system: jar:file:///C:/Users/Patryk/.m2/repository/com/github/almasb/fxgl/17.1/fxgl-17.1.jar!/fxglassets/ui/fonts/Abel-Regular.ttf
12:51:11.201 [FXGL Background Thread 4 ] DEBUG FXGLAssetLoaderServi - Loading from file system: jar:file:///C:/Users/Patryk/.m2/repository/com/github/almasb/fxgl/17.1/fxgl-17.1.jar!/fxglassets/ui/fonts/TerminalLandMono-Regular.otf
12:51:11.209 [FXGL Background Thread 4 ] DEBUG FXGLAssetLoaderServi - Loading from file system: jar:file:///C:/Users/Patryk/.m2/repository/com/github/almasb/fxgl/17.1/fxgl-17.1.jar!/fxglassets/ui/fonts/Courier-Prime.ttf
12:51:11.229 [JavaFX Application Thread] DEBUG FXGLApplication      - Registering font factories with UI factory
12:51:11.607 [FXGL Background Thread 2 ] INFO  UpdaterService       - Your current version:  17.1
12:51:11.607 [FXGL Background Thread 2 ] INFO  UpdaterService       - Latest stable version: 17.3
12:51:12.189 [JavaFX Application Thread] DEBUG Menu                 - fireNewGame()
12:51:12.190 [JavaFX Application Thread] DEBUG GameApplicationServi - Starting new game
12:51:12.192 [JavaFX Application Thread] DEBUG PrimaryStageWindow   - Pop state: FXGLDefaultMenu
12:51:12.192 [JavaFX Application Thread] DEBUG Input                - Clearing active input actions
12:51:12.193 [JavaFX Application Thread] DEBUG GameApplicationServi - Removing overlay from FXGLDefaultMenu and adding to FXGLMainMenuDummyScene
12:51:12.193 [JavaFX Application Thread] DEBUG PrimaryStageWindow   - FXGLMainMenuDummyScene <- FXGLDefaultMenu
12:51:12.194 [JavaFX Application Thread] DEBUG Input                - Clearing active input actions
12:51:12.209 [JavaFX Application Thread] DEBUG GameApplicationServi - Removing overlay from FXGLMainMenuDummyScene and adding to FXGLLoadingScene
12:51:12.209 [JavaFX Application Thread] DEBUG PrimaryStageWindow   - FXGLMainMenuDummyScene -> FXGLLoadingScene
12:51:12.209 [JavaFX Application Thread] DEBUG GameApplicationServi - Clearing previous game
12:51:12.209 [JavaFX Application Thread] DEBUG GameScene            - Clearing game scene
12:51:12.209 [JavaFX Application Thread] DEBUG GameWorld            - Clearing game world
12:51:12.209 [JavaFX Application Thread] DEBUG PhysicsWorld         - Clearing physics world
12:51:12.211 [FXGL Background Thread 2 ] DEBUG FXGLApplication      - Initializing game
12:51:12.285 [FXGL Background Thread 2 ] WARN  TMXLevelLoader       - TiledMap generated from 1.10.0. Supported version: 1.4.2. Some features may not be parsed fully.
12:51:12.326 [FXGL Background Thread 2 ] DEBUG TMXLevelLoader       - Parsed TiledMap: file:/D:/GITHUB%20ZOOI/IPOSE-FXGL-Mega-Man/target/classes/assets/levels/level.tmx
12:51:12.328 [FXGL Background Thread 2 ] DEBUG TMXLevelLoader       - Creating tile layer entities
12:51:12.330 [FXGL Background Thread 2 ] DEBUG TilesetLoader        - Loading view for layer Tilelaag 1
12:51:12.460 [FXGL Background Thread 2 ] DEBUG TilesetLoader        - Created buffer with size 28000.0x1400.0
12:51:12.494 [FXGL Background Thread 2 ] DEBUG TMXLevelLoader       - Creating object layer entities
12:51:12.577 [FXGL Background Thread 2 ] DEBUG FXGLAssetLoaderServi - Loading from file system: file:/D:/GITHUB%20ZOOI/IPOSE-FXGL-Mega-Man/target/classes/assets/textures/enemy.png
12:51:12.599 [FXGL Background Thread 2 ] DEBUG GameWorld            - Clearing removable entities
12:51:12.599 [FXGL Background Thread 2 ] DEBUG GameWorld            - Setting level: com.almasb.fxgl.entity.level.Level@2a4194ae
12:51:12.625 [FXGL Background Thread 2 ] WARN  FXGLAssetLoaderServi - Asset "/assets/textures/assets/textures/MegaManIdle.png" was not found!
12:51:12.625 [FXGL Background Thread 2 ] WARN  FXGLAssetLoaderServi - Failed to load IMAGE
12:51:12.657 [FXGL Background Thread 2 ] DEBUG FXGLAssetLoaderServi - Loading from file system: file:/D:/GITHUB%20ZOOI/IPOSE-FXGL-Mega-Man/target/classes/assets/textures/MegaManIdle.png
12:51:12.661 [FXGL Background Thread 2 ] DEBUG FXGLAssetLoaderServi - Loading from file system: file:/D:/GITHUB%20ZOOI/IPOSE-FXGL-Mega-Man/target/classes/assets/textures/background2.jpg
12:51:13.418 [FXGL Background Thread 2 ] INFO  FXGLApplication      - Game initialization took: 1,208 sec
12:51:13.424 [JavaFX Application Thread] DEBUG Input                - Clearing active input actions
12:51:13.442 [JavaFX Application Thread] DEBUG GameApplicationServi - Removing overlay from FXGLLoadingScene and adding to GameScene
12:51:13.443 [JavaFX Application Thread] DEBUG PrimaryStageWindow   - FXGLLoadingScene -> GameScene
12:51:13.700 [FXGL Background Thread 3 ] DEBUG Engine               - Logging environment variables
12:51:13.703 [FXGL Background Thread 3 ] DEBUG Engine               - achievements: []
12:51:13.703 [FXGL Background Thread 3 ] DEBUG Engine               - actualHeight: 720.0
12:51:13.704 [FXGL Background Thread 3 ] DEBUG Engine               - actualHeightProperty: ReadOnlyDoubleProperty [value: 720.0]
12:51:13.704 [FXGL Background Thread 3 ] DEBUG Engine               - actualWidth: 1280.0
12:51:13.704 [FXGL Background Thread 3 ] DEBUG Engine               - actualWidthProperty: ReadOnlyDoubleProperty [value: 1280.0]
12:51:13.704 [FXGL Background Thread 3 ] DEBUG Engine               - appIcon: fxgl_icon.png
12:51:13.704 [FXGL Background Thread 3 ] DEBUG Engine               - applicationMode: DEVELOPER
12:51:13.704 [FXGL Background Thread 3 ] DEBUG Engine               - cSSList: [fxgl_dark.css]
12:51:13.704 [FXGL Background Thread 3 ] DEBUG Engine               - collisionDetectionStrategy: BRUTE_FORCE
12:51:13.704 [FXGL Background Thread 3 ] DEBUG Engine               - configClass: Optional.empty
12:51:13.704 [FXGL Background Thread 3 ] DEBUG Engine               - credits: []
12:51:13.705 [FXGL Background Thread 3 ] DEBUG Engine               - defaultCursor: CursorInfo(imageName=fxgl_default_cursor.png, hotspotX=7.0, hotspotY=6.0)
12:51:13.705 [FXGL Background Thread 3 ] DEBUG Engine               - devBBoxColorProperty: ObjectProperty [value: 0xff0000ff]
12:51:13.705 [FXGL Background Thread 3 ] DEBUG Engine               - devEnableDebugCameraProperty: BooleanProperty [value: false]
12:51:13.706 [FXGL Background Thread 3 ] DEBUG Engine               - devSensorColorProperty: ObjectProperty [value: 0xffff00ff]
12:51:13.706 [FXGL Background Thread 3 ] DEBUG Engine               - devShowBBoxProperty: BooleanProperty [value: false]
12:51:13.706 [FXGL Background Thread 3 ] DEBUG Engine               - devShowPositionProperty: BooleanProperty [value: false]
12:51:13.706 [FXGL Background Thread 3 ] DEBUG Engine               - enabledMenuItems: []
12:51:13.706 [FXGL Background Thread 3 ] DEBUG Engine               - engineServices: [class com.almasb.fxgl.app.services.FXGLAssetLoaderService, class com.almasb.fxgl.app.FXGLApplication$GameApplicationService, class com.almasb.fxgl.app.services.FXGLDialogService, class com.almasb.fxgl.app.services.IOTaskExecutorService, class com.almasb.fxgl.io.FileSystemService, class com.almasb.fxgl.localization.LocalizationService, class com.almasb.fxgl.app.services.SystemBundleService, class com.almasb.fxgl.profile.SaveLoadService, class com.almasb.fxgl.ui.FXGLUIFactoryServiceProvider, class com.almasb.fxgl.ui.FXGLDialogFactoryServiceProvider, class com.almasb.fxgl.audio.AudioPlayer, class com.almasb.fxgl.notification.impl.NotificationServiceProvider, class com.almasb.fxgl.achievement.AchievementService, class com.almasb.fxgl.cutscene.CutsceneService, class com.almasb.fxgl.minigames.MiniGameService, class com.almasb.fxgl.net.NetService, class com.almasb.fxgl.app.services.UpdaterService, class com.almasb.fxgl.dev.DevService]
12:51:13.706 [FXGL Background Thread 3 ] DEBUG Engine               - fontGame: Abel-Regular.ttf
12:51:13.706 [FXGL Background Thread 3 ] DEBUG Engine               - fontMono: TerminalLandMono-Regular.otf
12:51:13.706 [FXGL Background Thread 3 ] DEBUG Engine               - fontText: Courier-Prime.ttf
12:51:13.706 [FXGL Background Thread 3 ] DEBUG Engine               - fontUI: VarelaRound-Regular.ttf
12:51:13.706 [FXGL Background Thread 3 ] DEBUG Engine               - fullScreen: BooleanProperty [value: false]
12:51:13.706 [FXGL Background Thread 3 ] DEBUG Engine               - gameDifficulty: MEDIUM
12:51:13.706 [FXGL Background Thread 3 ] DEBUG Engine               - gameDifficultyProperty: ObjectProperty [value: MEDIUM]
12:51:13.707 [FXGL Background Thread 3 ] DEBUG Engine               - globalMusicVolume: 0.5
12:51:13.707 [FXGL Background Thread 3 ] DEBUG Engine               - globalMusicVolumeProperty: DoubleProperty [value: 0.5]
12:51:13.707 [FXGL Background Thread 3 ] DEBUG Engine               - globalSoundVolume: 0.5
12:51:13.707 [FXGL Background Thread 3 ] DEBUG Engine               - globalSoundVolumeProperty: DoubleProperty [value: 0.5]
12:51:13.707 [FXGL Background Thread 3 ] DEBUG Engine               - height: 720
12:51:13.707 [FXGL Background Thread 3 ] DEBUG Engine               - is3D: false
12:51:13.707 [FXGL Background Thread 3 ] DEBUG Engine               - isAndroid: false
12:51:13.707 [FXGL Background Thread 3 ] DEBUG Engine               - isBrowser: false
12:51:13.707 [FXGL Background Thread 3 ] DEBUG Engine               - isClickFeedbackEnabled: false
12:51:13.707 [FXGL Background Thread 3 ] DEBUG Engine               - isCloseConfirmation: false
12:51:13.707 [FXGL Background Thread 3 ] DEBUG Engine               - isDesktop: true
12:51:13.707 [FXGL Background Thread 3 ] DEBUG Engine               - isDeveloperMenuEnabled: false
12:51:13.707 [FXGL Background Thread 3 ] DEBUG Engine               - isEmbedded: false
12:51:13.707 [FXGL Background Thread 3 ] DEBUG Engine               - isEntityPreloadEnabled: true
12:51:13.707 [FXGL Background Thread 3 ] DEBUG Engine               - isExperimentalTiledLargeMap: false
12:51:13.707 [FXGL Background Thread 3 ] DEBUG Engine               - isFileSystemWriteAllowed: true
12:51:13.708 [FXGL Background Thread 3 ] DEBUG Engine               - isFullScreenAllowed: false
12:51:13.708 [FXGL Background Thread 3 ] DEBUG Engine               - isFullScreenFromStart: false
12:51:13.708 [FXGL Background Thread 3 ] DEBUG Engine               - isGameMenuEnabled: true
12:51:13.708 [FXGL Background Thread 3 ] DEBUG Engine               - isIOS: false
12:51:13.708 [FXGL Background Thread 3 ] DEBUG Engine               - isIntroEnabled: false
12:51:13.708 [FXGL Background Thread 3 ] DEBUG Engine               - isLinux: false
12:51:13.708 [FXGL Background Thread 3 ] DEBUG Engine               - isMac: false
12:51:13.708 [FXGL Background Thread 3 ] DEBUG Engine               - isMainMenuEnabled: true
12:51:13.708 [FXGL Background Thread 3 ] DEBUG Engine               - isManualResizeEnabled: false
12:51:13.708 [FXGL Background Thread 3 ] DEBUG Engine               - isMobile: false
12:51:13.708 [FXGL Background Thread 3 ] DEBUG Engine               - isNative: false
12:51:13.708 [FXGL Background Thread 3 ] DEBUG Engine               - isPauseMusicWhenMinimized: true
12:51:13.708 [FXGL Background Thread 3 ] DEBUG Engine               - isPreserveResizeRatio: false
12:51:13.708 [FXGL Background Thread 3 ] DEBUG Engine               - isProfilingEnabled: false
12:51:13.708 [FXGL Background Thread 3 ] DEBUG Engine               - isScaleAffectedOnResize: true
12:51:13.708 [FXGL Background Thread 3 ] DEBUG Engine               - isSingleStep: false
12:51:13.708 [FXGL Background Thread 3 ] DEBUG Engine               - isUserProfileEnabled: false
12:51:13.709 [FXGL Background Thread 3 ] DEBUG Engine               - isWindows: true
12:51:13.709 [FXGL Background Thread 3 ] DEBUG Engine               - language: ObjectProperty [value: ENGLISH]
12:51:13.709 [FXGL Background Thread 3 ] DEBUG Engine               - menuKey: ESCAPE
12:51:13.709 [FXGL Background Thread 3 ] DEBUG Engine               - mouseSensitivity: 0.2
12:51:13.709 [FXGL Background Thread 3 ] DEBUG Engine               - notificationViewClass: class com.almasb.fxgl.notification.view.XboxNotificationView
12:51:13.709 [FXGL Background Thread 3 ] DEBUG Engine               - pixelsPerMeter: 50.0
12:51:13.709 [FXGL Background Thread 3 ] DEBUG Engine               - platform: WINDOWS
12:51:13.709 [FXGL Background Thread 3 ] DEBUG Engine               - prefHeightProperty: ReadOnlyDoubleProperty [value: 720.0]
12:51:13.709 [FXGL Background Thread 3 ] DEBUG Engine               - prefWidthProperty: ReadOnlyDoubleProperty [value: 1280.0]
12:51:13.709 [FXGL Background Thread 3 ] DEBUG Engine               - profileDir: profiles/
12:51:13.709 [FXGL Background Thread 3 ] DEBUG Engine               - profileName: StringProperty [value: DEFAULT]
12:51:13.709 [FXGL Background Thread 3 ] DEBUG Engine               - randomSeed: -1
12:51:13.710 [FXGL Background Thread 3 ] DEBUG Engine               - runtimeInfo: RuntimeInfo(platform=WINDOWS, version=17.1, build=24.03.2022 17.34)
12:51:13.710 [FXGL Background Thread 3 ] DEBUG Engine               - saveFileExt: sav
12:51:13.710 [FXGL Background Thread 3 ] DEBUG Engine               - scaledHeightProp$fxgl: DoubleProperty [bound, value: 720.0]
12:51:13.710 [FXGL Background Thread 3 ] DEBUG Engine               - scaledWidthProp$fxgl: DoubleProperty [bound, value: 1280.0]
12:51:13.710 [FXGL Background Thread 3 ] DEBUG Engine               - sceneFactory: com.almasb.fxgl.app.scene.SceneFactory@355ff87e
12:51:13.710 [FXGL Background Thread 3 ] DEBUG Engine               - secondsIn24h: 60
12:51:13.710 [FXGL Background Thread 3 ] DEBUG Engine               - soundMenuBack: menu/back.wav
12:51:13.710 [FXGL Background Thread 3 ] DEBUG Engine               - soundMenuPress: menu/press.wav
12:51:13.710 [FXGL Background Thread 3 ] DEBUG Engine               - soundMenuSelect: menu/select.wav
12:51:13.711 [FXGL Background Thread 3 ] DEBUG Engine               - soundNotification: core/notification.wav
12:51:13.711 [FXGL Background Thread 3 ] DEBUG Engine               - stageStyle: DECORATED
12:51:13.711 [FXGL Background Thread 3 ] DEBUG Engine               - supportedLanguages: [ENGLISH, FRENCH, GERMAN, HUNGARIAN, RUSSIAN]
12:51:13.711 [FXGL Background Thread 3 ] DEBUG Engine               - ticksPerSecond: -1
12:51:13.711 [FXGL Background Thread 3 ] DEBUG Engine               - title: Tetris Man 2
12:51:13.711 [FXGL Background Thread 3 ] DEBUG Engine               - urlGithub: https://github.com/AlmasB/FXGL
12:51:13.711 [FXGL Background Thread 3 ] DEBUG Engine               - urlLeaderboard: http://fxgl-top.herokuapp.com/
12:51:13.711 [FXGL Background Thread 3 ] DEBUG Engine               - urlPOM: https://raw.githubusercontent.com/AlmasB/FXGL/release/README.md
12:51:13.711 [FXGL Background Thread 3 ] DEBUG Engine               - userAppClass: class com.example.ipose_megaman.Main
12:51:13.711 [FXGL Background Thread 3 ] DEBUG Engine               - version: 1.0
12:51:13.711 [FXGL Background Thread 3 ] DEBUG Engine               - versionCheckDays: 7
12:51:13.711 [FXGL Background Thread 3 ] DEBUG Engine               - width: 1280
12:51:13.713 [FXGL Background Thread 3 ] DEBUG Engine               - Logging services
12:51:13.713 [FXGL Background Thread 3 ] DEBUG Engine               - class com.almasb.fxgl.app.services.FXGLAssetLoaderService
12:51:13.713 [FXGL Background Thread 3 ] DEBUG Engine               - class com.almasb.fxgl.app.FXGLApplication$GameApplicationService
12:51:13.713 [FXGL Background Thread 3 ] DEBUG Engine               - class com.almasb.fxgl.app.services.FXGLDialogService
12:51:13.713 [FXGL Background Thread 3 ] DEBUG Engine               - class com.almasb.fxgl.app.services.IOTaskExecutorService
12:51:13.713 [FXGL Background Thread 3 ] DEBUG Engine               - class com.almasb.fxgl.io.FileSystemService
12:51:13.713 [FXGL Background Thread 3 ] DEBUG Engine               - class com.almasb.fxgl.localization.LocalizationService
12:51:13.713 [FXGL Background Thread 3 ] DEBUG Engine               - class com.almasb.fxgl.app.services.SystemBundleService
12:51:13.713 [FXGL Background Thread 3 ] DEBUG Engine               - class com.almasb.fxgl.profile.SaveLoadService
12:51:13.713 [FXGL Background Thread 3 ] DEBUG Engine               - class com.almasb.fxgl.ui.FXGLUIFactoryServiceProvider
12:51:13.713 [FXGL Background Thread 3 ] DEBUG Engine               - class com.almasb.fxgl.ui.FXGLDialogFactoryServiceProvider
12:51:13.713 [FXGL Background Thread 3 ] DEBUG Engine               - class com.almasb.fxgl.audio.AudioPlayer
12:51:13.713 [FXGL Background Thread 3 ] DEBUG Engine               - class com.almasb.fxgl.notification.impl.NotificationServiceProvider
12:51:13.714 [FXGL Background Thread 3 ] DEBUG Engine               - class com.almasb.fxgl.achievement.AchievementService
12:51:13.714 [FXGL Background Thread 3 ] DEBUG Engine               - class com.almasb.fxgl.cutscene.CutsceneService
12:51:13.715 [FXGL Background Thread 3 ] DEBUG Engine               - class com.almasb.fxgl.minigames.MiniGameService
12:51:13.715 [FXGL Background Thread 3 ] DEBUG Engine               - class com.almasb.fxgl.net.NetService
12:51:13.715 [FXGL Background Thread 3 ] DEBUG Engine               - class com.almasb.fxgl.app.services.UpdaterService
12:51:13.715 [FXGL Background Thread 3 ] DEBUG Engine               - class com.almasb.fxgl.dev.DevService
12:51:20.250 [JavaFX Application Thread] WARN  FXGLAssetLoaderServi - Asset "/assets/sounds/shoot.wav" was not found!
12:51:20.250 [JavaFX Application Thread] WARN  FXGLAssetLoaderServi - Failed to load SOUND
12:51:21.869 [JavaFX Application Thread] DEBUG FXGLApplication      - Exiting FXGL
12:51:21.869 [JavaFX Application Thread] DEBUG LoopRunner           - Stopping loop
12:51:21.869 [JavaFX Application Thread] DEBUG SystemBundleService  - Saving FXGL system data
12:51:21.873 [JavaFX Application Thread] DEBUG FileSystemAccess     - Writing to: D:\GITHUB ZOOI\IPOSE-FXGL-Mega-Man\system\fxgl.bundle
12:51:21.878 [JavaFX Application Thread] DEBUG Async                - Shutting down background threads
12:51:21.878 [JavaFX Application Thread] DEBUG PrimaryStageWindow   - Closing main window
12:51:21.896 [JavaFX Application Thread] DEBUG Logger               - Closing Logger
