12:44:30.046 [main                     ] DEBUG Logger               - Configured Logger
12:44:30.083 [main                     ] DEBUG GameApplication      - Logging settings
Title: Tetris Man 2
Version: 1.0
Width: 1280
Height: 720
Fullscreen: false
Intro: false
Profiling: false
Single step:false
App Mode: DEVELOPER
Menu Key: ESCAPE
Stage Style: DECORATED
Scene Factory: class com.almasb.fxgl.app.scene.SceneFactory

12:44:31.011 [JavaFX Application Thread] DEBUG FXGLApplication      - Initializing FXGL
12:44:31.017 [JavaFX Application Thread] INFO  Engine               - FXGL-17.1 (24.03.2022 17.34) on WINDOWS (J:19.0.2 FX:19-ea)
12:44:31.018 [JavaFX Application Thread] DEBUG Engine               - JRE Vendor Name: Oracle Corporation
12:44:31.018 [JavaFX Application Thread] DEBUG Engine               - Running on OS: Windows 10 version 10.0
12:44:31.018 [JavaFX Application Thread] DEBUG Engine               - Architecture: amd64
12:44:31.018 [JavaFX Application Thread] INFO  Engine               - Source code and latest versions at: https://github.com/AlmasB/FXGL
12:44:31.019 [JavaFX Application Thread] INFO  Engine               -       Ask questions and discuss at: https://github.com/AlmasB/FXGL/discussions
12:44:31.019 [JavaFX Application Thread] INFO  Engine               -              Join the FXGL chat at: https://gitter.im/AlmasB/FXGL
12:44:31.148 [JavaFX Application Thread] DEBUG PrimaryStageWindow   - Creating a JavaFX scene
12:44:31.210 [JavaFX Application Thread] DEBUG PrimaryStageWindow   - Target settings size: 1280.0 x 720.0
12:44:31.210 [JavaFX Application Thread] DEBUG PrimaryStageWindow   - Scaled scene size:    1280.0 x 720.0
12:44:31.211 [JavaFX Application Thread] DEBUG PrimaryStageWindow   - Scaled ratio: (1.0, 1.0)
12:44:31.212 [JavaFX Application Thread] DEBUG PrimaryStageWindow   - Set initial scene to FXGLStartupScene
12:44:31.223 [JavaFX Application Thread] DEBUG PrimaryStageWindow   - Opening main window
12:44:31.366 [JavaFX Application Thread] DEBUG PrimaryStageWindow   - Window border size: (14.4000244140625, 37.5999755859375)
12:44:31.367 [JavaFX Application Thread] DEBUG PrimaryStageWindow   - Scaled size: 1280.0 x 720.0
12:44:31.367 [JavaFX Application Thread] DEBUG PrimaryStageWindow   - Scaled ratio: (1.0, 1.0)
12:44:31.367 [JavaFX Application Thread] DEBUG PrimaryStageWindow   - Scene size: 1280.0 x 720.0
12:44:31.368 [JavaFX Application Thread] DEBUG PrimaryStageWindow   - Stage size: 1294.4000244140625 x 757.5999755859375
12:44:31.387 [FXGL Background Thread 1 ] DEBUG Engine               - Initializing environment variables
12:44:31.461 [FXGL Background Thread 1 ] DEBUG FXGLAssetLoaderServi - User app class for loading assets: class com.example.ipose_megaman.Main
12:44:31.462 [FXGL Background Thread 1 ] DEBUG GameApplicationServi - Applying CSS: fxgl_dark.css
12:44:31.464 [FXGL Background Thread 1 ] DEBUG FXGLAssetLoaderServi - Loading from file system: jar:file:///C:/Users/Patryk/.m2/repository/com/github/almasb/fxgl/17.1/fxgl-17.1.jar!/fxglassets/ui/css/fxgl_dark.css
12:44:31.533 [FXGL Background Thread 1 ] DEBUG GameApplicationServi - Initializing application scenes
12:44:31.635 [FXGL Background Thread 1 ] DEBUG GameWorld            - Game world initialized
12:44:31.734 [FXGL Background Thread 1 ] DEBUG PhysicsWorld         - Physics world initialized: appHeight=720, physics.ppm=50,0
12:44:31.734 [FXGL Background Thread 1 ] DEBUG PhysicsWorld         - Using strategy: BRUTE_FORCE
12:44:31.740 [FXGL Background Thread 1 ] DEBUG GameScene            - Game scene initialized: 1280x720
12:44:31.753 [FXGL Background Thread 1 ] DEBUG FXGL.DefaultMenu     - createMenuBodyMainMenu()
12:44:31.771 [FXGL Background Thread 1 ] DEBUG FXGL.DefaultMenu     - createOptionsMenu()
12:44:31.786 [FXGL Background Thread 1 ] DEBUG FXGLAssetLoaderServi - Loading from file system: jar:file:///C:/Users/Patryk/.m2/repository/com/github/almasb/fxgl/17.1/fxgl-17.1.jar!/fxglassets/textures/particles/smoke.png
12:44:31.941 [FXGL Background Thread 1 ] DEBUG FXGLAssetLoaderServi - Loading from file system: jar:file:///C:/Users/Patryk/.m2/repository/com/github/almasb/fxgl/17.1/fxgl-17.1.jar!/fxglassets/textures/particles/trace_horizontal.png
12:44:31.988 [FXGL Background Thread 1 ] DEBUG FXGL.DefaultMenu     - createMenuBodyGameMenu()
12:44:31.989 [FXGL Background Thread 1 ] DEBUG FXGL.DefaultMenu     - createOptionsMenu()
12:44:32.037 [FXGL Background Thread 1 ] DEBUG GameApplicationServi - Application scenes initialized
12:44:32.053 [FXGL Background Thread 1 ] DEBUG SystemBundleService  - Loading FXGL system data
12:44:32.059 [FXGL Background Thread 1 ] DEBUG FileSystemAccess     - Reading from: D:\GITHUB ZOOI\IPOSE-FXGL-Mega-Man\system\fxgl.bundle
12:44:32.073 [FXGL Background Thread 1 ] DEBUG SystemBundleService  - Bundle FXGL: {}
12:44:32.073 [FXGL Background Thread 1 ] DEBUG UpdaterService       - Checking for updates
12:44:32.080 [FXGL Background Thread 1 ] DEBUG FXGLApplication      - Loading default localization
12:44:32.081 [FXGL Background Thread 1 ] DEBUG FXGLAssetLoaderServi - Loading from file system: jar:file:///C:/Users/Patryk/.m2/repository/com/github/almasb/fxgl/17.1/fxgl-17.1.jar!/fxglassets/languages/english.lang
12:44:32.105 [FXGL Background Thread 1 ] INFO  FXGLApplication      - FXGL initialization took: 0,717 sec
12:44:32.117 [JavaFX Application Thread] DEBUG Input                - Registered new binding: Move Right - D
12:44:32.117 [JavaFX Application Thread] DEBUG Input                - Registered new binding: Move Left - A
12:44:32.118 [JavaFX Application Thread] DEBUG Input                - Registered new binding: Jump - Space
12:44:32.118 [JavaFX Application Thread] DEBUG Input                - Registered new binding: Shoot - Enter
12:44:32.118 [JavaFX Application Thread] DEBUG FXGLAssetLoaderServi - Loading from file system: jar:file:///C:/Users/Patryk/.m2/repository/com/github/almasb/fxgl/17.1/fxgl-17.1.jar!/fxglassets/textures/fxgl_icon.png
12:44:32.141 [JavaFX Application Thread] DEBUG FXGLAssetLoaderServi - Loading from file system: jar:file:///C:/Users/Patryk/.m2/repository/com/github/almasb/fxgl/17.1/fxgl-17.1.jar!/fxglassets/textures/fxgl_default_cursor.png
12:44:32.143 [JavaFX Application Thread] DEBUG Input                - Registered new binding: Screenshot - CTRL+8
12:44:32.144 [JavaFX Application Thread] DEBUG Input                - Registered new binding: System info dump - CTRL+9
12:44:32.144 [JavaFX Application Thread] DEBUG Input                - Registered new binding: Restart - CTRL+R
12:44:32.145 [JavaFX Application Thread] DEBUG Input                - Registered new binding: Toggle Debug Camera - CTRL+7
12:44:32.148 [JavaFX Application Thread] DEBUG LoopRunner           - Starting loop
12:44:32.148 [JavaFX Application Thread] DEBUG LoopRunner           - Initializing JavaFX AnimationTimerLoop
12:44:32.151 [JavaFX Application Thread] DEBUG Input                - Clearing active input actions
12:44:32.161 [JavaFX Application Thread] DEBUG GameApplicationServi - Removing overlay from FXGLStartupScene and adding to FXGLMainMenuDummyScene
12:44:32.162 [JavaFX Application Thread] DEBUG PrimaryStageWindow   - FXGLStartupScene -> FXGLMainMenuDummyScene
12:44:32.162 [JavaFX Application Thread] DEBUG PrimaryStageWindow   - Push state: FXGLDefaultMenu
12:44:32.170 [JavaFX Application Thread] DEBUG Input                - Clearing active input actions
12:44:32.180 [JavaFX Application Thread] DEBUG GameApplicationServi - Removing overlay from FXGLMainMenuDummyScene and adding to FXGLDefaultMenu
12:44:32.181 [JavaFX Application Thread] DEBUG PrimaryStageWindow   - FXGLMainMenuDummyScene -> FXGLDefaultMenu
12:44:32.193 [FXGL Background Thread 4 ] DEBUG FXGLApplication      - Loading fonts
12:44:32.193 [FXGL Background Thread 4 ] DEBUG FXGLAssetLoaderServi - Loading from file system: jar:file:///C:/Users/Patryk/.m2/repository/com/github/almasb/fxgl/17.1/fxgl-17.1.jar!/fxglassets/ui/fonts/VarelaRound-Regular.ttf
12:44:32.494 [FXGL Background Thread 4 ] DEBUG FXGLAssetLoaderServi - Loading from file system: jar:file:///C:/Users/Patryk/.m2/repository/com/github/almasb/fxgl/17.1/fxgl-17.1.jar!/fxglassets/ui/fonts/Abel-Regular.ttf
12:44:32.500 [FXGL Background Thread 4 ] DEBUG FXGLAssetLoaderServi - Loading from file system: jar:file:///C:/Users/Patryk/.m2/repository/com/github/almasb/fxgl/17.1/fxgl-17.1.jar!/fxglassets/ui/fonts/TerminalLandMono-Regular.otf
12:44:32.505 [FXGL Background Thread 4 ] DEBUG FXGLAssetLoaderServi - Loading from file system: jar:file:///C:/Users/Patryk/.m2/repository/com/github/almasb/fxgl/17.1/fxgl-17.1.jar!/fxglassets/ui/fonts/Courier-Prime.ttf
12:44:32.527 [JavaFX Application Thread] DEBUG FXGLApplication      - Registering font factories with UI factory
12:44:33.075 [FXGL Background Thread 2 ] INFO  UpdaterService       - Your current version:  17.1
12:44:33.076 [FXGL Background Thread 2 ] INFO  UpdaterService       - Latest stable version: 17.3
12:44:33.261 [JavaFX Application Thread] DEBUG Menu                 - fireNewGame()
12:44:33.261 [JavaFX Application Thread] DEBUG GameApplicationServi - Starting new game
12:44:33.263 [JavaFX Application Thread] DEBUG PrimaryStageWindow   - Pop state: FXGLDefaultMenu
12:44:33.263 [JavaFX Application Thread] DEBUG Input                - Clearing active input actions
12:44:33.264 [JavaFX Application Thread] DEBUG GameApplicationServi - Removing overlay from FXGLDefaultMenu and adding to FXGLMainMenuDummyScene
12:44:33.265 [JavaFX Application Thread] DEBUG PrimaryStageWindow   - FXGLMainMenuDummyScene <- FXGLDefaultMenu
12:44:33.265 [JavaFX Application Thread] DEBUG Input                - Clearing active input actions
12:44:33.291 [JavaFX Application Thread] DEBUG GameApplicationServi - Removing overlay from FXGLMainMenuDummyScene and adding to FXGLLoadingScene
12:44:33.291 [JavaFX Application Thread] DEBUG PrimaryStageWindow   - FXGLMainMenuDummyScene -> FXGLLoadingScene
12:44:33.291 [JavaFX Application Thread] DEBUG GameApplicationServi - Clearing previous game
12:44:33.291 [JavaFX Application Thread] DEBUG GameScene            - Clearing game scene
12:44:33.291 [JavaFX Application Thread] DEBUG GameWorld            - Clearing game world
12:44:33.292 [JavaFX Application Thread] DEBUG PhysicsWorld         - Clearing physics world
12:44:33.293 [FXGL Background Thread 2 ] DEBUG FXGLApplication      - Initializing game
12:44:33.342 [FXGL Background Thread 2 ] WARN  TMXLevelLoader       - TiledMap generated from 1.10.0. Supported version: 1.4.2. Some features may not be parsed fully.
12:44:33.384 [FXGL Background Thread 2 ] DEBUG TMXLevelLoader       - Parsed TiledMap: file:/D:/GITHUB%20ZOOI/IPOSE-FXGL-Mega-Man/target/classes/assets/levels/level.tmx
12:44:33.385 [FXGL Background Thread 2 ] DEBUG TMXLevelLoader       - Creating tile layer entities
12:44:33.388 [FXGL Background Thread 2 ] DEBUG TilesetLoader        - Loading view for layer Tilelaag 1
12:44:33.548 [FXGL Background Thread 2 ] DEBUG TilesetLoader        - Created buffer with size 28000.0x1400.0
12:44:33.568 [FXGL Background Thread 2 ] DEBUG TMXLevelLoader       - Creating object layer entities
12:44:33.661 [FXGL Background Thread 2 ] DEBUG GameWorld            - Clearing removable entities
12:44:33.662 [FXGL Background Thread 2 ] DEBUG GameWorld            - Setting level: com.almasb.fxgl.entity.level.Level@780bbd4d
12:44:33.692 [FXGL Background Thread 2 ] WARN  FXGLAssetLoaderServi - Asset "/assets/textures/assets/textures/MegaManIdle.png" was not found!
12:44:33.692 [FXGL Background Thread 2 ] WARN  FXGLAssetLoaderServi - Failed to load IMAGE
12:44:33.710 [FXGL Background Thread 2 ] DEBUG FXGLAssetLoaderServi - Loading from file system: file:/D:/GITHUB%20ZOOI/IPOSE-FXGL-Mega-Man/target/classes/assets/textures/MegaManIdle.png
12:44:33.715 [FXGL Background Thread 2 ] DEBUG FXGLAssetLoaderServi - Loading from file system: file:/D:/GITHUB%20ZOOI/IPOSE-FXGL-Mega-Man/target/classes/assets/textures/background2.jpg
12:44:34.471 [FXGL Background Thread 2 ] INFO  FXGLApplication      - Game initialization took: 1,177 sec
12:44:34.477 [JavaFX Application Thread] DEBUG Input                - Clearing active input actions
12:44:34.488 [JavaFX Application Thread] DEBUG GameApplicationServi - Removing overlay from FXGLLoadingScene and adding to GameScene
12:44:34.489 [JavaFX Application Thread] DEBUG PrimaryStageWindow   - FXGLLoadingScene -> GameScene
12:44:35.079 [FXGL Background Thread 3 ] DEBUG Engine               - Logging environment variables
12:44:35.079 [FXGL Background Thread 3 ] DEBUG Engine               - achievements: []
12:44:35.079 [FXGL Background Thread 3 ] DEBUG Engine               - actualHeight: 720.0
12:44:35.080 [FXGL Background Thread 3 ] DEBUG Engine               - actualHeightProperty: ReadOnlyDoubleProperty [value: 720.0]
12:44:35.080 [FXGL Background Thread 3 ] DEBUG Engine               - actualWidth: 1280.0
12:44:35.080 [FXGL Background Thread 3 ] DEBUG Engine               - actualWidthProperty: ReadOnlyDoubleProperty [value: 1280.0]
12:44:35.080 [FXGL Background Thread 3 ] DEBUG Engine               - appIcon: fxgl_icon.png
12:44:35.080 [FXGL Background Thread 3 ] DEBUG Engine               - applicationMode: DEVELOPER
12:44:35.080 [FXGL Background Thread 3 ] DEBUG Engine               - cSSList: [fxgl_dark.css]
12:44:35.080 [FXGL Background Thread 3 ] DEBUG Engine               - collisionDetectionStrategy: BRUTE_FORCE
12:44:35.080 [FXGL Background Thread 3 ] DEBUG Engine               - configClass: Optional.empty
12:44:35.080 [FXGL Background Thread 3 ] DEBUG Engine               - credits: []
12:44:35.080 [FXGL Background Thread 3 ] DEBUG Engine               - defaultCursor: CursorInfo(imageName=fxgl_default_cursor.png, hotspotX=7.0, hotspotY=6.0)
12:44:35.081 [FXGL Background Thread 3 ] DEBUG Engine               - devBBoxColorProperty: ObjectProperty [value: 0xff0000ff]
12:44:35.081 [FXGL Background Thread 3 ] DEBUG Engine               - devEnableDebugCameraProperty: BooleanProperty [value: false]
12:44:35.081 [FXGL Background Thread 3 ] DEBUG Engine               - devSensorColorProperty: ObjectProperty [value: 0xffff00ff]
12:44:35.081 [FXGL Background Thread 3 ] DEBUG Engine               - devShowBBoxProperty: BooleanProperty [value: false]
12:44:35.081 [FXGL Background Thread 3 ] DEBUG Engine               - devShowPositionProperty: BooleanProperty [value: false]
12:44:35.081 [FXGL Background Thread 3 ] DEBUG Engine               - enabledMenuItems: []
12:44:35.081 [FXGL Background Thread 3 ] DEBUG Engine               - engineServices: [class com.almasb.fxgl.app.services.FXGLAssetLoaderService, class com.almasb.fxgl.app.FXGLApplication$GameApplicationService, class com.almasb.fxgl.app.services.FXGLDialogService, class com.almasb.fxgl.app.services.IOTaskExecutorService, class com.almasb.fxgl.io.FileSystemService, class com.almasb.fxgl.localization.LocalizationService, class com.almasb.fxgl.app.services.SystemBundleService, class com.almasb.fxgl.profile.SaveLoadService, class com.almasb.fxgl.ui.FXGLUIFactoryServiceProvider, class com.almasb.fxgl.ui.FXGLDialogFactoryServiceProvider, class com.almasb.fxgl.audio.AudioPlayer, class com.almasb.fxgl.notification.impl.NotificationServiceProvider, class com.almasb.fxgl.achievement.AchievementService, class com.almasb.fxgl.cutscene.CutsceneService, class com.almasb.fxgl.minigames.MiniGameService, class com.almasb.fxgl.net.NetService, class com.almasb.fxgl.app.services.UpdaterService, class com.almasb.fxgl.dev.DevService]
12:44:35.081 [FXGL Background Thread 3 ] DEBUG Engine               - fontGame: Abel-Regular.ttf
12:44:35.081 [FXGL Background Thread 3 ] DEBUG Engine               - fontMono: TerminalLandMono-Regular.otf
12:44:35.081 [FXGL Background Thread 3 ] DEBUG Engine               - fontText: Courier-Prime.ttf
12:44:35.081 [FXGL Background Thread 3 ] DEBUG Engine               - fontUI: VarelaRound-Regular.ttf
12:44:35.082 [FXGL Background Thread 3 ] DEBUG Engine               - fullScreen: BooleanProperty [value: false]
12:44:35.082 [FXGL Background Thread 3 ] DEBUG Engine               - gameDifficulty: MEDIUM
12:44:35.082 [FXGL Background Thread 3 ] DEBUG Engine               - gameDifficultyProperty: ObjectProperty [value: MEDIUM]
12:44:35.083 [FXGL Background Thread 3 ] DEBUG Engine               - globalMusicVolume: 0.5
12:44:35.084 [FXGL Background Thread 3 ] DEBUG Engine               - globalMusicVolumeProperty: DoubleProperty [value: 0.5]
12:44:35.084 [FXGL Background Thread 3 ] DEBUG Engine               - globalSoundVolume: 0.5
12:44:35.084 [FXGL Background Thread 3 ] DEBUG Engine               - globalSoundVolumeProperty: DoubleProperty [value: 0.5]
12:44:35.084 [FXGL Background Thread 3 ] DEBUG Engine               - height: 720
12:44:35.084 [FXGL Background Thread 3 ] DEBUG Engine               - is3D: false
12:44:35.084 [FXGL Background Thread 3 ] DEBUG Engine               - isAndroid: false
12:44:35.084 [FXGL Background Thread 3 ] DEBUG Engine               - isBrowser: false
12:44:35.084 [FXGL Background Thread 3 ] DEBUG Engine               - isClickFeedbackEnabled: false
12:44:35.084 [FXGL Background Thread 3 ] DEBUG Engine               - isCloseConfirmation: false
12:44:35.085 [FXGL Background Thread 3 ] DEBUG Engine               - isDesktop: true
12:44:35.085 [FXGL Background Thread 3 ] DEBUG Engine               - isDeveloperMenuEnabled: false
12:44:35.085 [FXGL Background Thread 3 ] DEBUG Engine               - isEmbedded: false
12:44:35.085 [FXGL Background Thread 3 ] DEBUG Engine               - isEntityPreloadEnabled: true
12:44:35.085 [FXGL Background Thread 3 ] DEBUG Engine               - isExperimentalTiledLargeMap: false
12:44:35.085 [FXGL Background Thread 3 ] DEBUG Engine               - isFileSystemWriteAllowed: true
12:44:35.085 [FXGL Background Thread 3 ] DEBUG Engine               - isFullScreenAllowed: false
12:44:35.085 [FXGL Background Thread 3 ] DEBUG Engine               - isFullScreenFromStart: false
12:44:35.085 [FXGL Background Thread 3 ] DEBUG Engine               - isGameMenuEnabled: true
12:44:35.085 [FXGL Background Thread 3 ] DEBUG Engine               - isIOS: false
12:44:35.085 [FXGL Background Thread 3 ] DEBUG Engine               - isIntroEnabled: false
12:44:35.086 [FXGL Background Thread 3 ] DEBUG Engine               - isLinux: false
12:44:35.086 [FXGL Background Thread 3 ] DEBUG Engine               - isMac: false
12:44:35.086 [FXGL Background Thread 3 ] DEBUG Engine               - isMainMenuEnabled: true
12:44:35.086 [FXGL Background Thread 3 ] DEBUG Engine               - isManualResizeEnabled: false
12:44:35.086 [FXGL Background Thread 3 ] DEBUG Engine               - isMobile: false
12:44:35.086 [FXGL Background Thread 3 ] DEBUG Engine               - isNative: false
12:44:35.087 [FXGL Background Thread 3 ] DEBUG Engine               - isPauseMusicWhenMinimized: true
12:44:35.087 [FXGL Background Thread 3 ] DEBUG Engine               - isPreserveResizeRatio: false
12:44:35.087 [FXGL Background Thread 3 ] DEBUG Engine               - isProfilingEnabled: false
12:44:35.087 [FXGL Background Thread 3 ] DEBUG Engine               - isScaleAffectedOnResize: true
12:44:35.087 [FXGL Background Thread 3 ] DEBUG Engine               - isSingleStep: false
12:44:35.087 [FXGL Background Thread 3 ] DEBUG Engine               - isUserProfileEnabled: false
12:44:35.087 [FXGL Background Thread 3 ] DEBUG Engine               - isWindows: true
12:44:35.087 [FXGL Background Thread 3 ] DEBUG Engine               - language: ObjectProperty [value: ENGLISH]
12:44:35.087 [FXGL Background Thread 3 ] DEBUG Engine               - menuKey: ESCAPE
12:44:35.087 [FXGL Background Thread 3 ] DEBUG Engine               - mouseSensitivity: 0.2
12:44:35.087 [FXGL Background Thread 3 ] DEBUG Engine               - notificationViewClass: class com.almasb.fxgl.notification.view.XboxNotificationView
12:44:35.088 [FXGL Background Thread 3 ] DEBUG Engine               - pixelsPerMeter: 50.0
12:44:35.088 [FXGL Background Thread 3 ] DEBUG Engine               - platform: WINDOWS
12:44:35.088 [FXGL Background Thread 3 ] DEBUG Engine               - prefHeightProperty: ReadOnlyDoubleProperty [value: 720.0]
12:44:35.088 [FXGL Background Thread 3 ] DEBUG Engine               - prefWidthProperty: ReadOnlyDoubleProperty [value: 1280.0]
12:44:35.088 [FXGL Background Thread 3 ] DEBUG Engine               - profileDir: profiles/
12:44:35.088 [FXGL Background Thread 3 ] DEBUG Engine               - profileName: StringProperty [value: DEFAULT]
12:44:35.088 [FXGL Background Thread 3 ] DEBUG Engine               - randomSeed: -1
12:44:35.089 [FXGL Background Thread 3 ] DEBUG Engine               - runtimeInfo: RuntimeInfo(platform=WINDOWS, version=17.1, build=24.03.2022 17.34)
12:44:35.089 [FXGL Background Thread 3 ] DEBUG Engine               - saveFileExt: sav
12:44:35.089 [FXGL Background Thread 3 ] DEBUG Engine               - scaledHeightProp$fxgl: DoubleProperty [bound, value: 720.0]
12:44:35.089 [FXGL Background Thread 3 ] DEBUG Engine               - scaledWidthProp$fxgl: DoubleProperty [bound, value: 1280.0]
12:44:35.089 [FXGL Background Thread 3 ] DEBUG Engine               - sceneFactory: com.almasb.fxgl.app.scene.SceneFactory@49ade5af
12:44:35.089 [FXGL Background Thread 3 ] DEBUG Engine               - secondsIn24h: 60
12:44:35.089 [FXGL Background Thread 3 ] DEBUG Engine               - soundMenuBack: menu/back.wav
12:44:35.090 [FXGL Background Thread 3 ] DEBUG Engine               - soundMenuPress: menu/press.wav
12:44:35.090 [FXGL Background Thread 3 ] DEBUG Engine               - soundMenuSelect: menu/select.wav
12:44:35.090 [FXGL Background Thread 3 ] DEBUG Engine               - soundNotification: core/notification.wav
12:44:35.090 [FXGL Background Thread 3 ] DEBUG Engine               - stageStyle: DECORATED
12:44:35.090 [FXGL Background Thread 3 ] DEBUG Engine               - supportedLanguages: [ENGLISH, FRENCH, GERMAN, HUNGARIAN, RUSSIAN]
12:44:35.090 [FXGL Background Thread 3 ] DEBUG Engine               - ticksPerSecond: -1
12:44:35.090 [FXGL Background Thread 3 ] DEBUG Engine               - title: Tetris Man 2
12:44:35.090 [FXGL Background Thread 3 ] DEBUG Engine               - urlGithub: https://github.com/AlmasB/FXGL
12:44:35.090 [FXGL Background Thread 3 ] DEBUG Engine               - urlLeaderboard: http://fxgl-top.herokuapp.com/
12:44:35.090 [FXGL Background Thread 3 ] DEBUG Engine               - urlPOM: https://raw.githubusercontent.com/AlmasB/FXGL/release/README.md
12:44:35.090 [FXGL Background Thread 3 ] DEBUG Engine               - userAppClass: class com.example.ipose_megaman.Main
12:44:35.090 [FXGL Background Thread 3 ] DEBUG Engine               - version: 1.0
12:44:35.090 [FXGL Background Thread 3 ] DEBUG Engine               - versionCheckDays: 7
12:44:35.090 [FXGL Background Thread 3 ] DEBUG Engine               - width: 1280
12:44:35.090 [FXGL Background Thread 3 ] DEBUG Engine               - Logging services
12:44:35.090 [FXGL Background Thread 3 ] DEBUG Engine               - class com.almasb.fxgl.app.services.FXGLAssetLoaderService
12:44:35.090 [FXGL Background Thread 3 ] DEBUG Engine               - class com.almasb.fxgl.app.FXGLApplication$GameApplicationService
12:44:35.090 [FXGL Background Thread 3 ] DEBUG Engine               - class com.almasb.fxgl.app.services.FXGLDialogService
12:44:35.091 [FXGL Background Thread 3 ] DEBUG Engine               - class com.almasb.fxgl.app.services.IOTaskExecutorService
12:44:35.091 [FXGL Background Thread 3 ] DEBUG Engine               - class com.almasb.fxgl.io.FileSystemService
12:44:35.091 [FXGL Background Thread 3 ] DEBUG Engine               - class com.almasb.fxgl.localization.LocalizationService
12:44:35.091 [FXGL Background Thread 3 ] DEBUG Engine               - class com.almasb.fxgl.app.services.SystemBundleService
12:44:35.091 [FXGL Background Thread 3 ] DEBUG Engine               - class com.almasb.fxgl.profile.SaveLoadService
12:44:35.091 [FXGL Background Thread 3 ] DEBUG Engine               - class com.almasb.fxgl.ui.FXGLUIFactoryServiceProvider
12:44:35.091 [FXGL Background Thread 3 ] DEBUG Engine               - class com.almasb.fxgl.ui.FXGLDialogFactoryServiceProvider
12:44:35.091 [FXGL Background Thread 3 ] DEBUG Engine               - class com.almasb.fxgl.audio.AudioPlayer
12:44:35.091 [FXGL Background Thread 3 ] DEBUG Engine               - class com.almasb.fxgl.notification.impl.NotificationServiceProvider
12:44:35.091 [FXGL Background Thread 3 ] DEBUG Engine               - class com.almasb.fxgl.achievement.AchievementService
12:44:35.091 [FXGL Background Thread 3 ] DEBUG Engine               - class com.almasb.fxgl.cutscene.CutsceneService
12:44:35.091 [FXGL Background Thread 3 ] DEBUG Engine               - class com.almasb.fxgl.minigames.MiniGameService
12:44:35.091 [FXGL Background Thread 3 ] DEBUG Engine               - class com.almasb.fxgl.net.NetService
12:44:35.091 [FXGL Background Thread 3 ] DEBUG Engine               - class com.almasb.fxgl.app.services.UpdaterService
12:44:35.091 [FXGL Background Thread 3 ] DEBUG Engine               - class com.almasb.fxgl.dev.DevService
12:44:37.272 [JavaFX Application Thread] WARN  FXGLAssetLoaderServi - Asset "/assets/sounds/shoot.wav" was not found!
12:44:37.272 [JavaFX Application Thread] WARN  FXGLAssetLoaderServi - Failed to load SOUND
12:44:45.743 [JavaFX Application Thread] WARN  FXGLAssetLoaderServi - Asset "/assets/sounds/shoot.wav" was not found!
12:44:45.743 [JavaFX Application Thread] WARN  FXGLAssetLoaderServi - Failed to load SOUND
12:44:49.009 [JavaFX Application Thread] WARN  FXGLAssetLoaderServi - Asset "/assets/sounds/shoot.wav" was not found!
12:44:49.009 [JavaFX Application Thread] WARN  FXGLAssetLoaderServi - Failed to load SOUND
12:44:49.548 [JavaFX Application Thread] WARN  FXGLAssetLoaderServi - Asset "/assets/sounds/shoot.wav" was not found!
12:44:49.548 [JavaFX Application Thread] WARN  FXGLAssetLoaderServi - Failed to load SOUND
12:45:06.043 [JavaFX Application Thread] WARN  FXGLAssetLoaderServi - Asset "/assets/sounds/shoot.wav" was not found!
12:45:06.043 [JavaFX Application Thread] WARN  FXGLAssetLoaderServi - Failed to load SOUND
12:45:07.434 [JavaFX Application Thread] WARN  FXGLAssetLoaderServi - Asset "/assets/sounds/shoot.wav" was not found!
12:45:07.434 [JavaFX Application Thread] WARN  FXGLAssetLoaderServi - Failed to load SOUND
12:45:09.156 [JavaFX Application Thread] DEBUG PrimaryStageWindow   - Push state: DialogSubScene
12:45:09.156 [JavaFX Application Thread] DEBUG Input                - Clearing active input actions
12:45:09.157 [JavaFX Application Thread] DEBUG GameApplicationServi - Removing overlay from GameScene and adding to DialogSubScene
12:45:09.157 [JavaFX Application Thread] DEBUG PrimaryStageWindow   - GameScene -> DialogSubScene
12:45:10.188 [JavaFX Application Thread] DEBUG PrimaryStageWindow   - Pop state: DialogSubScene
12:45:10.188 [JavaFX Application Thread] DEBUG Input                - Clearing active input actions
12:45:10.188 [JavaFX Application Thread] DEBUG GameApplicationServi - Removing overlay from DialogSubScene and adding to GameScene
12:45:10.188 [JavaFX Application Thread] DEBUG PrimaryStageWindow   - GameScene <- DialogSubScene
12:45:10.189 [JavaFX Application Thread] WARN  FXGLAssetLoaderServi - Asset "/assets/textures/tilesheet.png" was not found!
12:45:10.189 [JavaFX Application Thread] WARN  FXGLAssetLoaderServi - Failed to load IMAGE
12:45:10.189 [JavaFX Application Thread] DEBUG FXGLAssetLoaderServi - Loading from file system: file:/D:/GITHUB%20ZOOI/IPOSE-FXGL-Mega-Man/target/classes/assets/textures/background1.jpg
12:45:11.024 [JavaFX Application Thread] WARN  FXGLAssetLoaderServi - Asset "/assets/sounds/shoot.wav" was not found!
12:45:11.025 [JavaFX Application Thread] WARN  FXGLAssetLoaderServi - Failed to load SOUND
12:45:12.137 [JavaFX Application Thread] WARN  FXGLAssetLoaderServi - Asset "/assets/sounds/shoot.wav" was not found!
12:45:12.137 [JavaFX Application Thread] WARN  FXGLAssetLoaderServi - Failed to load SOUND
12:45:12.886 [JavaFX Application Thread] WARN  FXGLAssetLoaderServi - Asset "/assets/sounds/shoot.wav" was not found!
12:45:12.886 [JavaFX Application Thread] WARN  FXGLAssetLoaderServi - Failed to load SOUND
12:45:13.846 [JavaFX Application Thread] WARN  FXGLAssetLoaderServi - Asset "/assets/sounds/shoot.wav" was not found!
12:45:13.846 [JavaFX Application Thread] WARN  FXGLAssetLoaderServi - Failed to load SOUND
12:45:16.415 [JavaFX Application Thread] WARN  FXGLAssetLoaderServi - Asset "/assets/sounds/shoot.wav" was not found!
12:45:16.415 [JavaFX Application Thread] WARN  FXGLAssetLoaderServi - Failed to load SOUND
12:45:17.211 [JavaFX Application Thread] WARN  FXGLAssetLoaderServi - Asset "/assets/sounds/shoot.wav" was not found!
12:45:17.211 [JavaFX Application Thread] WARN  FXGLAssetLoaderServi - Failed to load SOUND
12:45:18.973 [JavaFX Application Thread] WARN  FXGLAssetLoaderServi - Asset "/assets/sounds/shoot.wav" was not found!
12:45:18.973 [JavaFX Application Thread] WARN  FXGLAssetLoaderServi - Failed to load SOUND
12:45:20.304 [JavaFX Application Thread] DEBUG PrimaryStageWindow   - Push state: DialogSubScene
12:45:20.305 [JavaFX Application Thread] DEBUG Input                - Clearing active input actions
12:45:20.306 [JavaFX Application Thread] DEBUG GameApplicationServi - Removing overlay from GameScene and adding to DialogSubScene
12:45:20.306 [JavaFX Application Thread] DEBUG PrimaryStageWindow   - GameScene -> DialogSubScene
12:45:29.510 [JavaFX Application Thread] DEBUG PrimaryStageWindow   - Pop state: DialogSubScene
12:45:29.510 [JavaFX Application Thread] DEBUG Input                - Clearing active input actions
12:45:29.511 [JavaFX Application Thread] DEBUG GameApplicationServi - Removing overlay from DialogSubScene and adding to GameScene
12:45:29.511 [JavaFX Application Thread] DEBUG PrimaryStageWindow   - GameScene <- DialogSubScene
12:45:29.511 [JavaFX Application Thread] WARN  FXGLAssetLoaderServi - Asset "/assets/textures/tilesheet.png" was not found!
12:45:29.511 [JavaFX Application Thread] WARN  FXGLAssetLoaderServi - Failed to load IMAGE
12:45:41.755 [JavaFX Application Thread] WARN  FXGLAssetLoaderServi - Asset "/assets/sounds/shoot.wav" was not found!
12:45:41.756 [JavaFX Application Thread] WARN  FXGLAssetLoaderServi - Failed to load SOUND
12:45:42.469 [JavaFX Application Thread] WARN  FXGLAssetLoaderServi - Asset "/assets/sounds/shoot.wav" was not found!
12:45:42.469 [JavaFX Application Thread] WARN  FXGLAssetLoaderServi - Failed to load SOUND
12:45:53.851 [JavaFX Application Thread] WARN  FXGLAssetLoaderServi - Asset "/assets/sounds/shoot.wav" was not found!
12:45:53.851 [JavaFX Application Thread] WARN  FXGLAssetLoaderServi - Failed to load SOUND
12:45:55.296 [JavaFX Application Thread] DEBUG PrimaryStageWindow   - Push state: DialogSubScene
12:45:55.297 [JavaFX Application Thread] DEBUG Input                - Clearing active input actions
12:45:55.298 [JavaFX Application Thread] DEBUG GameApplicationServi - Removing overlay from GameScene and adding to DialogSubScene
12:45:55.298 [JavaFX Application Thread] DEBUG PrimaryStageWindow   - GameScene -> DialogSubScene
12:45:55.908 [JavaFX Application Thread] DEBUG PrimaryStageWindow   - Pop state: DialogSubScene
12:45:55.908 [JavaFX Application Thread] DEBUG Input                - Clearing active input actions
12:45:55.908 [JavaFX Application Thread] DEBUG GameApplicationServi - Removing overlay from DialogSubScene and adding to GameScene
12:45:55.909 [JavaFX Application Thread] DEBUG PrimaryStageWindow   - GameScene <- DialogSubScene
12:45:55.909 [JavaFX Application Thread] WARN  FXGLAssetLoaderServi - Asset "/assets/textures/tilesheet.png" was not found!
12:45:55.909 [JavaFX Application Thread] WARN  FXGLAssetLoaderServi - Failed to load IMAGE
12:45:55.922 [JavaFX Application Thread] DEBUG PrimaryStageWindow   - Push state: DialogSubScene
12:45:55.922 [JavaFX Application Thread] DEBUG Input                - Clearing active input actions
12:45:55.924 [JavaFX Application Thread] DEBUG GameApplicationServi - Removing overlay from GameScene and adding to DialogSubScene
12:45:55.925 [JavaFX Application Thread] DEBUG PrimaryStageWindow   - GameScene -> DialogSubScene
12:46:01.564 [JavaFX Application Thread] DEBUG PrimaryStageWindow   - Pop state: DialogSubScene
12:46:01.564 [JavaFX Application Thread] DEBUG Input                - Clearing active input actions
12:46:01.564 [JavaFX Application Thread] DEBUG GameApplicationServi - Removing overlay from DialogSubScene and adding to GameScene
12:46:01.564 [JavaFX Application Thread] DEBUG PrimaryStageWindow   - GameScene <- DialogSubScene
12:46:01.570 [JavaFX Application Thread] DEBUG Input                - Clearing active input actions
12:46:01.575 [JavaFX Application Thread] DEBUG GameApplicationServi - Removing overlay from GameScene and adding to FXGLMainMenuDummyScene
12:46:01.575 [JavaFX Application Thread] DEBUG PrimaryStageWindow   - GameScene -> FXGLMainMenuDummyScene
12:46:01.575 [JavaFX Application Thread] DEBUG PrimaryStageWindow   - Push state: FXGLDefaultMenu
12:46:01.575 [JavaFX Application Thread] DEBUG Input                - Clearing active input actions
12:46:01.577 [JavaFX Application Thread] DEBUG GameApplicationServi - Removing overlay from FXGLMainMenuDummyScene and adding to FXGLDefaultMenu
12:46:01.577 [JavaFX Application Thread] DEBUG PrimaryStageWindow   - FXGLMainMenuDummyScene -> FXGLDefaultMenu
12:46:10.232 [JavaFX Application Thread] DEBUG FXGLApplication      - Exiting FXGL
12:46:10.232 [JavaFX Application Thread] DEBUG LoopRunner           - Stopping loop
12:46:10.232 [JavaFX Application Thread] DEBUG SystemBundleService  - Saving FXGL system data
12:46:10.234 [JavaFX Application Thread] DEBUG FileSystemAccess     - Writing to: D:\GITHUB ZOOI\IPOSE-FXGL-Mega-Man\system\fxgl.bundle
12:46:10.237 [JavaFX Application Thread] DEBUG Async                - Shutting down background threads
12:46:10.238 [JavaFX Application Thread] DEBUG PrimaryStageWindow   - Closing main window
12:46:10.257 [JavaFX Application Thread] DEBUG Logger               - Closing Logger
