10:14:25.469 [main                     ] DEBUG Logger               - Configured Logger
10:14:25.491 [main                     ] DEBUG GameApplication      - Logging settings
Title: Mega Man, but AWESOME!
Version: 1.0
Width: 1050
Height: 700
Fullscreen: false
Intro: false
Profiling: false
Single step:false
App Mode: DEVELOPER
Menu Key: ESCAPE
Stage Style: DECORATED
Scene Factory: class com.almasb.fxgl.app.scene.SceneFactory

10:14:26.185 [JavaFX Application Thread] DEBUG FXGLApplication      - Initializing FXGL
10:14:26.189 [JavaFX Application Thread] INFO  Engine               - FXGL-17.1 (24.03.2022 17.34) on WINDOWS (J:19.0.2 FX:19-ea)
10:14:26.189 [JavaFX Application Thread] DEBUG Engine               - JRE Vendor Name: Oracle Corporation
10:14:26.190 [JavaFX Application Thread] DEBUG Engine               - Running on OS: Windows 10 version 10.0
10:14:26.190 [JavaFX Application Thread] DEBUG Engine               - Architecture: amd64
10:14:26.190 [JavaFX Application Thread] INFO  Engine               - Source code and latest versions at: https://github.com/AlmasB/FXGL
10:14:26.190 [JavaFX Application Thread] INFO  Engine               -       Ask questions and discuss at: https://github.com/AlmasB/FXGL/discussions
10:14:26.190 [JavaFX Application Thread] INFO  Engine               -              Join the FXGL chat at: https://gitter.im/AlmasB/FXGL
10:14:26.289 [JavaFX Application Thread] DEBUG PrimaryStageWindow   - Creating a JavaFX scene
10:14:26.337 [JavaFX Application Thread] DEBUG PrimaryStageWindow   - Target settings size: 1050.0 x 700.0
10:14:26.337 [JavaFX Application Thread] DEBUG PrimaryStageWindow   - Scaled scene size:    1050.0 x 700.0
10:14:26.337 [JavaFX Application Thread] DEBUG PrimaryStageWindow   - Scaled ratio: (1.0, 1.0)
10:14:26.338 [JavaFX Application Thread] DEBUG PrimaryStageWindow   - Set initial scene to FXGLStartupScene
10:14:26.346 [JavaFX Application Thread] DEBUG PrimaryStageWindow   - Opening main window
10:14:26.441 [JavaFX Application Thread] DEBUG PrimaryStageWindow   - Window border size: (14.800048828125, 37.5999755859375)
10:14:26.441 [JavaFX Application Thread] DEBUG PrimaryStageWindow   - Scaled size: 1050.0 x 700.0
10:14:26.442 [JavaFX Application Thread] DEBUG PrimaryStageWindow   - Scaled ratio: (1.0, 1.0)
10:14:26.442 [JavaFX Application Thread] DEBUG PrimaryStageWindow   - Scene size: 1050.0 x 700.0
10:14:26.442 [JavaFX Application Thread] DEBUG PrimaryStageWindow   - Stage size: 1064.800048828125 x 737.5999755859375
10:14:26.451 [FXGL Background Thread 1 ] DEBUG Engine               - Initializing environment variables
10:14:26.504 [FXGL Background Thread 1 ] DEBUG FXGLAssetLoaderServi - User app class for loading assets: class com.example.ipose_megaman.Main
10:14:26.504 [FXGL Background Thread 1 ] DEBUG GameApplicationServi - Applying CSS: fxgl_dark.css
10:14:26.504 [FXGL Background Thread 1 ] DEBUG FXGLAssetLoaderServi - Loading from file system: jar:file:///C:/Users/Patryk/.m2/repository/com/github/almasb/fxgl/17.1/fxgl-17.1.jar!/fxglassets/ui/css/fxgl_dark.css
10:14:26.552 [FXGL Background Thread 1 ] DEBUG GameApplicationServi - Initializing application scenes
10:14:26.628 [FXGL Background Thread 1 ] DEBUG GameWorld            - Game world initialized
10:14:26.691 [FXGL Background Thread 1 ] DEBUG PhysicsWorld         - Physics world initialized: appHeight=700, physics.ppm=50,0
10:14:26.691 [FXGL Background Thread 1 ] DEBUG PhysicsWorld         - Using strategy: BRUTE_FORCE
10:14:26.699 [FXGL Background Thread 1 ] DEBUG GameScene            - Game scene initialized: 1050x700
10:14:26.713 [FXGL Background Thread 1 ] DEBUG FXGL.DefaultMenu     - createMenuBodyGameMenu()
10:14:26.727 [FXGL Background Thread 1 ] DEBUG FXGL.DefaultMenu     - createOptionsMenu()
10:14:26.740 [FXGL Background Thread 1 ] DEBUG FXGLAssetLoaderServi - Loading from file system: jar:file:///C:/Users/Patryk/.m2/repository/com/github/almasb/fxgl/17.1/fxgl-17.1.jar!/fxglassets/textures/particles/smoke.png
10:14:26.839 [FXGL Background Thread 1 ] DEBUG FXGLAssetLoaderServi - Loading from file system: jar:file:///C:/Users/Patryk/.m2/repository/com/github/almasb/fxgl/17.1/fxgl-17.1.jar!/fxglassets/textures/particles/trace_horizontal.png
10:14:26.870 [FXGL Background Thread 1 ] DEBUG GameApplicationServi - Application scenes initialized
10:14:26.883 [FXGL Background Thread 1 ] DEBUG SystemBundleService  - Loading FXGL system data
10:14:26.888 [FXGL Background Thread 1 ] DEBUG FileSystemAccess     - Reading from: D:\GITHUB ZOOI\IPOSE-FXGL-Mega-Man\system\fxgl.bundle
10:14:26.898 [FXGL Background Thread 1 ] DEBUG SystemBundleService  - Bundle FXGL: {}
10:14:26.898 [FXGL Background Thread 1 ] DEBUG UpdaterService       - Checking for updates
10:14:26.905 [FXGL Background Thread 1 ] DEBUG FXGLApplication      - Loading default localization
10:14:26.906 [FXGL Background Thread 1 ] DEBUG FXGLAssetLoaderServi - Loading from file system: jar:file:///C:/Users/Patryk/.m2/repository/com/github/almasb/fxgl/17.1/fxgl-17.1.jar!/fxglassets/languages/english.lang
10:14:26.929 [FXGL Background Thread 1 ] INFO  FXGLApplication      - FXGL initialization took: 0,478 sec
10:14:26.938 [JavaFX Application Thread] DEBUG Input                - Registered new binding: Move Right - D
10:14:26.938 [JavaFX Application Thread] DEBUG Input                - Registered new binding: Move Left - A
10:14:26.938 [JavaFX Application Thread] DEBUG FXGLAssetLoaderServi - Loading from file system: jar:file:///C:/Users/Patryk/.m2/repository/com/github/almasb/fxgl/17.1/fxgl-17.1.jar!/fxglassets/textures/fxgl_icon.png
10:14:26.963 [JavaFX Application Thread] DEBUG FXGLAssetLoaderServi - Loading from file system: jar:file:///C:/Users/Patryk/.m2/repository/com/github/almasb/fxgl/17.1/fxgl-17.1.jar!/fxglassets/textures/fxgl_default_cursor.png
10:14:26.965 [JavaFX Application Thread] DEBUG Input                - Registered new binding: Screenshot - CTRL+8
10:14:26.966 [JavaFX Application Thread] DEBUG Input                - Registered new binding: System info dump - CTRL+9
10:14:26.966 [JavaFX Application Thread] DEBUG Input                - Registered new binding: Restart - CTRL+R
10:14:26.967 [JavaFX Application Thread] DEBUG Input                - Registered new binding: Toggle Debug Camera - CTRL+7
10:14:26.970 [JavaFX Application Thread] DEBUG LoopRunner           - Starting loop
10:14:26.970 [JavaFX Application Thread] DEBUG LoopRunner           - Initializing JavaFX AnimationTimerLoop
10:14:26.974 [JavaFX Application Thread] DEBUG GameApplicationServi - Starting new game
10:14:26.975 [JavaFX Application Thread] DEBUG Input                - Clearing active input actions
10:14:26.978 [FXGL Background Thread 4 ] DEBUG FXGLApplication      - Loading fonts
10:14:26.985 [FXGL Background Thread 4 ] DEBUG FXGLAssetLoaderServi - Loading from file system: jar:file:///C:/Users/Patryk/.m2/repository/com/github/almasb/fxgl/17.1/fxgl-17.1.jar!/fxglassets/ui/fonts/VarelaRound-Regular.ttf
10:14:26.987 [JavaFX Application Thread] DEBUG GameApplicationServi - Removing overlay from FXGLStartupScene and adding to FXGLLoadingScene
10:14:26.987 [JavaFX Application Thread] DEBUG PrimaryStageWindow   - FXGLStartupScene -> FXGLLoadingScene
10:14:26.987 [JavaFX Application Thread] DEBUG GameApplicationServi - Clearing previous game
10:14:26.987 [JavaFX Application Thread] DEBUG GameScene            - Clearing game scene
10:14:26.987 [JavaFX Application Thread] DEBUG GameWorld            - Clearing game world
10:14:26.987 [JavaFX Application Thread] DEBUG PhysicsWorld         - Clearing physics world
10:14:26.992 [FXGL Background Thread 1 ] DEBUG FXGLApplication      - Initializing game
10:14:27.088 [FXGL Background Thread 1 ] WARN  TMXLevelLoader       - TiledMap generated from 1.0.1. Supported version: 1.4.2. Some features may not be parsed fully.
10:14:27.116 [FXGL Background Thread 1 ] DEBUG TMXLevelLoader       - Parsed TiledMap: file:/D:/GITHUB%20ZOOI/IPOSE-FXGL-Mega-Man/target/classes/assets/levels/map.tmx
10:14:27.117 [FXGL Background Thread 1 ] DEBUG TMXLevelLoader       - Creating tile layer entities
10:14:27.118 [FXGL Background Thread 1 ] DEBUG TilesetLoader        - Loading view for layer Tilelaag 1
10:14:27.120 [FXGL Background Thread 1 ] DEBUG TilesetLoader        - Created buffer with size 1050.0x700.0
10:14:27.123 [FXGL Background Thread 1 ] DEBUG TMXLevelLoader       - Creating object layer entities
10:14:27.147 [FXGL Background Thread 1 ] DEBUG GameWorld            - Clearing removable entities
10:14:27.147 [FXGL Background Thread 1 ] DEBUG GameWorld            - Setting level: com.almasb.fxgl.entity.level.Level@6d7d48c4
10:14:27.155 [FXGL Background Thread 1 ] WARN  FXGLAssetLoaderServi - Asset "/assets/textures/MEgaManIdle.png" was not found!
10:14:27.155 [FXGL Background Thread 1 ] WARN  FXGLAssetLoaderServi - Failed to load IMAGE
10:14:27.250 [JavaFX Application Thread] DEBUG LoopRunner           - Stopping loop
10:14:27.252 [JavaFX Application Thread] FATAL FXGLApplication      - Uncaught Exception:
java.lang.RuntimeException: Initialization failed
	at com.almasb.fxgl.all@17.1/com.almasb.fxgl.app.FXGLApplication$InitAppTask.failed(FXGLApplication.kt:343)
	at javafx.graphics@19-ea/javafx.concurrent.Task.setState(Task.java:710)
	at javafx.graphics@19-ea/javafx.concurrent.Task$TaskCallable.lambda$call$2(Task.java:1456)
	at javafx.graphics@19-ea/com.sun.javafx.application.PlatformImpl.lambda$runLater$10(PlatformImpl.java:457)
	at java.base/java.security.AccessController.doPrivileged(AccessController.java:399)
	at javafx.graphics@19-ea/com.sun.javafx.application.PlatformImpl.lambda$runLater$11(PlatformImpl.java:456)
	at javafx.graphics@19-ea/com.sun.glass.ui.InvokeLaterDispatcher$Future.run(InvokeLaterDispatcher.java:96)
	at javafx.graphics@19-ea/com.sun.glass.ui.win.WinApplication._runLoop(Native Method)
	at javafx.graphics@19-ea/com.sun.glass.ui.win.WinApplication.lambda$runLoop$3(WinApplication.java:184)
	at java.base/java.lang.Thread.run(Thread.java:1589)
Caused by: com.almasb.fxgl.core.reflect.ReflectionException: Cannot inject Physics() into physics Error: java.lang.IllegalAccessException: class com.almasb.fxgl.core.reflect.ReflectionUtils (in module com.almasb.fxgl.core) cannot access a member of class com.example.ipose_megaman.PlayerComponent (in module com.example.ipose_megaman) with modifiers "private"
	at com.almasb.fxgl.core@17.1/com.almasb.fxgl.core.reflect.ReflectionUtils.inject(ReflectionUtils.java:203)
	at com.almasb.fxgl.entity@17.1/com.almasb.fxgl.entity.Entity.lambda$injectFields$2(Entity.java:510)
	at java.base/java.util.Optional.ifPresent(Optional.java:178)
	at com.almasb.fxgl.entity@17.1/com.almasb.fxgl.entity.Entity.lambda$injectFields$3(Entity.java:509)
	at java.base/java.lang.Iterable.forEach(Iterable.java:75)
	at com.almasb.fxgl.entity@17.1/com.almasb.fxgl.entity.Entity.injectFields(Entity.java:508)
	at com.almasb.fxgl.entity@17.1/com.almasb.fxgl.entity.Entity.addComponentNoChecks(Entity.java:399)
	at com.almasb.fxgl.entity@17.1/com.almasb.fxgl.entity.Entity.addComponent(Entity.java:393)
	at com.almasb.fxgl.all@17.1/com.almasb.fxgl.dsl.EntityBuilder.with(EntityBuilder.kt:206)
	at com.example.ipose_megaman/com.example.ipose_megaman.MegaManFactory.newPlayer(MegaManFactory.java:41)
	at java.base/jdk.internal.reflect.DirectMethodHandleAccessor.invoke(DirectMethodHandleAccessor.java:104)
	at java.base/java.lang.reflect.Method.invoke(Method.java:578)
	at com.almasb.fxgl.core@17.1/com.almasb.fxgl.core.reflect.ReflectionUtils.call(ReflectionUtils.java:104)
	at com.almasb.fxgl.core@17.1/com.almasb.fxgl.core.reflect.ReflectionUtils.lambda$mapToFunction$3(ReflectionUtils.java:111)
	at com.almasb.fxgl.entity@17.1/com.almasb.fxgl.entity.GameWorld$create$2.invoke(GameWorld.kt:430)
	at com.almasb.fxgl.entity@17.1/com.almasb.fxgl.entity.GameWorld$create$2.invoke(GameWorld.kt:430)
	at com.almasb.fxgl.core@17.1/com.almasb.fxgl.core.util.DSLKt.tryCatchRoot(DSL.kt:34)
	at com.almasb.fxgl.entity@17.1/com.almasb.fxgl.entity.GameWorld.create(GameWorld.kt:430)
	at com.almasb.fxgl.entity@17.1/com.almasb.fxgl.entity.GameWorld.spawn(GameWorld.kt:396)
	at com.almasb.fxgl.entity@17.1/com.almasb.fxgl.entity.GameWorld.spawn(GameWorld.kt:384)
	at com.example.ipose_megaman/com.example.ipose_megaman.Main.initGame(Main.java:65)
	at com.almasb.fxgl.all@17.1/com.almasb.fxgl.app.FXGLApplication$InitAppTask.initGame(FXGLApplication.kt:339)
	at com.almasb.fxgl.all@17.1/com.almasb.fxgl.app.FXGLApplication$InitAppTask.call(FXGLApplication.kt:319)
	at com.almasb.fxgl.all@17.1/com.almasb.fxgl.app.FXGLApplication$InitAppTask.call(FXGLApplication.kt:311)
	at javafx.graphics@19-ea/javafx.concurrent.Task$TaskCallable.call(Task.java:1426)
	at java.base/java.util.concurrent.FutureTask.run(FutureTask.java:317)
	at java.base/java.util.concurrent.Executors$RunnableAdapter.call(Executors.java:577)
	at java.base/java.util.concurrent.FutureTask.run(FutureTask.java:317)
	at java.base/java.util.concurrent.ThreadPoolExecutor.runWorker(ThreadPoolExecutor.java:1144)
	at java.base/java.util.concurrent.ThreadPoolExecutor$Worker.run(ThreadPoolExecutor.java:642)
	... 1 more

10:14:27.252 [JavaFX Application Thread] FATAL FXGLApplication      - Application will now exit
10:14:27.269 [JavaFX Application Thread] DEBUG PrimaryStageWindow   - Push state: ErrorSubScene
10:14:27.269 [JavaFX Application Thread] DEBUG Input                - Clearing active input actions
10:14:27.273 [JavaFX Application Thread] DEBUG GameApplicationServi - Removing overlay from FXGLLoadingScene and adding to ErrorSubScene
10:14:27.274 [JavaFX Application Thread] DEBUG PrimaryStageWindow   - FXGLLoadingScene -> ErrorSubScene
10:14:27.714 [FXGL Background Thread 4 ] DEBUG FXGLAssetLoaderServi - Loading from file system: jar:file:///C:/Users/Patryk/.m2/repository/com/github/almasb/fxgl/17.1/fxgl-17.1.jar!/fxglassets/ui/fonts/Abel-Regular.ttf
10:14:27.718 [FXGL Background Thread 4 ] DEBUG FXGLAssetLoaderServi - Loading from file system: jar:file:///C:/Users/Patryk/.m2/repository/com/github/almasb/fxgl/17.1/fxgl-17.1.jar!/fxglassets/ui/fonts/TerminalLandMono-Regular.otf
10:14:27.722 [FXGL Background Thread 4 ] DEBUG FXGLAssetLoaderServi - Loading from file system: jar:file:///C:/Users/Patryk/.m2/repository/com/github/almasb/fxgl/17.1/fxgl-17.1.jar!/fxglassets/ui/fonts/Courier-Prime.ttf
10:14:27.729 [JavaFX Application Thread] DEBUG FXGLApplication      - Registering font factories with UI factory
10:14:28.062 [FXGL Background Thread 2 ] INFO  UpdaterService       - Your current version:  17.1
10:14:28.063 [FXGL Background Thread 2 ] INFO  UpdaterService       - Latest stable version: 17.3
10:14:29.903 [FXGL Background Thread 3 ] DEBUG Engine               - Logging environment variables
10:14:29.904 [FXGL Background Thread 3 ] DEBUG Engine               - achievements: []
10:14:29.904 [FXGL Background Thread 3 ] DEBUG Engine               - actualHeight: 700.0
10:14:29.904 [FXGL Background Thread 3 ] DEBUG Engine               - actualHeightProperty: ReadOnlyDoubleProperty [value: 700.0]
10:14:29.904 [FXGL Background Thread 3 ] DEBUG Engine               - actualWidth: 1050.0
10:14:29.905 [FXGL Background Thread 3 ] DEBUG Engine               - actualWidthProperty: ReadOnlyDoubleProperty [value: 1050.0]
10:14:29.905 [FXGL Background Thread 3 ] DEBUG Engine               - appIcon: fxgl_icon.png
10:14:29.905 [FXGL Background Thread 3 ] DEBUG Engine               - applicationMode: DEVELOPER
10:14:29.905 [FXGL Background Thread 3 ] DEBUG Engine               - cSSList: [fxgl_dark.css]
10:14:29.905 [FXGL Background Thread 3 ] DEBUG Engine               - collisionDetectionStrategy: BRUTE_FORCE
10:14:29.905 [FXGL Background Thread 3 ] DEBUG Engine               - configClass: Optional.empty
10:14:29.905 [FXGL Background Thread 3 ] DEBUG Engine               - credits: []
10:14:29.906 [FXGL Background Thread 3 ] DEBUG Engine               - defaultCursor: CursorInfo(imageName=fxgl_default_cursor.png, hotspotX=7.0, hotspotY=6.0)
10:14:29.906 [FXGL Background Thread 3 ] DEBUG Engine               - devBBoxColorProperty: ObjectProperty [value: 0xff0000ff]
10:14:29.906 [FXGL Background Thread 3 ] DEBUG Engine               - devEnableDebugCameraProperty: BooleanProperty [value: false]
10:14:29.906 [FXGL Background Thread 3 ] DEBUG Engine               - devSensorColorProperty: ObjectProperty [value: 0xffff00ff]
10:14:29.906 [FXGL Background Thread 3 ] DEBUG Engine               - devShowBBoxProperty: BooleanProperty [value: false]
10:14:29.906 [FXGL Background Thread 3 ] DEBUG Engine               - devShowPositionProperty: BooleanProperty [value: false]
10:14:29.906 [FXGL Background Thread 3 ] DEBUG Engine               - enabledMenuItems: []
10:14:29.906 [FXGL Background Thread 3 ] DEBUG Engine               - engineServices: [class com.almasb.fxgl.app.services.FXGLAssetLoaderService, class com.almasb.fxgl.app.FXGLApplication$GameApplicationService, class com.almasb.fxgl.app.services.FXGLDialogService, class com.almasb.fxgl.app.services.IOTaskExecutorService, class com.almasb.fxgl.io.FileSystemService, class com.almasb.fxgl.localization.LocalizationService, class com.almasb.fxgl.app.services.SystemBundleService, class com.almasb.fxgl.profile.SaveLoadService, class com.almasb.fxgl.ui.FXGLUIFactoryServiceProvider, class com.almasb.fxgl.ui.FXGLDialogFactoryServiceProvider, class com.almasb.fxgl.audio.AudioPlayer, class com.almasb.fxgl.notification.impl.NotificationServiceProvider, class com.almasb.fxgl.achievement.AchievementService, class com.almasb.fxgl.cutscene.CutsceneService, class com.almasb.fxgl.minigames.MiniGameService, class com.almasb.fxgl.net.NetService, class com.almasb.fxgl.app.services.UpdaterService, class com.almasb.fxgl.dev.DevService]
10:14:29.907 [FXGL Background Thread 3 ] DEBUG Engine               - fontGame: Abel-Regular.ttf
10:14:29.907 [FXGL Background Thread 3 ] DEBUG Engine               - fontMono: TerminalLandMono-Regular.otf
10:14:29.907 [FXGL Background Thread 3 ] DEBUG Engine               - fontText: Courier-Prime.ttf
10:14:29.907 [FXGL Background Thread 3 ] DEBUG Engine               - fontUI: VarelaRound-Regular.ttf
10:14:29.907 [FXGL Background Thread 3 ] DEBUG Engine               - fullScreen: BooleanProperty [value: false]
10:14:29.907 [FXGL Background Thread 3 ] DEBUG Engine               - gameDifficulty: MEDIUM
10:14:29.907 [FXGL Background Thread 3 ] DEBUG Engine               - gameDifficultyProperty: ObjectProperty [value: MEDIUM]
10:14:29.907 [FXGL Background Thread 3 ] DEBUG Engine               - globalMusicVolume: 0.5
10:14:29.907 [FXGL Background Thread 3 ] DEBUG Engine               - globalMusicVolumeProperty: DoubleProperty [value: 0.5]
10:14:29.907 [FXGL Background Thread 3 ] DEBUG Engine               - globalSoundVolume: 0.5
10:14:29.907 [FXGL Background Thread 3 ] DEBUG Engine               - globalSoundVolumeProperty: DoubleProperty [value: 0.5]
10:14:29.907 [FXGL Background Thread 3 ] DEBUG Engine               - height: 700
10:14:29.907 [FXGL Background Thread 3 ] DEBUG Engine               - is3D: false
10:14:29.907 [FXGL Background Thread 3 ] DEBUG Engine               - isAndroid: false
10:14:29.907 [FXGL Background Thread 3 ] DEBUG Engine               - isBrowser: false
10:14:29.907 [FXGL Background Thread 3 ] DEBUG Engine               - isClickFeedbackEnabled: false
10:14:29.908 [FXGL Background Thread 3 ] DEBUG Engine               - isCloseConfirmation: false
10:14:29.908 [FXGL Background Thread 3 ] DEBUG Engine               - isDesktop: true
10:14:29.908 [FXGL Background Thread 3 ] DEBUG Engine               - isDeveloperMenuEnabled: false
10:14:29.908 [FXGL Background Thread 3 ] DEBUG Engine               - isEmbedded: false
10:14:29.908 [FXGL Background Thread 3 ] DEBUG Engine               - isEntityPreloadEnabled: true
10:14:29.908 [FXGL Background Thread 3 ] DEBUG Engine               - isExperimentalTiledLargeMap: false
10:14:29.908 [FXGL Background Thread 3 ] DEBUG Engine               - isFileSystemWriteAllowed: true
10:14:29.908 [FXGL Background Thread 3 ] DEBUG Engine               - isFullScreenAllowed: false
10:14:29.908 [FXGL Background Thread 3 ] DEBUG Engine               - isFullScreenFromStart: false
10:14:29.908 [FXGL Background Thread 3 ] DEBUG Engine               - isGameMenuEnabled: true
10:14:29.908 [FXGL Background Thread 3 ] DEBUG Engine               - isIOS: false
10:14:29.908 [FXGL Background Thread 3 ] DEBUG Engine               - isIntroEnabled: false
10:14:29.908 [FXGL Background Thread 3 ] DEBUG Engine               - isLinux: false
10:14:29.909 [FXGL Background Thread 3 ] DEBUG Engine               - isMac: false
10:14:29.909 [FXGL Background Thread 3 ] DEBUG Engine               - isMainMenuEnabled: false
10:14:29.909 [FXGL Background Thread 3 ] DEBUG Engine               - isManualResizeEnabled: false
10:14:29.909 [FXGL Background Thread 3 ] DEBUG Engine               - isMobile: false
10:14:29.909 [FXGL Background Thread 3 ] DEBUG Engine               - isNative: false
10:14:29.909 [FXGL Background Thread 3 ] DEBUG Engine               - isPauseMusicWhenMinimized: true
10:14:29.909 [FXGL Background Thread 3 ] DEBUG Engine               - isPreserveResizeRatio: false
10:14:29.909 [FXGL Background Thread 3 ] DEBUG Engine               - isProfilingEnabled: false
10:14:29.909 [FXGL Background Thread 3 ] DEBUG Engine               - isScaleAffectedOnResize: true
10:14:29.909 [FXGL Background Thread 3 ] DEBUG Engine               - isSingleStep: false
10:14:29.909 [FXGL Background Thread 3 ] DEBUG Engine               - isUserProfileEnabled: false
10:14:29.909 [FXGL Background Thread 3 ] DEBUG Engine               - isWindows: true
10:14:29.909 [FXGL Background Thread 3 ] DEBUG Engine               - language: ObjectProperty [value: ENGLISH]
10:14:29.909 [FXGL Background Thread 3 ] DEBUG Engine               - menuKey: ESCAPE
10:14:29.909 [FXGL Background Thread 3 ] DEBUG Engine               - mouseSensitivity: 0.2
10:14:29.909 [FXGL Background Thread 3 ] DEBUG Engine               - notificationViewClass: class com.almasb.fxgl.notification.view.XboxNotificationView
10:14:29.909 [FXGL Background Thread 3 ] DEBUG Engine               - pixelsPerMeter: 50.0
10:14:29.909 [FXGL Background Thread 3 ] DEBUG Engine               - platform: WINDOWS
10:14:29.909 [FXGL Background Thread 3 ] DEBUG Engine               - prefHeightProperty: ReadOnlyDoubleProperty [value: 700.0]
10:14:29.909 [FXGL Background Thread 3 ] DEBUG Engine               - prefWidthProperty: ReadOnlyDoubleProperty [value: 1050.0]
10:14:29.909 [FXGL Background Thread 3 ] DEBUG Engine               - profileDir: profiles/
10:14:29.910 [FXGL Background Thread 3 ] DEBUG Engine               - profileName: StringProperty [value: DEFAULT]
10:14:29.910 [FXGL Background Thread 3 ] DEBUG Engine               - randomSeed: -1
10:14:29.910 [FXGL Background Thread 3 ] DEBUG Engine               - runtimeInfo: RuntimeInfo(platform=WINDOWS, version=17.1, build=24.03.2022 17.34)
10:14:29.910 [FXGL Background Thread 3 ] DEBUG Engine               - saveFileExt: sav
10:14:29.910 [FXGL Background Thread 3 ] DEBUG Engine               - scaledHeightProp$fxgl: DoubleProperty [bound, value: 700.0]
10:14:29.910 [FXGL Background Thread 3 ] DEBUG Engine               - scaledWidthProp$fxgl: DoubleProperty [bound, value: 1050.0]
10:14:29.910 [FXGL Background Thread 3 ] DEBUG Engine               - sceneFactory: com.almasb.fxgl.app.scene.SceneFactory@44adde80
10:14:29.910 [FXGL Background Thread 3 ] DEBUG Engine               - secondsIn24h: 60
10:14:29.910 [FXGL Background Thread 3 ] DEBUG Engine               - soundMenuBack: menu/back.wav
10:14:29.910 [FXGL Background Thread 3 ] DEBUG Engine               - soundMenuPress: menu/press.wav
10:14:29.910 [FXGL Background Thread 3 ] DEBUG Engine               - soundMenuSelect: menu/select.wav
10:14:29.910 [FXGL Background Thread 3 ] DEBUG Engine               - soundNotification: core/notification.wav
10:14:29.910 [FXGL Background Thread 3 ] DEBUG Engine               - stageStyle: DECORATED
10:14:29.910 [FXGL Background Thread 3 ] DEBUG Engine               - supportedLanguages: [ENGLISH, FRENCH, GERMAN, HUNGARIAN, RUSSIAN]
10:14:29.911 [FXGL Background Thread 3 ] DEBUG Engine               - ticksPerSecond: -1
10:14:29.911 [FXGL Background Thread 3 ] DEBUG Engine               - title: Mega Man, but AWESOME!
10:14:29.911 [FXGL Background Thread 3 ] DEBUG Engine               - urlGithub: https://github.com/AlmasB/FXGL
10:14:29.911 [FXGL Background Thread 3 ] DEBUG Engine               - urlLeaderboard: http://fxgl-top.herokuapp.com/
10:14:29.911 [FXGL Background Thread 3 ] DEBUG Engine               - urlPOM: https://raw.githubusercontent.com/AlmasB/FXGL/release/README.md
10:14:29.911 [FXGL Background Thread 3 ] DEBUG Engine               - userAppClass: class com.example.ipose_megaman.Main
10:14:29.911 [FXGL Background Thread 3 ] DEBUG Engine               - version: 1.0
10:14:29.911 [FXGL Background Thread 3 ] DEBUG Engine               - versionCheckDays: 7
10:14:29.911 [FXGL Background Thread 3 ] DEBUG Engine               - width: 1050
10:14:29.911 [FXGL Background Thread 3 ] DEBUG Engine               - Logging services
10:14:29.911 [FXGL Background Thread 3 ] DEBUG Engine               - class com.almasb.fxgl.app.services.FXGLAssetLoaderService
10:14:29.911 [FXGL Background Thread 3 ] DEBUG Engine               - class com.almasb.fxgl.app.FXGLApplication$GameApplicationService
10:14:29.911 [FXGL Background Thread 3 ] DEBUG Engine               - class com.almasb.fxgl.app.services.FXGLDialogService
10:14:29.911 [FXGL Background Thread 3 ] DEBUG Engine               - class com.almasb.fxgl.app.services.IOTaskExecutorService
10:14:29.911 [FXGL Background Thread 3 ] DEBUG Engine               - class com.almasb.fxgl.io.FileSystemService
10:14:29.911 [FXGL Background Thread 3 ] DEBUG Engine               - class com.almasb.fxgl.localization.LocalizationService
10:14:29.911 [FXGL Background Thread 3 ] DEBUG Engine               - class com.almasb.fxgl.app.services.SystemBundleService
10:14:29.911 [FXGL Background Thread 3 ] DEBUG Engine               - class com.almasb.fxgl.profile.SaveLoadService
10:14:29.911 [FXGL Background Thread 3 ] DEBUG Engine               - class com.almasb.fxgl.ui.FXGLUIFactoryServiceProvider
10:14:29.911 [FXGL Background Thread 3 ] DEBUG Engine               - class com.almasb.fxgl.ui.FXGLDialogFactoryServiceProvider
10:14:29.911 [FXGL Background Thread 3 ] DEBUG Engine               - class com.almasb.fxgl.audio.AudioPlayer
10:14:29.911 [FXGL Background Thread 3 ] DEBUG Engine               - class com.almasb.fxgl.notification.impl.NotificationServiceProvider
10:14:29.911 [FXGL Background Thread 3 ] DEBUG Engine               - class com.almasb.fxgl.achievement.AchievementService
10:14:29.911 [FXGL Background Thread 3 ] DEBUG Engine               - class com.almasb.fxgl.cutscene.CutsceneService
10:14:29.911 [FXGL Background Thread 3 ] DEBUG Engine               - class com.almasb.fxgl.minigames.MiniGameService
10:14:29.912 [FXGL Background Thread 3 ] DEBUG Engine               - class com.almasb.fxgl.net.NetService
10:14:29.912 [FXGL Background Thread 3 ] DEBUG Engine               - class com.almasb.fxgl.app.services.UpdaterService
10:14:29.912 [FXGL Background Thread 3 ] DEBUG Engine               - class com.almasb.fxgl.dev.DevService
10:14:33.511 [JavaFX Application Thread] DEBUG FXGLApplication      - Exiting FXGL
10:14:33.511 [JavaFX Application Thread] DEBUG Async                - Shutting down background threads
10:14:33.511 [JavaFX Application Thread] DEBUG PrimaryStageWindow   - Closing main window
10:14:33.535 [JavaFX Application Thread] DEBUG Logger               - Closing Logger
