12:42:03.870 [main                     ] DEBUG Logger               - Configured Logger
12:42:03.925 [main                     ] DEBUG GameApplication      - Logging settings
Title: Tetris Man 2
Version: 1.0
Width: 1280
Height: 720
Fullscreen: false
Intro: false
Profiling: false
Single step:false
App Mode: DEVELOPER
Menu Key: ESCAPE
Stage Style: DECORATED
Scene Factory: class com.almasb.fxgl.app.scene.SceneFactory

12:42:04.414 [JavaFX Application Thread] DEBUG FXGLApplication      - Initializing FXGL
12:42:04.424 [JavaFX Application Thread] INFO  Engine               - FXGL-17.1 (24.03.2022 17.34) on WINDOWS (J:19.0.1 FX:19-ea)
12:42:04.425 [JavaFX Application Thread] DEBUG Engine               - JRE Vendor Name: Oracle Corporation
12:42:04.425 [JavaFX Application Thread] DEBUG Engine               - Running on OS: Windows 11 version 10.0
12:42:04.426 [JavaFX Application Thread] DEBUG Engine               - Architecture: amd64
12:42:04.426 [JavaFX Application Thread] INFO  Engine               - Source code and latest versions at: https://github.com/AlmasB/FXGL
12:42:04.426 [JavaFX Application Thread] INFO  Engine               -       Ask questions and discuss at: https://github.com/AlmasB/FXGL/discussions
12:42:04.427 [JavaFX Application Thread] INFO  Engine               -              Join the FXGL chat at: https://gitter.im/AlmasB/FXGL
12:42:04.515 [JavaFX Application Thread] DEBUG PrimaryStageWindow   - Creating a JavaFX scene
12:42:04.550 [JavaFX Application Thread] DEBUG PrimaryStageWindow   - Target settings size: 1280.0 x 720.0
12:42:04.550 [JavaFX Application Thread] DEBUG PrimaryStageWindow   - Scaled scene size:    1280.0 x 720.0
12:42:04.551 [JavaFX Application Thread] DEBUG PrimaryStageWindow   - Scaled ratio: (1.0, 1.0)
12:42:04.552 [JavaFX Application Thread] DEBUG PrimaryStageWindow   - Set initial scene to FXGLStartupScene
12:42:04.556 [JavaFX Application Thread] DEBUG PrimaryStageWindow   - Opening main window
12:42:04.745 [JavaFX Application Thread] DEBUG PrimaryStageWindow   - Window border size: (16.0, 39.0)
12:42:04.745 [JavaFX Application Thread] DEBUG PrimaryStageWindow   - Scaled size: 1280.0 x 720.0
12:42:04.745 [JavaFX Application Thread] DEBUG PrimaryStageWindow   - Scaled ratio: (1.0, 1.0)
12:42:04.746 [JavaFX Application Thread] DEBUG PrimaryStageWindow   - Scene size: 1280.0 x 720.0
12:42:04.746 [JavaFX Application Thread] DEBUG PrimaryStageWindow   - Stage size: 1296.0 x 759.0
12:42:04.755 [FXGL Background Thread 1 ] DEBUG Engine               - Initializing environment variables
12:42:04.813 [FXGL Background Thread 1 ] DEBUG FXGLAssetLoaderServi - User app class for loading assets: class com.example.ipose_megaman.Main
12:42:04.813 [FXGL Background Thread 1 ] DEBUG GameApplicationServi - Applying CSS: fxgl_dark.css
12:42:04.814 [FXGL Background Thread 1 ] DEBUG FXGLAssetLoaderServi - Loading from file system: jar:file:///C:/Users/julia/.m2/repository/com/github/almasb/fxgl/17.1/fxgl-17.1.jar!/fxglassets/ui/css/fxgl_dark.css
12:42:04.862 [FXGL Background Thread 1 ] DEBUG GameApplicationServi - Initializing application scenes
12:42:04.924 [FXGL Background Thread 1 ] DEBUG GameWorld            - Game world initialized
12:42:05.081 [FXGL Background Thread 1 ] DEBUG PhysicsWorld         - Physics world initialized: appHeight=720, physics.ppm=50,0
12:42:05.083 [FXGL Background Thread 1 ] DEBUG PhysicsWorld         - Using strategy: BRUTE_FORCE
12:42:05.096 [FXGL Background Thread 1 ] DEBUG GameScene            - Game scene initialized: 1280x720
12:42:05.123 [FXGL Background Thread 1 ] DEBUG FXGL.DefaultMenu     - createMenuBodyMainMenu()
12:42:05.139 [FXGL Background Thread 1 ] DEBUG FXGL.DefaultMenu     - createOptionsMenu()
12:42:05.150 [FXGL Background Thread 1 ] DEBUG FXGLAssetLoaderServi - Loading from file system: jar:file:///C:/Users/julia/.m2/repository/com/github/almasb/fxgl/17.1/fxgl-17.1.jar!/fxglassets/textures/particles/smoke.png
12:42:05.335 [FXGL Background Thread 1 ] DEBUG FXGLAssetLoaderServi - Loading from file system: jar:file:///C:/Users/julia/.m2/repository/com/github/almasb/fxgl/17.1/fxgl-17.1.jar!/fxglassets/textures/particles/trace_horizontal.png
12:42:05.361 [FXGL Background Thread 1 ] DEBUG FXGL.DefaultMenu     - createMenuBodyGameMenu()
12:42:05.363 [FXGL Background Thread 1 ] DEBUG FXGL.DefaultMenu     - createOptionsMenu()
12:42:05.374 [FXGL Background Thread 1 ] DEBUG GameApplicationServi - Application scenes initialized
12:42:05.417 [FXGL Background Thread 1 ] DEBUG SystemBundleService  - Loading FXGL system data
12:42:05.427 [FXGL Background Thread 1 ] DEBUG FileSystemAccess     - Reading from: C:\Users\julia\Desktop\IPOSE_MEGAMAN\system\fxgl.bundle
12:42:05.447 [FXGL Background Thread 1 ] DEBUG SystemBundleService  - Bundle FXGL: {}
12:42:05.448 [FXGL Background Thread 1 ] DEBUG UpdaterService       - Checking for updates
12:42:05.475 [FXGL Background Thread 4 ] DEBUG FXGLApplication      - Loading fonts
12:42:05.475 [FXGL Background Thread 4 ] DEBUG FXGLAssetLoaderServi - Loading from file system: jar:file:///C:/Users/julia/.m2/repository/com/github/almasb/fxgl/17.1/fxgl-17.1.jar!/fxglassets/ui/fonts/VarelaRound-Regular.ttf
12:42:05.478 [FXGL Background Thread 1 ] DEBUG FXGLApplication      - Loading default localization
12:42:05.479 [FXGL Background Thread 1 ] DEBUG FXGLAssetLoaderServi - Loading from file system: jar:file:///C:/Users/julia/.m2/repository/com/github/almasb/fxgl/17.1/fxgl-17.1.jar!/fxglassets/languages/english.lang
12:42:05.526 [FXGL Background Thread 1 ] INFO  FXGLApplication      - FXGL initialization took: 0,771 sec
12:42:05.545 [FXGL Background Thread 4 ] DEBUG FXGLAssetLoaderServi - Loading from file system: jar:file:///C:/Users/julia/.m2/repository/com/github/almasb/fxgl/17.1/fxgl-17.1.jar!/fxglassets/ui/fonts/Abel-Regular.ttf
12:42:05.545 [JavaFX Application Thread] DEBUG Input                - Registered new binding: Move Right - D
12:42:05.546 [JavaFX Application Thread] DEBUG Input                - Registered new binding: Move Left - A
12:42:05.546 [JavaFX Application Thread] DEBUG Input                - Registered new binding: Jump - Space
12:42:05.547 [JavaFX Application Thread] DEBUG Input                - Registered new binding: Shoot - Enter
12:42:05.548 [JavaFX Application Thread] DEBUG FXGLAssetLoaderServi - Loading from file system: jar:file:///C:/Users/julia/.m2/repository/com/github/almasb/fxgl/17.1/fxgl-17.1.jar!/fxglassets/textures/fxgl_icon.png
12:42:05.552 [FXGL Background Thread 4 ] DEBUG FXGLAssetLoaderServi - Loading from file system: jar:file:///C:/Users/julia/.m2/repository/com/github/almasb/fxgl/17.1/fxgl-17.1.jar!/fxglassets/ui/fonts/TerminalLandMono-Regular.otf
12:42:05.557 [FXGL Background Thread 4 ] DEBUG FXGLAssetLoaderServi - Loading from file system: jar:file:///C:/Users/julia/.m2/repository/com/github/almasb/fxgl/17.1/fxgl-17.1.jar!/fxglassets/ui/fonts/Courier-Prime.ttf
12:42:05.569 [JavaFX Application Thread] DEBUG FXGLAssetLoaderServi - Loading from file system: jar:file:///C:/Users/julia/.m2/repository/com/github/almasb/fxgl/17.1/fxgl-17.1.jar!/fxglassets/textures/fxgl_default_cursor.png
12:42:05.577 [JavaFX Application Thread] DEBUG Input                - Registered new binding: Screenshot - CTRL+8
12:42:05.579 [JavaFX Application Thread] DEBUG Input                - Registered new binding: System info dump - CTRL+9
12:42:05.581 [JavaFX Application Thread] DEBUG Input                - Registered new binding: Restart - CTRL+R
12:42:05.589 [JavaFX Application Thread] DEBUG Input                - Registered new binding: Toggle Debug Camera - CTRL+7
12:42:05.602 [JavaFX Application Thread] DEBUG LoopRunner           - Starting loop
12:42:05.602 [JavaFX Application Thread] DEBUG LoopRunner           - Initializing JavaFX AnimationTimerLoop
12:42:05.613 [JavaFX Application Thread] DEBUG Input                - Clearing active input actions
12:42:05.618 [JavaFX Application Thread] DEBUG GameApplicationServi - Removing overlay from FXGLStartupScene and adding to FXGLMainMenuDummyScene
12:42:05.619 [JavaFX Application Thread] DEBUG PrimaryStageWindow   - FXGLStartupScene -> FXGLMainMenuDummyScene
12:42:05.619 [JavaFX Application Thread] DEBUG PrimaryStageWindow   - Push state: FXGLDefaultMenu
12:42:05.662 [JavaFX Application Thread] DEBUG Input                - Clearing active input actions
12:42:05.684 [JavaFX Application Thread] DEBUG GameApplicationServi - Removing overlay from FXGLMainMenuDummyScene and adding to FXGLDefaultMenu
12:42:05.684 [JavaFX Application Thread] DEBUG PrimaryStageWindow   - FXGLMainMenuDummyScene -> FXGLDefaultMenu
12:42:05.685 [JavaFX Application Thread] DEBUG FXGLApplication      - Registering font factories with UI factory
12:42:06.902 [FXGL Background Thread 2 ] INFO  UpdaterService       - Your current version:  17.1
12:42:06.902 [FXGL Background Thread 2 ] INFO  UpdaterService       - Latest stable version: 17.3
12:42:07.319 [JavaFX Application Thread] DEBUG Menu                 - fireNewGame()
12:42:07.319 [JavaFX Application Thread] DEBUG GameApplicationServi - Starting new game
12:42:07.321 [JavaFX Application Thread] DEBUG PrimaryStageWindow   - Pop state: FXGLDefaultMenu
12:42:07.321 [JavaFX Application Thread] DEBUG Input                - Clearing active input actions
12:42:07.322 [JavaFX Application Thread] DEBUG GameApplicationServi - Removing overlay from FXGLDefaultMenu and adding to FXGLMainMenuDummyScene
12:42:07.322 [JavaFX Application Thread] DEBUG PrimaryStageWindow   - FXGLMainMenuDummyScene <- FXGLDefaultMenu
12:42:07.323 [JavaFX Application Thread] DEBUG Input                - Clearing active input actions
12:42:07.338 [JavaFX Application Thread] DEBUG GameApplicationServi - Removing overlay from FXGLMainMenuDummyScene and adding to FXGLLoadingScene
12:42:07.338 [JavaFX Application Thread] DEBUG PrimaryStageWindow   - FXGLMainMenuDummyScene -> FXGLLoadingScene
12:42:07.339 [JavaFX Application Thread] DEBUG GameApplicationServi - Clearing previous game
12:42:07.339 [JavaFX Application Thread] DEBUG GameScene            - Clearing game scene
12:42:07.340 [JavaFX Application Thread] DEBUG GameWorld            - Clearing game world
12:42:07.340 [JavaFX Application Thread] DEBUG PhysicsWorld         - Clearing physics world
12:42:07.345 [FXGL Background Thread 2 ] DEBUG FXGLApplication      - Initializing game
12:42:07.436 [FXGL Background Thread 2 ] WARN  TMXLevelLoader       - TiledMap generated from 1.10.0. Supported version: 1.4.2. Some features may not be parsed fully.
12:42:07.503 [FXGL Background Thread 2 ] DEBUG TMXLevelLoader       - Parsed TiledMap: file:/C:/Users/julia/Desktop/IPOSE_MEGAMAN/target/classes/assets/levels/level.tmx
12:42:07.510 [FXGL Background Thread 2 ] DEBUG TMXLevelLoader       - Creating tile layer entities
12:42:07.516 [FXGL Background Thread 2 ] DEBUG TilesetLoader        - Loading view for layer Tilelaag 1
12:42:07.579 [FXGL Background Thread 2 ] DEBUG TilesetLoader        - Created buffer with size 28000.0x1400.0
12:42:07.587 [FXGL Background Thread 2 ] DEBUG TMXLevelLoader       - Creating object layer entities
12:42:07.677 [FXGL Background Thread 2 ] DEBUG GameWorld            - Clearing removable entities
12:42:07.681 [FXGL Background Thread 2 ] DEBUG GameWorld            - Setting level: com.almasb.fxgl.entity.level.Level@1a816d4
12:42:07.733 [FXGL Background Thread 2 ] WARN  FXGLAssetLoaderServi - Asset "/assets/textures/assets/textures/MegaManIdle.png" was not found!
12:42:07.734 [FXGL Background Thread 2 ] WARN  FXGLAssetLoaderServi - Failed to load IMAGE
12:42:07.756 [FXGL Background Thread 2 ] DEBUG FXGLAssetLoaderServi - Loading from file system: file:/C:/Users/julia/Desktop/IPOSE_MEGAMAN/target/classes/assets/textures/MegaManIdle.png
12:42:07.766 [FXGL Background Thread 2 ] DEBUG FXGLAssetLoaderServi - Loading from file system: file:/C:/Users/julia/Desktop/IPOSE_MEGAMAN/target/classes/assets/textures/background2.jpg
12:42:08.141 [FXGL Background Thread 2 ] INFO  FXGLApplication      - Game initialization took: 0,795 sec
12:42:08.143 [JavaFX Application Thread] DEBUG Input                - Clearing active input actions
12:42:08.148 [JavaFX Application Thread] DEBUG GameApplicationServi - Removing overlay from FXGLLoadingScene and adding to GameScene
12:42:08.148 [JavaFX Application Thread] DEBUG PrimaryStageWindow   - FXGLLoadingScene -> GameScene
12:42:08.466 [FXGL Background Thread 3 ] DEBUG Engine               - Logging environment variables
12:42:08.466 [FXGL Background Thread 3 ] DEBUG Engine               - achievements: []
12:42:08.466 [FXGL Background Thread 3 ] DEBUG Engine               - actualHeight: 720.0
12:42:08.466 [FXGL Background Thread 3 ] DEBUG Engine               - actualHeightProperty: ReadOnlyDoubleProperty [value: 720.0]
12:42:08.467 [FXGL Background Thread 3 ] DEBUG Engine               - actualWidth: 1280.0
12:42:08.467 [FXGL Background Thread 3 ] DEBUG Engine               - actualWidthProperty: ReadOnlyDoubleProperty [value: 1280.0]
12:42:08.467 [FXGL Background Thread 3 ] DEBUG Engine               - appIcon: fxgl_icon.png
12:42:08.467 [FXGL Background Thread 3 ] DEBUG Engine               - applicationMode: DEVELOPER
12:42:08.467 [FXGL Background Thread 3 ] DEBUG Engine               - cSSList: [fxgl_dark.css]
12:42:08.467 [FXGL Background Thread 3 ] DEBUG Engine               - collisionDetectionStrategy: BRUTE_FORCE
12:42:08.467 [FXGL Background Thread 3 ] DEBUG Engine               - configClass: Optional.empty
12:42:08.467 [FXGL Background Thread 3 ] DEBUG Engine               - credits: []
12:42:08.467 [FXGL Background Thread 3 ] DEBUG Engine               - defaultCursor: CursorInfo(imageName=fxgl_default_cursor.png, hotspotX=7.0, hotspotY=6.0)
12:42:08.468 [FXGL Background Thread 3 ] DEBUG Engine               - devBBoxColorProperty: ObjectProperty [value: 0xff0000ff]
12:42:08.468 [FXGL Background Thread 3 ] DEBUG Engine               - devEnableDebugCameraProperty: BooleanProperty [value: false]
12:42:08.468 [FXGL Background Thread 3 ] DEBUG Engine               - devSensorColorProperty: ObjectProperty [value: 0xffff00ff]
12:42:08.468 [FXGL Background Thread 3 ] DEBUG Engine               - devShowBBoxProperty: BooleanProperty [value: false]
12:42:08.468 [FXGL Background Thread 3 ] DEBUG Engine               - devShowPositionProperty: BooleanProperty [value: false]
12:42:08.468 [FXGL Background Thread 3 ] DEBUG Engine               - enabledMenuItems: []
12:42:08.468 [FXGL Background Thread 3 ] DEBUG Engine               - engineServices: [class com.almasb.fxgl.app.services.FXGLAssetLoaderService, class com.almasb.fxgl.app.FXGLApplication$GameApplicationService, class com.almasb.fxgl.app.services.FXGLDialogService, class com.almasb.fxgl.app.services.IOTaskExecutorService, class com.almasb.fxgl.io.FileSystemService, class com.almasb.fxgl.localization.LocalizationService, class com.almasb.fxgl.app.services.SystemBundleService, class com.almasb.fxgl.profile.SaveLoadService, class com.almasb.fxgl.ui.FXGLUIFactoryServiceProvider, class com.almasb.fxgl.ui.FXGLDialogFactoryServiceProvider, class com.almasb.fxgl.audio.AudioPlayer, class com.almasb.fxgl.notification.impl.NotificationServiceProvider, class com.almasb.fxgl.achievement.AchievementService, class com.almasb.fxgl.cutscene.CutsceneService, class com.almasb.fxgl.minigames.MiniGameService, class com.almasb.fxgl.net.NetService, class com.almasb.fxgl.app.services.UpdaterService, class com.almasb.fxgl.dev.DevService]
12:42:08.468 [FXGL Background Thread 3 ] DEBUG Engine               - fontGame: Abel-Regular.ttf
12:42:08.468 [FXGL Background Thread 3 ] DEBUG Engine               - fontMono: TerminalLandMono-Regular.otf
12:42:08.468 [FXGL Background Thread 3 ] DEBUG Engine               - fontText: Courier-Prime.ttf
12:42:08.468 [FXGL Background Thread 3 ] DEBUG Engine               - fontUI: VarelaRound-Regular.ttf
12:42:08.468 [FXGL Background Thread 3 ] DEBUG Engine               - fullScreen: BooleanProperty [value: false]
12:42:08.468 [FXGL Background Thread 3 ] DEBUG Engine               - gameDifficulty: MEDIUM
12:42:08.468 [FXGL Background Thread 3 ] DEBUG Engine               - gameDifficultyProperty: ObjectProperty [value: MEDIUM]
12:42:08.469 [FXGL Background Thread 3 ] DEBUG Engine               - globalMusicVolume: 0.5
12:42:08.469 [FXGL Background Thread 3 ] DEBUG Engine               - globalMusicVolumeProperty: DoubleProperty [value: 0.5]
12:42:08.469 [FXGL Background Thread 3 ] DEBUG Engine               - globalSoundVolume: 0.5
12:42:08.469 [FXGL Background Thread 3 ] DEBUG Engine               - globalSoundVolumeProperty: DoubleProperty [value: 0.5]
12:42:08.469 [FXGL Background Thread 3 ] DEBUG Engine               - height: 720
12:42:08.469 [FXGL Background Thread 3 ] DEBUG Engine               - is3D: false
12:42:08.469 [FXGL Background Thread 3 ] DEBUG Engine               - isAndroid: false
12:42:08.469 [FXGL Background Thread 3 ] DEBUG Engine               - isBrowser: false
12:42:08.469 [FXGL Background Thread 3 ] DEBUG Engine               - isClickFeedbackEnabled: false
12:42:08.469 [FXGL Background Thread 3 ] DEBUG Engine               - isCloseConfirmation: false
12:42:08.469 [FXGL Background Thread 3 ] DEBUG Engine               - isDesktop: true
12:42:08.469 [FXGL Background Thread 3 ] DEBUG Engine               - isDeveloperMenuEnabled: false
12:42:08.469 [FXGL Background Thread 3 ] DEBUG Engine               - isEmbedded: false
12:42:08.469 [FXGL Background Thread 3 ] DEBUG Engine               - isEntityPreloadEnabled: true
12:42:08.469 [FXGL Background Thread 3 ] DEBUG Engine               - isExperimentalTiledLargeMap: false
12:42:08.469 [FXGL Background Thread 3 ] DEBUG Engine               - isFileSystemWriteAllowed: true
12:42:08.469 [FXGL Background Thread 3 ] DEBUG Engine               - isFullScreenAllowed: false
12:42:08.469 [FXGL Background Thread 3 ] DEBUG Engine               - isFullScreenFromStart: false
12:42:08.469 [FXGL Background Thread 3 ] DEBUG Engine               - isGameMenuEnabled: true
12:42:08.470 [FXGL Background Thread 3 ] DEBUG Engine               - isIOS: false
12:42:08.470 [FXGL Background Thread 3 ] DEBUG Engine               - isIntroEnabled: false
12:42:08.470 [FXGL Background Thread 3 ] DEBUG Engine               - isLinux: false
12:42:08.470 [FXGL Background Thread 3 ] DEBUG Engine               - isMac: false
12:42:08.470 [FXGL Background Thread 3 ] DEBUG Engine               - isMainMenuEnabled: true
12:42:08.470 [FXGL Background Thread 3 ] DEBUG Engine               - isManualResizeEnabled: false
12:42:08.470 [FXGL Background Thread 3 ] DEBUG Engine               - isMobile: false
12:42:08.470 [FXGL Background Thread 3 ] DEBUG Engine               - isNative: false
12:42:08.470 [FXGL Background Thread 3 ] DEBUG Engine               - isPauseMusicWhenMinimized: true
12:42:08.470 [FXGL Background Thread 3 ] DEBUG Engine               - isPreserveResizeRatio: false
12:42:08.470 [FXGL Background Thread 3 ] DEBUG Engine               - isProfilingEnabled: false
12:42:08.470 [FXGL Background Thread 3 ] DEBUG Engine               - isScaleAffectedOnResize: true
12:42:08.470 [FXGL Background Thread 3 ] DEBUG Engine               - isSingleStep: false
12:42:08.470 [FXGL Background Thread 3 ] DEBUG Engine               - isUserProfileEnabled: false
12:42:08.470 [FXGL Background Thread 3 ] DEBUG Engine               - isWindows: true
12:42:08.470 [FXGL Background Thread 3 ] DEBUG Engine               - language: ObjectProperty [value: ENGLISH]
12:42:08.471 [FXGL Background Thread 3 ] DEBUG Engine               - menuKey: ESCAPE
12:42:08.471 [FXGL Background Thread 3 ] DEBUG Engine               - mouseSensitivity: 0.2
12:42:08.471 [FXGL Background Thread 3 ] DEBUG Engine               - notificationViewClass: class com.almasb.fxgl.notification.view.XboxNotificationView
12:42:08.471 [FXGL Background Thread 3 ] DEBUG Engine               - pixelsPerMeter: 50.0
12:42:08.471 [FXGL Background Thread 3 ] DEBUG Engine               - platform: WINDOWS
12:42:08.471 [FXGL Background Thread 3 ] DEBUG Engine               - prefHeightProperty: ReadOnlyDoubleProperty [value: 720.0]
12:42:08.471 [FXGL Background Thread 3 ] DEBUG Engine               - prefWidthProperty: ReadOnlyDoubleProperty [value: 1280.0]
12:42:08.471 [FXGL Background Thread 3 ] DEBUG Engine               - profileDir: profiles/
12:42:08.471 [FXGL Background Thread 3 ] DEBUG Engine               - profileName: StringProperty [value: DEFAULT]
12:42:08.471 [FXGL Background Thread 3 ] DEBUG Engine               - randomSeed: -1
12:42:08.473 [FXGL Background Thread 3 ] DEBUG Engine               - runtimeInfo: RuntimeInfo(platform=WINDOWS, version=17.1, build=24.03.2022 17.34)
12:42:08.473 [FXGL Background Thread 3 ] DEBUG Engine               - saveFileExt: sav
12:42:08.473 [FXGL Background Thread 3 ] DEBUG Engine               - scaledHeightProp$fxgl: DoubleProperty [bound, value: 720.0]
12:42:08.473 [FXGL Background Thread 3 ] DEBUG Engine               - scaledWidthProp$fxgl: DoubleProperty [bound, value: 1280.0]
12:42:08.473 [FXGL Background Thread 3 ] DEBUG Engine               - sceneFactory: com.almasb.fxgl.app.scene.SceneFactory@6a9ffbb9
12:42:08.473 [FXGL Background Thread 3 ] DEBUG Engine               - secondsIn24h: 60
12:42:08.473 [FXGL Background Thread 3 ] DEBUG Engine               - soundMenuBack: menu/back.wav
12:42:08.473 [FXGL Background Thread 3 ] DEBUG Engine               - soundMenuPress: menu/press.wav
12:42:08.473 [FXGL Background Thread 3 ] DEBUG Engine               - soundMenuSelect: menu/select.wav
12:42:08.473 [FXGL Background Thread 3 ] DEBUG Engine               - soundNotification: core/notification.wav
12:42:08.473 [FXGL Background Thread 3 ] DEBUG Engine               - stageStyle: DECORATED
12:42:08.474 [FXGL Background Thread 3 ] DEBUG Engine               - supportedLanguages: [ENGLISH, FRENCH, GERMAN, HUNGARIAN, RUSSIAN]
12:42:08.474 [FXGL Background Thread 3 ] DEBUG Engine               - ticksPerSecond: -1
12:42:08.474 [FXGL Background Thread 3 ] DEBUG Engine               - title: Tetris Man 2
12:42:08.474 [FXGL Background Thread 3 ] DEBUG Engine               - urlGithub: https://github.com/AlmasB/FXGL
12:42:08.474 [FXGL Background Thread 3 ] DEBUG Engine               - urlLeaderboard: http://fxgl-top.herokuapp.com/
12:42:08.474 [FXGL Background Thread 3 ] DEBUG Engine               - urlPOM: https://raw.githubusercontent.com/AlmasB/FXGL/release/README.md
12:42:08.474 [FXGL Background Thread 3 ] DEBUG Engine               - userAppClass: class com.example.ipose_megaman.Main
12:42:08.474 [FXGL Background Thread 3 ] DEBUG Engine               - version: 1.0
12:42:08.474 [FXGL Background Thread 3 ] DEBUG Engine               - versionCheckDays: 7
12:42:08.474 [FXGL Background Thread 3 ] DEBUG Engine               - width: 1280
12:42:08.474 [FXGL Background Thread 3 ] DEBUG Engine               - Logging services
12:42:08.474 [FXGL Background Thread 3 ] DEBUG Engine               - class com.almasb.fxgl.app.services.FXGLAssetLoaderService
12:42:08.474 [FXGL Background Thread 3 ] DEBUG Engine               - class com.almasb.fxgl.app.FXGLApplication$GameApplicationService
12:42:08.474 [FXGL Background Thread 3 ] DEBUG Engine               - class com.almasb.fxgl.app.services.FXGLDialogService
12:42:08.474 [FXGL Background Thread 3 ] DEBUG Engine               - class com.almasb.fxgl.app.services.IOTaskExecutorService
12:42:08.474 [FXGL Background Thread 3 ] DEBUG Engine               - class com.almasb.fxgl.io.FileSystemService
12:42:08.474 [FXGL Background Thread 3 ] DEBUG Engine               - class com.almasb.fxgl.localization.LocalizationService
12:42:08.474 [FXGL Background Thread 3 ] DEBUG Engine               - class com.almasb.fxgl.app.services.SystemBundleService
12:42:08.474 [FXGL Background Thread 3 ] DEBUG Engine               - class com.almasb.fxgl.profile.SaveLoadService
12:42:08.474 [FXGL Background Thread 3 ] DEBUG Engine               - class com.almasb.fxgl.ui.FXGLUIFactoryServiceProvider
12:42:08.474 [FXGL Background Thread 3 ] DEBUG Engine               - class com.almasb.fxgl.ui.FXGLDialogFactoryServiceProvider
12:42:08.474 [FXGL Background Thread 3 ] DEBUG Engine               - class com.almasb.fxgl.audio.AudioPlayer
12:42:08.475 [FXGL Background Thread 3 ] DEBUG Engine               - class com.almasb.fxgl.notification.impl.NotificationServiceProvider
12:42:08.475 [FXGL Background Thread 3 ] DEBUG Engine               - class com.almasb.fxgl.achievement.AchievementService
12:42:08.475 [FXGL Background Thread 3 ] DEBUG Engine               - class com.almasb.fxgl.cutscene.CutsceneService
12:42:08.475 [FXGL Background Thread 3 ] DEBUG Engine               - class com.almasb.fxgl.minigames.MiniGameService
12:42:08.475 [FXGL Background Thread 3 ] DEBUG Engine               - class com.almasb.fxgl.net.NetService
12:42:08.475 [FXGL Background Thread 3 ] DEBUG Engine               - class com.almasb.fxgl.app.services.UpdaterService
12:42:08.475 [FXGL Background Thread 3 ] DEBUG Engine               - class com.almasb.fxgl.dev.DevService
12:42:11.588 [JavaFX Application Thread] WARN  FXGLAssetLoaderServi - Asset "/assets/sounds/shoot.wav" was not found!
12:42:11.588 [JavaFX Application Thread] WARN  FXGLAssetLoaderServi - Failed to load SOUND
12:42:12.005 [JavaFX Application Thread] WARN  FXGLAssetLoaderServi - Asset "/assets/sounds/shoot.wav" was not found!
12:42:12.005 [JavaFX Application Thread] WARN  FXGLAssetLoaderServi - Failed to load SOUND
12:42:12.186 [JavaFX Application Thread] WARN  FXGLAssetLoaderServi - Asset "/assets/sounds/shoot.wav" was not found!
12:42:12.187 [JavaFX Application Thread] WARN  FXGLAssetLoaderServi - Failed to load SOUND
12:42:23.170 [JavaFX Application Thread] WARN  FXGLAssetLoaderServi - Asset "/assets/sounds/shoot.wav" was not found!
12:42:23.170 [JavaFX Application Thread] WARN  FXGLAssetLoaderServi - Failed to load SOUND
12:42:23.388 [JavaFX Application Thread] WARN  FXGLAssetLoaderServi - Asset "/assets/sounds/shoot.wav" was not found!
12:42:23.388 [JavaFX Application Thread] WARN  FXGLAssetLoaderServi - Failed to load SOUND
12:42:23.597 [JavaFX Application Thread] WARN  FXGLAssetLoaderServi - Asset "/assets/sounds/shoot.wav" was not found!
12:42:23.597 [JavaFX Application Thread] WARN  FXGLAssetLoaderServi - Failed to load SOUND
12:42:26.343 [JavaFX Application Thread] WARN  FXGLAssetLoaderServi - Asset "/assets/sounds/shoot.wav" was not found!
12:42:26.343 [JavaFX Application Thread] WARN  FXGLAssetLoaderServi - Failed to load SOUND
12:42:26.750 [JavaFX Application Thread] WARN  FXGLAssetLoaderServi - Asset "/assets/sounds/shoot.wav" was not found!
12:42:26.750 [JavaFX Application Thread] WARN  FXGLAssetLoaderServi - Failed to load SOUND
12:42:29.068 [JavaFX Application Thread] WARN  FXGLAssetLoaderServi - Asset "/assets/sounds/shoot.wav" was not found!
12:42:29.069 [JavaFX Application Thread] WARN  FXGLAssetLoaderServi - Failed to load SOUND
12:42:37.968 [JavaFX Application Thread] DEBUG PrimaryStageWindow   - Push state: DialogSubScene
12:42:37.968 [JavaFX Application Thread] DEBUG Input                - Clearing active input actions
12:42:37.969 [JavaFX Application Thread] DEBUG GameApplicationServi - Removing overlay from GameScene and adding to DialogSubScene
12:42:37.969 [JavaFX Application Thread] DEBUG PrimaryStageWindow   - GameScene -> DialogSubScene
12:42:40.243 [JavaFX Application Thread] DEBUG PrimaryStageWindow   - Pop state: DialogSubScene
12:42:40.243 [JavaFX Application Thread] DEBUG Input                - Clearing active input actions
12:42:40.243 [JavaFX Application Thread] DEBUG GameApplicationServi - Removing overlay from DialogSubScene and adding to GameScene
12:42:40.244 [JavaFX Application Thread] DEBUG PrimaryStageWindow   - GameScene <- DialogSubScene
12:42:40.244 [JavaFX Application Thread] WARN  FXGLAssetLoaderServi - Asset "/assets/textures/tilesheet.png" was not found!
12:42:40.244 [JavaFX Application Thread] WARN  FXGLAssetLoaderServi - Failed to load IMAGE
12:42:40.244 [JavaFX Application Thread] DEBUG FXGLAssetLoaderServi - Loading from file system: file:/C:/Users/julia/Desktop/IPOSE_MEGAMAN/target/classes/assets/textures/background1.jpg
12:42:41.803 [JavaFX Application Thread] WARN  FXGLAssetLoaderServi - Asset "/assets/sounds/shoot.wav" was not found!
12:42:41.803 [JavaFX Application Thread] WARN  FXGLAssetLoaderServi - Failed to load SOUND
12:42:41.989 [JavaFX Application Thread] WARN  FXGLAssetLoaderServi - Asset "/assets/sounds/shoot.wav" was not found!
12:42:41.990 [JavaFX Application Thread] WARN  FXGLAssetLoaderServi - Failed to load SOUND
12:42:42.174 [JavaFX Application Thread] WARN  FXGLAssetLoaderServi - Asset "/assets/sounds/shoot.wav" was not found!
12:42:42.174 [JavaFX Application Thread] WARN  FXGLAssetLoaderServi - Failed to load SOUND
12:42:42.382 [JavaFX Application Thread] WARN  FXGLAssetLoaderServi - Asset "/assets/sounds/shoot.wav" was not found!
12:42:42.382 [JavaFX Application Thread] WARN  FXGLAssetLoaderServi - Failed to load SOUND
12:42:42.904 [JavaFX Application Thread] WARN  FXGLAssetLoaderServi - Asset "/assets/sounds/shoot.wav" was not found!
12:42:42.904 [JavaFX Application Thread] WARN  FXGLAssetLoaderServi - Failed to load SOUND
12:42:43.119 [JavaFX Application Thread] WARN  FXGLAssetLoaderServi - Asset "/assets/sounds/shoot.wav" was not found!
12:42:43.119 [JavaFX Application Thread] WARN  FXGLAssetLoaderServi - Failed to load SOUND
12:42:44.069 [JavaFX Application Thread] WARN  FXGLAssetLoaderServi - Asset "/assets/sounds/shoot.wav" was not found!
12:42:44.069 [JavaFX Application Thread] WARN  FXGLAssetLoaderServi - Failed to load SOUND
12:42:44.257 [JavaFX Application Thread] WARN  FXGLAssetLoaderServi - Asset "/assets/sounds/shoot.wav" was not found!
12:42:44.258 [JavaFX Application Thread] WARN  FXGLAssetLoaderServi - Failed to load SOUND
12:42:44.474 [JavaFX Application Thread] WARN  FXGLAssetLoaderServi - Asset "/assets/sounds/shoot.wav" was not found!
12:42:44.474 [JavaFX Application Thread] WARN  FXGLAssetLoaderServi - Failed to load SOUND
12:42:44.674 [JavaFX Application Thread] WARN  FXGLAssetLoaderServi - Asset "/assets/sounds/shoot.wav" was not found!
12:42:44.674 [JavaFX Application Thread] WARN  FXGLAssetLoaderServi - Failed to load SOUND
12:42:47.390 [JavaFX Application Thread] DEBUG PrimaryStageWindow   - Push state: DialogSubScene
12:42:47.390 [JavaFX Application Thread] DEBUG Input                - Clearing active input actions
12:42:47.391 [JavaFX Application Thread] DEBUG GameApplicationServi - Removing overlay from GameScene and adding to DialogSubScene
12:42:47.391 [JavaFX Application Thread] DEBUG PrimaryStageWindow   - GameScene -> DialogSubScene
12:42:49.279 [JavaFX Application Thread] DEBUG PrimaryStageWindow   - Pop state: DialogSubScene
12:42:49.280 [JavaFX Application Thread] DEBUG Input                - Clearing active input actions
12:42:49.280 [JavaFX Application Thread] DEBUG GameApplicationServi - Removing overlay from DialogSubScene and adding to GameScene
12:42:49.280 [JavaFX Application Thread] DEBUG PrimaryStageWindow   - GameScene <- DialogSubScene
12:42:49.281 [JavaFX Application Thread] WARN  FXGLAssetLoaderServi - Asset "/assets/textures/tilesheet.png" was not found!
12:42:49.281 [JavaFX Application Thread] WARN  FXGLAssetLoaderServi - Failed to load IMAGE
12:43:03.230 [JavaFX Application Thread] WARN  FXGLAssetLoaderServi - Asset "/assets/sounds/shoot.wav" was not found!
12:43:03.230 [JavaFX Application Thread] WARN  FXGLAssetLoaderServi - Failed to load SOUND
12:43:03.913 [JavaFX Application Thread] WARN  FXGLAssetLoaderServi - Asset "/assets/sounds/shoot.wav" was not found!
12:43:03.913 [JavaFX Application Thread] WARN  FXGLAssetLoaderServi - Failed to load SOUND
12:43:12.271 [JavaFX Application Thread] WARN  FXGLAssetLoaderServi - Asset "/assets/sounds/shoot.wav" was not found!
12:43:12.271 [JavaFX Application Thread] WARN  FXGLAssetLoaderServi - Failed to load SOUND
12:43:12.641 [JavaFX Application Thread] WARN  FXGLAssetLoaderServi - Asset "/assets/sounds/shoot.wav" was not found!
12:43:12.641 [JavaFX Application Thread] WARN  FXGLAssetLoaderServi - Failed to load SOUND
12:43:14.927 [JavaFX Application Thread] WARN  FXGLAssetLoaderServi - Asset "/assets/sounds/shoot.wav" was not found!
12:43:14.927 [JavaFX Application Thread] WARN  FXGLAssetLoaderServi - Failed to load SOUND
12:43:15.146 [JavaFX Application Thread] WARN  FXGLAssetLoaderServi - Asset "/assets/sounds/shoot.wav" was not found!
12:43:15.146 [JavaFX Application Thread] WARN  FXGLAssetLoaderServi - Failed to load SOUND
12:43:15.360 [JavaFX Application Thread] WARN  FXGLAssetLoaderServi - Asset "/assets/sounds/shoot.wav" was not found!
12:43:15.360 [JavaFX Application Thread] WARN  FXGLAssetLoaderServi - Failed to load SOUND
12:43:15.564 [JavaFX Application Thread] WARN  FXGLAssetLoaderServi - Asset "/assets/sounds/shoot.wav" was not found!
12:43:15.566 [JavaFX Application Thread] WARN  FXGLAssetLoaderServi - Failed to load SOUND
12:43:15.819 [JavaFX Application Thread] WARN  FXGLAssetLoaderServi - Asset "/assets/sounds/shoot.wav" was not found!
12:43:15.820 [JavaFX Application Thread] WARN  FXGLAssetLoaderServi - Failed to load SOUND
12:43:16.028 [JavaFX Application Thread] WARN  FXGLAssetLoaderServi - Asset "/assets/sounds/shoot.wav" was not found!
12:43:16.028 [JavaFX Application Thread] WARN  FXGLAssetLoaderServi - Failed to load SOUND
12:43:17.327 [JavaFX Application Thread] DEBUG PrimaryStageWindow   - Push state: DialogSubScene
12:43:17.327 [JavaFX Application Thread] DEBUG Input                - Clearing active input actions
12:43:17.327 [JavaFX Application Thread] DEBUG GameApplicationServi - Removing overlay from GameScene and adding to DialogSubScene
12:43:17.327 [JavaFX Application Thread] DEBUG PrimaryStageWindow   - GameScene -> DialogSubScene
12:43:19.294 [JavaFX Application Thread] DEBUG PrimaryStageWindow   - Pop state: DialogSubScene
12:43:19.294 [JavaFX Application Thread] DEBUG Input                - Clearing active input actions
12:43:19.295 [JavaFX Application Thread] DEBUG GameApplicationServi - Removing overlay from DialogSubScene and adding to GameScene
12:43:19.295 [JavaFX Application Thread] DEBUG PrimaryStageWindow   - GameScene <- DialogSubScene
12:43:19.296 [JavaFX Application Thread] WARN  FXGLAssetLoaderServi - Asset "/assets/textures/tilesheet.png" was not found!
12:43:19.296 [JavaFX Application Thread] WARN  FXGLAssetLoaderServi - Failed to load IMAGE
12:43:22.799 [JavaFX Application Thread] DEBUG PrimaryStageWindow   - Push state: DialogSubScene
12:43:22.800 [JavaFX Application Thread] DEBUG Input                - Clearing active input actions
12:43:22.800 [JavaFX Application Thread] DEBUG GameApplicationServi - Removing overlay from GameScene and adding to DialogSubScene
12:43:22.801 [JavaFX Application Thread] DEBUG PrimaryStageWindow   - GameScene -> DialogSubScene
12:43:24.207 [JavaFX Application Thread] DEBUG PrimaryStageWindow   - Pop state: DialogSubScene
12:43:24.208 [JavaFX Application Thread] DEBUG Input                - Clearing active input actions
12:43:24.208 [JavaFX Application Thread] DEBUG GameApplicationServi - Removing overlay from DialogSubScene and adding to GameScene
12:43:24.208 [JavaFX Application Thread] DEBUG PrimaryStageWindow   - GameScene <- DialogSubScene
12:43:24.209 [JavaFX Application Thread] WARN  FXGLAssetLoaderServi - Asset "/assets/textures/tilesheet.png" was not found!
12:43:24.209 [JavaFX Application Thread] WARN  FXGLAssetLoaderServi - Failed to load IMAGE
12:43:25.951 [JavaFX Application Thread] DEBUG PrimaryStageWindow   - Push state: DialogSubScene
12:43:25.951 [JavaFX Application Thread] DEBUG Input                - Clearing active input actions
12:43:25.952 [JavaFX Application Thread] DEBUG GameApplicationServi - Removing overlay from GameScene and adding to DialogSubScene
12:43:25.952 [JavaFX Application Thread] DEBUG PrimaryStageWindow   - GameScene -> DialogSubScene
12:43:27.602 [JavaFX Application Thread] DEBUG PrimaryStageWindow   - Pop state: DialogSubScene
12:43:27.602 [JavaFX Application Thread] DEBUG Input                - Clearing active input actions
12:43:27.602 [JavaFX Application Thread] DEBUG GameApplicationServi - Removing overlay from DialogSubScene and adding to GameScene
12:43:27.603 [JavaFX Application Thread] DEBUG PrimaryStageWindow   - GameScene <- DialogSubScene
12:43:27.603 [JavaFX Application Thread] WARN  FXGLAssetLoaderServi - Asset "/assets/textures/tilesheet.png" was not found!
12:43:27.603 [JavaFX Application Thread] WARN  FXGLAssetLoaderServi - Failed to load IMAGE
12:43:30.868 [JavaFX Application Thread] DEBUG FXGLApplication      - Exiting FXGL
12:43:30.868 [JavaFX Application Thread] DEBUG LoopRunner           - Stopping loop
12:43:30.868 [JavaFX Application Thread] DEBUG SystemBundleService  - Saving FXGL system data
12:43:30.872 [JavaFX Application Thread] DEBUG FileSystemAccess     - Writing to: C:\Users\julia\Desktop\IPOSE_MEGAMAN\system\fxgl.bundle
12:43:30.876 [JavaFX Application Thread] DEBUG Async                - Shutting down background threads
12:43:30.876 [JavaFX Application Thread] DEBUG PrimaryStageWindow   - Closing main window
12:43:30.908 [JavaFX Application Thread] DEBUG Logger               - Closing Logger
