11:33:23.179 [main                     ] DEBUG Logger               - Configured Logger
11:33:23.202 [main                     ] DEBUG GameApplication      - Logging settings
Title: Tetris Man 2
Version: 1.0
Width: 1280
Height: 720
Fullscreen: false
Intro: false
Profiling: false
Single step:false
App Mode: DEVELOPER
Menu Key: ESCAPE
Stage Style: DECORATED
Scene Factory: class com.almasb.fxgl.app.scene.SceneFactory

11:33:23.911 [JavaFX Application Thread] DEBUG FXGLApplication      - Initializing FXGL
11:33:23.916 [JavaFX Application Thread] INFO  Engine               - FXGL-17.1 (24.03.2022 17.34) on WINDOWS (J:19.0.2 FX:19-ea)
11:33:23.917 [JavaFX Application Thread] DEBUG Engine               - JRE Vendor Name: Oracle Corporation
11:33:23.917 [JavaFX Application Thread] DEBUG Engine               - Running on OS: Windows 10 version 10.0
11:33:23.917 [JavaFX Application Thread] DEBUG Engine               - Architecture: amd64
11:33:23.917 [JavaFX Application Thread] INFO  Engine               - Source code and latest versions at: https://github.com/AlmasB/FXGL
11:33:23.917 [JavaFX Application Thread] INFO  Engine               -       Ask questions and discuss at: https://github.com/AlmasB/FXGL/discussions
11:33:23.917 [JavaFX Application Thread] INFO  Engine               -              Join the FXGL chat at: https://gitter.im/AlmasB/FXGL
11:33:24.012 [JavaFX Application Thread] DEBUG PrimaryStageWindow   - Creating a JavaFX scene
11:33:24.061 [JavaFX Application Thread] DEBUG PrimaryStageWindow   - Target settings size: 1280.0 x 720.0
11:33:24.062 [JavaFX Application Thread] DEBUG PrimaryStageWindow   - Scaled scene size:    1280.0 x 720.0
11:33:24.062 [JavaFX Application Thread] DEBUG PrimaryStageWindow   - Scaled ratio: (1.0, 1.0)
11:33:24.063 [JavaFX Application Thread] DEBUG PrimaryStageWindow   - Set initial scene to FXGLStartupScene
11:33:24.070 [JavaFX Application Thread] DEBUG PrimaryStageWindow   - Opening main window
11:33:24.167 [JavaFX Application Thread] DEBUG PrimaryStageWindow   - Window border size: (14.4000244140625, 37.5999755859375)
11:33:24.167 [JavaFX Application Thread] DEBUG PrimaryStageWindow   - Scaled size: 1280.0 x 720.0
11:33:24.168 [JavaFX Application Thread] DEBUG PrimaryStageWindow   - Scaled ratio: (1.0, 1.0)
11:33:24.168 [JavaFX Application Thread] DEBUG PrimaryStageWindow   - Scene size: 1280.0 x 720.0
11:33:24.168 [JavaFX Application Thread] DEBUG PrimaryStageWindow   - Stage size: 1294.4000244140625 x 757.5999755859375
11:33:24.178 [FXGL Background Thread 1 ] DEBUG Engine               - Initializing environment variables
11:33:24.234 [FXGL Background Thread 1 ] DEBUG FXGLAssetLoaderServi - User app class for loading assets: class com.example.ipose_megaman.Main
11:33:24.234 [FXGL Background Thread 1 ] DEBUG GameApplicationServi - Applying CSS: fxgl_dark.css
11:33:24.235 [FXGL Background Thread 1 ] DEBUG FXGLAssetLoaderServi - Loading from file system: jar:file:///C:/Users/Patryk/.m2/repository/com/github/almasb/fxgl/17.1/fxgl-17.1.jar!/fxglassets/ui/css/fxgl_dark.css
11:33:24.290 [FXGL Background Thread 1 ] DEBUG GameApplicationServi - Initializing application scenes
11:33:24.360 [FXGL Background Thread 1 ] DEBUG GameWorld            - Game world initialized
11:33:24.419 [FXGL Background Thread 1 ] DEBUG PhysicsWorld         - Physics world initialized: appHeight=720, physics.ppm=50,0
11:33:24.419 [FXGL Background Thread 1 ] DEBUG PhysicsWorld         - Using strategy: BRUTE_FORCE
11:33:24.424 [FXGL Background Thread 1 ] DEBUG GameScene            - Game scene initialized: 1280x720
11:33:24.437 [FXGL Background Thread 1 ] DEBUG FXGL.DefaultMenu     - createMenuBodyMainMenu()
11:33:24.451 [FXGL Background Thread 1 ] DEBUG FXGL.DefaultMenu     - createOptionsMenu()
11:33:24.462 [FXGL Background Thread 1 ] DEBUG FXGLAssetLoaderServi - Loading from file system: jar:file:///C:/Users/Patryk/.m2/repository/com/github/almasb/fxgl/17.1/fxgl-17.1.jar!/fxglassets/textures/particles/smoke.png
11:33:24.566 [FXGL Background Thread 1 ] DEBUG FXGLAssetLoaderServi - Loading from file system: jar:file:///C:/Users/Patryk/.m2/repository/com/github/almasb/fxgl/17.1/fxgl-17.1.jar!/fxglassets/textures/particles/trace_horizontal.png
11:33:24.597 [FXGL Background Thread 1 ] DEBUG FXGL.DefaultMenu     - createMenuBodyGameMenu()
11:33:24.598 [FXGL Background Thread 1 ] DEBUG FXGL.DefaultMenu     - createOptionsMenu()
11:33:24.613 [FXGL Background Thread 1 ] DEBUG GameApplicationServi - Application scenes initialized
11:33:24.626 [FXGL Background Thread 1 ] DEBUG SystemBundleService  - Loading FXGL system data
11:33:24.631 [FXGL Background Thread 1 ] DEBUG FileSystemAccess     - Reading from: D:\GITHUB ZOOI\IPOSE-FXGL-Mega-Man\system\fxgl.bundle
11:33:24.641 [FXGL Background Thread 1 ] DEBUG SystemBundleService  - Bundle FXGL: {}
11:33:24.641 [FXGL Background Thread 1 ] DEBUG UpdaterService       - Checking for updates
11:33:24.646 [FXGL Background Thread 1 ] DEBUG FXGLApplication      - Loading default localization
11:33:24.646 [FXGL Background Thread 1 ] DEBUG FXGLAssetLoaderServi - Loading from file system: jar:file:///C:/Users/Patryk/.m2/repository/com/github/almasb/fxgl/17.1/fxgl-17.1.jar!/fxglassets/languages/english.lang
11:33:24.648 [FXGL Background Thread 4 ] DEBUG FXGLApplication      - Loading fonts
11:33:24.649 [FXGL Background Thread 4 ] DEBUG FXGLAssetLoaderServi - Loading from file system: jar:file:///C:/Users/Patryk/.m2/repository/com/github/almasb/fxgl/17.1/fxgl-17.1.jar!/fxglassets/ui/fonts/VarelaRound-Regular.ttf
11:33:24.704 [FXGL Background Thread 1 ] INFO  FXGLApplication      - FXGL initialization took: 0,525 sec
11:33:24.715 [JavaFX Application Thread] DEBUG Input                - Registered new binding: Move Right - D
11:33:24.715 [JavaFX Application Thread] DEBUG Input                - Registered new binding: Move Left - A
11:33:24.715 [JavaFX Application Thread] DEBUG Input                - Registered new binding: Jump - Space
11:33:24.715 [JavaFX Application Thread] DEBUG Input                - Registered new binding: Shoot - Enter
11:33:24.715 [JavaFX Application Thread] DEBUG FXGLAssetLoaderServi - Loading from file system: jar:file:///C:/Users/Patryk/.m2/repository/com/github/almasb/fxgl/17.1/fxgl-17.1.jar!/fxglassets/textures/fxgl_icon.png
11:33:24.737 [JavaFX Application Thread] DEBUG FXGLAssetLoaderServi - Loading from file system: jar:file:///C:/Users/Patryk/.m2/repository/com/github/almasb/fxgl/17.1/fxgl-17.1.jar!/fxglassets/textures/fxgl_default_cursor.png
11:33:24.739 [JavaFX Application Thread] DEBUG Input                - Registered new binding: Screenshot - CTRL+8
11:33:24.739 [JavaFX Application Thread] DEBUG Input                - Registered new binding: System info dump - CTRL+9
11:33:24.740 [JavaFX Application Thread] DEBUG Input                - Registered new binding: Restart - CTRL+R
11:33:24.740 [JavaFX Application Thread] DEBUG Input                - Registered new binding: Toggle Debug Camera - CTRL+7
11:33:24.743 [JavaFX Application Thread] DEBUG LoopRunner           - Starting loop
11:33:24.743 [JavaFX Application Thread] DEBUG LoopRunner           - Initializing JavaFX AnimationTimerLoop
11:33:24.745 [JavaFX Application Thread] DEBUG Input                - Clearing active input actions
11:33:24.754 [JavaFX Application Thread] DEBUG GameApplicationServi - Removing overlay from FXGLStartupScene and adding to FXGLMainMenuDummyScene
11:33:24.755 [JavaFX Application Thread] DEBUG PrimaryStageWindow   - FXGLStartupScene -> FXGLMainMenuDummyScene
11:33:24.755 [JavaFX Application Thread] DEBUG PrimaryStageWindow   - Push state: FXGLDefaultMenu
11:33:24.764 [JavaFX Application Thread] DEBUG Input                - Clearing active input actions
11:33:24.773 [JavaFX Application Thread] DEBUG GameApplicationServi - Removing overlay from FXGLMainMenuDummyScene and adding to FXGLDefaultMenu
11:33:24.773 [JavaFX Application Thread] DEBUG PrimaryStageWindow   - FXGLMainMenuDummyScene -> FXGLDefaultMenu
11:33:25.002 [FXGL Background Thread 4 ] DEBUG FXGLAssetLoaderServi - Loading from file system: jar:file:///C:/Users/Patryk/.m2/repository/com/github/almasb/fxgl/17.1/fxgl-17.1.jar!/fxglassets/ui/fonts/Abel-Regular.ttf
11:33:25.007 [FXGL Background Thread 4 ] DEBUG FXGLAssetLoaderServi - Loading from file system: jar:file:///C:/Users/Patryk/.m2/repository/com/github/almasb/fxgl/17.1/fxgl-17.1.jar!/fxglassets/ui/fonts/TerminalLandMono-Regular.otf
11:33:25.011 [FXGL Background Thread 4 ] DEBUG FXGLAssetLoaderServi - Loading from file system: jar:file:///C:/Users/Patryk/.m2/repository/com/github/almasb/fxgl/17.1/fxgl-17.1.jar!/fxglassets/ui/fonts/Courier-Prime.ttf
11:33:25.029 [JavaFX Application Thread] DEBUG FXGLApplication      - Registering font factories with UI factory
11:33:25.327 [FXGL Background Thread 2 ] INFO  UpdaterService       - Your current version:  17.1
11:33:25.328 [FXGL Background Thread 2 ] INFO  UpdaterService       - Latest stable version: 17.3
11:33:25.685 [JavaFX Application Thread] DEBUG Menu                 - fireNewGame()
11:33:25.686 [JavaFX Application Thread] DEBUG GameApplicationServi - Starting new game
11:33:25.687 [JavaFX Application Thread] DEBUG PrimaryStageWindow   - Pop state: FXGLDefaultMenu
11:33:25.687 [JavaFX Application Thread] DEBUG Input                - Clearing active input actions
11:33:25.688 [JavaFX Application Thread] DEBUG GameApplicationServi - Removing overlay from FXGLDefaultMenu and adding to FXGLMainMenuDummyScene
11:33:25.690 [JavaFX Application Thread] DEBUG PrimaryStageWindow   - FXGLMainMenuDummyScene <- FXGLDefaultMenu
11:33:25.692 [JavaFX Application Thread] DEBUG Input                - Clearing active input actions
11:33:25.704 [JavaFX Application Thread] DEBUG GameApplicationServi - Removing overlay from FXGLMainMenuDummyScene and adding to FXGLLoadingScene
11:33:25.704 [JavaFX Application Thread] DEBUG PrimaryStageWindow   - FXGLMainMenuDummyScene -> FXGLLoadingScene
11:33:25.704 [JavaFX Application Thread] DEBUG GameApplicationServi - Clearing previous game
11:33:25.704 [JavaFX Application Thread] DEBUG GameScene            - Clearing game scene
11:33:25.704 [JavaFX Application Thread] DEBUG GameWorld            - Clearing game world
11:33:25.704 [JavaFX Application Thread] DEBUG PhysicsWorld         - Clearing physics world
11:33:25.705 [FXGL Background Thread 2 ] DEBUG FXGLApplication      - Initializing game
11:33:25.744 [FXGL Background Thread 2 ] WARN  TMXLevelLoader       - TiledMap generated from 1.10.0. Supported version: 1.4.2. Some features may not be parsed fully.
11:33:25.769 [FXGL Background Thread 2 ] DEBUG TMXLevelLoader       - Parsed TiledMap: file:/D:/GITHUB%20ZOOI/IPOSE-FXGL-Mega-Man/target/classes/assets/levels/level.tmx
11:33:25.770 [FXGL Background Thread 2 ] DEBUG TMXLevelLoader       - Creating tile layer entities
11:33:25.771 [FXGL Background Thread 2 ] DEBUG TilesetLoader        - Loading view for layer Tilelaag 1
11:33:25.859 [FXGL Background Thread 2 ] DEBUG TilesetLoader        - Created buffer with size 28000.0x1400.0
11:33:25.876 [FXGL Background Thread 2 ] DEBUG TMXLevelLoader       - Creating object layer entities
11:33:25.942 [FXGL Background Thread 2 ] DEBUG GameWorld            - Clearing removable entities
11:33:25.942 [FXGL Background Thread 2 ] DEBUG GameWorld            - Setting level: com.almasb.fxgl.entity.level.Level@142590a1
11:33:25.962 [FXGL Background Thread 2 ] WARN  FXGLAssetLoaderServi - Asset "/assets/textures/assets/textures/MegaManIdle.png" was not found!
11:33:25.962 [FXGL Background Thread 2 ] WARN  FXGLAssetLoaderServi - Failed to load IMAGE
11:33:25.988 [FXGL Background Thread 2 ] DEBUG FXGLAssetLoaderServi - Loading from file system: file:/D:/GITHUB%20ZOOI/IPOSE-FXGL-Mega-Man/target/classes/assets/textures/MegaManIdle.png
11:33:25.995 [FXGL Background Thread 2 ] DEBUG FXGLAssetLoaderServi - Loading from file system: file:/D:/GITHUB%20ZOOI/IPOSE-FXGL-Mega-Man/target/classes/assets/textures/background2.jpg
11:33:26.572 [FXGL Background Thread 2 ] INFO  FXGLApplication      - Game initialization took: 0,867 sec
11:33:26.587 [JavaFX Application Thread] DEBUG Input                - Clearing active input actions
11:33:26.592 [JavaFX Application Thread] DEBUG GameApplicationServi - Removing overlay from FXGLLoadingScene and adding to GameScene
11:33:26.593 [JavaFX Application Thread] DEBUG PrimaryStageWindow   - FXGLLoadingScene -> GameScene
11:33:27.645 [FXGL Background Thread 3 ] DEBUG Engine               - Logging environment variables
11:33:27.646 [FXGL Background Thread 3 ] DEBUG Engine               - achievements: []
11:33:27.646 [FXGL Background Thread 3 ] DEBUG Engine               - actualHeight: 720.0
11:33:27.646 [FXGL Background Thread 3 ] DEBUG Engine               - actualHeightProperty: ReadOnlyDoubleProperty [value: 720.0]
11:33:27.647 [FXGL Background Thread 3 ] DEBUG Engine               - actualWidth: 1280.0
11:33:27.647 [FXGL Background Thread 3 ] DEBUG Engine               - actualWidthProperty: ReadOnlyDoubleProperty [value: 1280.0]
11:33:27.647 [FXGL Background Thread 3 ] DEBUG Engine               - appIcon: fxgl_icon.png
11:33:27.647 [FXGL Background Thread 3 ] DEBUG Engine               - applicationMode: DEVELOPER
11:33:27.647 [FXGL Background Thread 3 ] DEBUG Engine               - cSSList: [fxgl_dark.css]
11:33:27.647 [FXGL Background Thread 3 ] DEBUG Engine               - collisionDetectionStrategy: BRUTE_FORCE
11:33:27.647 [FXGL Background Thread 3 ] DEBUG Engine               - configClass: Optional.empty
11:33:27.647 [FXGL Background Thread 3 ] DEBUG Engine               - credits: []
11:33:27.647 [FXGL Background Thread 3 ] DEBUG Engine               - defaultCursor: CursorInfo(imageName=fxgl_default_cursor.png, hotspotX=7.0, hotspotY=6.0)
11:33:27.647 [FXGL Background Thread 3 ] DEBUG Engine               - devBBoxColorProperty: ObjectProperty [value: 0xff0000ff]
11:33:27.648 [FXGL Background Thread 3 ] DEBUG Engine               - devEnableDebugCameraProperty: BooleanProperty [value: false]
11:33:27.648 [FXGL Background Thread 3 ] DEBUG Engine               - devSensorColorProperty: ObjectProperty [value: 0xffff00ff]
11:33:27.648 [FXGL Background Thread 3 ] DEBUG Engine               - devShowBBoxProperty: BooleanProperty [value: false]
11:33:27.648 [FXGL Background Thread 3 ] DEBUG Engine               - devShowPositionProperty: BooleanProperty [value: false]
11:33:27.648 [FXGL Background Thread 3 ] DEBUG Engine               - enabledMenuItems: []
11:33:27.648 [FXGL Background Thread 3 ] DEBUG Engine               - engineServices: [class com.almasb.fxgl.app.services.FXGLAssetLoaderService, class com.almasb.fxgl.app.FXGLApplication$GameApplicationService, class com.almasb.fxgl.app.services.FXGLDialogService, class com.almasb.fxgl.app.services.IOTaskExecutorService, class com.almasb.fxgl.io.FileSystemService, class com.almasb.fxgl.localization.LocalizationService, class com.almasb.fxgl.app.services.SystemBundleService, class com.almasb.fxgl.profile.SaveLoadService, class com.almasb.fxgl.ui.FXGLUIFactoryServiceProvider, class com.almasb.fxgl.ui.FXGLDialogFactoryServiceProvider, class com.almasb.fxgl.audio.AudioPlayer, class com.almasb.fxgl.notification.impl.NotificationServiceProvider, class com.almasb.fxgl.achievement.AchievementService, class com.almasb.fxgl.cutscene.CutsceneService, class com.almasb.fxgl.minigames.MiniGameService, class com.almasb.fxgl.net.NetService, class com.almasb.fxgl.app.services.UpdaterService, class com.almasb.fxgl.dev.DevService]
11:33:27.648 [FXGL Background Thread 3 ] DEBUG Engine               - fontGame: Abel-Regular.ttf
11:33:27.648 [FXGL Background Thread 3 ] DEBUG Engine               - fontMono: TerminalLandMono-Regular.otf
11:33:27.648 [FXGL Background Thread 3 ] DEBUG Engine               - fontText: Courier-Prime.ttf
11:33:27.648 [FXGL Background Thread 3 ] DEBUG Engine               - fontUI: VarelaRound-Regular.ttf
11:33:27.648 [FXGL Background Thread 3 ] DEBUG Engine               - fullScreen: BooleanProperty [value: false]
11:33:27.648 [FXGL Background Thread 3 ] DEBUG Engine               - gameDifficulty: MEDIUM
11:33:27.648 [FXGL Background Thread 3 ] DEBUG Engine               - gameDifficultyProperty: ObjectProperty [value: MEDIUM]
11:33:27.648 [FXGL Background Thread 3 ] DEBUG Engine               - globalMusicVolume: 0.5
11:33:27.648 [FXGL Background Thread 3 ] DEBUG Engine               - globalMusicVolumeProperty: DoubleProperty [value: 0.5]
11:33:27.648 [FXGL Background Thread 3 ] DEBUG Engine               - globalSoundVolume: 0.5
11:33:27.648 [FXGL Background Thread 3 ] DEBUG Engine               - globalSoundVolumeProperty: DoubleProperty [value: 0.5]
11:33:27.648 [FXGL Background Thread 3 ] DEBUG Engine               - height: 720
11:33:27.649 [FXGL Background Thread 3 ] DEBUG Engine               - is3D: false
11:33:27.649 [FXGL Background Thread 3 ] DEBUG Engine               - isAndroid: false
11:33:27.649 [FXGL Background Thread 3 ] DEBUG Engine               - isBrowser: false
11:33:27.649 [FXGL Background Thread 3 ] DEBUG Engine               - isClickFeedbackEnabled: false
11:33:27.649 [FXGL Background Thread 3 ] DEBUG Engine               - isCloseConfirmation: false
11:33:27.649 [FXGL Background Thread 3 ] DEBUG Engine               - isDesktop: true
11:33:27.649 [FXGL Background Thread 3 ] DEBUG Engine               - isDeveloperMenuEnabled: false
11:33:27.649 [FXGL Background Thread 3 ] DEBUG Engine               - isEmbedded: false
11:33:27.649 [FXGL Background Thread 3 ] DEBUG Engine               - isEntityPreloadEnabled: true
11:33:27.649 [FXGL Background Thread 3 ] DEBUG Engine               - isExperimentalTiledLargeMap: false
11:33:27.649 [FXGL Background Thread 3 ] DEBUG Engine               - isFileSystemWriteAllowed: true
11:33:27.649 [FXGL Background Thread 3 ] DEBUG Engine               - isFullScreenAllowed: false
11:33:27.649 [FXGL Background Thread 3 ] DEBUG Engine               - isFullScreenFromStart: false
11:33:27.649 [FXGL Background Thread 3 ] DEBUG Engine               - isGameMenuEnabled: true
11:33:27.649 [FXGL Background Thread 3 ] DEBUG Engine               - isIOS: false
11:33:27.649 [FXGL Background Thread 3 ] DEBUG Engine               - isIntroEnabled: false
11:33:27.649 [FXGL Background Thread 3 ] DEBUG Engine               - isLinux: false
11:33:27.649 [FXGL Background Thread 3 ] DEBUG Engine               - isMac: false
11:33:27.649 [FXGL Background Thread 3 ] DEBUG Engine               - isMainMenuEnabled: true
11:33:27.649 [FXGL Background Thread 3 ] DEBUG Engine               - isManualResizeEnabled: false
11:33:27.649 [FXGL Background Thread 3 ] DEBUG Engine               - isMobile: false
11:33:27.649 [FXGL Background Thread 3 ] DEBUG Engine               - isNative: false
11:33:27.649 [FXGL Background Thread 3 ] DEBUG Engine               - isPauseMusicWhenMinimized: true
11:33:27.649 [FXGL Background Thread 3 ] DEBUG Engine               - isPreserveResizeRatio: false
11:33:27.649 [FXGL Background Thread 3 ] DEBUG Engine               - isProfilingEnabled: false
11:33:27.649 [FXGL Background Thread 3 ] DEBUG Engine               - isScaleAffectedOnResize: true
11:33:27.650 [FXGL Background Thread 3 ] DEBUG Engine               - isSingleStep: false
11:33:27.650 [FXGL Background Thread 3 ] DEBUG Engine               - isUserProfileEnabled: false
11:33:27.650 [FXGL Background Thread 3 ] DEBUG Engine               - isWindows: true
11:33:27.650 [FXGL Background Thread 3 ] DEBUG Engine               - language: ObjectProperty [value: ENGLISH]
11:33:27.650 [FXGL Background Thread 3 ] DEBUG Engine               - menuKey: ESCAPE
11:33:27.650 [FXGL Background Thread 3 ] DEBUG Engine               - mouseSensitivity: 0.2
11:33:27.650 [FXGL Background Thread 3 ] DEBUG Engine               - notificationViewClass: class com.almasb.fxgl.notification.view.XboxNotificationView
11:33:27.650 [FXGL Background Thread 3 ] DEBUG Engine               - pixelsPerMeter: 50.0
11:33:27.650 [FXGL Background Thread 3 ] DEBUG Engine               - platform: WINDOWS
11:33:27.650 [FXGL Background Thread 3 ] DEBUG Engine               - prefHeightProperty: ReadOnlyDoubleProperty [value: 720.0]
11:33:27.650 [FXGL Background Thread 3 ] DEBUG Engine               - prefWidthProperty: ReadOnlyDoubleProperty [value: 1280.0]
11:33:27.650 [FXGL Background Thread 3 ] DEBUG Engine               - profileDir: profiles/
11:33:27.650 [FXGL Background Thread 3 ] DEBUG Engine               - profileName: StringProperty [value: DEFAULT]
11:33:27.650 [FXGL Background Thread 3 ] DEBUG Engine               - randomSeed: -1
11:33:27.650 [FXGL Background Thread 3 ] DEBUG Engine               - runtimeInfo: RuntimeInfo(platform=WINDOWS, version=17.1, build=24.03.2022 17.34)
11:33:27.651 [FXGL Background Thread 3 ] DEBUG Engine               - saveFileExt: sav
11:33:27.651 [FXGL Background Thread 3 ] DEBUG Engine               - scaledHeightProp$fxgl: DoubleProperty [bound, value: 720.0]
11:33:27.651 [FXGL Background Thread 3 ] DEBUG Engine               - scaledWidthProp$fxgl: DoubleProperty [bound, value: 1280.0]
11:33:27.651 [FXGL Background Thread 3 ] DEBUG Engine               - sceneFactory: com.almasb.fxgl.app.scene.SceneFactory@6af08186
11:33:27.651 [FXGL Background Thread 3 ] DEBUG Engine               - secondsIn24h: 60
11:33:27.651 [FXGL Background Thread 3 ] DEBUG Engine               - soundMenuBack: menu/back.wav
11:33:27.651 [FXGL Background Thread 3 ] DEBUG Engine               - soundMenuPress: menu/press.wav
11:33:27.651 [FXGL Background Thread 3 ] DEBUG Engine               - soundMenuSelect: menu/select.wav
11:33:27.651 [FXGL Background Thread 3 ] DEBUG Engine               - soundNotification: core/notification.wav
11:33:27.651 [FXGL Background Thread 3 ] DEBUG Engine               - stageStyle: DECORATED
11:33:27.651 [FXGL Background Thread 3 ] DEBUG Engine               - supportedLanguages: [ENGLISH, FRENCH, GERMAN, HUNGARIAN, RUSSIAN]
11:33:27.651 [FXGL Background Thread 3 ] DEBUG Engine               - ticksPerSecond: -1
11:33:27.651 [FXGL Background Thread 3 ] DEBUG Engine               - title: Tetris Man 2
11:33:27.651 [FXGL Background Thread 3 ] DEBUG Engine               - urlGithub: https://github.com/AlmasB/FXGL
11:33:27.651 [FXGL Background Thread 3 ] DEBUG Engine               - urlLeaderboard: http://fxgl-top.herokuapp.com/
11:33:27.651 [FXGL Background Thread 3 ] DEBUG Engine               - urlPOM: https://raw.githubusercontent.com/AlmasB/FXGL/release/README.md
11:33:27.651 [FXGL Background Thread 3 ] DEBUG Engine               - userAppClass: class com.example.ipose_megaman.Main
11:33:27.651 [FXGL Background Thread 3 ] DEBUG Engine               - version: 1.0
11:33:27.651 [FXGL Background Thread 3 ] DEBUG Engine               - versionCheckDays: 7
11:33:27.651 [FXGL Background Thread 3 ] DEBUG Engine               - width: 1280
11:33:27.651 [FXGL Background Thread 3 ] DEBUG Engine               - Logging services
11:33:27.651 [FXGL Background Thread 3 ] DEBUG Engine               - class com.almasb.fxgl.app.services.FXGLAssetLoaderService
11:33:27.651 [FXGL Background Thread 3 ] DEBUG Engine               - class com.almasb.fxgl.app.FXGLApplication$GameApplicationService
11:33:27.651 [FXGL Background Thread 3 ] DEBUG Engine               - class com.almasb.fxgl.app.services.FXGLDialogService
11:33:27.652 [FXGL Background Thread 3 ] DEBUG Engine               - class com.almasb.fxgl.app.services.IOTaskExecutorService
11:33:27.652 [FXGL Background Thread 3 ] DEBUG Engine               - class com.almasb.fxgl.io.FileSystemService
11:33:27.652 [FXGL Background Thread 3 ] DEBUG Engine               - class com.almasb.fxgl.localization.LocalizationService
11:33:27.652 [FXGL Background Thread 3 ] DEBUG Engine               - class com.almasb.fxgl.app.services.SystemBundleService
11:33:27.652 [FXGL Background Thread 3 ] DEBUG Engine               - class com.almasb.fxgl.profile.SaveLoadService
11:33:27.652 [FXGL Background Thread 3 ] DEBUG Engine               - class com.almasb.fxgl.ui.FXGLUIFactoryServiceProvider
11:33:27.652 [FXGL Background Thread 3 ] DEBUG Engine               - class com.almasb.fxgl.ui.FXGLDialogFactoryServiceProvider
11:33:27.652 [FXGL Background Thread 3 ] DEBUG Engine               - class com.almasb.fxgl.audio.AudioPlayer
11:33:27.652 [FXGL Background Thread 3 ] DEBUG Engine               - class com.almasb.fxgl.notification.impl.NotificationServiceProvider
11:33:27.652 [FXGL Background Thread 3 ] DEBUG Engine               - class com.almasb.fxgl.achievement.AchievementService
11:33:27.652 [FXGL Background Thread 3 ] DEBUG Engine               - class com.almasb.fxgl.cutscene.CutsceneService
11:33:27.652 [FXGL Background Thread 3 ] DEBUG Engine               - class com.almasb.fxgl.minigames.MiniGameService
11:33:27.652 [FXGL Background Thread 3 ] DEBUG Engine               - class com.almasb.fxgl.net.NetService
11:33:27.652 [FXGL Background Thread 3 ] DEBUG Engine               - class com.almasb.fxgl.app.services.UpdaterService
11:33:27.652 [FXGL Background Thread 3 ] DEBUG Engine               - class com.almasb.fxgl.dev.DevService
11:33:31.923 [JavaFX Application Thread] WARN  FXGLAssetLoaderServi - Asset "/assets/sounds/shoot.wav" was not found!
11:33:31.923 [JavaFX Application Thread] WARN  FXGLAssetLoaderServi - Failed to load SOUND
11:33:38.599 [JavaFX Application Thread] WARN  FXGLAssetLoaderServi - Asset "/assets/sounds/shoot.wav" was not found!
11:33:38.599 [JavaFX Application Thread] WARN  FXGLAssetLoaderServi - Failed to load SOUND
11:33:40.599 [JavaFX Application Thread] WARN  FXGLAssetLoaderServi - Asset "/assets/sounds/shoot.wav" was not found!
11:33:40.599 [JavaFX Application Thread] WARN  FXGLAssetLoaderServi - Failed to load SOUND
11:33:41.494 [JavaFX Application Thread] WARN  FXGLAssetLoaderServi - Asset "/assets/sounds/shoot.wav" was not found!
11:33:41.494 [JavaFX Application Thread] WARN  FXGLAssetLoaderServi - Failed to load SOUND
11:33:51.565 [JavaFX Application Thread] DEBUG FXGLApplication      - Exiting FXGL
11:33:51.565 [JavaFX Application Thread] DEBUG LoopRunner           - Stopping loop
11:33:51.565 [JavaFX Application Thread] DEBUG SystemBundleService  - Saving FXGL system data
11:33:51.567 [JavaFX Application Thread] DEBUG FileSystemAccess     - Writing to: D:\GITHUB ZOOI\IPOSE-FXGL-Mega-Man\system\fxgl.bundle
11:33:51.570 [JavaFX Application Thread] DEBUG Async                - Shutting down background threads
11:33:51.570 [JavaFX Application Thread] DEBUG PrimaryStageWindow   - Closing main window
11:33:51.589 [JavaFX Application Thread] DEBUG Logger               - Closing Logger
