11:35:45.662 [main                     ] DEBUG Logger               - Configured Logger
11:35:45.684 [main                     ] DEBUG GameApplication      - Logging settings
Title: Tetris Man 2
Version: 1.0
Width: 1280
Height: 720
Fullscreen: false
Intro: false
Profiling: false
Single step:false
App Mode: DEVELOPER
Menu Key: ESCAPE
Stage Style: DECORATED
Scene Factory: class com.almasb.fxgl.app.scene.SceneFactory

11:35:46.007 [JavaFX Application Thread] DEBUG FXGLApplication      - Initializing FXGL
11:35:46.010 [JavaFX Application Thread] INFO  Engine               - FXGL-17.1 (24.03.2022 17.34) on WINDOWS (J:19.0.1 FX:19-ea)
11:35:46.011 [JavaFX Application Thread] DEBUG Engine               - JRE Vendor Name: Oracle Corporation
11:35:46.011 [JavaFX Application Thread] DEBUG Engine               - Running on OS: Windows 11 version 10.0
11:35:46.011 [JavaFX Application Thread] DEBUG Engine               - Architecture: amd64
11:35:46.011 [JavaFX Application Thread] INFO  Engine               - Source code and latest versions at: https://github.com/AlmasB/FXGL
11:35:46.011 [JavaFX Application Thread] INFO  Engine               -       Ask questions and discuss at: https://github.com/AlmasB/FXGL/discussions
11:35:46.011 [JavaFX Application Thread] INFO  Engine               -              Join the FXGL chat at: https://gitter.im/AlmasB/FXGL
11:35:46.065 [JavaFX Application Thread] DEBUG PrimaryStageWindow   - Creating a JavaFX scene
11:35:46.092 [JavaFX Application Thread] DEBUG PrimaryStageWindow   - Target settings size: 1280.0 x 720.0
11:35:46.092 [JavaFX Application Thread] DEBUG PrimaryStageWindow   - Scaled scene size:    1280.0 x 720.0
11:35:46.092 [JavaFX Application Thread] DEBUG PrimaryStageWindow   - Scaled ratio: (1.0, 1.0)
11:35:46.093 [JavaFX Application Thread] DEBUG PrimaryStageWindow   - Set initial scene to FXGLStartupScene
11:35:46.097 [JavaFX Application Thread] DEBUG PrimaryStageWindow   - Opening main window
11:35:46.154 [JavaFX Application Thread] DEBUG PrimaryStageWindow   - Window border size: (16.0, 39.0)
11:35:46.154 [JavaFX Application Thread] DEBUG PrimaryStageWindow   - Scaled size: 1280.0 x 720.0
11:35:46.154 [JavaFX Application Thread] DEBUG PrimaryStageWindow   - Scaled ratio: (1.0, 1.0)
11:35:46.155 [JavaFX Application Thread] DEBUG PrimaryStageWindow   - Scene size: 1280.0 x 720.0
11:35:46.156 [JavaFX Application Thread] DEBUG PrimaryStageWindow   - Stage size: 1296.0 x 759.0
11:35:46.162 [FXGL Background Thread 1 ] DEBUG Engine               - Initializing environment variables
11:35:46.208 [FXGL Background Thread 1 ] DEBUG FXGLAssetLoaderServi - User app class for loading assets: class com.example.ipose_megaman.Main
11:35:46.208 [FXGL Background Thread 1 ] DEBUG GameApplicationServi - Applying CSS: fxgl_dark.css
11:35:46.209 [FXGL Background Thread 1 ] DEBUG FXGLAssetLoaderServi - Loading from file system: jar:file:///C:/Users/julia/.m2/repository/com/github/almasb/fxgl/17.1/fxgl-17.1.jar!/fxglassets/ui/css/fxgl_dark.css
11:35:46.257 [FXGL Background Thread 1 ] DEBUG GameApplicationServi - Initializing application scenes
11:35:46.297 [FXGL Background Thread 1 ] DEBUG GameWorld            - Game world initialized
11:35:46.378 [FXGL Background Thread 1 ] DEBUG PhysicsWorld         - Physics world initialized: appHeight=720, physics.ppm=50,0
11:35:46.378 [FXGL Background Thread 1 ] DEBUG PhysicsWorld         - Using strategy: BRUTE_FORCE
11:35:46.381 [FXGL Background Thread 1 ] DEBUG GameScene            - Game scene initialized: 1280x720
11:35:46.394 [FXGL Background Thread 1 ] DEBUG FXGL.DefaultMenu     - createMenuBodyMainMenu()
11:35:46.406 [FXGL Background Thread 1 ] DEBUG FXGL.DefaultMenu     - createOptionsMenu()
11:35:46.413 [FXGL Background Thread 1 ] DEBUG FXGLAssetLoaderServi - Loading from file system: jar:file:///C:/Users/julia/.m2/repository/com/github/almasb/fxgl/17.1/fxgl-17.1.jar!/fxglassets/textures/particles/smoke.png
11:35:46.484 [FXGL Background Thread 1 ] DEBUG FXGLAssetLoaderServi - Loading from file system: jar:file:///C:/Users/julia/.m2/repository/com/github/almasb/fxgl/17.1/fxgl-17.1.jar!/fxglassets/textures/particles/trace_horizontal.png
11:35:46.507 [FXGL Background Thread 1 ] DEBUG FXGL.DefaultMenu     - createMenuBodyGameMenu()
11:35:46.508 [FXGL Background Thread 1 ] DEBUG FXGL.DefaultMenu     - createOptionsMenu()
11:35:46.521 [FXGL Background Thread 1 ] DEBUG GameApplicationServi - Application scenes initialized
11:35:46.530 [FXGL Background Thread 1 ] DEBUG SystemBundleService  - Loading FXGL system data
11:35:46.534 [FXGL Background Thread 1 ] DEBUG FileSystemAccess     - Reading from: C:\Users\julia\Desktop\IPOSE_MEGAMAN\system\fxgl.bundle
11:35:46.541 [FXGL Background Thread 1 ] DEBUG SystemBundleService  - Bundle FXGL: {}
11:35:46.541 [FXGL Background Thread 1 ] DEBUG UpdaterService       - Checking for updates
11:35:46.545 [FXGL Background Thread 4 ] DEBUG FXGLApplication      - Loading fonts
11:35:46.546 [FXGL Background Thread 4 ] DEBUG FXGLAssetLoaderServi - Loading from file system: jar:file:///C:/Users/julia/.m2/repository/com/github/almasb/fxgl/17.1/fxgl-17.1.jar!/fxglassets/ui/fonts/VarelaRound-Regular.ttf
11:35:46.546 [FXGL Background Thread 1 ] DEBUG FXGLApplication      - Loading default localization
11:35:46.547 [FXGL Background Thread 1 ] DEBUG FXGLAssetLoaderServi - Loading from file system: jar:file:///C:/Users/julia/.m2/repository/com/github/almasb/fxgl/17.1/fxgl-17.1.jar!/fxglassets/languages/english.lang
11:35:46.570 [FXGL Background Thread 1 ] INFO  FXGLApplication      - FXGL initialization took: 0,407 sec
11:35:46.577 [JavaFX Application Thread] DEBUG Input                - Registered new binding: Move Right - D
11:35:46.578 [JavaFX Application Thread] DEBUG Input                - Registered new binding: Move Left - A
11:35:46.578 [JavaFX Application Thread] DEBUG Input                - Registered new binding: Jump - Space
11:35:46.578 [JavaFX Application Thread] DEBUG Input                - Registered new binding: Shoot - Enter
11:35:46.578 [JavaFX Application Thread] DEBUG FXGLAssetLoaderServi - Loading from file system: jar:file:///C:/Users/julia/.m2/repository/com/github/almasb/fxgl/17.1/fxgl-17.1.jar!/fxglassets/textures/fxgl_icon.png
11:35:46.593 [FXGL Background Thread 4 ] DEBUG FXGLAssetLoaderServi - Loading from file system: jar:file:///C:/Users/julia/.m2/repository/com/github/almasb/fxgl/17.1/fxgl-17.1.jar!/fxglassets/ui/fonts/Abel-Regular.ttf
11:35:46.593 [JavaFX Application Thread] DEBUG FXGLAssetLoaderServi - Loading from file system: jar:file:///C:/Users/julia/.m2/repository/com/github/almasb/fxgl/17.1/fxgl-17.1.jar!/fxglassets/textures/fxgl_default_cursor.png
11:35:46.596 [JavaFX Application Thread] DEBUG Input                - Registered new binding: Screenshot - CTRL+8
11:35:46.596 [JavaFX Application Thread] DEBUG Input                - Registered new binding: System info dump - CTRL+9
11:35:46.597 [FXGL Background Thread 4 ] DEBUG FXGLAssetLoaderServi - Loading from file system: jar:file:///C:/Users/julia/.m2/repository/com/github/almasb/fxgl/17.1/fxgl-17.1.jar!/fxglassets/ui/fonts/TerminalLandMono-Regular.otf
11:35:46.597 [JavaFX Application Thread] DEBUG Input                - Registered new binding: Restart - CTRL+R
11:35:46.598 [JavaFX Application Thread] DEBUG Input                - Registered new binding: Toggle Debug Camera - CTRL+7
11:35:46.600 [JavaFX Application Thread] DEBUG LoopRunner           - Starting loop
11:35:46.600 [JavaFX Application Thread] DEBUG LoopRunner           - Initializing JavaFX AnimationTimerLoop
11:35:46.601 [FXGL Background Thread 4 ] DEBUG FXGLAssetLoaderServi - Loading from file system: jar:file:///C:/Users/julia/.m2/repository/com/github/almasb/fxgl/17.1/fxgl-17.1.jar!/fxglassets/ui/fonts/Courier-Prime.ttf
11:35:46.605 [JavaFX Application Thread] DEBUG Input                - Clearing active input actions
11:35:46.608 [JavaFX Application Thread] DEBUG GameApplicationServi - Removing overlay from FXGLStartupScene and adding to FXGLMainMenuDummyScene
11:35:46.608 [JavaFX Application Thread] DEBUG PrimaryStageWindow   - FXGLStartupScene -> FXGLMainMenuDummyScene
11:35:46.608 [JavaFX Application Thread] DEBUG PrimaryStageWindow   - Push state: FXGLDefaultMenu
11:35:46.625 [JavaFX Application Thread] DEBUG Input                - Clearing active input actions
11:35:46.636 [JavaFX Application Thread] DEBUG GameApplicationServi - Removing overlay from FXGLMainMenuDummyScene and adding to FXGLDefaultMenu
11:35:46.637 [JavaFX Application Thread] DEBUG PrimaryStageWindow   - FXGLMainMenuDummyScene -> FXGLDefaultMenu
11:35:46.727 [JavaFX Application Thread] DEBUG FXGLApplication      - Registering font factories with UI factory
11:35:46.986 [FXGL Background Thread 2 ] INFO  UpdaterService       - Your current version:  17.1
11:35:46.986 [FXGL Background Thread 2 ] INFO  UpdaterService       - Latest stable version: 17.3
11:35:48.474 [JavaFX Application Thread] DEBUG Menu                 - fireNewGame()
11:35:48.474 [JavaFX Application Thread] DEBUG GameApplicationServi - Starting new game
11:35:48.480 [JavaFX Application Thread] DEBUG PrimaryStageWindow   - Pop state: FXGLDefaultMenu
11:35:48.480 [JavaFX Application Thread] DEBUG Input                - Clearing active input actions
11:35:48.481 [JavaFX Application Thread] DEBUG GameApplicationServi - Removing overlay from FXGLDefaultMenu and adding to FXGLMainMenuDummyScene
11:35:48.482 [JavaFX Application Thread] DEBUG PrimaryStageWindow   - FXGLMainMenuDummyScene <- FXGLDefaultMenu
11:35:48.482 [JavaFX Application Thread] DEBUG Input                - Clearing active input actions
11:35:48.491 [JavaFX Application Thread] DEBUG GameApplicationServi - Removing overlay from FXGLMainMenuDummyScene and adding to FXGLLoadingScene
11:35:48.491 [JavaFX Application Thread] DEBUG PrimaryStageWindow   - FXGLMainMenuDummyScene -> FXGLLoadingScene
11:35:48.491 [JavaFX Application Thread] DEBUG GameApplicationServi - Clearing previous game
11:35:48.491 [JavaFX Application Thread] DEBUG GameScene            - Clearing game scene
11:35:48.491 [JavaFX Application Thread] DEBUG GameWorld            - Clearing game world
11:35:48.491 [JavaFX Application Thread] DEBUG PhysicsWorld         - Clearing physics world
11:35:48.492 [FXGL Background Thread 2 ] DEBUG FXGLApplication      - Initializing game
11:35:48.568 [FXGL Background Thread 2 ] WARN  TMXLevelLoader       - TiledMap generated from 1.0.1. Supported version: 1.4.2. Some features may not be parsed fully.
11:35:48.572 [FXGL Background Thread 2 ] DEBUG TMXLevelLoader       - Parsed TiledMap: file:/C:/Users/julia/Desktop/IPOSE_MEGAMAN/target/classes/assets/levels/level4.tmx
11:35:48.573 [FXGL Background Thread 2 ] DEBUG TMXLevelLoader       - Creating tile layer entities
11:35:48.574 [FXGL Background Thread 2 ] DEBUG TilesetLoader        - Loading view for layer Tilelaag 1
11:35:48.577 [FXGL Background Thread 2 ] DEBUG TilesetLoader        - Created buffer with size 2100.0x1050.0
11:35:48.580 [FXGL Background Thread 2 ] DEBUG TMXLevelLoader       - Creating object layer entities
11:35:48.598 [FXGL Background Thread 2 ] DEBUG GameWorld            - Clearing removable entities
11:35:48.598 [FXGL Background Thread 2 ] DEBUG GameWorld            - Setting level: com.almasb.fxgl.entity.level.Level@2e460093
11:35:48.610 [FXGL Background Thread 2 ] WARN  FXGLAssetLoaderServi - Asset "/assets/textures/assets/textures/MegaManIdle.png" was not found!
11:35:48.610 [FXGL Background Thread 2 ] WARN  FXGLAssetLoaderServi - Failed to load IMAGE
11:35:48.640 [FXGL Background Thread 2 ] DEBUG FXGLAssetLoaderServi - Loading from file system: file:/C:/Users/julia/Desktop/IPOSE_MEGAMAN/target/classes/assets/textures/MegaManIdle.png
11:35:48.643 [FXGL Background Thread 2 ] DEBUG FXGLAssetLoaderServi - Loading from file system: file:/C:/Users/julia/Desktop/IPOSE_MEGAMAN/target/classes/assets/textures/clouds.jpg
11:35:48.651 [FXGL Background Thread 2 ] INFO  FXGLApplication      - Game initialization took: 0,160 sec
11:35:48.651 [JavaFX Application Thread] DEBUG Input                - Clearing active input actions
11:35:48.656 [JavaFX Application Thread] DEBUG GameApplicationServi - Removing overlay from FXGLLoadingScene and adding to GameScene
11:35:48.656 [JavaFX Application Thread] DEBUG PrimaryStageWindow   - FXGLLoadingScene -> GameScene
11:35:49.545 [FXGL Background Thread 3 ] DEBUG Engine               - Logging environment variables
11:35:49.546 [FXGL Background Thread 3 ] DEBUG Engine               - achievements: []
11:35:49.546 [FXGL Background Thread 3 ] DEBUG Engine               - actualHeight: 720.0
11:35:49.547 [FXGL Background Thread 3 ] DEBUG Engine               - actualHeightProperty: ReadOnlyDoubleProperty [value: 720.0]
11:35:49.547 [FXGL Background Thread 3 ] DEBUG Engine               - actualWidth: 1280.0
11:35:49.547 [FXGL Background Thread 3 ] DEBUG Engine               - actualWidthProperty: ReadOnlyDoubleProperty [value: 1280.0]
11:35:49.547 [FXGL Background Thread 3 ] DEBUG Engine               - appIcon: fxgl_icon.png
11:35:49.547 [FXGL Background Thread 3 ] DEBUG Engine               - applicationMode: DEVELOPER
11:35:49.547 [FXGL Background Thread 3 ] DEBUG Engine               - cSSList: [fxgl_dark.css]
11:35:49.547 [FXGL Background Thread 3 ] DEBUG Engine               - collisionDetectionStrategy: BRUTE_FORCE
11:35:49.547 [FXGL Background Thread 3 ] DEBUG Engine               - configClass: Optional.empty
11:35:49.547 [FXGL Background Thread 3 ] DEBUG Engine               - credits: []
11:35:49.548 [FXGL Background Thread 3 ] DEBUG Engine               - defaultCursor: CursorInfo(imageName=fxgl_default_cursor.png, hotspotX=7.0, hotspotY=6.0)
11:35:49.548 [FXGL Background Thread 3 ] DEBUG Engine               - devBBoxColorProperty: ObjectProperty [value: 0xff0000ff]
11:35:49.548 [FXGL Background Thread 3 ] DEBUG Engine               - devEnableDebugCameraProperty: BooleanProperty [value: false]
11:35:49.549 [FXGL Background Thread 3 ] DEBUG Engine               - devSensorColorProperty: ObjectProperty [value: 0xffff00ff]
11:35:49.549 [FXGL Background Thread 3 ] DEBUG Engine               - devShowBBoxProperty: BooleanProperty [value: false]
11:35:49.549 [FXGL Background Thread 3 ] DEBUG Engine               - devShowPositionProperty: BooleanProperty [value: false]
11:35:49.549 [FXGL Background Thread 3 ] DEBUG Engine               - enabledMenuItems: []
11:35:49.549 [FXGL Background Thread 3 ] DEBUG Engine               - engineServices: [class com.almasb.fxgl.app.services.FXGLAssetLoaderService, class com.almasb.fxgl.app.FXGLApplication$GameApplicationService, class com.almasb.fxgl.app.services.FXGLDialogService, class com.almasb.fxgl.app.services.IOTaskExecutorService, class com.almasb.fxgl.io.FileSystemService, class com.almasb.fxgl.localization.LocalizationService, class com.almasb.fxgl.app.services.SystemBundleService, class com.almasb.fxgl.profile.SaveLoadService, class com.almasb.fxgl.ui.FXGLUIFactoryServiceProvider, class com.almasb.fxgl.ui.FXGLDialogFactoryServiceProvider, class com.almasb.fxgl.audio.AudioPlayer, class com.almasb.fxgl.notification.impl.NotificationServiceProvider, class com.almasb.fxgl.achievement.AchievementService, class com.almasb.fxgl.cutscene.CutsceneService, class com.almasb.fxgl.minigames.MiniGameService, class com.almasb.fxgl.net.NetService, class com.almasb.fxgl.app.services.UpdaterService, class com.almasb.fxgl.dev.DevService]
11:35:49.550 [FXGL Background Thread 3 ] DEBUG Engine               - fontGame: Abel-Regular.ttf
11:35:49.550 [FXGL Background Thread 3 ] DEBUG Engine               - fontMono: TerminalLandMono-Regular.otf
11:35:49.550 [FXGL Background Thread 3 ] DEBUG Engine               - fontText: Courier-Prime.ttf
11:35:49.550 [FXGL Background Thread 3 ] DEBUG Engine               - fontUI: VarelaRound-Regular.ttf
11:35:49.550 [FXGL Background Thread 3 ] DEBUG Engine               - fullScreen: BooleanProperty [value: false]
11:35:49.550 [FXGL Background Thread 3 ] DEBUG Engine               - gameDifficulty: MEDIUM
11:35:49.550 [FXGL Background Thread 3 ] DEBUG Engine               - gameDifficultyProperty: ObjectProperty [value: MEDIUM]
11:35:49.551 [FXGL Background Thread 3 ] DEBUG Engine               - globalMusicVolume: 0.5
11:35:49.551 [FXGL Background Thread 3 ] DEBUG Engine               - globalMusicVolumeProperty: DoubleProperty [value: 0.5]
11:35:49.551 [FXGL Background Thread 3 ] DEBUG Engine               - globalSoundVolume: 0.5
11:35:49.551 [FXGL Background Thread 3 ] DEBUG Engine               - globalSoundVolumeProperty: DoubleProperty [value: 0.5]
11:35:49.551 [FXGL Background Thread 3 ] DEBUG Engine               - height: 720
11:35:49.551 [FXGL Background Thread 3 ] DEBUG Engine               - is3D: false
11:35:49.551 [FXGL Background Thread 3 ] DEBUG Engine               - isAndroid: false
11:35:49.551 [FXGL Background Thread 3 ] DEBUG Engine               - isBrowser: false
11:35:49.552 [FXGL Background Thread 3 ] DEBUG Engine               - isClickFeedbackEnabled: false
11:35:49.552 [FXGL Background Thread 3 ] DEBUG Engine               - isCloseConfirmation: false
11:35:49.553 [FXGL Background Thread 3 ] DEBUG Engine               - isDesktop: true
11:35:49.553 [FXGL Background Thread 3 ] DEBUG Engine               - isDeveloperMenuEnabled: false
11:35:49.553 [FXGL Background Thread 3 ] DEBUG Engine               - isEmbedded: false
11:35:49.554 [FXGL Background Thread 3 ] DEBUG Engine               - isEntityPreloadEnabled: true
11:35:49.554 [FXGL Background Thread 3 ] DEBUG Engine               - isExperimentalTiledLargeMap: false
11:35:49.554 [FXGL Background Thread 3 ] DEBUG Engine               - isFileSystemWriteAllowed: true
11:35:49.554 [FXGL Background Thread 3 ] DEBUG Engine               - isFullScreenAllowed: false
11:35:49.554 [FXGL Background Thread 3 ] DEBUG Engine               - isFullScreenFromStart: false
11:35:49.555 [FXGL Background Thread 3 ] DEBUG Engine               - isGameMenuEnabled: true
11:35:49.555 [FXGL Background Thread 3 ] DEBUG Engine               - isIOS: false
11:35:49.555 [FXGL Background Thread 3 ] DEBUG Engine               - isIntroEnabled: false
11:35:49.555 [FXGL Background Thread 3 ] DEBUG Engine               - isLinux: false
11:35:49.555 [FXGL Background Thread 3 ] DEBUG Engine               - isMac: false
11:35:49.555 [FXGL Background Thread 3 ] DEBUG Engine               - isMainMenuEnabled: true
11:35:49.555 [FXGL Background Thread 3 ] DEBUG Engine               - isManualResizeEnabled: false
11:35:49.555 [FXGL Background Thread 3 ] DEBUG Engine               - isMobile: false
11:35:49.555 [FXGL Background Thread 3 ] DEBUG Engine               - isNative: false
11:35:49.555 [FXGL Background Thread 3 ] DEBUG Engine               - isPauseMusicWhenMinimized: true
11:35:49.555 [FXGL Background Thread 3 ] DEBUG Engine               - isPreserveResizeRatio: false
11:35:49.555 [FXGL Background Thread 3 ] DEBUG Engine               - isProfilingEnabled: false
11:35:49.555 [FXGL Background Thread 3 ] DEBUG Engine               - isScaleAffectedOnResize: true
11:35:49.556 [FXGL Background Thread 3 ] DEBUG Engine               - isSingleStep: false
11:35:49.556 [FXGL Background Thread 3 ] DEBUG Engine               - isUserProfileEnabled: false
11:35:49.556 [FXGL Background Thread 3 ] DEBUG Engine               - isWindows: true
11:35:49.556 [FXGL Background Thread 3 ] DEBUG Engine               - language: ObjectProperty [value: ENGLISH]
11:35:49.556 [FXGL Background Thread 3 ] DEBUG Engine               - menuKey: ESCAPE
11:35:49.556 [FXGL Background Thread 3 ] DEBUG Engine               - mouseSensitivity: 0.2
11:35:49.556 [FXGL Background Thread 3 ] DEBUG Engine               - notificationViewClass: class com.almasb.fxgl.notification.view.XboxNotificationView
11:35:49.556 [FXGL Background Thread 3 ] DEBUG Engine               - pixelsPerMeter: 50.0
11:35:49.556 [FXGL Background Thread 3 ] DEBUG Engine               - platform: WINDOWS
11:35:49.556 [FXGL Background Thread 3 ] DEBUG Engine               - prefHeightProperty: ReadOnlyDoubleProperty [value: 720.0]
11:35:49.557 [FXGL Background Thread 3 ] DEBUG Engine               - prefWidthProperty: ReadOnlyDoubleProperty [value: 1280.0]
11:35:49.557 [FXGL Background Thread 3 ] DEBUG Engine               - profileDir: profiles/
11:35:49.557 [FXGL Background Thread 3 ] DEBUG Engine               - profileName: StringProperty [value: DEFAULT]
11:35:49.557 [FXGL Background Thread 3 ] DEBUG Engine               - randomSeed: -1
11:35:49.557 [FXGL Background Thread 3 ] DEBUG Engine               - runtimeInfo: RuntimeInfo(platform=WINDOWS, version=17.1, build=24.03.2022 17.34)
11:35:49.558 [FXGL Background Thread 3 ] DEBUG Engine               - saveFileExt: sav
11:35:49.558 [FXGL Background Thread 3 ] DEBUG Engine               - scaledHeightProp$fxgl: DoubleProperty [bound, value: 720.0]
11:35:49.558 [FXGL Background Thread 3 ] DEBUG Engine               - scaledWidthProp$fxgl: DoubleProperty [bound, value: 1280.0]
11:35:49.558 [FXGL Background Thread 3 ] DEBUG Engine               - sceneFactory: com.almasb.fxgl.app.scene.SceneFactory@6531adab
11:35:49.558 [FXGL Background Thread 3 ] DEBUG Engine               - secondsIn24h: 60
11:35:49.558 [FXGL Background Thread 3 ] DEBUG Engine               - soundMenuBack: menu/back.wav
11:35:49.558 [FXGL Background Thread 3 ] DEBUG Engine               - soundMenuPress: menu/press.wav
11:35:49.558 [FXGL Background Thread 3 ] DEBUG Engine               - soundMenuSelect: menu/select.wav
11:35:49.558 [FXGL Background Thread 3 ] DEBUG Engine               - soundNotification: core/notification.wav
11:35:49.558 [FXGL Background Thread 3 ] DEBUG Engine               - stageStyle: DECORATED
11:35:49.558 [FXGL Background Thread 3 ] DEBUG Engine               - supportedLanguages: [ENGLISH, FRENCH, GERMAN, HUNGARIAN, RUSSIAN]
11:35:49.558 [FXGL Background Thread 3 ] DEBUG Engine               - ticksPerSecond: -1
11:35:49.558 [FXGL Background Thread 3 ] DEBUG Engine               - title: Tetris Man 2
11:35:49.558 [FXGL Background Thread 3 ] DEBUG Engine               - urlGithub: https://github.com/AlmasB/FXGL
11:35:49.558 [FXGL Background Thread 3 ] DEBUG Engine               - urlLeaderboard: http://fxgl-top.herokuapp.com/
11:35:49.558 [FXGL Background Thread 3 ] DEBUG Engine               - urlPOM: https://raw.githubusercontent.com/AlmasB/FXGL/release/README.md
11:35:49.558 [FXGL Background Thread 3 ] DEBUG Engine               - userAppClass: class com.example.ipose_megaman.Main
11:35:49.558 [FXGL Background Thread 3 ] DEBUG Engine               - version: 1.0
11:35:49.558 [FXGL Background Thread 3 ] DEBUG Engine               - versionCheckDays: 7
11:35:49.558 [FXGL Background Thread 3 ] DEBUG Engine               - width: 1280
11:35:49.558 [FXGL Background Thread 3 ] DEBUG Engine               - Logging services
11:35:49.559 [FXGL Background Thread 3 ] DEBUG Engine               - class com.almasb.fxgl.app.services.FXGLAssetLoaderService
11:35:49.559 [FXGL Background Thread 3 ] DEBUG Engine               - class com.almasb.fxgl.app.FXGLApplication$GameApplicationService
11:35:49.559 [FXGL Background Thread 3 ] DEBUG Engine               - class com.almasb.fxgl.app.services.FXGLDialogService
11:35:49.559 [FXGL Background Thread 3 ] DEBUG Engine               - class com.almasb.fxgl.app.services.IOTaskExecutorService
11:35:49.559 [FXGL Background Thread 3 ] DEBUG Engine               - class com.almasb.fxgl.io.FileSystemService
11:35:49.559 [FXGL Background Thread 3 ] DEBUG Engine               - class com.almasb.fxgl.localization.LocalizationService
11:35:49.559 [FXGL Background Thread 3 ] DEBUG Engine               - class com.almasb.fxgl.app.services.SystemBundleService
11:35:49.559 [FXGL Background Thread 3 ] DEBUG Engine               - class com.almasb.fxgl.profile.SaveLoadService
11:35:49.559 [FXGL Background Thread 3 ] DEBUG Engine               - class com.almasb.fxgl.ui.FXGLUIFactoryServiceProvider
11:35:49.559 [FXGL Background Thread 3 ] DEBUG Engine               - class com.almasb.fxgl.ui.FXGLDialogFactoryServiceProvider
11:35:49.559 [FXGL Background Thread 3 ] DEBUG Engine               - class com.almasb.fxgl.audio.AudioPlayer
11:35:49.559 [FXGL Background Thread 3 ] DEBUG Engine               - class com.almasb.fxgl.notification.impl.NotificationServiceProvider
11:35:49.559 [FXGL Background Thread 3 ] DEBUG Engine               - class com.almasb.fxgl.achievement.AchievementService
11:35:49.559 [FXGL Background Thread 3 ] DEBUG Engine               - class com.almasb.fxgl.cutscene.CutsceneService
11:35:49.559 [FXGL Background Thread 3 ] DEBUG Engine               - class com.almasb.fxgl.minigames.MiniGameService
11:35:49.559 [FXGL Background Thread 3 ] DEBUG Engine               - class com.almasb.fxgl.net.NetService
11:35:49.559 [FXGL Background Thread 3 ] DEBUG Engine               - class com.almasb.fxgl.app.services.UpdaterService
11:35:49.559 [FXGL Background Thread 3 ] DEBUG Engine               - class com.almasb.fxgl.dev.DevService
11:35:51.291 [JavaFX Application Thread] WARN  FXGLAssetLoaderServi - Asset "/assets/sounds/shoot.wav" was not found!
11:35:51.291 [JavaFX Application Thread] WARN  FXGLAssetLoaderServi - Failed to load SOUND
11:35:59.126 [JavaFX Application Thread] WARN  FXGLAssetLoaderServi - Asset "/assets/sounds/shoot.wav" was not found!
11:35:59.126 [JavaFX Application Thread] WARN  FXGLAssetLoaderServi - Failed to load SOUND
11:36:01.023 [JavaFX Application Thread] WARN  FXGLAssetLoaderServi - Asset "/assets/sounds/shoot.wav" was not found!
11:36:01.023 [JavaFX Application Thread] WARN  FXGLAssetLoaderServi - Failed to load SOUND
11:36:01.693 [JavaFX Application Thread] WARN  FXGLAssetLoaderServi - Asset "/assets/sounds/shoot.wav" was not found!
11:36:01.694 [JavaFX Application Thread] WARN  FXGLAssetLoaderServi - Failed to load SOUND
11:36:01.893 [JavaFX Application Thread] WARN  FXGLAssetLoaderServi - Asset "/assets/sounds/shoot.wav" was not found!
11:36:01.895 [JavaFX Application Thread] WARN  FXGLAssetLoaderServi - Failed to load SOUND
11:36:02.122 [JavaFX Application Thread] WARN  FXGLAssetLoaderServi - Asset "/assets/sounds/shoot.wav" was not found!
11:36:02.123 [JavaFX Application Thread] WARN  FXGLAssetLoaderServi - Failed to load SOUND
11:36:02.644 [JavaFX Application Thread] DEBUG PrimaryStageWindow   - Push state: DialogSubScene
11:36:02.644 [JavaFX Application Thread] DEBUG Input                - Clearing active input actions
11:36:02.645 [JavaFX Application Thread] DEBUG GameApplicationServi - Removing overlay from GameScene and adding to DialogSubScene
11:36:02.645 [JavaFX Application Thread] DEBUG PrimaryStageWindow   - GameScene -> DialogSubScene
11:36:05.606 [JavaFX Application Thread] DEBUG PrimaryStageWindow   - Pop state: DialogSubScene
11:36:05.606 [JavaFX Application Thread] DEBUG Input                - Clearing active input actions
11:36:05.607 [JavaFX Application Thread] DEBUG GameApplicationServi - Removing overlay from DialogSubScene and adding to GameScene
11:36:05.607 [JavaFX Application Thread] DEBUG PrimaryStageWindow   - GameScene <- DialogSubScene
11:36:05.608 [JavaFX Application Thread] WARN  FXGLAssetLoaderServi - Asset "/assets/textures/tilesheet.png" was not found!
11:36:05.608 [JavaFX Application Thread] WARN  FXGLAssetLoaderServi - Failed to load IMAGE
11:36:19.880 [JavaFX Application Thread] WARN  FXGLAssetLoaderServi - Asset "/assets/sounds/shoot.wav" was not found!
11:36:19.880 [JavaFX Application Thread] WARN  FXGLAssetLoaderServi - Failed to load SOUND
11:36:26.770 [JavaFX Application Thread] DEBUG PrimaryStageWindow   - Push state: DialogSubScene
11:36:26.770 [JavaFX Application Thread] DEBUG Input                - Clearing active input actions
11:36:26.771 [JavaFX Application Thread] DEBUG GameApplicationServi - Removing overlay from GameScene and adding to DialogSubScene
11:36:26.772 [JavaFX Application Thread] DEBUG PrimaryStageWindow   - GameScene -> DialogSubScene
11:36:29.876 [JavaFX Application Thread] DEBUG PrimaryStageWindow   - Pop state: DialogSubScene
11:36:29.876 [JavaFX Application Thread] DEBUG Input                - Clearing active input actions
11:36:29.878 [JavaFX Application Thread] DEBUG GameApplicationServi - Removing overlay from DialogSubScene and adding to GameScene
11:36:29.878 [JavaFX Application Thread] DEBUG PrimaryStageWindow   - GameScene <- DialogSubScene
11:36:29.879 [JavaFX Application Thread] WARN  FXGLAssetLoaderServi - Asset "/assets/textures/tilesheet.png" was not found!
11:36:29.879 [JavaFX Application Thread] WARN  FXGLAssetLoaderServi - Failed to load IMAGE
11:36:32.104 [JavaFX Application Thread] DEBUG FXGLApplication      - Exiting FXGL
11:36:32.105 [JavaFX Application Thread] DEBUG LoopRunner           - Stopping loop
11:36:32.105 [JavaFX Application Thread] DEBUG SystemBundleService  - Saving FXGL system data
11:36:32.108 [JavaFX Application Thread] DEBUG FileSystemAccess     - Writing to: C:\Users\julia\Desktop\IPOSE_MEGAMAN\system\fxgl.bundle
11:36:32.120 [JavaFX Application Thread] DEBUG Async                - Shutting down background threads
11:36:32.120 [JavaFX Application Thread] DEBUG PrimaryStageWindow   - Closing main window
11:36:32.141 [JavaFX Application Thread] DEBUG Logger               - Closing Logger
