10:27:16.349 [main                     ] DEBUG Logger               - Configured Logger
10:27:16.374 [main                     ] DEBUG GameApplication      - Logging settings
Title: Mega Man, but AWESOME!
Version: 1.0
Width: 1050
Height: 700
Fullscreen: false
Intro: false
Profiling: false
Single step:false
App Mode: DEVELOPER
Menu Key: ESCAPE
Stage Style: DECORATED
Scene Factory: class com.almasb.fxgl.app.scene.SceneFactory

10:27:16.737 [JavaFX Application Thread] DEBUG FXGLApplication      - Initializing FXGL
10:27:16.739 [JavaFX Application Thread] INFO  Engine               - FXGL-17.1 (24.03.2022 17.34) on WINDOWS (J:19.0.1 FX:19-ea)
10:27:16.740 [JavaFX Application Thread] DEBUG Engine               - JRE Vendor Name: Oracle Corporation
10:27:16.740 [JavaFX Application Thread] DEBUG Engine               - Running on OS: Windows 11 version 10.0
10:27:16.740 [JavaFX Application Thread] DEBUG Engine               - Architecture: amd64
10:27:16.740 [JavaFX Application Thread] INFO  Engine               - Source code and latest versions at: https://github.com/AlmasB/FXGL
10:27:16.740 [JavaFX Application Thread] INFO  Engine               -       Ask questions and discuss at: https://github.com/AlmasB/FXGL/discussions
10:27:16.740 [JavaFX Application Thread] INFO  Engine               -              Join the FXGL chat at: https://gitter.im/AlmasB/FXGL
10:27:16.795 [JavaFX Application Thread] DEBUG PrimaryStageWindow   - Creating a JavaFX scene
10:27:16.823 [JavaFX Application Thread] DEBUG PrimaryStageWindow   - Target settings size: 1050.0 x 700.0
10:27:16.823 [JavaFX Application Thread] DEBUG PrimaryStageWindow   - Scaled scene size:    1050.0 x 700.0
10:27:16.823 [JavaFX Application Thread] DEBUG PrimaryStageWindow   - Scaled ratio: (1.0, 1.0)
10:27:16.824 [JavaFX Application Thread] DEBUG PrimaryStageWindow   - Set initial scene to FXGLStartupScene
10:27:16.828 [JavaFX Application Thread] DEBUG PrimaryStageWindow   - Opening main window
10:27:16.882 [JavaFX Application Thread] DEBUG PrimaryStageWindow   - Window border size: (16.0, 39.0)
10:27:16.883 [JavaFX Application Thread] DEBUG PrimaryStageWindow   - Scaled size: 1050.0 x 700.0
10:27:16.883 [JavaFX Application Thread] DEBUG PrimaryStageWindow   - Scaled ratio: (1.0, 1.0)
10:27:16.883 [JavaFX Application Thread] DEBUG PrimaryStageWindow   - Scene size: 1050.0 x 700.0
10:27:16.883 [JavaFX Application Thread] DEBUG PrimaryStageWindow   - Stage size: 1066.0 x 739.0
10:27:16.890 [FXGL Background Thread 1 ] DEBUG Engine               - Initializing environment variables
10:27:16.936 [FXGL Background Thread 1 ] DEBUG FXGLAssetLoaderServi - User app class for loading assets: class com.example.ipose_megaman.Main
10:27:16.936 [FXGL Background Thread 1 ] DEBUG GameApplicationServi - Applying CSS: fxgl_dark.css
10:27:16.937 [FXGL Background Thread 1 ] DEBUG FXGLAssetLoaderServi - Loading from file system: jar:file:///C:/Users/julia/.m2/repository/com/github/almasb/fxgl/17.1/fxgl-17.1.jar!/fxglassets/ui/css/fxgl_dark.css
10:27:16.986 [FXGL Background Thread 1 ] DEBUG GameApplicationServi - Initializing application scenes
10:27:17.040 [FXGL Background Thread 1 ] DEBUG GameWorld            - Game world initialized
10:27:17.125 [FXGL Background Thread 1 ] DEBUG PhysicsWorld         - Physics world initialized: appHeight=700, physics.ppm=50,0
10:27:17.126 [FXGL Background Thread 1 ] DEBUG PhysicsWorld         - Using strategy: BRUTE_FORCE
10:27:17.132 [FXGL Background Thread 1 ] DEBUG GameScene            - Game scene initialized: 1050x700
10:27:17.149 [FXGL Background Thread 1 ] DEBUG FXGL.DefaultMenu     - createMenuBodyGameMenu()
10:27:17.158 [FXGL Background Thread 1 ] DEBUG FXGL.DefaultMenu     - createOptionsMenu()
10:27:17.167 [FXGL Background Thread 1 ] DEBUG FXGLAssetLoaderServi - Loading from file system: jar:file:///C:/Users/julia/.m2/repository/com/github/almasb/fxgl/17.1/fxgl-17.1.jar!/fxglassets/textures/particles/smoke.png
10:27:17.279 [FXGL Background Thread 1 ] DEBUG FXGLAssetLoaderServi - Loading from file system: jar:file:///C:/Users/julia/.m2/repository/com/github/almasb/fxgl/17.1/fxgl-17.1.jar!/fxglassets/textures/particles/trace_horizontal.png
10:27:17.302 [FXGL Background Thread 1 ] DEBUG GameApplicationServi - Application scenes initialized
10:27:17.315 [FXGL Background Thread 1 ] DEBUG SystemBundleService  - Loading FXGL system data
10:27:17.320 [FXGL Background Thread 1 ] DEBUG FileSystemAccess     - Reading from: C:\Users\julia\Desktop\IPOSE_MEGAMAN\system\fxgl.bundle
10:27:17.329 [FXGL Background Thread 1 ] DEBUG SystemBundleService  - Bundle FXGL: {}
10:27:17.329 [FXGL Background Thread 1 ] DEBUG UpdaterService       - Checking for updates
10:27:17.332 [FXGL Background Thread 4 ] DEBUG FXGLApplication      - Loading fonts
10:27:17.332 [FXGL Background Thread 4 ] DEBUG FXGLAssetLoaderServi - Loading from file system: jar:file:///C:/Users/julia/.m2/repository/com/github/almasb/fxgl/17.1/fxgl-17.1.jar!/fxglassets/ui/fonts/VarelaRound-Regular.ttf
10:27:17.332 [FXGL Background Thread 1 ] DEBUG FXGLApplication      - Loading default localization
10:27:17.333 [FXGL Background Thread 1 ] DEBUG FXGLAssetLoaderServi - Loading from file system: jar:file:///C:/Users/julia/.m2/repository/com/github/almasb/fxgl/17.1/fxgl-17.1.jar!/fxglassets/languages/english.lang
10:27:17.363 [FXGL Background Thread 1 ] INFO  FXGLApplication      - FXGL initialization took: 0,473 sec
10:27:17.376 [JavaFX Application Thread] DEBUG Input                - Registered new binding: Move Right - D
10:27:17.376 [JavaFX Application Thread] DEBUG Input                - Registered new binding: Move Left - A
10:27:17.377 [JavaFX Application Thread] DEBUG FXGLAssetLoaderServi - Loading from file system: jar:file:///C:/Users/julia/.m2/repository/com/github/almasb/fxgl/17.1/fxgl-17.1.jar!/fxglassets/textures/fxgl_icon.png
10:27:17.393 [FXGL Background Thread 4 ] DEBUG FXGLAssetLoaderServi - Loading from file system: jar:file:///C:/Users/julia/.m2/repository/com/github/almasb/fxgl/17.1/fxgl-17.1.jar!/fxglassets/ui/fonts/Abel-Regular.ttf
10:27:17.397 [JavaFX Application Thread] DEBUG FXGLAssetLoaderServi - Loading from file system: jar:file:///C:/Users/julia/.m2/repository/com/github/almasb/fxgl/17.1/fxgl-17.1.jar!/fxglassets/textures/fxgl_default_cursor.png
10:27:17.397 [FXGL Background Thread 4 ] DEBUG FXGLAssetLoaderServi - Loading from file system: jar:file:///C:/Users/julia/.m2/repository/com/github/almasb/fxgl/17.1/fxgl-17.1.jar!/fxglassets/ui/fonts/TerminalLandMono-Regular.otf
10:27:17.400 [FXGL Background Thread 4 ] DEBUG FXGLAssetLoaderServi - Loading from file system: jar:file:///C:/Users/julia/.m2/repository/com/github/almasb/fxgl/17.1/fxgl-17.1.jar!/fxglassets/ui/fonts/Courier-Prime.ttf
10:27:17.402 [JavaFX Application Thread] DEBUG Input                - Registered new binding: Screenshot - CTRL+8
10:27:17.403 [JavaFX Application Thread] DEBUG Input                - Registered new binding: System info dump - CTRL+9
10:27:17.403 [JavaFX Application Thread] DEBUG Input                - Registered new binding: Restart - CTRL+R
10:27:17.404 [JavaFX Application Thread] DEBUG Input                - Registered new binding: Toggle Debug Camera - CTRL+7
10:27:17.408 [JavaFX Application Thread] DEBUG LoopRunner           - Starting loop
10:27:17.408 [JavaFX Application Thread] DEBUG LoopRunner           - Initializing JavaFX AnimationTimerLoop
10:27:17.414 [JavaFX Application Thread] DEBUG GameApplicationServi - Starting new game
10:27:17.414 [JavaFX Application Thread] DEBUG Input                - Clearing active input actions
10:27:17.424 [JavaFX Application Thread] DEBUG GameApplicationServi - Removing overlay from FXGLStartupScene and adding to FXGLLoadingScene
10:27:17.424 [JavaFX Application Thread] DEBUG PrimaryStageWindow   - FXGLStartupScene -> FXGLLoadingScene
10:27:17.424 [JavaFX Application Thread] DEBUG GameApplicationServi - Clearing previous game
10:27:17.424 [JavaFX Application Thread] DEBUG GameScene            - Clearing game scene
10:27:17.424 [JavaFX Application Thread] DEBUG GameWorld            - Clearing game world
10:27:17.424 [JavaFX Application Thread] DEBUG PhysicsWorld         - Clearing physics world
10:27:17.427 [JavaFX Application Thread] DEBUG FXGLApplication      - Registering font factories with UI factory
10:27:17.428 [FXGL Background Thread 4 ] DEBUG FXGLApplication      - Initializing game
10:27:17.515 [FXGL Background Thread 4 ] WARN  TMXLevelLoader       - TiledMap generated from 1.0.1. Supported version: 1.4.2. Some features may not be parsed fully.
10:27:17.526 [FXGL Background Thread 4 ] DEBUG TMXLevelLoader       - Parsed TiledMap: file:/C:/Users/julia/Desktop/IPOSE_MEGAMAN/target/classes/assets/levels/map.tmx
10:27:17.529 [FXGL Background Thread 4 ] DEBUG TMXLevelLoader       - Creating tile layer entities
10:27:17.531 [FXGL Background Thread 4 ] DEBUG TilesetLoader        - Loading view for layer Tilelaag 1
10:27:17.532 [FXGL Background Thread 4 ] DEBUG TilesetLoader        - Created buffer with size 1050.0x700.0
10:27:17.537 [FXGL Background Thread 4 ] DEBUG TMXLevelLoader       - Creating object layer entities
10:27:17.570 [FXGL Background Thread 4 ] DEBUG GameWorld            - Clearing removable entities
10:27:17.571 [FXGL Background Thread 4 ] DEBUG GameWorld            - Setting level: com.almasb.fxgl.entity.level.Level@536cdec3
10:27:17.592 [FXGL Background Thread 4 ] INFO  FXGLApplication      - Game initialization took: 0,164 sec
10:27:17.598 [JavaFX Application Thread] DEBUG Input                - Clearing active input actions
10:27:17.608 [JavaFX Application Thread] DEBUG GameApplicationServi - Removing overlay from FXGLLoadingScene and adding to GameScene
10:27:17.608 [JavaFX Application Thread] DEBUG PrimaryStageWindow   - FXGLLoadingScene -> GameScene
10:27:17.797 [FXGL Background Thread 2 ] INFO  UpdaterService       - Your current version:  17.1
10:27:17.797 [FXGL Background Thread 2 ] INFO  UpdaterService       - Latest stable version: 17.3
10:27:20.331 [FXGL Background Thread 3 ] DEBUG Engine               - Logging environment variables
10:27:20.332 [FXGL Background Thread 3 ] DEBUG Engine               - achievements: []
10:27:20.332 [FXGL Background Thread 3 ] DEBUG Engine               - actualHeight: 700.0
10:27:20.332 [FXGL Background Thread 3 ] DEBUG Engine               - actualHeightProperty: ReadOnlyDoubleProperty [value: 700.0]
10:27:20.332 [FXGL Background Thread 3 ] DEBUG Engine               - actualWidth: 1050.0
10:27:20.333 [FXGL Background Thread 3 ] DEBUG Engine               - actualWidthProperty: ReadOnlyDoubleProperty [value: 1050.0]
10:27:20.333 [FXGL Background Thread 3 ] DEBUG Engine               - appIcon: fxgl_icon.png
10:27:20.333 [FXGL Background Thread 3 ] DEBUG Engine               - applicationMode: DEVELOPER
10:27:20.333 [FXGL Background Thread 3 ] DEBUG Engine               - cSSList: [fxgl_dark.css]
10:27:20.333 [FXGL Background Thread 3 ] DEBUG Engine               - collisionDetectionStrategy: BRUTE_FORCE
10:27:20.333 [FXGL Background Thread 3 ] DEBUG Engine               - configClass: Optional.empty
10:27:20.333 [FXGL Background Thread 3 ] DEBUG Engine               - credits: []
10:27:20.334 [FXGL Background Thread 3 ] DEBUG Engine               - defaultCursor: CursorInfo(imageName=fxgl_default_cursor.png, hotspotX=7.0, hotspotY=6.0)
10:27:20.334 [FXGL Background Thread 3 ] DEBUG Engine               - devBBoxColorProperty: ObjectProperty [value: 0xff0000ff]
10:27:20.334 [FXGL Background Thread 3 ] DEBUG Engine               - devEnableDebugCameraProperty: BooleanProperty [value: false]
10:27:20.334 [FXGL Background Thread 3 ] DEBUG Engine               - devSensorColorProperty: ObjectProperty [value: 0xffff00ff]
10:27:20.334 [FXGL Background Thread 3 ] DEBUG Engine               - devShowBBoxProperty: BooleanProperty [value: false]
10:27:20.334 [FXGL Background Thread 3 ] DEBUG Engine               - devShowPositionProperty: BooleanProperty [value: false]
10:27:20.335 [FXGL Background Thread 3 ] DEBUG Engine               - enabledMenuItems: []
10:27:20.335 [FXGL Background Thread 3 ] DEBUG Engine               - engineServices: [class com.almasb.fxgl.app.services.FXGLAssetLoaderService, class com.almasb.fxgl.app.FXGLApplication$GameApplicationService, class com.almasb.fxgl.app.services.FXGLDialogService, class com.almasb.fxgl.app.services.IOTaskExecutorService, class com.almasb.fxgl.io.FileSystemService, class com.almasb.fxgl.localization.LocalizationService, class com.almasb.fxgl.app.services.SystemBundleService, class com.almasb.fxgl.profile.SaveLoadService, class com.almasb.fxgl.ui.FXGLUIFactoryServiceProvider, class com.almasb.fxgl.ui.FXGLDialogFactoryServiceProvider, class com.almasb.fxgl.audio.AudioPlayer, class com.almasb.fxgl.notification.impl.NotificationServiceProvider, class com.almasb.fxgl.achievement.AchievementService, class com.almasb.fxgl.cutscene.CutsceneService, class com.almasb.fxgl.minigames.MiniGameService, class com.almasb.fxgl.net.NetService, class com.almasb.fxgl.app.services.UpdaterService, class com.almasb.fxgl.dev.DevService]
10:27:20.335 [FXGL Background Thread 3 ] DEBUG Engine               - fontGame: Abel-Regular.ttf
10:27:20.335 [FXGL Background Thread 3 ] DEBUG Engine               - fontMono: TerminalLandMono-Regular.otf
10:27:20.335 [FXGL Background Thread 3 ] DEBUG Engine               - fontText: Courier-Prime.ttf
10:27:20.335 [FXGL Background Thread 3 ] DEBUG Engine               - fontUI: VarelaRound-Regular.ttf
10:27:20.335 [FXGL Background Thread 3 ] DEBUG Engine               - fullScreen: BooleanProperty [value: false]
10:27:20.335 [FXGL Background Thread 3 ] DEBUG Engine               - gameDifficulty: MEDIUM
10:27:20.335 [FXGL Background Thread 3 ] DEBUG Engine               - gameDifficultyProperty: ObjectProperty [value: MEDIUM]
10:27:20.335 [FXGL Background Thread 3 ] DEBUG Engine               - globalMusicVolume: 0.5
10:27:20.336 [FXGL Background Thread 3 ] DEBUG Engine               - globalMusicVolumeProperty: DoubleProperty [value: 0.5]
10:27:20.336 [FXGL Background Thread 3 ] DEBUG Engine               - globalSoundVolume: 0.5
10:27:20.336 [FXGL Background Thread 3 ] DEBUG Engine               - globalSoundVolumeProperty: DoubleProperty [value: 0.5]
10:27:20.336 [FXGL Background Thread 3 ] DEBUG Engine               - height: 700
10:27:20.336 [FXGL Background Thread 3 ] DEBUG Engine               - is3D: false
10:27:20.336 [FXGL Background Thread 3 ] DEBUG Engine               - isAndroid: false
10:27:20.336 [FXGL Background Thread 3 ] DEBUG Engine               - isBrowser: false
10:27:20.336 [FXGL Background Thread 3 ] DEBUG Engine               - isClickFeedbackEnabled: false
10:27:20.336 [FXGL Background Thread 3 ] DEBUG Engine               - isCloseConfirmation: false
10:27:20.336 [FXGL Background Thread 3 ] DEBUG Engine               - isDesktop: true
10:27:20.336 [FXGL Background Thread 3 ] DEBUG Engine               - isDeveloperMenuEnabled: false
10:27:20.337 [FXGL Background Thread 3 ] DEBUG Engine               - isEmbedded: false
10:27:20.337 [FXGL Background Thread 3 ] DEBUG Engine               - isEntityPreloadEnabled: true
10:27:20.337 [FXGL Background Thread 3 ] DEBUG Engine               - isExperimentalTiledLargeMap: false
10:27:20.337 [FXGL Background Thread 3 ] DEBUG Engine               - isFileSystemWriteAllowed: true
10:27:20.337 [FXGL Background Thread 3 ] DEBUG Engine               - isFullScreenAllowed: false
10:27:20.337 [FXGL Background Thread 3 ] DEBUG Engine               - isFullScreenFromStart: false
10:27:20.337 [FXGL Background Thread 3 ] DEBUG Engine               - isGameMenuEnabled: true
10:27:20.337 [FXGL Background Thread 3 ] DEBUG Engine               - isIOS: false
10:27:20.337 [FXGL Background Thread 3 ] DEBUG Engine               - isIntroEnabled: false
10:27:20.337 [FXGL Background Thread 3 ] DEBUG Engine               - isLinux: false
10:27:20.337 [FXGL Background Thread 3 ] DEBUG Engine               - isMac: false
10:27:20.338 [FXGL Background Thread 3 ] DEBUG Engine               - isMainMenuEnabled: false
10:27:20.338 [FXGL Background Thread 3 ] DEBUG Engine               - isManualResizeEnabled: false
10:27:20.338 [FXGL Background Thread 3 ] DEBUG Engine               - isMobile: false
10:27:20.338 [FXGL Background Thread 3 ] DEBUG Engine               - isNative: false
10:27:20.338 [FXGL Background Thread 3 ] DEBUG Engine               - isPauseMusicWhenMinimized: true
10:27:20.338 [FXGL Background Thread 3 ] DEBUG Engine               - isPreserveResizeRatio: false
10:27:20.338 [FXGL Background Thread 3 ] DEBUG Engine               - isProfilingEnabled: false
10:27:20.338 [FXGL Background Thread 3 ] DEBUG Engine               - isScaleAffectedOnResize: true
10:27:20.338 [FXGL Background Thread 3 ] DEBUG Engine               - isSingleStep: false
10:27:20.338 [FXGL Background Thread 3 ] DEBUG Engine               - isUserProfileEnabled: false
10:27:20.338 [FXGL Background Thread 3 ] DEBUG Engine               - isWindows: true
10:27:20.338 [FXGL Background Thread 3 ] DEBUG Engine               - language: ObjectProperty [value: ENGLISH]
10:27:20.339 [FXGL Background Thread 3 ] DEBUG Engine               - menuKey: ESCAPE
10:27:20.339 [FXGL Background Thread 3 ] DEBUG Engine               - mouseSensitivity: 0.2
10:27:20.339 [FXGL Background Thread 3 ] DEBUG Engine               - notificationViewClass: class com.almasb.fxgl.notification.view.XboxNotificationView
10:27:20.339 [FXGL Background Thread 3 ] DEBUG Engine               - pixelsPerMeter: 50.0
10:27:20.341 [FXGL Background Thread 3 ] DEBUG Engine               - platform: WINDOWS
10:27:20.341 [FXGL Background Thread 3 ] DEBUG Engine               - prefHeightProperty: ReadOnlyDoubleProperty [value: 700.0]
10:27:20.342 [FXGL Background Thread 3 ] DEBUG Engine               - prefWidthProperty: ReadOnlyDoubleProperty [value: 1050.0]
10:27:20.342 [FXGL Background Thread 3 ] DEBUG Engine               - profileDir: profiles/
10:27:20.342 [FXGL Background Thread 3 ] DEBUG Engine               - profileName: StringProperty [value: DEFAULT]
10:27:20.345 [FXGL Background Thread 3 ] DEBUG Engine               - randomSeed: -1
10:27:20.347 [FXGL Background Thread 3 ] DEBUG Engine               - runtimeInfo: RuntimeInfo(platform=WINDOWS, version=17.1, build=24.03.2022 17.34)
10:27:20.347 [FXGL Background Thread 3 ] DEBUG Engine               - saveFileExt: sav
10:27:20.347 [FXGL Background Thread 3 ] DEBUG Engine               - scaledHeightProp$fxgl: DoubleProperty [bound, value: 700.0]
10:27:20.347 [FXGL Background Thread 3 ] DEBUG Engine               - scaledWidthProp$fxgl: DoubleProperty [bound, value: 1050.0]
10:27:20.347 [FXGL Background Thread 3 ] DEBUG Engine               - sceneFactory: com.almasb.fxgl.app.scene.SceneFactory@7677a8c7
10:27:20.347 [FXGL Background Thread 3 ] DEBUG Engine               - secondsIn24h: 60
10:27:20.347 [FXGL Background Thread 3 ] DEBUG Engine               - soundMenuBack: menu/back.wav
10:27:20.348 [FXGL Background Thread 3 ] DEBUG Engine               - soundMenuPress: menu/press.wav
10:27:20.348 [FXGL Background Thread 3 ] DEBUG Engine               - soundMenuSelect: menu/select.wav
10:27:20.348 [FXGL Background Thread 3 ] DEBUG Engine               - soundNotification: core/notification.wav
10:27:20.348 [FXGL Background Thread 3 ] DEBUG Engine               - stageStyle: DECORATED
10:27:20.348 [FXGL Background Thread 3 ] DEBUG Engine               - supportedLanguages: [ENGLISH, FRENCH, GERMAN, HUNGARIAN, RUSSIAN]
10:27:20.348 [FXGL Background Thread 3 ] DEBUG Engine               - ticksPerSecond: -1
10:27:20.348 [FXGL Background Thread 3 ] DEBUG Engine               - title: Mega Man, but AWESOME!
10:27:20.348 [FXGL Background Thread 3 ] DEBUG Engine               - urlGithub: https://github.com/AlmasB/FXGL
10:27:20.349 [FXGL Background Thread 3 ] DEBUG Engine               - urlLeaderboard: http://fxgl-top.herokuapp.com/
10:27:20.349 [FXGL Background Thread 3 ] DEBUG Engine               - urlPOM: https://raw.githubusercontent.com/AlmasB/FXGL/release/README.md
10:27:20.349 [FXGL Background Thread 3 ] DEBUG Engine               - userAppClass: class com.example.ipose_megaman.Main
10:27:20.349 [FXGL Background Thread 3 ] DEBUG Engine               - version: 1.0
10:27:20.349 [FXGL Background Thread 3 ] DEBUG Engine               - versionCheckDays: 7
10:27:20.349 [FXGL Background Thread 3 ] DEBUG Engine               - width: 1050
10:27:20.349 [FXGL Background Thread 3 ] DEBUG Engine               - Logging services
10:27:20.349 [FXGL Background Thread 3 ] DEBUG Engine               - class com.almasb.fxgl.app.services.FXGLAssetLoaderService
10:27:20.349 [FXGL Background Thread 3 ] DEBUG Engine               - class com.almasb.fxgl.app.FXGLApplication$GameApplicationService
10:27:20.349 [FXGL Background Thread 3 ] DEBUG Engine               - class com.almasb.fxgl.app.services.FXGLDialogService
10:27:20.349 [FXGL Background Thread 3 ] DEBUG Engine               - class com.almasb.fxgl.app.services.IOTaskExecutorService
10:27:20.349 [FXGL Background Thread 3 ] DEBUG Engine               - class com.almasb.fxgl.io.FileSystemService
10:27:20.349 [FXGL Background Thread 3 ] DEBUG Engine               - class com.almasb.fxgl.localization.LocalizationService
10:27:20.349 [FXGL Background Thread 3 ] DEBUG Engine               - class com.almasb.fxgl.app.services.SystemBundleService
10:27:20.349 [FXGL Background Thread 3 ] DEBUG Engine               - class com.almasb.fxgl.profile.SaveLoadService
10:27:20.349 [FXGL Background Thread 3 ] DEBUG Engine               - class com.almasb.fxgl.ui.FXGLUIFactoryServiceProvider
10:27:20.349 [FXGL Background Thread 3 ] DEBUG Engine               - class com.almasb.fxgl.ui.FXGLDialogFactoryServiceProvider
10:27:20.349 [FXGL Background Thread 3 ] DEBUG Engine               - class com.almasb.fxgl.audio.AudioPlayer
10:27:20.349 [FXGL Background Thread 3 ] DEBUG Engine               - class com.almasb.fxgl.notification.impl.NotificationServiceProvider
10:27:20.349 [FXGL Background Thread 3 ] DEBUG Engine               - class com.almasb.fxgl.achievement.AchievementService
10:27:20.349 [FXGL Background Thread 3 ] DEBUG Engine               - class com.almasb.fxgl.cutscene.CutsceneService
10:27:20.350 [FXGL Background Thread 3 ] DEBUG Engine               - class com.almasb.fxgl.minigames.MiniGameService
10:27:20.350 [FXGL Background Thread 3 ] DEBUG Engine               - class com.almasb.fxgl.net.NetService
10:27:20.350 [FXGL Background Thread 3 ] DEBUG Engine               - class com.almasb.fxgl.app.services.UpdaterService
10:27:20.350 [FXGL Background Thread 3 ] DEBUG Engine               - class com.almasb.fxgl.dev.DevService
10:27:23.558 [JavaFX Application Thread] DEBUG FXGLApplication      - Exiting FXGL
10:27:23.558 [JavaFX Application Thread] DEBUG LoopRunner           - Stopping loop
10:27:23.558 [JavaFX Application Thread] DEBUG SystemBundleService  - Saving FXGL system data
10:27:23.562 [JavaFX Application Thread] DEBUG FileSystemAccess     - Writing to: C:\Users\julia\Desktop\IPOSE_MEGAMAN\system\fxgl.bundle
10:27:23.565 [JavaFX Application Thread] DEBUG Async                - Shutting down background threads
10:27:23.566 [JavaFX Application Thread] DEBUG PrimaryStageWindow   - Closing main window
10:27:23.584 [JavaFX Application Thread] DEBUG Logger               - Closing Logger
