12:22:53.314 [main                     ] DEBUG Logger               - Configured Logger
12:22:53.340 [main                     ] DEBUG GameApplication      - Logging settings
Title: Mega Man, but AWESOME!
Version: 1.0
Width: 1050
Height: 700
Fullscreen: false
Intro: false
Profiling: false
Single step:false
App Mode: DEVELOPER
Menu Key: ESCAPE
Stage Style: DECORATED
Scene Factory: class com.almasb.fxgl.app.scene.SceneFactory

12:22:53.695 [JavaFX Application Thread] DEBUG FXGLApplication      - Initializing FXGL
12:22:53.698 [JavaFX Application Thread] INFO  Engine               - FXGL-17.1 (24.03.2022 17.34) on WINDOWS (J:19.0.1 FX:19-ea)
12:22:53.699 [JavaFX Application Thread] DEBUG Engine               - JRE Vendor Name: Oracle Corporation
12:22:53.700 [JavaFX Application Thread] DEBUG Engine               - Running on OS: Windows 11 version 10.0
12:22:53.700 [JavaFX Application Thread] DEBUG Engine               - Architecture: amd64
12:22:53.700 [JavaFX Application Thread] INFO  Engine               - Source code and latest versions at: https://github.com/AlmasB/FXGL
12:22:53.701 [JavaFX Application Thread] INFO  Engine               -       Ask questions and discuss at: https://github.com/AlmasB/FXGL/discussions
12:22:53.701 [JavaFX Application Thread] INFO  Engine               -              Join the FXGL chat at: https://gitter.im/AlmasB/FXGL
12:22:53.761 [JavaFX Application Thread] DEBUG PrimaryStageWindow   - Creating a JavaFX scene
12:22:53.789 [JavaFX Application Thread] DEBUG PrimaryStageWindow   - Target settings size: 1050.0 x 700.0
12:22:53.789 [JavaFX Application Thread] DEBUG PrimaryStageWindow   - Scaled scene size:    1050.0 x 700.0
12:22:53.789 [JavaFX Application Thread] DEBUG PrimaryStageWindow   - Scaled ratio: (1.0, 1.0)
12:22:53.790 [JavaFX Application Thread] DEBUG PrimaryStageWindow   - Set initial scene to FXGLStartupScene
12:22:53.794 [JavaFX Application Thread] DEBUG PrimaryStageWindow   - Opening main window
12:22:53.857 [JavaFX Application Thread] DEBUG PrimaryStageWindow   - Window border size: (16.0, 39.0)
12:22:53.857 [JavaFX Application Thread] DEBUG PrimaryStageWindow   - Scaled size: 1050.0 x 700.0
12:22:53.857 [JavaFX Application Thread] DEBUG PrimaryStageWindow   - Scaled ratio: (1.0, 1.0)
12:22:53.857 [JavaFX Application Thread] DEBUG PrimaryStageWindow   - Scene size: 1050.0 x 700.0
12:22:53.858 [JavaFX Application Thread] DEBUG PrimaryStageWindow   - Stage size: 1066.0 x 739.0
12:22:53.863 [FXGL Background Thread 1 ] DEBUG Engine               - Initializing environment variables
12:22:53.907 [FXGL Background Thread 1 ] DEBUG FXGLAssetLoaderServi - User app class for loading assets: class com.example.ipose_megaman.Main
12:22:53.908 [FXGL Background Thread 1 ] DEBUG GameApplicationServi - Applying CSS: fxgl_dark.css
12:22:53.908 [FXGL Background Thread 1 ] DEBUG FXGLAssetLoaderServi - Loading from file system: jar:file:///C:/Users/julia/.m2/repository/com/github/almasb/fxgl/17.1/fxgl-17.1.jar!/fxglassets/ui/css/fxgl_dark.css
12:22:53.940 [FXGL Background Thread 1 ] DEBUG GameApplicationServi - Initializing application scenes
12:22:53.990 [FXGL Background Thread 1 ] DEBUG GameWorld            - Game world initialized
12:22:54.047 [FXGL Background Thread 1 ] DEBUG PhysicsWorld         - Physics world initialized: appHeight=700, physics.ppm=50,0
12:22:54.048 [FXGL Background Thread 1 ] DEBUG PhysicsWorld         - Using strategy: BRUTE_FORCE
12:22:54.052 [FXGL Background Thread 1 ] DEBUG GameScene            - Game scene initialized: 1050x700
12:22:54.061 [FXGL Background Thread 1 ] DEBUG FXGL.DefaultMenu     - createMenuBodyGameMenu()
12:22:54.068 [FXGL Background Thread 1 ] DEBUG FXGL.DefaultMenu     - createOptionsMenu()
12:22:54.076 [FXGL Background Thread 1 ] DEBUG FXGLAssetLoaderServi - Loading from file system: jar:file:///C:/Users/julia/.m2/repository/com/github/almasb/fxgl/17.1/fxgl-17.1.jar!/fxglassets/textures/particles/smoke.png
12:22:54.137 [FXGL Background Thread 1 ] DEBUG FXGLAssetLoaderServi - Loading from file system: jar:file:///C:/Users/julia/.m2/repository/com/github/almasb/fxgl/17.1/fxgl-17.1.jar!/fxglassets/textures/particles/trace_horizontal.png
12:22:54.157 [FXGL Background Thread 1 ] DEBUG GameApplicationServi - Application scenes initialized
12:22:54.169 [FXGL Background Thread 1 ] DEBUG SystemBundleService  - Loading FXGL system data
12:22:54.175 [FXGL Background Thread 1 ] DEBUG FileSystemAccess     - Reading from: C:\Users\julia\Desktop\IPOSE_MEGAMAN\system\fxgl.bundle
12:22:54.185 [FXGL Background Thread 1 ] DEBUG SystemBundleService  - Bundle FXGL: {}
12:22:54.185 [FXGL Background Thread 1 ] DEBUG UpdaterService       - Checking for updates
12:22:54.191 [FXGL Background Thread 4 ] DEBUG FXGLApplication      - Loading fonts
12:22:54.191 [FXGL Background Thread 1 ] DEBUG FXGLApplication      - Loading default localization
12:22:54.192 [FXGL Background Thread 4 ] DEBUG FXGLAssetLoaderServi - Loading from file system: jar:file:///C:/Users/julia/.m2/repository/com/github/almasb/fxgl/17.1/fxgl-17.1.jar!/fxglassets/ui/fonts/VarelaRound-Regular.ttf
12:22:54.192 [FXGL Background Thread 1 ] DEBUG FXGLAssetLoaderServi - Loading from file system: jar:file:///C:/Users/julia/.m2/repository/com/github/almasb/fxgl/17.1/fxgl-17.1.jar!/fxglassets/languages/english.lang
12:22:54.216 [FXGL Background Thread 1 ] INFO  FXGLApplication      - FXGL initialization took: 0,353 sec
12:22:54.227 [JavaFX Application Thread] DEBUG Input                - Registered new binding: Move Right - D
12:22:54.228 [JavaFX Application Thread] DEBUG Input                - Registered new binding: Move Left - A
12:22:54.228 [JavaFX Application Thread] DEBUG Input                - Registered new binding: Jump - W
12:22:54.229 [JavaFX Application Thread] DEBUG Input                - Registered new binding: Shoot - Z
12:22:54.229 [JavaFX Application Thread] DEBUG FXGLAssetLoaderServi - Loading from file system: jar:file:///C:/Users/julia/.m2/repository/com/github/almasb/fxgl/17.1/fxgl-17.1.jar!/fxglassets/textures/fxgl_icon.png
12:22:54.248 [JavaFX Application Thread] DEBUG FXGLAssetLoaderServi - Loading from file system: jar:file:///C:/Users/julia/.m2/repository/com/github/almasb/fxgl/17.1/fxgl-17.1.jar!/fxglassets/textures/fxgl_default_cursor.png
12:22:54.252 [JavaFX Application Thread] DEBUG Input                - Registered new binding: Screenshot - CTRL+8
12:22:54.253 [JavaFX Application Thread] DEBUG Input                - Registered new binding: System info dump - CTRL+9
12:22:54.254 [JavaFX Application Thread] DEBUG Input                - Registered new binding: Restart - CTRL+R
12:22:54.256 [JavaFX Application Thread] DEBUG Input                - Registered new binding: Toggle Debug Camera - CTRL+7
12:22:54.260 [JavaFX Application Thread] DEBUG LoopRunner           - Starting loop
12:22:54.260 [JavaFX Application Thread] DEBUG LoopRunner           - Initializing JavaFX AnimationTimerLoop
12:22:54.261 [FXGL Background Thread 4 ] DEBUG FXGLAssetLoaderServi - Loading from file system: jar:file:///C:/Users/julia/.m2/repository/com/github/almasb/fxgl/17.1/fxgl-17.1.jar!/fxglassets/ui/fonts/Abel-Regular.ttf
12:22:54.263 [JavaFX Application Thread] DEBUG GameApplicationServi - Starting new game
12:22:54.264 [JavaFX Application Thread] DEBUG Input                - Clearing active input actions
12:22:54.265 [FXGL Background Thread 4 ] DEBUG FXGLAssetLoaderServi - Loading from file system: jar:file:///C:/Users/julia/.m2/repository/com/github/almasb/fxgl/17.1/fxgl-17.1.jar!/fxglassets/ui/fonts/TerminalLandMono-Regular.otf
12:22:54.269 [FXGL Background Thread 4 ] DEBUG FXGLAssetLoaderServi - Loading from file system: jar:file:///C:/Users/julia/.m2/repository/com/github/almasb/fxgl/17.1/fxgl-17.1.jar!/fxglassets/ui/fonts/Courier-Prime.ttf
12:22:54.273 [JavaFX Application Thread] DEBUG GameApplicationServi - Removing overlay from FXGLStartupScene and adding to FXGLLoadingScene
12:22:54.274 [JavaFX Application Thread] DEBUG PrimaryStageWindow   - FXGLStartupScene -> FXGLLoadingScene
12:22:54.274 [JavaFX Application Thread] DEBUG GameApplicationServi - Clearing previous game
12:22:54.274 [JavaFX Application Thread] DEBUG GameScene            - Clearing game scene
12:22:54.274 [JavaFX Application Thread] DEBUG GameWorld            - Clearing game world
12:22:54.274 [JavaFX Application Thread] DEBUG PhysicsWorld         - Clearing physics world
12:22:54.277 [FXGL Background Thread 1 ] DEBUG FXGLApplication      - Initializing game
12:22:54.318 [JavaFX Application Thread] DEBUG FXGLApplication      - Registering font factories with UI factory
12:22:54.321 [FXGL Background Thread 1 ] WARN  TMXLevelLoader       - TiledMap generated from 1.0.1. Supported version: 1.4.2. Some features may not be parsed fully.
12:22:54.329 [FXGL Background Thread 1 ] DEBUG TMXLevelLoader       - Parsed TiledMap: file:/C:/Users/julia/Desktop/IPOSE_MEGAMAN/target/classes/assets/levels/map.tmx
12:22:54.331 [FXGL Background Thread 1 ] DEBUG TMXLevelLoader       - Creating tile layer entities
12:22:54.333 [FXGL Background Thread 1 ] DEBUG TilesetLoader        - Loading view for layer Tilelaag 1
12:22:54.336 [FXGL Background Thread 1 ] DEBUG TilesetLoader        - Created buffer with size 1050.0x700.0
12:22:54.340 [FXGL Background Thread 1 ] DEBUG TMXLevelLoader       - Creating object layer entities
12:22:54.375 [FXGL Background Thread 1 ] DEBUG GameWorld            - Clearing removable entities
12:22:54.375 [FXGL Background Thread 1 ] DEBUG GameWorld            - Setting level: com.almasb.fxgl.entity.level.Level@7e3af3f3
12:22:54.384 [FXGL Background Thread 1 ] WARN  FXGLAssetLoaderServi - Asset "/assets/textures/MegaManIdle.png" was not found!
12:22:54.384 [FXGL Background Thread 1 ] WARN  FXGLAssetLoaderServi - Failed to load IMAGE
12:22:54.424 [FXGL Background Thread 1 ] WARN  FXGLAssetLoaderServi - Asset "/assets/textures/MegaManIdle.png" was not found!
12:22:54.424 [FXGL Background Thread 1 ] WARN  FXGLAssetLoaderServi - Failed to load IMAGE
12:22:54.426 [FXGL Background Thread 1 ] INFO  FXGLApplication      - Game initialization took: 0,150 sec
12:22:54.427 [JavaFX Application Thread] DEBUG Input                - Clearing active input actions
12:22:54.431 [JavaFX Application Thread] DEBUG GameApplicationServi - Removing overlay from FXGLLoadingScene and adding to GameScene
12:22:54.431 [JavaFX Application Thread] DEBUG PrimaryStageWindow   - FXGLLoadingScene -> GameScene
12:22:55.167 [FXGL Background Thread 2 ] INFO  UpdaterService       - Your current version:  17.1
12:22:55.167 [FXGL Background Thread 2 ] INFO  UpdaterService       - Latest stable version: 17.3
12:22:57.188 [FXGL Background Thread 3 ] DEBUG Engine               - Logging environment variables
12:22:57.189 [FXGL Background Thread 3 ] DEBUG Engine               - achievements: []
12:22:57.189 [FXGL Background Thread 3 ] DEBUG Engine               - actualHeight: 700.0
12:22:57.189 [FXGL Background Thread 3 ] DEBUG Engine               - actualHeightProperty: ReadOnlyDoubleProperty [value: 700.0]
12:22:57.189 [FXGL Background Thread 3 ] DEBUG Engine               - actualWidth: 1050.0
12:22:57.189 [FXGL Background Thread 3 ] DEBUG Engine               - actualWidthProperty: ReadOnlyDoubleProperty [value: 1050.0]
12:22:57.189 [FXGL Background Thread 3 ] DEBUG Engine               - appIcon: fxgl_icon.png
12:22:57.189 [FXGL Background Thread 3 ] DEBUG Engine               - applicationMode: DEVELOPER
12:22:57.189 [FXGL Background Thread 3 ] DEBUG Engine               - cSSList: [fxgl_dark.css]
12:22:57.189 [FXGL Background Thread 3 ] DEBUG Engine               - collisionDetectionStrategy: BRUTE_FORCE
12:22:57.189 [FXGL Background Thread 3 ] DEBUG Engine               - configClass: Optional.empty
12:22:57.189 [FXGL Background Thread 3 ] DEBUG Engine               - credits: []
12:22:57.190 [FXGL Background Thread 3 ] DEBUG Engine               - defaultCursor: CursorInfo(imageName=fxgl_default_cursor.png, hotspotX=7.0, hotspotY=6.0)
12:22:57.190 [FXGL Background Thread 3 ] DEBUG Engine               - devBBoxColorProperty: ObjectProperty [value: 0xff0000ff]
12:22:57.190 [FXGL Background Thread 3 ] DEBUG Engine               - devEnableDebugCameraProperty: BooleanProperty [value: false]
12:22:57.190 [FXGL Background Thread 3 ] DEBUG Engine               - devSensorColorProperty: ObjectProperty [value: 0xffff00ff]
12:22:57.190 [FXGL Background Thread 3 ] DEBUG Engine               - devShowBBoxProperty: BooleanProperty [value: false]
12:22:57.191 [FXGL Background Thread 3 ] DEBUG Engine               - devShowPositionProperty: BooleanProperty [value: false]
12:22:57.191 [FXGL Background Thread 3 ] DEBUG Engine               - enabledMenuItems: []
12:22:57.191 [FXGL Background Thread 3 ] DEBUG Engine               - engineServices: [class com.almasb.fxgl.app.services.FXGLAssetLoaderService, class com.almasb.fxgl.app.FXGLApplication$GameApplicationService, class com.almasb.fxgl.app.services.FXGLDialogService, class com.almasb.fxgl.app.services.IOTaskExecutorService, class com.almasb.fxgl.io.FileSystemService, class com.almasb.fxgl.localization.LocalizationService, class com.almasb.fxgl.app.services.SystemBundleService, class com.almasb.fxgl.profile.SaveLoadService, class com.almasb.fxgl.ui.FXGLUIFactoryServiceProvider, class com.almasb.fxgl.ui.FXGLDialogFactoryServiceProvider, class com.almasb.fxgl.audio.AudioPlayer, class com.almasb.fxgl.notification.impl.NotificationServiceProvider, class com.almasb.fxgl.achievement.AchievementService, class com.almasb.fxgl.cutscene.CutsceneService, class com.almasb.fxgl.minigames.MiniGameService, class com.almasb.fxgl.net.NetService, class com.almasb.fxgl.app.services.UpdaterService, class com.almasb.fxgl.dev.DevService]
12:22:57.191 [FXGL Background Thread 3 ] DEBUG Engine               - fontGame: Abel-Regular.ttf
12:22:57.191 [FXGL Background Thread 3 ] DEBUG Engine               - fontMono: TerminalLandMono-Regular.otf
12:22:57.191 [FXGL Background Thread 3 ] DEBUG Engine               - fontText: Courier-Prime.ttf
12:22:57.191 [FXGL Background Thread 3 ] DEBUG Engine               - fontUI: VarelaRound-Regular.ttf
12:22:57.191 [FXGL Background Thread 3 ] DEBUG Engine               - fullScreen: BooleanProperty [value: false]
12:22:57.191 [FXGL Background Thread 3 ] DEBUG Engine               - gameDifficulty: MEDIUM
12:22:57.191 [FXGL Background Thread 3 ] DEBUG Engine               - gameDifficultyProperty: ObjectProperty [value: MEDIUM]
12:22:57.191 [FXGL Background Thread 3 ] DEBUG Engine               - globalMusicVolume: 0.5
12:22:57.191 [FXGL Background Thread 3 ] DEBUG Engine               - globalMusicVolumeProperty: DoubleProperty [value: 0.5]
12:22:57.191 [FXGL Background Thread 3 ] DEBUG Engine               - globalSoundVolume: 0.5
12:22:57.191 [FXGL Background Thread 3 ] DEBUG Engine               - globalSoundVolumeProperty: DoubleProperty [value: 0.5]
12:22:57.191 [FXGL Background Thread 3 ] DEBUG Engine               - height: 700
12:22:57.191 [FXGL Background Thread 3 ] DEBUG Engine               - is3D: false
12:22:57.191 [FXGL Background Thread 3 ] DEBUG Engine               - isAndroid: false
12:22:57.192 [FXGL Background Thread 3 ] DEBUG Engine               - isBrowser: false
12:22:57.192 [FXGL Background Thread 3 ] DEBUG Engine               - isClickFeedbackEnabled: false
12:22:57.192 [FXGL Background Thread 3 ] DEBUG Engine               - isCloseConfirmation: false
12:22:57.192 [FXGL Background Thread 3 ] DEBUG Engine               - isDesktop: true
12:22:57.192 [FXGL Background Thread 3 ] DEBUG Engine               - isDeveloperMenuEnabled: false
12:22:57.192 [FXGL Background Thread 3 ] DEBUG Engine               - isEmbedded: false
12:22:57.192 [FXGL Background Thread 3 ] DEBUG Engine               - isEntityPreloadEnabled: true
12:22:57.192 [FXGL Background Thread 3 ] DEBUG Engine               - isExperimentalTiledLargeMap: false
12:22:57.192 [FXGL Background Thread 3 ] DEBUG Engine               - isFileSystemWriteAllowed: true
12:22:57.192 [FXGL Background Thread 3 ] DEBUG Engine               - isFullScreenAllowed: false
12:22:57.192 [FXGL Background Thread 3 ] DEBUG Engine               - isFullScreenFromStart: false
12:22:57.192 [FXGL Background Thread 3 ] DEBUG Engine               - isGameMenuEnabled: true
12:22:57.192 [FXGL Background Thread 3 ] DEBUG Engine               - isIOS: false
12:22:57.192 [FXGL Background Thread 3 ] DEBUG Engine               - isIntroEnabled: false
12:22:57.192 [FXGL Background Thread 3 ] DEBUG Engine               - isLinux: false
12:22:57.192 [FXGL Background Thread 3 ] DEBUG Engine               - isMac: false
12:22:57.192 [FXGL Background Thread 3 ] DEBUG Engine               - isMainMenuEnabled: false
12:22:57.192 [FXGL Background Thread 3 ] DEBUG Engine               - isManualResizeEnabled: false
12:22:57.192 [FXGL Background Thread 3 ] DEBUG Engine               - isMobile: false
12:22:57.192 [FXGL Background Thread 3 ] DEBUG Engine               - isNative: false
12:22:57.193 [FXGL Background Thread 3 ] DEBUG Engine               - isPauseMusicWhenMinimized: true
12:22:57.193 [FXGL Background Thread 3 ] DEBUG Engine               - isPreserveResizeRatio: false
12:22:57.193 [FXGL Background Thread 3 ] DEBUG Engine               - isProfilingEnabled: false
12:22:57.193 [FXGL Background Thread 3 ] DEBUG Engine               - isScaleAffectedOnResize: true
12:22:57.193 [FXGL Background Thread 3 ] DEBUG Engine               - isSingleStep: false
12:22:57.193 [FXGL Background Thread 3 ] DEBUG Engine               - isUserProfileEnabled: false
12:22:57.193 [FXGL Background Thread 3 ] DEBUG Engine               - isWindows: true
12:22:57.193 [FXGL Background Thread 3 ] DEBUG Engine               - language: ObjectProperty [value: ENGLISH]
12:22:57.193 [FXGL Background Thread 3 ] DEBUG Engine               - menuKey: ESCAPE
12:22:57.193 [FXGL Background Thread 3 ] DEBUG Engine               - mouseSensitivity: 0.2
12:22:57.193 [FXGL Background Thread 3 ] DEBUG Engine               - notificationViewClass: class com.almasb.fxgl.notification.view.XboxNotificationView
12:22:57.193 [FXGL Background Thread 3 ] DEBUG Engine               - pixelsPerMeter: 50.0
12:22:57.193 [FXGL Background Thread 3 ] DEBUG Engine               - platform: WINDOWS
12:22:57.193 [FXGL Background Thread 3 ] DEBUG Engine               - prefHeightProperty: ReadOnlyDoubleProperty [value: 700.0]
12:22:57.193 [FXGL Background Thread 3 ] DEBUG Engine               - prefWidthProperty: ReadOnlyDoubleProperty [value: 1050.0]
12:22:57.193 [FXGL Background Thread 3 ] DEBUG Engine               - profileDir: profiles/
12:22:57.193 [FXGL Background Thread 3 ] DEBUG Engine               - profileName: StringProperty [value: DEFAULT]
12:22:57.193 [FXGL Background Thread 3 ] DEBUG Engine               - randomSeed: -1
12:22:57.193 [FXGL Background Thread 3 ] DEBUG Engine               - runtimeInfo: RuntimeInfo(platform=WINDOWS, version=17.1, build=24.03.2022 17.34)
12:22:57.193 [FXGL Background Thread 3 ] DEBUG Engine               - saveFileExt: sav
12:22:57.194 [FXGL Background Thread 3 ] DEBUG Engine               - scaledHeightProp$fxgl: DoubleProperty [bound, value: 700.0]
12:22:57.194 [FXGL Background Thread 3 ] DEBUG Engine               - scaledWidthProp$fxgl: DoubleProperty [bound, value: 1050.0]
12:22:57.194 [FXGL Background Thread 3 ] DEBUG Engine               - sceneFactory: com.almasb.fxgl.app.scene.SceneFactory@5faec64c
12:22:57.194 [FXGL Background Thread 3 ] DEBUG Engine               - secondsIn24h: 60
12:22:57.194 [FXGL Background Thread 3 ] DEBUG Engine               - soundMenuBack: menu/back.wav
12:22:57.194 [FXGL Background Thread 3 ] DEBUG Engine               - soundMenuPress: menu/press.wav
12:22:57.194 [FXGL Background Thread 3 ] DEBUG Engine               - soundMenuSelect: menu/select.wav
12:22:57.194 [FXGL Background Thread 3 ] DEBUG Engine               - soundNotification: core/notification.wav
12:22:57.194 [FXGL Background Thread 3 ] DEBUG Engine               - stageStyle: DECORATED
12:22:57.194 [FXGL Background Thread 3 ] DEBUG Engine               - supportedLanguages: [ENGLISH, FRENCH, GERMAN, HUNGARIAN, RUSSIAN]
12:22:57.194 [FXGL Background Thread 3 ] DEBUG Engine               - ticksPerSecond: -1
12:22:57.194 [FXGL Background Thread 3 ] DEBUG Engine               - title: Mega Man, but AWESOME!
12:22:57.194 [FXGL Background Thread 3 ] DEBUG Engine               - urlGithub: https://github.com/AlmasB/FXGL
12:22:57.194 [FXGL Background Thread 3 ] DEBUG Engine               - urlLeaderboard: http://fxgl-top.herokuapp.com/
12:22:57.194 [FXGL Background Thread 3 ] DEBUG Engine               - urlPOM: https://raw.githubusercontent.com/AlmasB/FXGL/release/README.md
12:22:57.194 [FXGL Background Thread 3 ] DEBUG Engine               - userAppClass: class com.example.ipose_megaman.Main
12:22:57.194 [FXGL Background Thread 3 ] DEBUG Engine               - version: 1.0
12:22:57.194 [FXGL Background Thread 3 ] DEBUG Engine               - versionCheckDays: 7
12:22:57.194 [FXGL Background Thread 3 ] DEBUG Engine               - width: 1050
12:22:57.194 [FXGL Background Thread 3 ] DEBUG Engine               - Logging services
12:22:57.194 [FXGL Background Thread 3 ] DEBUG Engine               - class com.almasb.fxgl.app.services.FXGLAssetLoaderService
12:22:57.194 [FXGL Background Thread 3 ] DEBUG Engine               - class com.almasb.fxgl.app.FXGLApplication$GameApplicationService
12:22:57.194 [FXGL Background Thread 3 ] DEBUG Engine               - class com.almasb.fxgl.app.services.FXGLDialogService
12:22:57.194 [FXGL Background Thread 3 ] DEBUG Engine               - class com.almasb.fxgl.app.services.IOTaskExecutorService
12:22:57.194 [FXGL Background Thread 3 ] DEBUG Engine               - class com.almasb.fxgl.io.FileSystemService
12:22:57.194 [FXGL Background Thread 3 ] DEBUG Engine               - class com.almasb.fxgl.localization.LocalizationService
12:22:57.195 [FXGL Background Thread 3 ] DEBUG Engine               - class com.almasb.fxgl.app.services.SystemBundleService
12:22:57.195 [FXGL Background Thread 3 ] DEBUG Engine               - class com.almasb.fxgl.profile.SaveLoadService
12:22:57.195 [FXGL Background Thread 3 ] DEBUG Engine               - class com.almasb.fxgl.ui.FXGLUIFactoryServiceProvider
12:22:57.195 [FXGL Background Thread 3 ] DEBUG Engine               - class com.almasb.fxgl.ui.FXGLDialogFactoryServiceProvider
12:22:57.195 [FXGL Background Thread 3 ] DEBUG Engine               - class com.almasb.fxgl.audio.AudioPlayer
12:22:57.195 [FXGL Background Thread 3 ] DEBUG Engine               - class com.almasb.fxgl.notification.impl.NotificationServiceProvider
12:22:57.195 [FXGL Background Thread 3 ] DEBUG Engine               - class com.almasb.fxgl.achievement.AchievementService
12:22:57.195 [FXGL Background Thread 3 ] DEBUG Engine               - class com.almasb.fxgl.cutscene.CutsceneService
12:22:57.195 [FXGL Background Thread 3 ] DEBUG Engine               - class com.almasb.fxgl.minigames.MiniGameService
12:22:57.195 [FXGL Background Thread 3 ] DEBUG Engine               - class com.almasb.fxgl.net.NetService
12:22:57.195 [FXGL Background Thread 3 ] DEBUG Engine               - class com.almasb.fxgl.app.services.UpdaterService
12:22:57.195 [FXGL Background Thread 3 ] DEBUG Engine               - class com.almasb.fxgl.dev.DevService
12:23:20.264 [JavaFX Application Thread] DEBUG FXGLApplication      - Exiting FXGL
12:23:20.264 [JavaFX Application Thread] DEBUG LoopRunner           - Stopping loop
12:23:20.264 [JavaFX Application Thread] DEBUG SystemBundleService  - Saving FXGL system data
12:23:20.267 [JavaFX Application Thread] DEBUG FileSystemAccess     - Writing to: C:\Users\julia\Desktop\IPOSE_MEGAMAN\system\fxgl.bundle
12:23:20.270 [JavaFX Application Thread] DEBUG Async                - Shutting down background threads
12:23:20.271 [JavaFX Application Thread] DEBUG PrimaryStageWindow   - Closing main window
12:23:20.300 [JavaFX Application Thread] DEBUG Logger               - Closing Logger
