10:18:58.000 [main                     ] DEBUG Logger               - Configured Logger
10:18:58.038 [main                     ] DEBUG GameApplication      - Logging settings
Title: Tetris Man 2
Version: 1.0
Width: 1000
Height: 800
Fullscreen: false
Intro: false
Profiling: false
Single step:false
App Mode: DEVELOPER
Menu Key: ESCAPE
Stage Style: DECORATED
Scene Factory: class com.almasb.fxgl.app.scene.SceneFactory

10:18:58.722 [JavaFX Application Thread] DEBUG FXGLApplication      - Initializing FXGL
10:18:58.727 [JavaFX Application Thread] INFO  Engine               - FXGL-17.1 (24.03.2022 17.34) on WINDOWS (J:19.0.2 FX:19-ea)
10:18:58.727 [JavaFX Application Thread] DEBUG Engine               - JRE Vendor Name: Oracle Corporation
10:18:58.727 [JavaFX Application Thread] DEBUG Engine               - Running on OS: Windows 10 version 10.0
10:18:58.728 [JavaFX Application Thread] DEBUG Engine               - Architecture: amd64
10:18:58.728 [JavaFX Application Thread] INFO  Engine               - Source code and latest versions at: https://github.com/AlmasB/FXGL
10:18:58.728 [JavaFX Application Thread] INFO  Engine               -       Ask questions and discuss at: https://github.com/AlmasB/FXGL/discussions
10:18:58.728 [JavaFX Application Thread] INFO  Engine               -              Join the FXGL chat at: https://gitter.im/AlmasB/FXGL
10:18:58.821 [JavaFX Application Thread] DEBUG PrimaryStageWindow   - Creating a JavaFX scene
10:18:58.868 [JavaFX Application Thread] DEBUG PrimaryStageWindow   - Target settings size: 1000.0 x 800.0
10:18:58.868 [JavaFX Application Thread] DEBUG PrimaryStageWindow   - Scaled scene size:    1000.0 x 800.0
10:18:58.868 [JavaFX Application Thread] DEBUG PrimaryStageWindow   - Scaled ratio: (1.0, 1.0)
10:18:58.869 [JavaFX Application Thread] DEBUG PrimaryStageWindow   - Set initial scene to FXGLStartupScene
10:18:58.876 [JavaFX Application Thread] DEBUG PrimaryStageWindow   - Opening main window
10:18:58.971 [JavaFX Application Thread] DEBUG PrimaryStageWindow   - Window border size: (14.4000244140625, 37.5999755859375)
10:18:58.971 [JavaFX Application Thread] DEBUG PrimaryStageWindow   - Scaled size: 1000.0 x 800.0
10:18:58.971 [JavaFX Application Thread] DEBUG PrimaryStageWindow   - Scaled ratio: (1.0, 1.0)
10:18:58.971 [JavaFX Application Thread] DEBUG PrimaryStageWindow   - Scene size: 1000.0 x 800.0
10:18:58.971 [JavaFX Application Thread] DEBUG PrimaryStageWindow   - Stage size: 1014.4000244140625 x 837.5999755859375
10:18:58.981 [FXGL Background Thread 1 ] DEBUG Engine               - Initializing environment variables
10:18:59.035 [FXGL Background Thread 1 ] DEBUG FXGLAssetLoaderServi - User app class for loading assets: class com.example.ipose_megaman.Main
10:18:59.035 [FXGL Background Thread 1 ] DEBUG GameApplicationServi - Applying CSS: fxgl_dark.css
10:18:59.036 [FXGL Background Thread 1 ] DEBUG FXGLAssetLoaderServi - Loading from file system: jar:file:///C:/Users/Patryk/.m2/repository/com/github/almasb/fxgl/17.1/fxgl-17.1.jar!/fxglassets/ui/css/fxgl_dark.css
10:18:59.085 [FXGL Background Thread 1 ] DEBUG GameApplicationServi - Initializing application scenes
10:18:59.151 [FXGL Background Thread 1 ] DEBUG GameWorld            - Game world initialized
10:18:59.206 [FXGL Background Thread 1 ] DEBUG PhysicsWorld         - Physics world initialized: appHeight=800, physics.ppm=50,0
10:18:59.206 [FXGL Background Thread 1 ] DEBUG PhysicsWorld         - Using strategy: BRUTE_FORCE
10:18:59.212 [FXGL Background Thread 1 ] DEBUG GameScene            - Game scene initialized: 1000x800
10:18:59.223 [FXGL Background Thread 1 ] DEBUG FXGL.DefaultMenu     - createMenuBodyMainMenu()
10:18:59.237 [FXGL Background Thread 1 ] DEBUG FXGL.DefaultMenu     - createOptionsMenu()
10:18:59.250 [FXGL Background Thread 1 ] DEBUG FXGLAssetLoaderServi - Loading from file system: jar:file:///C:/Users/Patryk/.m2/repository/com/github/almasb/fxgl/17.1/fxgl-17.1.jar!/fxglassets/textures/particles/smoke.png
10:18:59.339 [FXGL Background Thread 1 ] DEBUG FXGLAssetLoaderServi - Loading from file system: jar:file:///C:/Users/Patryk/.m2/repository/com/github/almasb/fxgl/17.1/fxgl-17.1.jar!/fxglassets/textures/particles/trace_horizontal.png
10:18:59.398 [FXGL Background Thread 1 ] DEBUG FXGL.DefaultMenu     - createMenuBodyGameMenu()
10:18:59.399 [FXGL Background Thread 1 ] DEBUG FXGL.DefaultMenu     - createOptionsMenu()
10:18:59.414 [FXGL Background Thread 1 ] DEBUG GameApplicationServi - Application scenes initialized
10:18:59.427 [FXGL Background Thread 1 ] DEBUG SystemBundleService  - Loading FXGL system data
10:18:59.432 [FXGL Background Thread 1 ] DEBUG FileSystemAccess     - Reading from: D:\GITHUB ZOOI\IPOSE-FXGL-Mega-Man\system\fxgl.bundle
10:18:59.443 [FXGL Background Thread 1 ] DEBUG SystemBundleService  - Bundle FXGL: {}
10:18:59.443 [FXGL Background Thread 1 ] DEBUG UpdaterService       - Checking for updates
10:18:59.449 [FXGL Background Thread 1 ] DEBUG FXGLApplication      - Loading default localization
10:18:59.450 [FXGL Background Thread 1 ] DEBUG FXGLAssetLoaderServi - Loading from file system: jar:file:///C:/Users/Patryk/.m2/repository/com/github/almasb/fxgl/17.1/fxgl-17.1.jar!/fxglassets/languages/english.lang
10:18:59.454 [FXGL Background Thread 4 ] DEBUG FXGLApplication      - Loading fonts
10:18:59.454 [FXGL Background Thread 4 ] DEBUG FXGLAssetLoaderServi - Loading from file system: jar:file:///C:/Users/Patryk/.m2/repository/com/github/almasb/fxgl/17.1/fxgl-17.1.jar!/fxglassets/ui/fonts/VarelaRound-Regular.ttf
10:18:59.512 [FXGL Background Thread 1 ] INFO  FXGLApplication      - FXGL initialization took: 0,530 sec
10:18:59.520 [JavaFX Application Thread] DEBUG Input                - Registered new binding: Move Right - D
10:18:59.520 [JavaFX Application Thread] DEBUG Input                - Registered new binding: Move Left - A
10:18:59.520 [JavaFX Application Thread] DEBUG Input                - Registered new binding: Jump - Space
10:18:59.520 [JavaFX Application Thread] DEBUG Input                - Registered new binding: Shoot - Enter
10:18:59.521 [JavaFX Application Thread] DEBUG FXGLAssetLoaderServi - Loading from file system: jar:file:///C:/Users/Patryk/.m2/repository/com/github/almasb/fxgl/17.1/fxgl-17.1.jar!/fxglassets/textures/fxgl_icon.png
10:18:59.545 [JavaFX Application Thread] DEBUG FXGLAssetLoaderServi - Loading from file system: jar:file:///C:/Users/Patryk/.m2/repository/com/github/almasb/fxgl/17.1/fxgl-17.1.jar!/fxglassets/textures/fxgl_default_cursor.png
10:18:59.548 [JavaFX Application Thread] DEBUG Input                - Registered new binding: Screenshot - CTRL+8
10:18:59.548 [JavaFX Application Thread] DEBUG Input                - Registered new binding: System info dump - CTRL+9
10:18:59.548 [JavaFX Application Thread] DEBUG Input                - Registered new binding: Restart - CTRL+R
10:18:59.549 [JavaFX Application Thread] DEBUG Input                - Registered new binding: Toggle Debug Camera - CTRL+7
10:18:59.551 [JavaFX Application Thread] DEBUG LoopRunner           - Starting loop
10:18:59.551 [JavaFX Application Thread] DEBUG LoopRunner           - Initializing JavaFX AnimationTimerLoop
10:18:59.555 [JavaFX Application Thread] DEBUG Input                - Clearing active input actions
10:18:59.563 [JavaFX Application Thread] DEBUG GameApplicationServi - Removing overlay from FXGLStartupScene and adding to FXGLMainMenuDummyScene
10:18:59.563 [JavaFX Application Thread] DEBUG PrimaryStageWindow   - FXGLStartupScene -> FXGLMainMenuDummyScene
10:18:59.563 [JavaFX Application Thread] DEBUG PrimaryStageWindow   - Push state: FXGLDefaultMenu
10:18:59.569 [JavaFX Application Thread] DEBUG Input                - Clearing active input actions
10:18:59.586 [JavaFX Application Thread] DEBUG GameApplicationServi - Removing overlay from FXGLMainMenuDummyScene and adding to FXGLDefaultMenu
10:18:59.590 [JavaFX Application Thread] DEBUG PrimaryStageWindow   - FXGLMainMenuDummyScene -> FXGLDefaultMenu
10:18:59.758 [FXGL Background Thread 4 ] DEBUG FXGLAssetLoaderServi - Loading from file system: jar:file:///C:/Users/Patryk/.m2/repository/com/github/almasb/fxgl/17.1/fxgl-17.1.jar!/fxglassets/ui/fonts/Abel-Regular.ttf
10:18:59.763 [FXGL Background Thread 4 ] DEBUG FXGLAssetLoaderServi - Loading from file system: jar:file:///C:/Users/Patryk/.m2/repository/com/github/almasb/fxgl/17.1/fxgl-17.1.jar!/fxglassets/ui/fonts/TerminalLandMono-Regular.otf
10:18:59.768 [FXGL Background Thread 4 ] DEBUG FXGLAssetLoaderServi - Loading from file system: jar:file:///C:/Users/Patryk/.m2/repository/com/github/almasb/fxgl/17.1/fxgl-17.1.jar!/fxglassets/ui/fonts/Courier-Prime.ttf
10:18:59.799 [JavaFX Application Thread] DEBUG FXGLApplication      - Registering font factories with UI factory
10:19:00.011 [FXGL Background Thread 2 ] INFO  UpdaterService       - Your current version:  17.1
10:19:00.012 [FXGL Background Thread 2 ] INFO  UpdaterService       - Latest stable version: 17.3
10:19:00.706 [JavaFX Application Thread] DEBUG Menu                 - fireNewGame()
10:19:00.706 [JavaFX Application Thread] DEBUG GameApplicationServi - Starting new game
10:19:00.708 [JavaFX Application Thread] DEBUG PrimaryStageWindow   - Pop state: FXGLDefaultMenu
10:19:00.708 [JavaFX Application Thread] DEBUG Input                - Clearing active input actions
10:19:00.709 [JavaFX Application Thread] DEBUG GameApplicationServi - Removing overlay from FXGLDefaultMenu and adding to FXGLMainMenuDummyScene
10:19:00.709 [JavaFX Application Thread] DEBUG PrimaryStageWindow   - FXGLMainMenuDummyScene <- FXGLDefaultMenu
10:19:00.710 [JavaFX Application Thread] DEBUG Input                - Clearing active input actions
10:19:00.719 [JavaFX Application Thread] DEBUG GameApplicationServi - Removing overlay from FXGLMainMenuDummyScene and adding to FXGLLoadingScene
10:19:00.720 [JavaFX Application Thread] DEBUG PrimaryStageWindow   - FXGLMainMenuDummyScene -> FXGLLoadingScene
10:19:00.720 [JavaFX Application Thread] DEBUG GameApplicationServi - Clearing previous game
10:19:00.720 [JavaFX Application Thread] DEBUG GameScene            - Clearing game scene
10:19:00.720 [JavaFX Application Thread] DEBUG GameWorld            - Clearing game world
10:19:00.721 [JavaFX Application Thread] DEBUG PhysicsWorld         - Clearing physics world
10:19:00.722 [FXGL Background Thread 2 ] DEBUG FXGLApplication      - Initializing game
10:19:00.754 [FXGL Background Thread 2 ] WARN  TMXLevelLoader       - TiledMap generated from 1.0.1. Supported version: 1.4.2. Some features may not be parsed fully.
10:19:00.763 [FXGL Background Thread 2 ] DEBUG TMXLevelLoader       - Parsed TiledMap: file:/D:/GITHUB%20ZOOI/IPOSE-FXGL-Mega-Man/target/classes/assets/levels/level3.tmx
10:19:00.764 [FXGL Background Thread 2 ] DEBUG TMXLevelLoader       - Creating tile layer entities
10:19:00.765 [FXGL Background Thread 2 ] DEBUG TilesetLoader        - Loading view for layer Tilelaag 1
10:19:00.782 [FXGL Background Thread 2 ] DEBUG TilesetLoader        - Created buffer with size 7000.0x1050.0
10:19:00.786 [FXGL Background Thread 2 ] DEBUG TMXLevelLoader       - Creating object layer entities
10:19:00.810 [FXGL Background Thread 2 ] DEBUG GameWorld            - Clearing removable entities
10:19:00.811 [FXGL Background Thread 2 ] DEBUG GameWorld            - Setting level: com.almasb.fxgl.entity.level.Level@13e0938
10:19:00.826 [FXGL Background Thread 2 ] WARN  FXGLAssetLoaderServi - Asset "/assets/textures/assets/textures/MegaManIdle.png" was not found!
10:19:00.826 [FXGL Background Thread 2 ] WARN  FXGLAssetLoaderServi - Failed to load IMAGE
10:19:00.841 [FXGL Background Thread 2 ] DEBUG FXGLAssetLoaderServi - Loading from file system: file:/D:/GITHUB%20ZOOI/IPOSE-FXGL-Mega-Man/target/classes/assets/textures/MegaManIdle.png
10:19:00.845 [FXGL Background Thread 2 ] DEBUG FXGLAssetLoaderServi - Loading from file system: file:/D:/GITHUB%20ZOOI/IPOSE-FXGL-Mega-Man/target/classes/assets/textures/background1.jpg
10:19:00.876 [FXGL Background Thread 2 ] INFO  FXGLApplication      - Game initialization took: 0,154 sec
10:19:00.876 [JavaFX Application Thread] DEBUG Input                - Clearing active input actions
10:19:00.885 [JavaFX Application Thread] DEBUG GameApplicationServi - Removing overlay from FXGLLoadingScene and adding to GameScene
10:19:00.886 [JavaFX Application Thread] DEBUG PrimaryStageWindow   - FXGLLoadingScene -> GameScene
10:19:02.448 [FXGL Background Thread 3 ] DEBUG Engine               - Logging environment variables
10:19:02.449 [FXGL Background Thread 3 ] DEBUG Engine               - achievements: []
10:19:02.449 [FXGL Background Thread 3 ] DEBUG Engine               - actualHeight: 800.0
10:19:02.449 [FXGL Background Thread 3 ] DEBUG Engine               - actualHeightProperty: ReadOnlyDoubleProperty [value: 800.0]
10:19:02.449 [FXGL Background Thread 3 ] DEBUG Engine               - actualWidth: 1000.0
10:19:02.449 [FXGL Background Thread 3 ] DEBUG Engine               - actualWidthProperty: ReadOnlyDoubleProperty [value: 1000.0]
10:19:02.449 [FXGL Background Thread 3 ] DEBUG Engine               - appIcon: fxgl_icon.png
10:19:02.449 [FXGL Background Thread 3 ] DEBUG Engine               - applicationMode: DEVELOPER
10:19:02.449 [FXGL Background Thread 3 ] DEBUG Engine               - cSSList: [fxgl_dark.css]
10:19:02.449 [FXGL Background Thread 3 ] DEBUG Engine               - collisionDetectionStrategy: BRUTE_FORCE
10:19:02.449 [FXGL Background Thread 3 ] DEBUG Engine               - configClass: Optional.empty
10:19:02.449 [FXGL Background Thread 3 ] DEBUG Engine               - credits: []
10:19:02.450 [FXGL Background Thread 3 ] DEBUG Engine               - defaultCursor: CursorInfo(imageName=fxgl_default_cursor.png, hotspotX=7.0, hotspotY=6.0)
10:19:02.451 [FXGL Background Thread 3 ] DEBUG Engine               - devBBoxColorProperty: ObjectProperty [value: 0xff0000ff]
10:19:02.451 [FXGL Background Thread 3 ] DEBUG Engine               - devEnableDebugCameraProperty: BooleanProperty [value: false]
10:19:02.451 [FXGL Background Thread 3 ] DEBUG Engine               - devSensorColorProperty: ObjectProperty [value: 0xffff00ff]
10:19:02.451 [FXGL Background Thread 3 ] DEBUG Engine               - devShowBBoxProperty: BooleanProperty [value: false]
10:19:02.451 [FXGL Background Thread 3 ] DEBUG Engine               - devShowPositionProperty: BooleanProperty [value: false]
10:19:02.451 [FXGL Background Thread 3 ] DEBUG Engine               - enabledMenuItems: []
10:19:02.451 [FXGL Background Thread 3 ] DEBUG Engine               - engineServices: [class com.almasb.fxgl.app.services.FXGLAssetLoaderService, class com.almasb.fxgl.app.FXGLApplication$GameApplicationService, class com.almasb.fxgl.app.services.FXGLDialogService, class com.almasb.fxgl.app.services.IOTaskExecutorService, class com.almasb.fxgl.io.FileSystemService, class com.almasb.fxgl.localization.LocalizationService, class com.almasb.fxgl.app.services.SystemBundleService, class com.almasb.fxgl.profile.SaveLoadService, class com.almasb.fxgl.ui.FXGLUIFactoryServiceProvider, class com.almasb.fxgl.ui.FXGLDialogFactoryServiceProvider, class com.almasb.fxgl.audio.AudioPlayer, class com.almasb.fxgl.notification.impl.NotificationServiceProvider, class com.almasb.fxgl.achievement.AchievementService, class com.almasb.fxgl.cutscene.CutsceneService, class com.almasb.fxgl.minigames.MiniGameService, class com.almasb.fxgl.net.NetService, class com.almasb.fxgl.app.services.UpdaterService, class com.almasb.fxgl.dev.DevService]
10:19:02.451 [FXGL Background Thread 3 ] DEBUG Engine               - fontGame: Abel-Regular.ttf
10:19:02.451 [FXGL Background Thread 3 ] DEBUG Engine               - fontMono: TerminalLandMono-Regular.otf
10:19:02.451 [FXGL Background Thread 3 ] DEBUG Engine               - fontText: Courier-Prime.ttf
10:19:02.452 [FXGL Background Thread 3 ] DEBUG Engine               - fontUI: VarelaRound-Regular.ttf
10:19:02.452 [FXGL Background Thread 3 ] DEBUG Engine               - fullScreen: BooleanProperty [value: false]
10:19:02.452 [FXGL Background Thread 3 ] DEBUG Engine               - gameDifficulty: MEDIUM
10:19:02.452 [FXGL Background Thread 3 ] DEBUG Engine               - gameDifficultyProperty: ObjectProperty [value: MEDIUM]
10:19:02.452 [FXGL Background Thread 3 ] DEBUG Engine               - globalMusicVolume: 0.5
10:19:02.452 [FXGL Background Thread 3 ] DEBUG Engine               - globalMusicVolumeProperty: DoubleProperty [value: 0.5]
10:19:02.452 [FXGL Background Thread 3 ] DEBUG Engine               - globalSoundVolume: 0.5
10:19:02.452 [FXGL Background Thread 3 ] DEBUG Engine               - globalSoundVolumeProperty: DoubleProperty [value: 0.5]
10:19:02.452 [FXGL Background Thread 3 ] DEBUG Engine               - height: 800
10:19:02.452 [FXGL Background Thread 3 ] DEBUG Engine               - is3D: false
10:19:02.452 [FXGL Background Thread 3 ] DEBUG Engine               - isAndroid: false
10:19:02.452 [FXGL Background Thread 3 ] DEBUG Engine               - isBrowser: false
10:19:02.452 [FXGL Background Thread 3 ] DEBUG Engine               - isClickFeedbackEnabled: false
10:19:02.452 [FXGL Background Thread 3 ] DEBUG Engine               - isCloseConfirmation: false
10:19:02.452 [FXGL Background Thread 3 ] DEBUG Engine               - isDesktop: true
10:19:02.452 [FXGL Background Thread 3 ] DEBUG Engine               - isDeveloperMenuEnabled: false
10:19:02.453 [FXGL Background Thread 3 ] DEBUG Engine               - isEmbedded: false
10:19:02.453 [FXGL Background Thread 3 ] DEBUG Engine               - isEntityPreloadEnabled: true
10:19:02.453 [FXGL Background Thread 3 ] DEBUG Engine               - isExperimentalTiledLargeMap: false
10:19:02.453 [FXGL Background Thread 3 ] DEBUG Engine               - isFileSystemWriteAllowed: true
10:19:02.453 [FXGL Background Thread 3 ] DEBUG Engine               - isFullScreenAllowed: false
10:19:02.453 [FXGL Background Thread 3 ] DEBUG Engine               - isFullScreenFromStart: false
10:19:02.453 [FXGL Background Thread 3 ] DEBUG Engine               - isGameMenuEnabled: true
10:19:02.453 [FXGL Background Thread 3 ] DEBUG Engine               - isIOS: false
10:19:02.453 [FXGL Background Thread 3 ] DEBUG Engine               - isIntroEnabled: false
10:19:02.453 [FXGL Background Thread 3 ] DEBUG Engine               - isLinux: false
10:19:02.453 [FXGL Background Thread 3 ] DEBUG Engine               - isMac: false
10:19:02.457 [FXGL Background Thread 3 ] DEBUG Engine               - isMainMenuEnabled: true
10:19:02.457 [FXGL Background Thread 3 ] DEBUG Engine               - isManualResizeEnabled: false
10:19:02.457 [FXGL Background Thread 3 ] DEBUG Engine               - isMobile: false
10:19:02.457 [FXGL Background Thread 3 ] DEBUG Engine               - isNative: false
10:19:02.457 [FXGL Background Thread 3 ] DEBUG Engine               - isPauseMusicWhenMinimized: true
10:19:02.457 [FXGL Background Thread 3 ] DEBUG Engine               - isPreserveResizeRatio: false
10:19:02.457 [FXGL Background Thread 3 ] DEBUG Engine               - isProfilingEnabled: false
10:19:02.457 [FXGL Background Thread 3 ] DEBUG Engine               - isScaleAffectedOnResize: true
10:19:02.457 [FXGL Background Thread 3 ] DEBUG Engine               - isSingleStep: false
10:19:02.457 [FXGL Background Thread 3 ] DEBUG Engine               - isUserProfileEnabled: false
10:19:02.457 [FXGL Background Thread 3 ] DEBUG Engine               - isWindows: true
10:19:02.457 [FXGL Background Thread 3 ] DEBUG Engine               - language: ObjectProperty [value: ENGLISH]
10:19:02.457 [FXGL Background Thread 3 ] DEBUG Engine               - menuKey: ESCAPE
10:19:02.457 [FXGL Background Thread 3 ] DEBUG Engine               - mouseSensitivity: 0.2
10:19:02.457 [FXGL Background Thread 3 ] DEBUG Engine               - notificationViewClass: class com.almasb.fxgl.notification.view.XboxNotificationView
10:19:02.457 [FXGL Background Thread 3 ] DEBUG Engine               - pixelsPerMeter: 50.0
10:19:02.457 [FXGL Background Thread 3 ] DEBUG Engine               - platform: WINDOWS
10:19:02.458 [FXGL Background Thread 3 ] DEBUG Engine               - prefHeightProperty: ReadOnlyDoubleProperty [value: 800.0]
10:19:02.458 [FXGL Background Thread 3 ] DEBUG Engine               - prefWidthProperty: ReadOnlyDoubleProperty [value: 1000.0]
10:19:02.458 [FXGL Background Thread 3 ] DEBUG Engine               - profileDir: profiles/
10:19:02.458 [FXGL Background Thread 3 ] DEBUG Engine               - profileName: StringProperty [value: DEFAULT]
10:19:02.458 [FXGL Background Thread 3 ] DEBUG Engine               - randomSeed: -1
10:19:02.458 [FXGL Background Thread 3 ] DEBUG Engine               - runtimeInfo: RuntimeInfo(platform=WINDOWS, version=17.1, build=24.03.2022 17.34)
10:19:02.458 [FXGL Background Thread 3 ] DEBUG Engine               - saveFileExt: sav
10:19:02.458 [FXGL Background Thread 3 ] DEBUG Engine               - scaledHeightProp$fxgl: DoubleProperty [bound, value: 800.0]
10:19:02.458 [FXGL Background Thread 3 ] DEBUG Engine               - scaledWidthProp$fxgl: DoubleProperty [bound, value: 1000.0]
10:19:02.458 [FXGL Background Thread 3 ] DEBUG Engine               - sceneFactory: com.almasb.fxgl.app.scene.SceneFactory@42b8ee3c
10:19:02.458 [FXGL Background Thread 3 ] DEBUG Engine               - secondsIn24h: 60
10:19:02.458 [FXGL Background Thread 3 ] DEBUG Engine               - soundMenuBack: menu/back.wav
10:19:02.458 [FXGL Background Thread 3 ] DEBUG Engine               - soundMenuPress: menu/press.wav
10:19:02.458 [FXGL Background Thread 3 ] DEBUG Engine               - soundMenuSelect: menu/select.wav
10:19:02.458 [FXGL Background Thread 3 ] DEBUG Engine               - soundNotification: core/notification.wav
10:19:02.458 [FXGL Background Thread 3 ] DEBUG Engine               - stageStyle: DECORATED
10:19:02.459 [FXGL Background Thread 3 ] DEBUG Engine               - supportedLanguages: [ENGLISH, FRENCH, GERMAN, HUNGARIAN, RUSSIAN]
10:19:02.459 [FXGL Background Thread 3 ] DEBUG Engine               - ticksPerSecond: -1
10:19:02.459 [FXGL Background Thread 3 ] DEBUG Engine               - title: Tetris Man 2
10:19:02.459 [FXGL Background Thread 3 ] DEBUG Engine               - urlGithub: https://github.com/AlmasB/FXGL
10:19:02.459 [FXGL Background Thread 3 ] DEBUG Engine               - urlLeaderboard: http://fxgl-top.herokuapp.com/
10:19:02.459 [FXGL Background Thread 3 ] DEBUG Engine               - urlPOM: https://raw.githubusercontent.com/AlmasB/FXGL/release/README.md
10:19:02.459 [FXGL Background Thread 3 ] DEBUG Engine               - userAppClass: class com.example.ipose_megaman.Main
10:19:02.459 [FXGL Background Thread 3 ] DEBUG Engine               - version: 1.0
10:19:02.459 [FXGL Background Thread 3 ] DEBUG Engine               - versionCheckDays: 7
10:19:02.459 [FXGL Background Thread 3 ] DEBUG Engine               - width: 1000
10:19:02.459 [FXGL Background Thread 3 ] DEBUG Engine               - Logging services
10:19:02.459 [FXGL Background Thread 3 ] DEBUG Engine               - class com.almasb.fxgl.app.services.FXGLAssetLoaderService
10:19:02.459 [FXGL Background Thread 3 ] DEBUG Engine               - class com.almasb.fxgl.app.FXGLApplication$GameApplicationService
10:19:02.459 [FXGL Background Thread 3 ] DEBUG Engine               - class com.almasb.fxgl.app.services.FXGLDialogService
10:19:02.459 [FXGL Background Thread 3 ] DEBUG Engine               - class com.almasb.fxgl.app.services.IOTaskExecutorService
10:19:02.459 [FXGL Background Thread 3 ] DEBUG Engine               - class com.almasb.fxgl.io.FileSystemService
10:19:02.459 [FXGL Background Thread 3 ] DEBUG Engine               - class com.almasb.fxgl.localization.LocalizationService
10:19:02.459 [FXGL Background Thread 3 ] DEBUG Engine               - class com.almasb.fxgl.app.services.SystemBundleService
10:19:02.459 [FXGL Background Thread 3 ] DEBUG Engine               - class com.almasb.fxgl.profile.SaveLoadService
10:19:02.459 [FXGL Background Thread 3 ] DEBUG Engine               - class com.almasb.fxgl.ui.FXGLUIFactoryServiceProvider
10:19:02.459 [FXGL Background Thread 3 ] DEBUG Engine               - class com.almasb.fxgl.ui.FXGLDialogFactoryServiceProvider
10:19:02.459 [FXGL Background Thread 3 ] DEBUG Engine               - class com.almasb.fxgl.audio.AudioPlayer
10:19:02.459 [FXGL Background Thread 3 ] DEBUG Engine               - class com.almasb.fxgl.notification.impl.NotificationServiceProvider
10:19:02.459 [FXGL Background Thread 3 ] DEBUG Engine               - class com.almasb.fxgl.achievement.AchievementService
10:19:02.459 [FXGL Background Thread 3 ] DEBUG Engine               - class com.almasb.fxgl.cutscene.CutsceneService
10:19:02.459 [FXGL Background Thread 3 ] DEBUG Engine               - class com.almasb.fxgl.minigames.MiniGameService
10:19:02.459 [FXGL Background Thread 3 ] DEBUG Engine               - class com.almasb.fxgl.net.NetService
10:19:02.459 [FXGL Background Thread 3 ] DEBUG Engine               - class com.almasb.fxgl.app.services.UpdaterService
10:19:02.459 [FXGL Background Thread 3 ] DEBUG Engine               - class com.almasb.fxgl.dev.DevService
10:19:04.972 [JavaFX Application Thread] DEBUG FXGLApplication      - Exiting FXGL
10:19:04.972 [JavaFX Application Thread] DEBUG LoopRunner           - Stopping loop
10:19:04.972 [JavaFX Application Thread] DEBUG SystemBundleService  - Saving FXGL system data
10:19:04.976 [JavaFX Application Thread] DEBUG FileSystemAccess     - Writing to: D:\GITHUB ZOOI\IPOSE-FXGL-Mega-Man\system\fxgl.bundle
10:19:04.980 [JavaFX Application Thread] DEBUG Async                - Shutting down background threads
10:19:04.980 [JavaFX Application Thread] DEBUG PrimaryStageWindow   - Closing main window
10:19:04.996 [JavaFX Application Thread] DEBUG Logger               - Closing Logger
