02:36:28.875 [main                     ] DEBUG Logger               - Configured Logger
02:36:28.913 [main                     ] DEBUG GameApplication      - Logging settings
Title: Mega Man, but AWESOME!
Version: 1.0
Width: 1050
Height: 700
Fullscreen: false
Intro: false
Profiling: false
Single step:false
App Mode: DEVELOPER
Menu Key: ESCAPE
Stage Style: DECORATED
Scene Factory: class com.almasb.fxgl.app.scene.SceneFactory

02:36:29.297 [JavaFX Application Thread] DEBUG FXGLApplication      - Initializing FXGL
02:36:29.302 [JavaFX Application Thread] INFO  Engine               - FXGL-17.1 (24.03.2022 17.34) on WINDOWS (J:19.0.1 FX:19-ea)
02:36:29.303 [JavaFX Application Thread] DEBUG Engine               - JRE Vendor Name: Oracle Corporation
02:36:29.303 [JavaFX Application Thread] DEBUG Engine               - Running on OS: Windows 11 version 10.0
02:36:29.303 [JavaFX Application Thread] DEBUG Engine               - Architecture: amd64
02:36:29.303 [JavaFX Application Thread] INFO  Engine               - Source code and latest versions at: https://github.com/AlmasB/FXGL
02:36:29.303 [JavaFX Application Thread] INFO  Engine               -       Ask questions and discuss at: https://github.com/AlmasB/FXGL/discussions
02:36:29.304 [JavaFX Application Thread] INFO  Engine               -              Join the FXGL chat at: https://gitter.im/AlmasB/FXGL
02:36:29.371 [JavaFX Application Thread] DEBUG PrimaryStageWindow   - Creating a JavaFX scene
02:36:29.404 [JavaFX Application Thread] DEBUG PrimaryStageWindow   - Target settings size: 1050.0 x 700.0
02:36:29.404 [JavaFX Application Thread] DEBUG PrimaryStageWindow   - Scaled scene size:    1050.0 x 700.0
02:36:29.404 [JavaFX Application Thread] DEBUG PrimaryStageWindow   - Scaled ratio: (1.0, 1.0)
02:36:29.405 [JavaFX Application Thread] DEBUG PrimaryStageWindow   - Set initial scene to FXGLStartupScene
02:36:29.409 [JavaFX Application Thread] DEBUG PrimaryStageWindow   - Opening main window
02:36:29.473 [JavaFX Application Thread] DEBUG PrimaryStageWindow   - Window border size: (16.0, 39.0)
02:36:29.474 [JavaFX Application Thread] DEBUG PrimaryStageWindow   - Scaled size: 1050.0 x 700.0
02:36:29.474 [JavaFX Application Thread] DEBUG PrimaryStageWindow   - Scaled ratio: (1.0, 1.0)
02:36:29.474 [JavaFX Application Thread] DEBUG PrimaryStageWindow   - Scene size: 1050.0 x 700.0
02:36:29.474 [JavaFX Application Thread] DEBUG PrimaryStageWindow   - Stage size: 1066.0 x 739.0
02:36:29.482 [FXGL Background Thread 1 ] DEBUG Engine               - Initializing environment variables
02:36:29.536 [FXGL Background Thread 1 ] DEBUG FXGLAssetLoaderServi - User app class for loading assets: class com.example.ipose_megaman.Main
02:36:29.537 [FXGL Background Thread 1 ] DEBUG GameApplicationServi - Applying CSS: fxgl_dark.css
02:36:29.538 [FXGL Background Thread 1 ] DEBUG FXGLAssetLoaderServi - Loading from file system: jar:file:///C:/Users/julia/.m2/repository/com/github/almasb/fxgl/17.1/fxgl-17.1.jar!/fxglassets/ui/css/fxgl_dark.css
02:36:29.583 [FXGL Background Thread 1 ] DEBUG GameApplicationServi - Initializing application scenes
02:36:29.639 [FXGL Background Thread 1 ] DEBUG GameWorld            - Game world initialized
02:36:29.710 [FXGL Background Thread 1 ] DEBUG PhysicsWorld         - Physics world initialized: appHeight=700, physics.ppm=50,0
02:36:29.710 [FXGL Background Thread 1 ] DEBUG PhysicsWorld         - Using strategy: BRUTE_FORCE
02:36:29.716 [FXGL Background Thread 1 ] DEBUG GameScene            - Game scene initialized: 1050x700
02:36:29.729 [FXGL Background Thread 1 ] DEBUG FXGL.DefaultMenu     - createMenuBodyGameMenu()
02:36:29.738 [FXGL Background Thread 1 ] DEBUG FXGL.DefaultMenu     - createOptionsMenu()
02:36:29.749 [FXGL Background Thread 1 ] DEBUG FXGLAssetLoaderServi - Loading from file system: jar:file:///C:/Users/julia/.m2/repository/com/github/almasb/fxgl/17.1/fxgl-17.1.jar!/fxglassets/textures/particles/smoke.png
02:36:29.846 [FXGL Background Thread 1 ] DEBUG FXGLAssetLoaderServi - Loading from file system: jar:file:///C:/Users/julia/.m2/repository/com/github/almasb/fxgl/17.1/fxgl-17.1.jar!/fxglassets/textures/particles/trace_horizontal.png
02:36:29.874 [FXGL Background Thread 1 ] DEBUG GameApplicationServi - Application scenes initialized
02:36:29.889 [FXGL Background Thread 1 ] DEBUG SystemBundleService  - Loading FXGL system data
02:36:29.894 [FXGL Background Thread 1 ] DEBUG FileSystemAccess     - Reading from: C:\Users\julia\Desktop\IPOSE_MEGAMAN\system\fxgl.bundle
02:36:29.906 [FXGL Background Thread 1 ] DEBUG SystemBundleService  - Bundle FXGL: {}
02:36:29.906 [FXGL Background Thread 1 ] DEBUG UpdaterService       - Checking for updates
02:36:29.912 [FXGL Background Thread 4 ] DEBUG FXGLApplication      - Loading fonts
02:36:29.913 [FXGL Background Thread 1 ] DEBUG FXGLApplication      - Loading default localization
02:36:29.913 [FXGL Background Thread 4 ] DEBUG FXGLAssetLoaderServi - Loading from file system: jar:file:///C:/Users/julia/.m2/repository/com/github/almasb/fxgl/17.1/fxgl-17.1.jar!/fxglassets/ui/fonts/VarelaRound-Regular.ttf
02:36:29.914 [FXGL Background Thread 1 ] DEBUG FXGLAssetLoaderServi - Loading from file system: jar:file:///C:/Users/julia/.m2/repository/com/github/almasb/fxgl/17.1/fxgl-17.1.jar!/fxglassets/languages/english.lang
02:36:29.940 [FXGL Background Thread 1 ] INFO  FXGLApplication      - FXGL initialization took: 0,458 sec
02:36:29.948 [JavaFX Application Thread] DEBUG Input                - Registered new binding: Move Right - D
02:36:29.949 [JavaFX Application Thread] DEBUG Input                - Registered new binding: Move Left - A
02:36:29.949 [JavaFX Application Thread] DEBUG Input                - Registered new binding: Jump - W
02:36:29.949 [JavaFX Application Thread] DEBUG Input                - Registered new binding: Shoot - Z
02:36:29.950 [JavaFX Application Thread] DEBUG FXGLAssetLoaderServi - Loading from file system: jar:file:///C:/Users/julia/.m2/repository/com/github/almasb/fxgl/17.1/fxgl-17.1.jar!/fxglassets/textures/fxgl_icon.png
02:36:29.967 [JavaFX Application Thread] DEBUG FXGLAssetLoaderServi - Loading from file system: jar:file:///C:/Users/julia/.m2/repository/com/github/almasb/fxgl/17.1/fxgl-17.1.jar!/fxglassets/textures/fxgl_default_cursor.png
02:36:29.969 [JavaFX Application Thread] DEBUG Input                - Registered new binding: Screenshot - CTRL+8
02:36:29.970 [JavaFX Application Thread] DEBUG Input                - Registered new binding: System info dump - CTRL+9
02:36:29.970 [JavaFX Application Thread] DEBUG Input                - Registered new binding: Restart - CTRL+R
02:36:29.971 [JavaFX Application Thread] DEBUG Input                - Registered new binding: Toggle Debug Camera - CTRL+7
02:36:29.975 [JavaFX Application Thread] DEBUG LoopRunner           - Starting loop
02:36:29.975 [JavaFX Application Thread] DEBUG LoopRunner           - Initializing JavaFX AnimationTimerLoop
02:36:29.978 [JavaFX Application Thread] DEBUG GameApplicationServi - Starting new game
02:36:29.979 [JavaFX Application Thread] DEBUG Input                - Clearing active input actions
02:36:29.985 [FXGL Background Thread 4 ] DEBUG FXGLAssetLoaderServi - Loading from file system: jar:file:///C:/Users/julia/.m2/repository/com/github/almasb/fxgl/17.1/fxgl-17.1.jar!/fxglassets/ui/fonts/Abel-Regular.ttf
02:36:29.990 [JavaFX Application Thread] DEBUG GameApplicationServi - Removing overlay from FXGLStartupScene and adding to FXGLLoadingScene
02:36:29.991 [FXGL Background Thread 4 ] DEBUG FXGLAssetLoaderServi - Loading from file system: jar:file:///C:/Users/julia/.m2/repository/com/github/almasb/fxgl/17.1/fxgl-17.1.jar!/fxglassets/ui/fonts/TerminalLandMono-Regular.otf
02:36:29.991 [JavaFX Application Thread] DEBUG PrimaryStageWindow   - FXGLStartupScene -> FXGLLoadingScene
02:36:29.991 [JavaFX Application Thread] DEBUG GameApplicationServi - Clearing previous game
02:36:29.991 [JavaFX Application Thread] DEBUG GameScene            - Clearing game scene
02:36:29.991 [JavaFX Application Thread] DEBUG GameWorld            - Clearing game world
02:36:29.991 [JavaFX Application Thread] DEBUG PhysicsWorld         - Clearing physics world
02:36:29.993 [FXGL Background Thread 1 ] DEBUG FXGLApplication      - Initializing game
02:36:29.996 [FXGL Background Thread 4 ] DEBUG FXGLAssetLoaderServi - Loading from file system: jar:file:///C:/Users/julia/.m2/repository/com/github/almasb/fxgl/17.1/fxgl-17.1.jar!/fxglassets/ui/fonts/Courier-Prime.ttf
02:36:30.053 [JavaFX Application Thread] DEBUG FXGLApplication      - Registering font factories with UI factory
02:36:30.060 [FXGL Background Thread 1 ] WARN  TMXLevelLoader       - TiledMap generated from 1.0.1. Supported version: 1.4.2. Some features may not be parsed fully.
02:36:30.073 [FXGL Background Thread 1 ] DEBUG TMXLevelLoader       - Parsed TiledMap: file:/C:/Users/julia/Desktop/IPOSE_MEGAMAN/target/classes/assets/levels/level1.tmx
02:36:30.075 [FXGL Background Thread 1 ] DEBUG TMXLevelLoader       - Creating tile layer entities
02:36:30.078 [FXGL Background Thread 1 ] DEBUG TilesetLoader        - Loading view for layer Tile Layer 1
02:36:30.101 [FXGL Background Thread 1 ] DEBUG TilesetLoader        - Created buffer with size 7000.0x700.0
02:36:30.111 [FXGL Background Thread 1 ] DEBUG TMXLevelLoader       - Creating object layer entities
02:36:30.137 [FXGL Background Thread 1 ] DEBUG GameWorld            - Clearing removable entities
02:36:30.138 [FXGL Background Thread 1 ] DEBUG GameWorld            - Setting level: com.almasb.fxgl.entity.level.Level@31e46b1e
02:36:30.155 [FXGL Background Thread 1 ] WARN  FXGLAssetLoaderServi - Asset "/assets/textures/assets/textures/MegaManIdle.png" was not found!
02:36:30.155 [FXGL Background Thread 1 ] WARN  FXGLAssetLoaderServi - Failed to load IMAGE
02:36:30.203 [FXGL Background Thread 1 ] DEBUG FXGLAssetLoaderServi - Loading from file system: file:/C:/Users/julia/Desktop/IPOSE_MEGAMAN/target/classes/assets/textures/MegaManIdle.png
02:36:30.204 [FXGL Background Thread 2 ] WARN  UpdaterService       - Failed to find updates: java.net.UnknownHostException: raw.githubusercontent.com
02:36:30.223 [FXGL Background Thread 1 ] INFO  FXGLApplication      - Game initialization took: 0,230 sec
02:36:30.232 [JavaFX Application Thread] DEBUG Input                - Clearing active input actions
02:36:30.240 [JavaFX Application Thread] DEBUG GameApplicationServi - Removing overlay from FXGLLoadingScene and adding to GameScene
02:36:30.241 [JavaFX Application Thread] DEBUG PrimaryStageWindow   - FXGLLoadingScene -> GameScene
02:36:32.911 [FXGL Background Thread 3 ] DEBUG Engine               - Logging environment variables
02:36:32.912 [FXGL Background Thread 3 ] DEBUG Engine               - achievements: []
02:36:32.912 [FXGL Background Thread 3 ] DEBUG Engine               - actualHeight: 700.0
02:36:32.912 [FXGL Background Thread 3 ] DEBUG Engine               - actualHeightProperty: ReadOnlyDoubleProperty [value: 700.0]
02:36:32.912 [FXGL Background Thread 3 ] DEBUG Engine               - actualWidth: 1050.0
02:36:32.912 [FXGL Background Thread 3 ] DEBUG Engine               - actualWidthProperty: ReadOnlyDoubleProperty [value: 1050.0]
02:36:32.912 [FXGL Background Thread 3 ] DEBUG Engine               - appIcon: fxgl_icon.png
02:36:32.912 [FXGL Background Thread 3 ] DEBUG Engine               - applicationMode: DEVELOPER
02:36:32.913 [FXGL Background Thread 3 ] DEBUG Engine               - cSSList: [fxgl_dark.css]
02:36:32.913 [FXGL Background Thread 3 ] DEBUG Engine               - collisionDetectionStrategy: BRUTE_FORCE
02:36:32.913 [FXGL Background Thread 3 ] DEBUG Engine               - configClass: Optional.empty
02:36:32.913 [FXGL Background Thread 3 ] DEBUG Engine               - credits: []
02:36:32.914 [FXGL Background Thread 3 ] DEBUG Engine               - defaultCursor: CursorInfo(imageName=fxgl_default_cursor.png, hotspotX=7.0, hotspotY=6.0)
02:36:32.915 [FXGL Background Thread 3 ] DEBUG Engine               - devBBoxColorProperty: ObjectProperty [value: 0xff0000ff]
02:36:32.916 [FXGL Background Thread 3 ] DEBUG Engine               - devEnableDebugCameraProperty: BooleanProperty [value: false]
02:36:32.916 [FXGL Background Thread 3 ] DEBUG Engine               - devSensorColorProperty: ObjectProperty [value: 0xffff00ff]
02:36:32.916 [FXGL Background Thread 3 ] DEBUG Engine               - devShowBBoxProperty: BooleanProperty [value: false]
02:36:32.916 [FXGL Background Thread 3 ] DEBUG Engine               - devShowPositionProperty: BooleanProperty [value: false]
02:36:32.916 [FXGL Background Thread 3 ] DEBUG Engine               - enabledMenuItems: []
02:36:32.916 [FXGL Background Thread 3 ] DEBUG Engine               - engineServices: [class com.almasb.fxgl.app.services.FXGLAssetLoaderService, class com.almasb.fxgl.app.FXGLApplication$GameApplicationService, class com.almasb.fxgl.app.services.FXGLDialogService, class com.almasb.fxgl.app.services.IOTaskExecutorService, class com.almasb.fxgl.io.FileSystemService, class com.almasb.fxgl.localization.LocalizationService, class com.almasb.fxgl.app.services.SystemBundleService, class com.almasb.fxgl.profile.SaveLoadService, class com.almasb.fxgl.ui.FXGLUIFactoryServiceProvider, class com.almasb.fxgl.ui.FXGLDialogFactoryServiceProvider, class com.almasb.fxgl.audio.AudioPlayer, class com.almasb.fxgl.notification.impl.NotificationServiceProvider, class com.almasb.fxgl.achievement.AchievementService, class com.almasb.fxgl.cutscene.CutsceneService, class com.almasb.fxgl.minigames.MiniGameService, class com.almasb.fxgl.net.NetService, class com.almasb.fxgl.app.services.UpdaterService, class com.almasb.fxgl.dev.DevService]
02:36:32.916 [FXGL Background Thread 3 ] DEBUG Engine               - fontGame: Abel-Regular.ttf
02:36:32.916 [FXGL Background Thread 3 ] DEBUG Engine               - fontMono: TerminalLandMono-Regular.otf
02:36:32.916 [FXGL Background Thread 3 ] DEBUG Engine               - fontText: Courier-Prime.ttf
02:36:32.916 [FXGL Background Thread 3 ] DEBUG Engine               - fontUI: VarelaRound-Regular.ttf
02:36:32.916 [FXGL Background Thread 3 ] DEBUG Engine               - fullScreen: BooleanProperty [value: false]
02:36:32.916 [FXGL Background Thread 3 ] DEBUG Engine               - gameDifficulty: MEDIUM
02:36:32.917 [FXGL Background Thread 3 ] DEBUG Engine               - gameDifficultyProperty: ObjectProperty [value: MEDIUM]
02:36:32.917 [FXGL Background Thread 3 ] DEBUG Engine               - globalMusicVolume: 0.5
02:36:32.917 [FXGL Background Thread 3 ] DEBUG Engine               - globalMusicVolumeProperty: DoubleProperty [value: 0.5]
02:36:32.917 [FXGL Background Thread 3 ] DEBUG Engine               - globalSoundVolume: 0.5
02:36:32.917 [FXGL Background Thread 3 ] DEBUG Engine               - globalSoundVolumeProperty: DoubleProperty [value: 0.5]
02:36:32.917 [FXGL Background Thread 3 ] DEBUG Engine               - height: 700
02:36:32.917 [FXGL Background Thread 3 ] DEBUG Engine               - is3D: false
02:36:32.917 [FXGL Background Thread 3 ] DEBUG Engine               - isAndroid: false
02:36:32.917 [FXGL Background Thread 3 ] DEBUG Engine               - isBrowser: false
02:36:32.917 [FXGL Background Thread 3 ] DEBUG Engine               - isClickFeedbackEnabled: false
02:36:32.917 [FXGL Background Thread 3 ] DEBUG Engine               - isCloseConfirmation: false
02:36:32.917 [FXGL Background Thread 3 ] DEBUG Engine               - isDesktop: true
02:36:32.917 [FXGL Background Thread 3 ] DEBUG Engine               - isDeveloperMenuEnabled: false
02:36:32.917 [FXGL Background Thread 3 ] DEBUG Engine               - isEmbedded: false
02:36:32.917 [FXGL Background Thread 3 ] DEBUG Engine               - isEntityPreloadEnabled: true
02:36:32.917 [FXGL Background Thread 3 ] DEBUG Engine               - isExperimentalTiledLargeMap: false
02:36:32.917 [FXGL Background Thread 3 ] DEBUG Engine               - isFileSystemWriteAllowed: true
02:36:32.917 [FXGL Background Thread 3 ] DEBUG Engine               - isFullScreenAllowed: false
02:36:32.917 [FXGL Background Thread 3 ] DEBUG Engine               - isFullScreenFromStart: false
02:36:32.917 [FXGL Background Thread 3 ] DEBUG Engine               - isGameMenuEnabled: true
02:36:32.918 [FXGL Background Thread 3 ] DEBUG Engine               - isIOS: false
02:36:32.918 [FXGL Background Thread 3 ] DEBUG Engine               - isIntroEnabled: false
02:36:32.918 [FXGL Background Thread 3 ] DEBUG Engine               - isLinux: false
02:36:32.918 [FXGL Background Thread 3 ] DEBUG Engine               - isMac: false
02:36:32.918 [FXGL Background Thread 3 ] DEBUG Engine               - isMainMenuEnabled: false
02:36:32.918 [FXGL Background Thread 3 ] DEBUG Engine               - isManualResizeEnabled: false
02:36:32.918 [FXGL Background Thread 3 ] DEBUG Engine               - isMobile: false
02:36:32.918 [FXGL Background Thread 3 ] DEBUG Engine               - isNative: false
02:36:32.918 [FXGL Background Thread 3 ] DEBUG Engine               - isPauseMusicWhenMinimized: true
02:36:32.918 [FXGL Background Thread 3 ] DEBUG Engine               - isPreserveResizeRatio: false
02:36:32.918 [FXGL Background Thread 3 ] DEBUG Engine               - isProfilingEnabled: false
02:36:32.918 [FXGL Background Thread 3 ] DEBUG Engine               - isScaleAffectedOnResize: true
02:36:32.918 [FXGL Background Thread 3 ] DEBUG Engine               - isSingleStep: false
02:36:32.918 [FXGL Background Thread 3 ] DEBUG Engine               - isUserProfileEnabled: false
02:36:32.918 [FXGL Background Thread 3 ] DEBUG Engine               - isWindows: true
02:36:32.918 [FXGL Background Thread 3 ] DEBUG Engine               - language: ObjectProperty [value: ENGLISH]
02:36:32.918 [FXGL Background Thread 3 ] DEBUG Engine               - menuKey: ESCAPE
02:36:32.918 [FXGL Background Thread 3 ] DEBUG Engine               - mouseSensitivity: 0.2
02:36:32.918 [FXGL Background Thread 3 ] DEBUG Engine               - notificationViewClass: class com.almasb.fxgl.notification.view.XboxNotificationView
02:36:32.918 [FXGL Background Thread 3 ] DEBUG Engine               - pixelsPerMeter: 50.0
02:36:32.918 [FXGL Background Thread 3 ] DEBUG Engine               - platform: WINDOWS
02:36:32.918 [FXGL Background Thread 3 ] DEBUG Engine               - prefHeightProperty: ReadOnlyDoubleProperty [value: 700.0]
02:36:32.919 [FXGL Background Thread 3 ] DEBUG Engine               - prefWidthProperty: ReadOnlyDoubleProperty [value: 1050.0]
02:36:32.919 [FXGL Background Thread 3 ] DEBUG Engine               - profileDir: profiles/
02:36:32.919 [FXGL Background Thread 3 ] DEBUG Engine               - profileName: StringProperty [value: DEFAULT]
02:36:32.919 [FXGL Background Thread 3 ] DEBUG Engine               - randomSeed: -1
02:36:32.920 [FXGL Background Thread 3 ] DEBUG Engine               - runtimeInfo: RuntimeInfo(platform=WINDOWS, version=17.1, build=24.03.2022 17.34)
02:36:32.920 [FXGL Background Thread 3 ] DEBUG Engine               - saveFileExt: sav
02:36:32.920 [FXGL Background Thread 3 ] DEBUG Engine               - scaledHeightProp$fxgl: DoubleProperty [bound, value: 700.0]
02:36:32.920 [FXGL Background Thread 3 ] DEBUG Engine               - scaledWidthProp$fxgl: DoubleProperty [bound, value: 1050.0]
02:36:32.920 [FXGL Background Thread 3 ] DEBUG Engine               - sceneFactory: com.almasb.fxgl.app.scene.SceneFactory@98e486d
02:36:32.920 [FXGL Background Thread 3 ] DEBUG Engine               - secondsIn24h: 60
02:36:32.920 [FXGL Background Thread 3 ] DEBUG Engine               - soundMenuBack: menu/back.wav
02:36:32.920 [FXGL Background Thread 3 ] DEBUG Engine               - soundMenuPress: menu/press.wav
02:36:32.921 [FXGL Background Thread 3 ] DEBUG Engine               - soundMenuSelect: menu/select.wav
02:36:32.921 [FXGL Background Thread 3 ] DEBUG Engine               - soundNotification: core/notification.wav
02:36:32.921 [FXGL Background Thread 3 ] DEBUG Engine               - stageStyle: DECORATED
02:36:32.921 [FXGL Background Thread 3 ] DEBUG Engine               - supportedLanguages: [ENGLISH, FRENCH, GERMAN, HUNGARIAN, RUSSIAN]
02:36:32.921 [FXGL Background Thread 3 ] DEBUG Engine               - ticksPerSecond: -1
02:36:32.921 [FXGL Background Thread 3 ] DEBUG Engine               - title: Mega Man, but AWESOME!
02:36:32.921 [FXGL Background Thread 3 ] DEBUG Engine               - urlGithub: https://github.com/AlmasB/FXGL
02:36:32.921 [FXGL Background Thread 3 ] DEBUG Engine               - urlLeaderboard: http://fxgl-top.herokuapp.com/
02:36:32.921 [FXGL Background Thread 3 ] DEBUG Engine               - urlPOM: https://raw.githubusercontent.com/AlmasB/FXGL/release/README.md
02:36:32.921 [FXGL Background Thread 3 ] DEBUG Engine               - userAppClass: class com.example.ipose_megaman.Main
02:36:32.921 [FXGL Background Thread 3 ] DEBUG Engine               - version: 1.0
02:36:32.921 [FXGL Background Thread 3 ] DEBUG Engine               - versionCheckDays: 7
02:36:32.921 [FXGL Background Thread 3 ] DEBUG Engine               - width: 1050
02:36:32.921 [FXGL Background Thread 3 ] DEBUG Engine               - Logging services
02:36:32.921 [FXGL Background Thread 3 ] DEBUG Engine               - class com.almasb.fxgl.app.services.FXGLAssetLoaderService
02:36:32.921 [FXGL Background Thread 3 ] DEBUG Engine               - class com.almasb.fxgl.app.FXGLApplication$GameApplicationService
02:36:32.921 [FXGL Background Thread 3 ] DEBUG Engine               - class com.almasb.fxgl.app.services.FXGLDialogService
02:36:32.921 [FXGL Background Thread 3 ] DEBUG Engine               - class com.almasb.fxgl.app.services.IOTaskExecutorService
02:36:32.921 [FXGL Background Thread 3 ] DEBUG Engine               - class com.almasb.fxgl.io.FileSystemService
02:36:32.921 [FXGL Background Thread 3 ] DEBUG Engine               - class com.almasb.fxgl.localization.LocalizationService
02:36:32.921 [FXGL Background Thread 3 ] DEBUG Engine               - class com.almasb.fxgl.app.services.SystemBundleService
02:36:32.921 [FXGL Background Thread 3 ] DEBUG Engine               - class com.almasb.fxgl.profile.SaveLoadService
02:36:32.921 [FXGL Background Thread 3 ] DEBUG Engine               - class com.almasb.fxgl.ui.FXGLUIFactoryServiceProvider
02:36:32.921 [FXGL Background Thread 3 ] DEBUG Engine               - class com.almasb.fxgl.ui.FXGLDialogFactoryServiceProvider
02:36:32.921 [FXGL Background Thread 3 ] DEBUG Engine               - class com.almasb.fxgl.audio.AudioPlayer
02:36:32.922 [FXGL Background Thread 3 ] DEBUG Engine               - class com.almasb.fxgl.notification.impl.NotificationServiceProvider
02:36:32.922 [FXGL Background Thread 3 ] DEBUG Engine               - class com.almasb.fxgl.achievement.AchievementService
02:36:32.922 [FXGL Background Thread 3 ] DEBUG Engine               - class com.almasb.fxgl.cutscene.CutsceneService
02:36:32.922 [FXGL Background Thread 3 ] DEBUG Engine               - class com.almasb.fxgl.minigames.MiniGameService
02:36:32.922 [FXGL Background Thread 3 ] DEBUG Engine               - class com.almasb.fxgl.net.NetService
02:36:32.922 [FXGL Background Thread 3 ] DEBUG Engine               - class com.almasb.fxgl.app.services.UpdaterService
02:36:32.922 [FXGL Background Thread 3 ] DEBUG Engine               - class com.almasb.fxgl.dev.DevService
02:36:34.271 [JavaFX Application Thread] DEBUG FXGLApplication      - Exiting FXGL
02:36:34.272 [JavaFX Application Thread] DEBUG LoopRunner           - Stopping loop
02:36:34.272 [JavaFX Application Thread] DEBUG SystemBundleService  - Saving FXGL system data
02:36:34.274 [JavaFX Application Thread] DEBUG FileSystemAccess     - Writing to: C:\Users\julia\Desktop\IPOSE_MEGAMAN\system\fxgl.bundle
02:36:34.277 [JavaFX Application Thread] DEBUG Async                - Shutting down background threads
02:36:34.277 [JavaFX Application Thread] DEBUG PrimaryStageWindow   - Closing main window
02:36:34.322 [JavaFX Application Thread] DEBUG Logger               - Closing Logger
