12:05:23.953 [main                     ] DEBUG Logger               - Configured Logger
12:05:23.994 [main                     ] DEBUG GameApplication      - Logging settings
Title: Tetris Man 2
Version: 1.0
Width: 1280
Height: 720
Fullscreen: false
Intro: false
Profiling: false
Single step:false
App Mode: DEVELOPER
Menu Key: ESCAPE
Stage Style: DECORATED
Scene Factory: class com.almasb.fxgl.app.scene.SceneFactory

12:05:24.690 [JavaFX Application Thread] DEBUG FXGLApplication      - Initializing FXGL
12:05:24.695 [JavaFX Application Thread] INFO  Engine               - FXGL-17.1 (24.03.2022 17.34) on WINDOWS (J:19.0.2 FX:19-ea)
12:05:24.695 [JavaFX Application Thread] DEBUG Engine               - JRE Vendor Name: Oracle Corporation
12:05:24.696 [JavaFX Application Thread] DEBUG Engine               - Running on OS: Windows 10 version 10.0
12:05:24.696 [JavaFX Application Thread] DEBUG Engine               - Architecture: amd64
12:05:24.696 [JavaFX Application Thread] INFO  Engine               - Source code and latest versions at: https://github.com/AlmasB/FXGL
12:05:24.696 [JavaFX Application Thread] INFO  Engine               -       Ask questions and discuss at: https://github.com/AlmasB/FXGL/discussions
12:05:24.697 [JavaFX Application Thread] INFO  Engine               -              Join the FXGL chat at: https://gitter.im/AlmasB/FXGL
12:05:24.792 [JavaFX Application Thread] DEBUG PrimaryStageWindow   - Creating a JavaFX scene
12:05:24.839 [JavaFX Application Thread] DEBUG PrimaryStageWindow   - Target settings size: 1280.0 x 720.0
12:05:24.840 [JavaFX Application Thread] DEBUG PrimaryStageWindow   - Scaled scene size:    1280.0 x 720.0
12:05:24.840 [JavaFX Application Thread] DEBUG PrimaryStageWindow   - Scaled ratio: (1.0, 1.0)
12:05:24.841 [JavaFX Application Thread] DEBUG PrimaryStageWindow   - Set initial scene to FXGLStartupScene
12:05:24.848 [JavaFX Application Thread] DEBUG PrimaryStageWindow   - Opening main window
12:05:24.947 [JavaFX Application Thread] DEBUG PrimaryStageWindow   - Window border size: (14.4000244140625, 37.5999755859375)
12:05:24.947 [JavaFX Application Thread] DEBUG PrimaryStageWindow   - Scaled size: 1280.0 x 720.0
12:05:24.948 [JavaFX Application Thread] DEBUG PrimaryStageWindow   - Scaled ratio: (1.0, 1.0)
12:05:24.948 [JavaFX Application Thread] DEBUG PrimaryStageWindow   - Scene size: 1280.0 x 720.0
12:05:24.948 [JavaFX Application Thread] DEBUG PrimaryStageWindow   - Stage size: 1294.4000244140625 x 757.5999755859375
12:05:24.955 [FXGL Background Thread 1 ] DEBUG Engine               - Initializing environment variables
12:05:25.008 [FXGL Background Thread 1 ] DEBUG FXGLAssetLoaderServi - User app class for loading assets: class com.example.ipose_megaman.Main
12:05:25.009 [FXGL Background Thread 1 ] DEBUG GameApplicationServi - Applying CSS: fxgl_dark.css
12:05:25.010 [FXGL Background Thread 1 ] DEBUG FXGLAssetLoaderServi - Loading from file system: jar:file:///C:/Users/Patryk/.m2/repository/com/github/almasb/fxgl/17.1/fxgl-17.1.jar!/fxglassets/ui/css/fxgl_dark.css
12:05:25.059 [FXGL Background Thread 1 ] DEBUG GameApplicationServi - Initializing application scenes
12:05:25.126 [FXGL Background Thread 1 ] DEBUG GameWorld            - Game world initialized
12:05:25.188 [FXGL Background Thread 1 ] DEBUG PhysicsWorld         - Physics world initialized: appHeight=720, physics.ppm=50,0
12:05:25.189 [FXGL Background Thread 1 ] DEBUG PhysicsWorld         - Using strategy: BRUTE_FORCE
12:05:25.195 [FXGL Background Thread 1 ] DEBUG GameScene            - Game scene initialized: 1280x720
12:05:25.208 [FXGL Background Thread 1 ] DEBUG FXGL.DefaultMenu     - createMenuBodyMainMenu()
12:05:25.223 [FXGL Background Thread 1 ] DEBUG FXGL.DefaultMenu     - createOptionsMenu()
12:05:25.236 [FXGL Background Thread 1 ] DEBUG FXGLAssetLoaderServi - Loading from file system: jar:file:///C:/Users/Patryk/.m2/repository/com/github/almasb/fxgl/17.1/fxgl-17.1.jar!/fxglassets/textures/particles/smoke.png
12:05:25.324 [FXGL Background Thread 1 ] DEBUG FXGLAssetLoaderServi - Loading from file system: jar:file:///C:/Users/Patryk/.m2/repository/com/github/almasb/fxgl/17.1/fxgl-17.1.jar!/fxglassets/textures/particles/trace_horizontal.png
12:05:25.372 [FXGL Background Thread 1 ] DEBUG FXGL.DefaultMenu     - createMenuBodyGameMenu()
12:05:25.373 [FXGL Background Thread 1 ] DEBUG FXGL.DefaultMenu     - createOptionsMenu()
12:05:25.389 [FXGL Background Thread 1 ] DEBUG GameApplicationServi - Application scenes initialized
12:05:25.406 [FXGL Background Thread 1 ] DEBUG SystemBundleService  - Loading FXGL system data
12:05:25.414 [FXGL Background Thread 1 ] DEBUG FileSystemAccess     - Reading from: D:\GITHUB ZOOI\IPOSE-FXGL-Mega-Man\system\fxgl.bundle
12:05:25.425 [FXGL Background Thread 1 ] DEBUG SystemBundleService  - Bundle FXGL: {}
12:05:25.425 [FXGL Background Thread 1 ] DEBUG UpdaterService       - Checking for updates
12:05:25.430 [FXGL Background Thread 1 ] DEBUG FXGLApplication      - Loading default localization
12:05:25.431 [FXGL Background Thread 1 ] DEBUG FXGLAssetLoaderServi - Loading from file system: jar:file:///C:/Users/Patryk/.m2/repository/com/github/almasb/fxgl/17.1/fxgl-17.1.jar!/fxglassets/languages/english.lang
12:05:25.448 [FXGL Background Thread 1 ] INFO  FXGLApplication      - FXGL initialization took: 0,492 sec
12:05:25.458 [JavaFX Application Thread] DEBUG Input                - Registered new binding: Move Right - D
12:05:25.458 [JavaFX Application Thread] DEBUG Input                - Registered new binding: Move Left - A
12:05:25.458 [JavaFX Application Thread] DEBUG Input                - Registered new binding: Jump - Space
12:05:25.459 [JavaFX Application Thread] DEBUG Input                - Registered new binding: Shoot - Enter
12:05:25.459 [JavaFX Application Thread] DEBUG FXGLAssetLoaderServi - Loading from file system: jar:file:///C:/Users/Patryk/.m2/repository/com/github/almasb/fxgl/17.1/fxgl-17.1.jar!/fxglassets/textures/fxgl_icon.png
12:05:25.484 [JavaFX Application Thread] DEBUG FXGLAssetLoaderServi - Loading from file system: jar:file:///C:/Users/Patryk/.m2/repository/com/github/almasb/fxgl/17.1/fxgl-17.1.jar!/fxglassets/textures/fxgl_default_cursor.png
12:05:25.486 [JavaFX Application Thread] DEBUG Input                - Registered new binding: Screenshot - CTRL+8
12:05:25.487 [JavaFX Application Thread] DEBUG Input                - Registered new binding: System info dump - CTRL+9
12:05:25.488 [JavaFX Application Thread] DEBUG Input                - Registered new binding: Restart - CTRL+R
12:05:25.489 [JavaFX Application Thread] DEBUG Input                - Registered new binding: Toggle Debug Camera - CTRL+7
12:05:25.492 [JavaFX Application Thread] DEBUG LoopRunner           - Starting loop
12:05:25.492 [JavaFX Application Thread] DEBUG LoopRunner           - Initializing JavaFX AnimationTimerLoop
12:05:25.496 [JavaFX Application Thread] DEBUG Input                - Clearing active input actions
12:05:25.503 [JavaFX Application Thread] DEBUG GameApplicationServi - Removing overlay from FXGLStartupScene and adding to FXGLMainMenuDummyScene
12:05:25.504 [JavaFX Application Thread] DEBUG PrimaryStageWindow   - FXGLStartupScene -> FXGLMainMenuDummyScene
12:05:25.504 [JavaFX Application Thread] DEBUG PrimaryStageWindow   - Push state: FXGLDefaultMenu
12:05:25.518 [FXGL Background Thread 4 ] DEBUG FXGLApplication      - Loading fonts
12:05:25.519 [FXGL Background Thread 4 ] DEBUG FXGLAssetLoaderServi - Loading from file system: jar:file:///C:/Users/Patryk/.m2/repository/com/github/almasb/fxgl/17.1/fxgl-17.1.jar!/fxglassets/ui/fonts/VarelaRound-Regular.ttf
12:05:25.521 [JavaFX Application Thread] DEBUG Input                - Clearing active input actions
12:05:25.542 [JavaFX Application Thread] DEBUG GameApplicationServi - Removing overlay from FXGLMainMenuDummyScene and adding to FXGLDefaultMenu
12:05:25.543 [JavaFX Application Thread] DEBUG PrimaryStageWindow   - FXGLMainMenuDummyScene -> FXGLDefaultMenu
12:05:25.750 [FXGL Background Thread 4 ] DEBUG FXGLAssetLoaderServi - Loading from file system: jar:file:///C:/Users/Patryk/.m2/repository/com/github/almasb/fxgl/17.1/fxgl-17.1.jar!/fxglassets/ui/fonts/Abel-Regular.ttf
12:05:25.755 [FXGL Background Thread 4 ] DEBUG FXGLAssetLoaderServi - Loading from file system: jar:file:///C:/Users/Patryk/.m2/repository/com/github/almasb/fxgl/17.1/fxgl-17.1.jar!/fxglassets/ui/fonts/TerminalLandMono-Regular.otf
12:05:25.760 [FXGL Background Thread 4 ] DEBUG FXGLAssetLoaderServi - Loading from file system: jar:file:///C:/Users/Patryk/.m2/repository/com/github/almasb/fxgl/17.1/fxgl-17.1.jar!/fxglassets/ui/fonts/Courier-Prime.ttf
12:05:25.776 [JavaFX Application Thread] DEBUG FXGLApplication      - Registering font factories with UI factory
12:05:26.197 [JavaFX Application Thread] DEBUG Menu                 - fireNewGame()
12:05:26.197 [JavaFX Application Thread] DEBUG GameApplicationServi - Starting new game
12:05:26.202 [JavaFX Application Thread] DEBUG PrimaryStageWindow   - Pop state: FXGLDefaultMenu
12:05:26.203 [JavaFX Application Thread] DEBUG Input                - Clearing active input actions
12:05:26.203 [JavaFX Application Thread] DEBUG GameApplicationServi - Removing overlay from FXGLDefaultMenu and adding to FXGLMainMenuDummyScene
12:05:26.203 [JavaFX Application Thread] DEBUG PrimaryStageWindow   - FXGLMainMenuDummyScene <- FXGLDefaultMenu
12:05:26.204 [JavaFX Application Thread] DEBUG Input                - Clearing active input actions
12:05:26.214 [JavaFX Application Thread] DEBUG GameApplicationServi - Removing overlay from FXGLMainMenuDummyScene and adding to FXGLLoadingScene
12:05:26.214 [JavaFX Application Thread] DEBUG PrimaryStageWindow   - FXGLMainMenuDummyScene -> FXGLLoadingScene
12:05:26.214 [JavaFX Application Thread] DEBUG GameApplicationServi - Clearing previous game
12:05:26.214 [JavaFX Application Thread] DEBUG GameScene            - Clearing game scene
12:05:26.214 [JavaFX Application Thread] DEBUG GameWorld            - Clearing game world
12:05:26.214 [JavaFX Application Thread] DEBUG PhysicsWorld         - Clearing physics world
12:05:26.216 [FXGL Background Thread 4 ] DEBUG FXGLApplication      - Initializing game
12:05:26.259 [FXGL Background Thread 4 ] WARN  TMXLevelLoader       - TiledMap generated from 1.10.0. Supported version: 1.4.2. Some features may not be parsed fully.
12:05:26.281 [FXGL Background Thread 4 ] DEBUG TMXLevelLoader       - Parsed TiledMap: file:/D:/GITHUB%20ZOOI/IPOSE-FXGL-Mega-Man/target/classes/assets/levels/level.tmx
12:05:26.285 [FXGL Background Thread 4 ] DEBUG TMXLevelLoader       - Creating tile layer entities
12:05:26.291 [FXGL Background Thread 4 ] DEBUG TilesetLoader        - Loading view for layer Tilelaag 1
12:05:26.391 [FXGL Background Thread 4 ] DEBUG TilesetLoader        - Created buffer with size 28000.0x1400.0
12:05:26.417 [FXGL Background Thread 4 ] DEBUG TMXLevelLoader       - Creating object layer entities
12:05:26.447 [FXGL Background Thread 2 ] INFO  UpdaterService       - Your current version:  17.1
12:05:26.447 [FXGL Background Thread 2 ] INFO  UpdaterService       - Latest stable version: 17.3
12:05:26.502 [FXGL Background Thread 4 ] DEBUG GameWorld            - Clearing removable entities
12:05:26.502 [FXGL Background Thread 4 ] DEBUG GameWorld            - Setting level: com.almasb.fxgl.entity.level.Level@248770eb
12:05:26.520 [FXGL Background Thread 4 ] WARN  FXGLAssetLoaderServi - Asset "/assets/textures/assets/textures/MegaManIdle.png" was not found!
12:05:26.520 [FXGL Background Thread 4 ] WARN  FXGLAssetLoaderServi - Failed to load IMAGE
12:05:26.545 [FXGL Background Thread 4 ] DEBUG FXGLAssetLoaderServi - Loading from file system: file:/D:/GITHUB%20ZOOI/IPOSE-FXGL-Mega-Man/target/classes/assets/textures/MegaManIdle.png
12:05:26.549 [FXGL Background Thread 4 ] DEBUG FXGLAssetLoaderServi - Loading from file system: file:/D:/GITHUB%20ZOOI/IPOSE-FXGL-Mega-Man/target/classes/assets/textures/background2.jpg
12:05:27.182 [FXGL Background Thread 4 ] INFO  FXGLApplication      - Game initialization took: 0,966 sec
12:05:27.185 [JavaFX Application Thread] DEBUG Input                - Clearing active input actions
12:05:27.194 [JavaFX Application Thread] DEBUG GameApplicationServi - Removing overlay from FXGLLoadingScene and adding to GameScene
12:05:27.194 [JavaFX Application Thread] DEBUG PrimaryStageWindow   - FXGLLoadingScene -> GameScene
12:05:27.206 [JavaFX Application Thread] DEBUG LoopRunner           - Stopping loop
12:05:27.208 [JavaFX Application Thread] FATAL FXGLApplication      - Uncaught Exception:
java.lang.NullPointerException: Cannot invoke "com.almasb.fxgl.entity.Entity.translateY(double)" because "this.enemy" is null
	at com.example.ipose_megaman/com.example.ipose_megaman.Main.onUpdate(Main.java:329)
	at com.almasb.fxgl.all@17.1/com.almasb.fxgl.app.FXGLApplication$GameApplicationService.onGameUpdate(FXGLApplication.kt:421)
	at com.almasb.fxgl.all@17.1/com.almasb.fxgl.app.Engine.onGameUpdate(Engine.kt:138)
	at com.almasb.fxgl.all@17.1/com.almasb.fxgl.app.FXGLApplication.postServicesInit$lambda-7(FXGLApplication.kt:182)
	at com.almasb.fxgl.scene@17.1/com.almasb.fxgl.scene.Scene.update(Scene.kt:113)
	at com.almasb.fxgl.all@17.1/com.almasb.fxgl.app.MainWindow$update$1.invoke(MainWindow.kt:115)
	at com.almasb.fxgl.all@17.1/com.almasb.fxgl.app.MainWindow$update$1.invoke(MainWindow.kt:115)
	at com.almasb.fxgl.core@17.1/com.almasb.fxgl.core.fsm.StateMachine.runOnActiveStates(StateMachine.kt:69)
	at com.almasb.fxgl.all@17.1/com.almasb.fxgl.app.MainWindow.update(MainWindow.kt:115)
	at com.almasb.fxgl.all@17.1/com.almasb.fxgl.app.FXGLApplication$GameApplicationService.onUpdate(FXGLApplication.kt:426)
	at com.almasb.fxgl.all@17.1/com.almasb.fxgl.app.Engine.loop(Engine.kt:134)
	at com.almasb.fxgl.all@17.1/com.almasb.fxgl.app.Engine.access$loop(Engine.kt:24)
	at com.almasb.fxgl.all@17.1/com.almasb.fxgl.app.Engine$loop$1.invoke(Engine.kt:28)
	at com.almasb.fxgl.all@17.1/com.almasb.fxgl.app.Engine$loop$1.invoke(Engine.kt:28)
	at com.almasb.fxgl.all@17.1/com.almasb.fxgl.app.LoopRunner.frame(LoopRunner.kt:103)
	at com.almasb.fxgl.all@17.1/com.almasb.fxgl.app.LoopRunner.access$frame(LoopRunner.kt:23)
	at com.almasb.fxgl.all@17.1/com.almasb.fxgl.app.LoopRunner$impl$2$1.onTick(LoopRunner.kt:57)
	at com.almasb.fxgl.all@17.1/com.almasb.fxgl.app.AnimationTimerLoop$timer$1.handle(LoopRunner.kt:137)
	at javafx.graphics@19-ea/javafx.animation.AnimationTimer$AnimationTimerReceiver.lambda$handle$0(AnimationTimer.java:58)
	at java.base/java.security.AccessController.doPrivileged(AccessController.java:399)
	at javafx.graphics@19-ea/javafx.animation.AnimationTimer$AnimationTimerReceiver.handle(AnimationTimer.java:57)
	at javafx.graphics@19-ea/com.sun.scenario.animation.AbstractPrimaryTimer.timePulseImpl(AbstractPrimaryTimer.java:356)
	at javafx.graphics@19-ea/com.sun.scenario.animation.AbstractPrimaryTimer$MainLoop.run(AbstractPrimaryTimer.java:266)
	at javafx.graphics@19-ea/com.sun.javafx.tk.quantum.QuantumToolkit.pulse(QuantumToolkit.java:571)
	at javafx.graphics@19-ea/com.sun.javafx.tk.quantum.QuantumToolkit.pulse(QuantumToolkit.java:555)
	at javafx.graphics@19-ea/com.sun.javafx.tk.quantum.QuantumToolkit.pulseFromQueue(QuantumToolkit.java:548)
	at javafx.graphics@19-ea/com.sun.javafx.tk.quantum.QuantumToolkit.lambda$runToolkit$11(QuantumToolkit.java:352)
	at javafx.graphics@19-ea/com.sun.glass.ui.InvokeLaterDispatcher$Future.run(InvokeLaterDispatcher.java:96)
	at javafx.graphics@19-ea/com.sun.glass.ui.win.WinApplication._runLoop(Native Method)
	at javafx.graphics@19-ea/com.sun.glass.ui.win.WinApplication.lambda$runLoop$3(WinApplication.java:184)
	at java.base/java.lang.Thread.run(Thread.java:1589)

12:05:27.209 [JavaFX Application Thread] FATAL FXGLApplication      - Application will now exit
12:05:27.227 [JavaFX Application Thread] DEBUG PrimaryStageWindow   - Push state: ErrorSubScene
12:05:27.227 [JavaFX Application Thread] DEBUG Input                - Clearing active input actions
12:05:27.229 [JavaFX Application Thread] DEBUG GameApplicationServi - Removing overlay from GameScene and adding to ErrorSubScene
12:05:27.230 [JavaFX Application Thread] DEBUG PrimaryStageWindow   - GameScene -> ErrorSubScene
12:05:28.430 [FXGL Background Thread 3 ] DEBUG Engine               - Logging environment variables
12:05:28.430 [FXGL Background Thread 3 ] DEBUG Engine               - achievements: []
12:05:28.430 [FXGL Background Thread 3 ] DEBUG Engine               - actualHeight: 720.0
12:05:28.430 [FXGL Background Thread 3 ] DEBUG Engine               - actualHeightProperty: ReadOnlyDoubleProperty [value: 720.0]
12:05:28.430 [FXGL Background Thread 3 ] DEBUG Engine               - actualWidth: 1280.0
12:05:28.431 [FXGL Background Thread 3 ] DEBUG Engine               - actualWidthProperty: ReadOnlyDoubleProperty [value: 1280.0]
12:05:28.431 [FXGL Background Thread 3 ] DEBUG Engine               - appIcon: fxgl_icon.png
12:05:28.431 [FXGL Background Thread 3 ] DEBUG Engine               - applicationMode: DEVELOPER
12:05:28.431 [FXGL Background Thread 3 ] DEBUG Engine               - cSSList: [fxgl_dark.css]
12:05:28.431 [FXGL Background Thread 3 ] DEBUG Engine               - collisionDetectionStrategy: BRUTE_FORCE
12:05:28.431 [FXGL Background Thread 3 ] DEBUG Engine               - configClass: Optional.empty
12:05:28.431 [FXGL Background Thread 3 ] DEBUG Engine               - credits: []
12:05:28.431 [FXGL Background Thread 3 ] DEBUG Engine               - defaultCursor: CursorInfo(imageName=fxgl_default_cursor.png, hotspotX=7.0, hotspotY=6.0)
12:05:28.431 [FXGL Background Thread 3 ] DEBUG Engine               - devBBoxColorProperty: ObjectProperty [value: 0xff0000ff]
12:05:28.431 [FXGL Background Thread 3 ] DEBUG Engine               - devEnableDebugCameraProperty: BooleanProperty [value: false]
12:05:28.431 [FXGL Background Thread 3 ] DEBUG Engine               - devSensorColorProperty: ObjectProperty [value: 0xffff00ff]
12:05:28.431 [FXGL Background Thread 3 ] DEBUG Engine               - devShowBBoxProperty: BooleanProperty [value: false]
12:05:28.432 [FXGL Background Thread 3 ] DEBUG Engine               - devShowPositionProperty: BooleanProperty [value: false]
12:05:28.432 [FXGL Background Thread 3 ] DEBUG Engine               - enabledMenuItems: []
12:05:28.432 [FXGL Background Thread 3 ] DEBUG Engine               - engineServices: [class com.almasb.fxgl.app.services.FXGLAssetLoaderService, class com.almasb.fxgl.app.FXGLApplication$GameApplicationService, class com.almasb.fxgl.app.services.FXGLDialogService, class com.almasb.fxgl.app.services.IOTaskExecutorService, class com.almasb.fxgl.io.FileSystemService, class com.almasb.fxgl.localization.LocalizationService, class com.almasb.fxgl.app.services.SystemBundleService, class com.almasb.fxgl.profile.SaveLoadService, class com.almasb.fxgl.ui.FXGLUIFactoryServiceProvider, class com.almasb.fxgl.ui.FXGLDialogFactoryServiceProvider, class com.almasb.fxgl.audio.AudioPlayer, class com.almasb.fxgl.notification.impl.NotificationServiceProvider, class com.almasb.fxgl.achievement.AchievementService, class com.almasb.fxgl.cutscene.CutsceneService, class com.almasb.fxgl.minigames.MiniGameService, class com.almasb.fxgl.net.NetService, class com.almasb.fxgl.app.services.UpdaterService, class com.almasb.fxgl.dev.DevService]
12:05:28.432 [FXGL Background Thread 3 ] DEBUG Engine               - fontGame: Abel-Regular.ttf
12:05:28.432 [FXGL Background Thread 3 ] DEBUG Engine               - fontMono: TerminalLandMono-Regular.otf
12:05:28.432 [FXGL Background Thread 3 ] DEBUG Engine               - fontText: Courier-Prime.ttf
12:05:28.432 [FXGL Background Thread 3 ] DEBUG Engine               - fontUI: VarelaRound-Regular.ttf
12:05:28.432 [FXGL Background Thread 3 ] DEBUG Engine               - fullScreen: BooleanProperty [value: false]
12:05:28.432 [FXGL Background Thread 3 ] DEBUG Engine               - gameDifficulty: MEDIUM
12:05:28.432 [FXGL Background Thread 3 ] DEBUG Engine               - gameDifficultyProperty: ObjectProperty [value: MEDIUM]
12:05:28.432 [FXGL Background Thread 3 ] DEBUG Engine               - globalMusicVolume: 0.5
12:05:28.432 [FXGL Background Thread 3 ] DEBUG Engine               - globalMusicVolumeProperty: DoubleProperty [value: 0.5]
12:05:28.433 [FXGL Background Thread 3 ] DEBUG Engine               - globalSoundVolume: 0.5
12:05:28.433 [FXGL Background Thread 3 ] DEBUG Engine               - globalSoundVolumeProperty: DoubleProperty [value: 0.5]
12:05:28.433 [FXGL Background Thread 3 ] DEBUG Engine               - height: 720
12:05:28.433 [FXGL Background Thread 3 ] DEBUG Engine               - is3D: false
12:05:28.433 [FXGL Background Thread 3 ] DEBUG Engine               - isAndroid: false
12:05:28.433 [FXGL Background Thread 3 ] DEBUG Engine               - isBrowser: false
12:05:28.433 [FXGL Background Thread 3 ] DEBUG Engine               - isClickFeedbackEnabled: false
12:05:28.433 [FXGL Background Thread 3 ] DEBUG Engine               - isCloseConfirmation: false
12:05:28.433 [FXGL Background Thread 3 ] DEBUG Engine               - isDesktop: true
12:05:28.433 [FXGL Background Thread 3 ] DEBUG Engine               - isDeveloperMenuEnabled: false
12:05:28.433 [FXGL Background Thread 3 ] DEBUG Engine               - isEmbedded: false
12:05:28.433 [FXGL Background Thread 3 ] DEBUG Engine               - isEntityPreloadEnabled: true
12:05:28.433 [FXGL Background Thread 3 ] DEBUG Engine               - isExperimentalTiledLargeMap: false
12:05:28.433 [FXGL Background Thread 3 ] DEBUG Engine               - isFileSystemWriteAllowed: true
12:05:28.433 [FXGL Background Thread 3 ] DEBUG Engine               - isFullScreenAllowed: false
12:05:28.433 [FXGL Background Thread 3 ] DEBUG Engine               - isFullScreenFromStart: false
12:05:28.433 [FXGL Background Thread 3 ] DEBUG Engine               - isGameMenuEnabled: true
12:05:28.434 [FXGL Background Thread 3 ] DEBUG Engine               - isIOS: false
12:05:28.434 [FXGL Background Thread 3 ] DEBUG Engine               - isIntroEnabled: false
12:05:28.434 [FXGL Background Thread 3 ] DEBUG Engine               - isLinux: false
12:05:28.434 [FXGL Background Thread 3 ] DEBUG Engine               - isMac: false
12:05:28.434 [FXGL Background Thread 3 ] DEBUG Engine               - isMainMenuEnabled: true
12:05:28.434 [FXGL Background Thread 3 ] DEBUG Engine               - isManualResizeEnabled: false
12:05:28.434 [FXGL Background Thread 3 ] DEBUG Engine               - isMobile: false
12:05:28.434 [FXGL Background Thread 3 ] DEBUG Engine               - isNative: false
12:05:28.434 [FXGL Background Thread 3 ] DEBUG Engine               - isPauseMusicWhenMinimized: true
12:05:28.434 [FXGL Background Thread 3 ] DEBUG Engine               - isPreserveResizeRatio: false
12:05:28.434 [FXGL Background Thread 3 ] DEBUG Engine               - isProfilingEnabled: false
12:05:28.434 [FXGL Background Thread 3 ] DEBUG Engine               - isScaleAffectedOnResize: true
12:05:28.434 [FXGL Background Thread 3 ] DEBUG Engine               - isSingleStep: false
12:05:28.434 [FXGL Background Thread 3 ] DEBUG Engine               - isUserProfileEnabled: false
12:05:28.434 [FXGL Background Thread 3 ] DEBUG Engine               - isWindows: true
12:05:28.434 [FXGL Background Thread 3 ] DEBUG Engine               - language: ObjectProperty [value: ENGLISH]
12:05:28.434 [FXGL Background Thread 3 ] DEBUG Engine               - menuKey: ESCAPE
12:05:28.434 [FXGL Background Thread 3 ] DEBUG Engine               - mouseSensitivity: 0.2
12:05:28.434 [FXGL Background Thread 3 ] DEBUG Engine               - notificationViewClass: class com.almasb.fxgl.notification.view.XboxNotificationView
12:05:28.434 [FXGL Background Thread 3 ] DEBUG Engine               - pixelsPerMeter: 50.0
12:05:28.435 [FXGL Background Thread 3 ] DEBUG Engine               - platform: WINDOWS
12:05:28.435 [FXGL Background Thread 3 ] DEBUG Engine               - prefHeightProperty: ReadOnlyDoubleProperty [value: 720.0]
12:05:28.435 [FXGL Background Thread 3 ] DEBUG Engine               - prefWidthProperty: ReadOnlyDoubleProperty [value: 1280.0]
12:05:28.435 [FXGL Background Thread 3 ] DEBUG Engine               - profileDir: profiles/
12:05:28.435 [FXGL Background Thread 3 ] DEBUG Engine               - profileName: StringProperty [value: DEFAULT]
12:05:28.435 [FXGL Background Thread 3 ] DEBUG Engine               - randomSeed: -1
12:05:28.435 [FXGL Background Thread 3 ] DEBUG Engine               - runtimeInfo: RuntimeInfo(platform=WINDOWS, version=17.1, build=24.03.2022 17.34)
12:05:28.435 [FXGL Background Thread 3 ] DEBUG Engine               - saveFileExt: sav
12:05:28.435 [FXGL Background Thread 3 ] DEBUG Engine               - scaledHeightProp$fxgl: DoubleProperty [bound, value: 720.0]
12:05:28.435 [FXGL Background Thread 3 ] DEBUG Engine               - scaledWidthProp$fxgl: DoubleProperty [bound, value: 1280.0]
12:05:28.435 [FXGL Background Thread 3 ] DEBUG Engine               - sceneFactory: com.almasb.fxgl.app.scene.SceneFactory@3b82821f
12:05:28.435 [FXGL Background Thread 3 ] DEBUG Engine               - secondsIn24h: 60
12:05:28.435 [FXGL Background Thread 3 ] DEBUG Engine               - soundMenuBack: menu/back.wav
12:05:28.435 [FXGL Background Thread 3 ] DEBUG Engine               - soundMenuPress: menu/press.wav
12:05:28.435 [FXGL Background Thread 3 ] DEBUG Engine               - soundMenuSelect: menu/select.wav
12:05:28.436 [FXGL Background Thread 3 ] DEBUG Engine               - soundNotification: core/notification.wav
12:05:28.436 [FXGL Background Thread 3 ] DEBUG Engine               - stageStyle: DECORATED
12:05:28.436 [FXGL Background Thread 3 ] DEBUG Engine               - supportedLanguages: [ENGLISH, FRENCH, GERMAN, HUNGARIAN, RUSSIAN]
12:05:28.436 [FXGL Background Thread 3 ] DEBUG Engine               - ticksPerSecond: -1
12:05:28.436 [FXGL Background Thread 3 ] DEBUG Engine               - title: Tetris Man 2
12:05:28.436 [FXGL Background Thread 3 ] DEBUG Engine               - urlGithub: https://github.com/AlmasB/FXGL
12:05:28.436 [FXGL Background Thread 3 ] DEBUG Engine               - urlLeaderboard: http://fxgl-top.herokuapp.com/
12:05:28.436 [FXGL Background Thread 3 ] DEBUG Engine               - urlPOM: https://raw.githubusercontent.com/AlmasB/FXGL/release/README.md
12:05:28.436 [FXGL Background Thread 3 ] DEBUG Engine               - userAppClass: class com.example.ipose_megaman.Main
12:05:28.436 [FXGL Background Thread 3 ] DEBUG Engine               - version: 1.0
12:05:28.436 [FXGL Background Thread 3 ] DEBUG Engine               - versionCheckDays: 7
12:05:28.436 [FXGL Background Thread 3 ] DEBUG Engine               - width: 1280
12:05:28.436 [FXGL Background Thread 3 ] DEBUG Engine               - Logging services
12:05:28.436 [FXGL Background Thread 3 ] DEBUG Engine               - class com.almasb.fxgl.app.services.FXGLAssetLoaderService
12:05:28.436 [FXGL Background Thread 3 ] DEBUG Engine               - class com.almasb.fxgl.app.FXGLApplication$GameApplicationService
12:05:28.436 [FXGL Background Thread 3 ] DEBUG Engine               - class com.almasb.fxgl.app.services.FXGLDialogService
12:05:28.436 [FXGL Background Thread 3 ] DEBUG Engine               - class com.almasb.fxgl.app.services.IOTaskExecutorService
12:05:28.436 [FXGL Background Thread 3 ] DEBUG Engine               - class com.almasb.fxgl.io.FileSystemService
12:05:28.436 [FXGL Background Thread 3 ] DEBUG Engine               - class com.almasb.fxgl.localization.LocalizationService
12:05:28.436 [FXGL Background Thread 3 ] DEBUG Engine               - class com.almasb.fxgl.app.services.SystemBundleService
12:05:28.436 [FXGL Background Thread 3 ] DEBUG Engine               - class com.almasb.fxgl.profile.SaveLoadService
12:05:28.437 [FXGL Background Thread 3 ] DEBUG Engine               - class com.almasb.fxgl.ui.FXGLUIFactoryServiceProvider
12:05:28.437 [FXGL Background Thread 3 ] DEBUG Engine               - class com.almasb.fxgl.ui.FXGLDialogFactoryServiceProvider
12:05:28.437 [FXGL Background Thread 3 ] DEBUG Engine               - class com.almasb.fxgl.audio.AudioPlayer
12:05:28.437 [FXGL Background Thread 3 ] DEBUG Engine               - class com.almasb.fxgl.notification.impl.NotificationServiceProvider
12:05:28.437 [FXGL Background Thread 3 ] DEBUG Engine               - class com.almasb.fxgl.achievement.AchievementService
12:05:28.437 [FXGL Background Thread 3 ] DEBUG Engine               - class com.almasb.fxgl.cutscene.CutsceneService
12:05:28.437 [FXGL Background Thread 3 ] DEBUG Engine               - class com.almasb.fxgl.minigames.MiniGameService
12:05:28.437 [FXGL Background Thread 3 ] DEBUG Engine               - class com.almasb.fxgl.net.NetService
12:05:28.437 [FXGL Background Thread 3 ] DEBUG Engine               - class com.almasb.fxgl.app.services.UpdaterService
12:05:28.437 [FXGL Background Thread 3 ] DEBUG Engine               - class com.almasb.fxgl.dev.DevService
12:05:29.748 [JavaFX Application Thread] DEBUG FXGLApplication      - Exiting FXGL
12:05:29.748 [JavaFX Application Thread] DEBUG Async                - Shutting down background threads
12:05:29.749 [JavaFX Application Thread] DEBUG PrimaryStageWindow   - Closing main window
12:05:29.758 [JavaFX Application Thread] DEBUG Logger               - Closing Logger
