11:48:46.607 [main                     ] DEBUG Logger               - Configured Logger
11:48:46.637 [main                     ] DEBUG GameApplication      - Logging settings
Title: Tetris Man 2
Version: 1.0
Width: 1280
Height: 720
Fullscreen: false
Intro: false
Profiling: false
Single step:false
App Mode: DEVELOPER
Menu Key: ESCAPE
Stage Style: DECORATED
Scene Factory: class com.almasb.fxgl.app.scene.SceneFactory

11:48:47.435 [JavaFX Application Thread] DEBUG FXGLApplication      - Initializing FXGL
11:48:47.441 [JavaFX Application Thread] INFO  Engine               - FXGL-17.1 (24.03.2022 17.34) on WINDOWS (J:19.0.2 FX:19-ea)
11:48:47.441 [JavaFX Application Thread] DEBUG Engine               - JRE Vendor Name: Oracle Corporation
11:48:47.441 [JavaFX Application Thread] DEBUG Engine               - Running on OS: Windows 10 version 10.0
11:48:47.441 [JavaFX Application Thread] DEBUG Engine               - Architecture: amd64
11:48:47.441 [JavaFX Application Thread] INFO  Engine               - Source code and latest versions at: https://github.com/AlmasB/FXGL
11:48:47.442 [JavaFX Application Thread] INFO  Engine               -       Ask questions and discuss at: https://github.com/AlmasB/FXGL/discussions
11:48:47.442 [JavaFX Application Thread] INFO  Engine               -              Join the FXGL chat at: https://gitter.im/AlmasB/FXGL
11:48:47.550 [JavaFX Application Thread] DEBUG PrimaryStageWindow   - Creating a JavaFX scene
11:48:47.603 [JavaFX Application Thread] DEBUG PrimaryStageWindow   - Target settings size: 1280.0 x 720.0
11:48:47.604 [JavaFX Application Thread] DEBUG PrimaryStageWindow   - Scaled scene size:    1280.0 x 720.0
11:48:47.604 [JavaFX Application Thread] DEBUG PrimaryStageWindow   - Scaled ratio: (1.0, 1.0)
11:48:47.605 [JavaFX Application Thread] DEBUG PrimaryStageWindow   - Set initial scene to FXGLStartupScene
11:48:47.612 [JavaFX Application Thread] DEBUG PrimaryStageWindow   - Opening main window
11:48:47.713 [JavaFX Application Thread] DEBUG PrimaryStageWindow   - Window border size: (14.4000244140625, 37.5999755859375)
11:48:47.713 [JavaFX Application Thread] DEBUG PrimaryStageWindow   - Scaled size: 1280.0 x 720.0
11:48:47.714 [JavaFX Application Thread] DEBUG PrimaryStageWindow   - Scaled ratio: (1.0, 1.0)
11:48:47.714 [JavaFX Application Thread] DEBUG PrimaryStageWindow   - Scene size: 1280.0 x 720.0
11:48:47.714 [JavaFX Application Thread] DEBUG PrimaryStageWindow   - Stage size: 1294.4000244140625 x 757.5999755859375
11:48:47.742 [FXGL Background Thread 1 ] DEBUG Engine               - Initializing environment variables
11:48:47.794 [FXGL Background Thread 1 ] DEBUG FXGLAssetLoaderServi - User app class for loading assets: class com.example.ipose_megaman.Main
11:48:47.794 [FXGL Background Thread 1 ] DEBUG GameApplicationServi - Applying CSS: fxgl_dark.css
11:48:47.795 [FXGL Background Thread 1 ] DEBUG FXGLAssetLoaderServi - Loading from file system: jar:file:///C:/Users/Patryk/.m2/repository/com/github/almasb/fxgl/17.1/fxgl-17.1.jar!/fxglassets/ui/css/fxgl_dark.css
11:48:47.861 [FXGL Background Thread 1 ] DEBUG GameApplicationServi - Initializing application scenes
11:48:47.933 [FXGL Background Thread 1 ] DEBUG GameWorld            - Game world initialized
11:48:47.991 [FXGL Background Thread 1 ] DEBUG PhysicsWorld         - Physics world initialized: appHeight=720, physics.ppm=50,0
11:48:47.991 [FXGL Background Thread 1 ] DEBUG PhysicsWorld         - Using strategy: BRUTE_FORCE
11:48:47.996 [FXGL Background Thread 1 ] DEBUG GameScene            - Game scene initialized: 1280x720
11:48:48.010 [FXGL Background Thread 1 ] DEBUG FXGL.DefaultMenu     - createMenuBodyMainMenu()
11:48:48.025 [FXGL Background Thread 1 ] DEBUG FXGL.DefaultMenu     - createOptionsMenu()
11:48:48.036 [FXGL Background Thread 1 ] DEBUG FXGLAssetLoaderServi - Loading from file system: jar:file:///C:/Users/Patryk/.m2/repository/com/github/almasb/fxgl/17.1/fxgl-17.1.jar!/fxglassets/textures/particles/smoke.png
11:48:48.133 [FXGL Background Thread 1 ] DEBUG FXGLAssetLoaderServi - Loading from file system: jar:file:///C:/Users/Patryk/.m2/repository/com/github/almasb/fxgl/17.1/fxgl-17.1.jar!/fxglassets/textures/particles/trace_horizontal.png
11:48:48.167 [FXGL Background Thread 1 ] DEBUG FXGL.DefaultMenu     - createMenuBodyGameMenu()
11:48:48.168 [FXGL Background Thread 1 ] DEBUG FXGL.DefaultMenu     - createOptionsMenu()
11:48:48.205 [FXGL Background Thread 1 ] DEBUG GameApplicationServi - Application scenes initialized
11:48:48.218 [FXGL Background Thread 1 ] DEBUG SystemBundleService  - Loading FXGL system data
11:48:48.223 [FXGL Background Thread 1 ] DEBUG FileSystemAccess     - Reading from: D:\GITHUB ZOOI\IPOSE-FXGL-Mega-Man\system\fxgl.bundle
11:48:48.233 [FXGL Background Thread 1 ] DEBUG SystemBundleService  - Bundle FXGL: {}
11:48:48.233 [FXGL Background Thread 1 ] DEBUG UpdaterService       - Checking for updates
11:48:48.240 [FXGL Background Thread 1 ] DEBUG FXGLApplication      - Loading default localization
11:48:48.240 [FXGL Background Thread 1 ] DEBUG FXGLAssetLoaderServi - Loading from file system: jar:file:///C:/Users/Patryk/.m2/repository/com/github/almasb/fxgl/17.1/fxgl-17.1.jar!/fxglassets/languages/english.lang
11:48:48.249 [FXGL Background Thread 4 ] DEBUG FXGLApplication      - Loading fonts
11:48:48.249 [FXGL Background Thread 4 ] DEBUG FXGLAssetLoaderServi - Loading from file system: jar:file:///C:/Users/Patryk/.m2/repository/com/github/almasb/fxgl/17.1/fxgl-17.1.jar!/fxglassets/ui/fonts/VarelaRound-Regular.ttf
11:48:48.313 [FXGL Background Thread 1 ] INFO  FXGLApplication      - FXGL initialization took: 0,571 sec
11:48:48.324 [JavaFX Application Thread] DEBUG Input                - Registered new binding: Move Right - D
11:48:48.324 [JavaFX Application Thread] DEBUG Input                - Registered new binding: Move Left - A
11:48:48.325 [JavaFX Application Thread] DEBUG Input                - Registered new binding: Jump - Space
11:48:48.325 [JavaFX Application Thread] DEBUG Input                - Registered new binding: Shoot - Enter
11:48:48.325 [JavaFX Application Thread] DEBUG FXGLAssetLoaderServi - Loading from file system: jar:file:///C:/Users/Patryk/.m2/repository/com/github/almasb/fxgl/17.1/fxgl-17.1.jar!/fxglassets/textures/fxgl_icon.png
11:48:48.375 [JavaFX Application Thread] DEBUG FXGLAssetLoaderServi - Loading from file system: jar:file:///C:/Users/Patryk/.m2/repository/com/github/almasb/fxgl/17.1/fxgl-17.1.jar!/fxglassets/textures/fxgl_default_cursor.png
11:48:48.377 [JavaFX Application Thread] DEBUG Input                - Registered new binding: Screenshot - CTRL+8
11:48:48.378 [JavaFX Application Thread] DEBUG Input                - Registered new binding: System info dump - CTRL+9
11:48:48.378 [JavaFX Application Thread] DEBUG Input                - Registered new binding: Restart - CTRL+R
11:48:48.380 [JavaFX Application Thread] DEBUG Input                - Registered new binding: Toggle Debug Camera - CTRL+7
11:48:48.385 [JavaFX Application Thread] DEBUG LoopRunner           - Starting loop
11:48:48.385 [JavaFX Application Thread] DEBUG LoopRunner           - Initializing JavaFX AnimationTimerLoop
11:48:48.387 [JavaFX Application Thread] DEBUG Input                - Clearing active input actions
11:48:48.394 [JavaFX Application Thread] DEBUG GameApplicationServi - Removing overlay from FXGLStartupScene and adding to FXGLMainMenuDummyScene
11:48:48.394 [JavaFX Application Thread] DEBUG PrimaryStageWindow   - FXGLStartupScene -> FXGLMainMenuDummyScene
11:48:48.394 [JavaFX Application Thread] DEBUG PrimaryStageWindow   - Push state: FXGLDefaultMenu
11:48:48.414 [JavaFX Application Thread] DEBUG Input                - Clearing active input actions
11:48:48.421 [JavaFX Application Thread] DEBUG GameApplicationServi - Removing overlay from FXGLMainMenuDummyScene and adding to FXGLDefaultMenu
11:48:48.422 [JavaFX Application Thread] DEBUG PrimaryStageWindow   - FXGLMainMenuDummyScene -> FXGLDefaultMenu
11:48:49.039 [FXGL Background Thread 2 ] INFO  UpdaterService       - Your current version:  17.1
11:48:49.039 [FXGL Background Thread 2 ] INFO  UpdaterService       - Latest stable version: 17.3
11:48:49.897 [FXGL Background Thread 4 ] DEBUG FXGLAssetLoaderServi - Loading from file system: jar:file:///C:/Users/Patryk/.m2/repository/com/github/almasb/fxgl/17.1/fxgl-17.1.jar!/fxglassets/ui/fonts/Abel-Regular.ttf
11:48:49.903 [FXGL Background Thread 4 ] DEBUG FXGLAssetLoaderServi - Loading from file system: jar:file:///C:/Users/Patryk/.m2/repository/com/github/almasb/fxgl/17.1/fxgl-17.1.jar!/fxglassets/ui/fonts/TerminalLandMono-Regular.otf
11:48:49.907 [FXGL Background Thread 4 ] DEBUG FXGLAssetLoaderServi - Loading from file system: jar:file:///C:/Users/Patryk/.m2/repository/com/github/almasb/fxgl/17.1/fxgl-17.1.jar!/fxglassets/ui/fonts/Courier-Prime.ttf
11:48:49.915 [JavaFX Application Thread] DEBUG FXGLApplication      - Registering font factories with UI factory
11:48:50.248 [JavaFX Application Thread] DEBUG Menu                 - fireNewGame()
11:48:50.248 [JavaFX Application Thread] DEBUG GameApplicationServi - Starting new game
11:48:50.253 [JavaFX Application Thread] DEBUG PrimaryStageWindow   - Pop state: FXGLDefaultMenu
11:48:50.253 [JavaFX Application Thread] DEBUG Input                - Clearing active input actions
11:48:50.254 [JavaFX Application Thread] DEBUG GameApplicationServi - Removing overlay from FXGLDefaultMenu and adding to FXGLMainMenuDummyScene
11:48:50.254 [JavaFX Application Thread] DEBUG PrimaryStageWindow   - FXGLMainMenuDummyScene <- FXGLDefaultMenu
11:48:50.255 [JavaFX Application Thread] DEBUG Input                - Clearing active input actions
11:48:50.267 [JavaFX Application Thread] DEBUG GameApplicationServi - Removing overlay from FXGLMainMenuDummyScene and adding to FXGLLoadingScene
11:48:50.267 [JavaFX Application Thread] DEBUG PrimaryStageWindow   - FXGLMainMenuDummyScene -> FXGLLoadingScene
11:48:50.267 [JavaFX Application Thread] DEBUG GameApplicationServi - Clearing previous game
11:48:50.268 [JavaFX Application Thread] DEBUG GameScene            - Clearing game scene
11:48:50.268 [JavaFX Application Thread] DEBUG GameWorld            - Clearing game world
11:48:50.268 [JavaFX Application Thread] DEBUG PhysicsWorld         - Clearing physics world
11:48:50.269 [FXGL Background Thread 4 ] DEBUG FXGLApplication      - Initializing game
11:48:50.316 [FXGL Background Thread 4 ] WARN  TMXLevelLoader       - TiledMap generated from 1.10.0. Supported version: 1.4.2. Some features may not be parsed fully.
11:48:50.343 [FXGL Background Thread 4 ] DEBUG TMXLevelLoader       - Parsed TiledMap: file:/D:/GITHUB%20ZOOI/IPOSE-FXGL-Mega-Man/target/classes/assets/levels/level.tmx
11:48:50.344 [FXGL Background Thread 4 ] DEBUG TMXLevelLoader       - Creating tile layer entities
11:48:50.347 [FXGL Background Thread 4 ] DEBUG TilesetLoader        - Loading view for layer Tilelaag 1
11:48:50.476 [FXGL Background Thread 4 ] DEBUG TilesetLoader        - Created buffer with size 28000.0x1400.0
11:48:50.486 [FXGL Background Thread 4 ] DEBUG TMXLevelLoader       - Creating object layer entities
11:48:50.567 [FXGL Background Thread 4 ] DEBUG GameWorld            - Clearing removable entities
11:48:50.568 [FXGL Background Thread 4 ] DEBUG GameWorld            - Setting level: com.almasb.fxgl.entity.level.Level@45bfb328
11:48:50.590 [FXGL Background Thread 4 ] WARN  FXGLAssetLoaderServi - Asset "/assets/textures/assets/textures/MegaManIdle.png" was not found!
11:48:50.590 [FXGL Background Thread 4 ] WARN  FXGLAssetLoaderServi - Failed to load IMAGE
11:48:50.618 [FXGL Background Thread 4 ] DEBUG FXGLAssetLoaderServi - Loading from file system: file:/D:/GITHUB%20ZOOI/IPOSE-FXGL-Mega-Man/target/classes/assets/textures/MegaManIdle.png
11:48:50.622 [FXGL Background Thread 4 ] DEBUG FXGLAssetLoaderServi - Loading from file system: file:/D:/GITHUB%20ZOOI/IPOSE-FXGL-Mega-Man/target/classes/assets/textures/background2.jpg
11:48:51.238 [FXGL Background Thread 3 ] DEBUG Engine               - Logging environment variables
11:48:51.238 [FXGL Background Thread 3 ] DEBUG Engine               - achievements: []
11:48:51.238 [FXGL Background Thread 3 ] DEBUG Engine               - actualHeight: 720.0
11:48:51.238 [FXGL Background Thread 3 ] DEBUG Engine               - actualHeightProperty: ReadOnlyDoubleProperty [value: 720.0]
11:48:51.238 [FXGL Background Thread 3 ] DEBUG Engine               - actualWidth: 1280.0
11:48:51.238 [FXGL Background Thread 3 ] DEBUG Engine               - actualWidthProperty: ReadOnlyDoubleProperty [value: 1280.0]
11:48:51.239 [FXGL Background Thread 3 ] DEBUG Engine               - appIcon: fxgl_icon.png
11:48:51.239 [FXGL Background Thread 3 ] DEBUG Engine               - applicationMode: DEVELOPER
11:48:51.239 [FXGL Background Thread 3 ] DEBUG Engine               - cSSList: [fxgl_dark.css]
11:48:51.239 [FXGL Background Thread 3 ] DEBUG Engine               - collisionDetectionStrategy: BRUTE_FORCE
11:48:51.239 [FXGL Background Thread 3 ] DEBUG Engine               - configClass: Optional.empty
11:48:51.239 [FXGL Background Thread 3 ] DEBUG Engine               - credits: []
11:48:51.239 [FXGL Background Thread 3 ] DEBUG Engine               - defaultCursor: CursorInfo(imageName=fxgl_default_cursor.png, hotspotX=7.0, hotspotY=6.0)
11:48:51.239 [FXGL Background Thread 3 ] DEBUG Engine               - devBBoxColorProperty: ObjectProperty [value: 0xff0000ff]
11:48:51.239 [FXGL Background Thread 3 ] DEBUG Engine               - devEnableDebugCameraProperty: BooleanProperty [value: false]
11:48:51.239 [FXGL Background Thread 3 ] DEBUG Engine               - devSensorColorProperty: ObjectProperty [value: 0xffff00ff]
11:48:51.240 [FXGL Background Thread 3 ] DEBUG Engine               - devShowBBoxProperty: BooleanProperty [value: false]
11:48:51.240 [FXGL Background Thread 3 ] DEBUG Engine               - devShowPositionProperty: BooleanProperty [value: false]
11:48:51.240 [FXGL Background Thread 3 ] DEBUG Engine               - enabledMenuItems: []
11:48:51.240 [FXGL Background Thread 3 ] DEBUG Engine               - engineServices: [class com.almasb.fxgl.app.services.FXGLAssetLoaderService, class com.almasb.fxgl.app.FXGLApplication$GameApplicationService, class com.almasb.fxgl.app.services.FXGLDialogService, class com.almasb.fxgl.app.services.IOTaskExecutorService, class com.almasb.fxgl.io.FileSystemService, class com.almasb.fxgl.localization.LocalizationService, class com.almasb.fxgl.app.services.SystemBundleService, class com.almasb.fxgl.profile.SaveLoadService, class com.almasb.fxgl.ui.FXGLUIFactoryServiceProvider, class com.almasb.fxgl.ui.FXGLDialogFactoryServiceProvider, class com.almasb.fxgl.audio.AudioPlayer, class com.almasb.fxgl.notification.impl.NotificationServiceProvider, class com.almasb.fxgl.achievement.AchievementService, class com.almasb.fxgl.cutscene.CutsceneService, class com.almasb.fxgl.minigames.MiniGameService, class com.almasb.fxgl.net.NetService, class com.almasb.fxgl.app.services.UpdaterService, class com.almasb.fxgl.dev.DevService]
11:48:51.240 [FXGL Background Thread 3 ] DEBUG Engine               - fontGame: Abel-Regular.ttf
11:48:51.240 [FXGL Background Thread 3 ] DEBUG Engine               - fontMono: TerminalLandMono-Regular.otf
11:48:51.240 [FXGL Background Thread 3 ] DEBUG Engine               - fontText: Courier-Prime.ttf
11:48:51.240 [FXGL Background Thread 3 ] DEBUG Engine               - fontUI: VarelaRound-Regular.ttf
11:48:51.240 [FXGL Background Thread 3 ] DEBUG Engine               - fullScreen: BooleanProperty [value: false]
11:48:51.240 [FXGL Background Thread 3 ] DEBUG Engine               - gameDifficulty: MEDIUM
11:48:51.240 [FXGL Background Thread 3 ] DEBUG Engine               - gameDifficultyProperty: ObjectProperty [value: MEDIUM]
11:48:51.240 [FXGL Background Thread 3 ] DEBUG Engine               - globalMusicVolume: 0.5
11:48:51.240 [FXGL Background Thread 3 ] DEBUG Engine               - globalMusicVolumeProperty: DoubleProperty [value: 0.5]
11:48:51.240 [FXGL Background Thread 3 ] DEBUG Engine               - globalSoundVolume: 0.5
11:48:51.240 [FXGL Background Thread 3 ] DEBUG Engine               - globalSoundVolumeProperty: DoubleProperty [value: 0.5]
11:48:51.240 [FXGL Background Thread 3 ] DEBUG Engine               - height: 720
11:48:51.240 [FXGL Background Thread 3 ] DEBUG Engine               - is3D: false
11:48:51.241 [FXGL Background Thread 3 ] DEBUG Engine               - isAndroid: false
11:48:51.241 [FXGL Background Thread 3 ] DEBUG Engine               - isBrowser: false
11:48:51.241 [FXGL Background Thread 3 ] DEBUG Engine               - isClickFeedbackEnabled: false
11:48:51.241 [FXGL Background Thread 3 ] DEBUG Engine               - isCloseConfirmation: false
11:48:51.241 [FXGL Background Thread 3 ] DEBUG Engine               - isDesktop: true
11:48:51.241 [FXGL Background Thread 3 ] DEBUG Engine               - isDeveloperMenuEnabled: false
11:48:51.241 [FXGL Background Thread 3 ] DEBUG Engine               - isEmbedded: false
11:48:51.241 [FXGL Background Thread 3 ] DEBUG Engine               - isEntityPreloadEnabled: true
11:48:51.241 [FXGL Background Thread 3 ] DEBUG Engine               - isExperimentalTiledLargeMap: false
11:48:51.241 [FXGL Background Thread 3 ] DEBUG Engine               - isFileSystemWriteAllowed: true
11:48:51.241 [FXGL Background Thread 3 ] DEBUG Engine               - isFullScreenAllowed: false
11:48:51.241 [FXGL Background Thread 3 ] DEBUG Engine               - isFullScreenFromStart: false
11:48:51.241 [FXGL Background Thread 3 ] DEBUG Engine               - isGameMenuEnabled: true
11:48:51.241 [FXGL Background Thread 3 ] DEBUG Engine               - isIOS: false
11:48:51.243 [FXGL Background Thread 3 ] DEBUG Engine               - isIntroEnabled: false
11:48:51.243 [FXGL Background Thread 3 ] DEBUG Engine               - isLinux: false
11:48:51.243 [FXGL Background Thread 3 ] DEBUG Engine               - isMac: false
11:48:51.243 [FXGL Background Thread 3 ] DEBUG Engine               - isMainMenuEnabled: true
11:48:51.243 [FXGL Background Thread 3 ] DEBUG Engine               - isManualResizeEnabled: false
11:48:51.243 [FXGL Background Thread 3 ] DEBUG Engine               - isMobile: false
11:48:51.243 [FXGL Background Thread 3 ] DEBUG Engine               - isNative: false
11:48:51.243 [FXGL Background Thread 3 ] DEBUG Engine               - isPauseMusicWhenMinimized: true
11:48:51.243 [FXGL Background Thread 3 ] DEBUG Engine               - isPreserveResizeRatio: false
11:48:51.243 [FXGL Background Thread 3 ] DEBUG Engine               - isProfilingEnabled: false
11:48:51.243 [FXGL Background Thread 3 ] DEBUG Engine               - isScaleAffectedOnResize: true
11:48:51.243 [FXGL Background Thread 3 ] DEBUG Engine               - isSingleStep: false
11:48:51.243 [FXGL Background Thread 3 ] DEBUG Engine               - isUserProfileEnabled: false
11:48:51.243 [FXGL Background Thread 3 ] DEBUG Engine               - isWindows: true
11:48:51.244 [FXGL Background Thread 3 ] DEBUG Engine               - language: ObjectProperty [value: ENGLISH]
11:48:51.244 [FXGL Background Thread 3 ] DEBUG Engine               - menuKey: ESCAPE
11:48:51.244 [FXGL Background Thread 3 ] DEBUG Engine               - mouseSensitivity: 0.2
11:48:51.244 [FXGL Background Thread 3 ] DEBUG Engine               - notificationViewClass: class com.almasb.fxgl.notification.view.XboxNotificationView
11:48:51.244 [FXGL Background Thread 3 ] DEBUG Engine               - pixelsPerMeter: 50.0
11:48:51.244 [FXGL Background Thread 3 ] DEBUG Engine               - platform: WINDOWS
11:48:51.244 [FXGL Background Thread 3 ] DEBUG Engine               - prefHeightProperty: ReadOnlyDoubleProperty [value: 720.0]
11:48:51.244 [FXGL Background Thread 3 ] DEBUG Engine               - prefWidthProperty: ReadOnlyDoubleProperty [value: 1280.0]
11:48:51.244 [FXGL Background Thread 3 ] DEBUG Engine               - profileDir: profiles/
11:48:51.244 [FXGL Background Thread 3 ] DEBUG Engine               - profileName: StringProperty [value: DEFAULT]
11:48:51.244 [FXGL Background Thread 3 ] DEBUG Engine               - randomSeed: -1
11:48:51.245 [FXGL Background Thread 3 ] DEBUG Engine               - runtimeInfo: RuntimeInfo(platform=WINDOWS, version=17.1, build=24.03.2022 17.34)
11:48:51.245 [FXGL Background Thread 3 ] DEBUG Engine               - saveFileExt: sav
11:48:51.245 [FXGL Background Thread 3 ] DEBUG Engine               - scaledHeightProp$fxgl: DoubleProperty [bound, value: 720.0]
11:48:51.245 [FXGL Background Thread 3 ] DEBUG Engine               - scaledWidthProp$fxgl: DoubleProperty [bound, value: 1280.0]
11:48:51.245 [FXGL Background Thread 3 ] DEBUG Engine               - sceneFactory: com.almasb.fxgl.app.scene.SceneFactory@366edbed
11:48:51.245 [FXGL Background Thread 3 ] DEBUG Engine               - secondsIn24h: 60
11:48:51.245 [FXGL Background Thread 3 ] DEBUG Engine               - soundMenuBack: menu/back.wav
11:48:51.245 [FXGL Background Thread 3 ] DEBUG Engine               - soundMenuPress: menu/press.wav
11:48:51.245 [FXGL Background Thread 3 ] DEBUG Engine               - soundMenuSelect: menu/select.wav
11:48:51.246 [FXGL Background Thread 3 ] DEBUG Engine               - soundNotification: core/notification.wav
11:48:51.246 [FXGL Background Thread 3 ] DEBUG Engine               - stageStyle: DECORATED
11:48:51.246 [FXGL Background Thread 3 ] DEBUG Engine               - supportedLanguages: [ENGLISH, FRENCH, GERMAN, HUNGARIAN, RUSSIAN]
11:48:51.246 [FXGL Background Thread 3 ] DEBUG Engine               - ticksPerSecond: -1
11:48:51.246 [FXGL Background Thread 3 ] DEBUG Engine               - title: Tetris Man 2
11:48:51.246 [FXGL Background Thread 3 ] DEBUG Engine               - urlGithub: https://github.com/AlmasB/FXGL
11:48:51.246 [FXGL Background Thread 3 ] DEBUG Engine               - urlLeaderboard: http://fxgl-top.herokuapp.com/
11:48:51.246 [FXGL Background Thread 3 ] DEBUG Engine               - urlPOM: https://raw.githubusercontent.com/AlmasB/FXGL/release/README.md
11:48:51.246 [FXGL Background Thread 3 ] DEBUG Engine               - userAppClass: class com.example.ipose_megaman.Main
11:48:51.247 [FXGL Background Thread 3 ] DEBUG Engine               - version: 1.0
11:48:51.247 [FXGL Background Thread 3 ] DEBUG Engine               - versionCheckDays: 7
11:48:51.247 [FXGL Background Thread 3 ] DEBUG Engine               - width: 1280
11:48:51.247 [FXGL Background Thread 3 ] DEBUG Engine               - Logging services
11:48:51.247 [FXGL Background Thread 3 ] DEBUG Engine               - class com.almasb.fxgl.app.services.FXGLAssetLoaderService
11:48:51.247 [FXGL Background Thread 3 ] DEBUG Engine               - class com.almasb.fxgl.app.FXGLApplication$GameApplicationService
11:48:51.247 [FXGL Background Thread 3 ] DEBUG Engine               - class com.almasb.fxgl.app.services.FXGLDialogService
11:48:51.247 [FXGL Background Thread 3 ] DEBUG Engine               - class com.almasb.fxgl.app.services.IOTaskExecutorService
11:48:51.247 [FXGL Background Thread 3 ] DEBUG Engine               - class com.almasb.fxgl.io.FileSystemService
11:48:51.247 [FXGL Background Thread 3 ] DEBUG Engine               - class com.almasb.fxgl.localization.LocalizationService
11:48:51.247 [FXGL Background Thread 3 ] DEBUG Engine               - class com.almasb.fxgl.app.services.SystemBundleService
11:48:51.247 [FXGL Background Thread 3 ] DEBUG Engine               - class com.almasb.fxgl.profile.SaveLoadService
11:48:51.247 [FXGL Background Thread 3 ] DEBUG Engine               - class com.almasb.fxgl.ui.FXGLUIFactoryServiceProvider
11:48:51.247 [FXGL Background Thread 3 ] DEBUG Engine               - class com.almasb.fxgl.ui.FXGLDialogFactoryServiceProvider
11:48:51.247 [FXGL Background Thread 3 ] DEBUG Engine               - class com.almasb.fxgl.audio.AudioPlayer
11:48:51.247 [FXGL Background Thread 3 ] DEBUG Engine               - class com.almasb.fxgl.notification.impl.NotificationServiceProvider
11:48:51.247 [FXGL Background Thread 3 ] DEBUG Engine               - class com.almasb.fxgl.achievement.AchievementService
11:48:51.247 [FXGL Background Thread 3 ] DEBUG Engine               - class com.almasb.fxgl.cutscene.CutsceneService
11:48:51.248 [FXGL Background Thread 3 ] DEBUG Engine               - class com.almasb.fxgl.minigames.MiniGameService
11:48:51.248 [FXGL Background Thread 3 ] DEBUG Engine               - class com.almasb.fxgl.net.NetService
11:48:51.248 [FXGL Background Thread 3 ] DEBUG Engine               - class com.almasb.fxgl.app.services.UpdaterService
11:48:51.248 [FXGL Background Thread 3 ] DEBUG Engine               - class com.almasb.fxgl.dev.DevService
11:48:51.273 [FXGL Background Thread 4 ] INFO  FXGLApplication      - Game initialization took: 1,003 sec
11:48:51.274 [JavaFX Application Thread] DEBUG Input                - Clearing active input actions
11:48:51.286 [JavaFX Application Thread] DEBUG GameApplicationServi - Removing overlay from FXGLLoadingScene and adding to GameScene
11:48:51.287 [JavaFX Application Thread] DEBUG PrimaryStageWindow   - FXGLLoadingScene -> GameScene
11:48:51.578 [JavaFX Application Thread] WARN  FXGLAssetLoaderServi - Asset "/assets/sounds/shoot.wav" was not found!
11:48:51.578 [JavaFX Application Thread] WARN  FXGLAssetLoaderServi - Failed to load SOUND
11:48:51.768 [JavaFX Application Thread] WARN  FXGLAssetLoaderServi - Asset "/assets/sounds/shoot.wav" was not found!
11:48:51.768 [JavaFX Application Thread] WARN  FXGLAssetLoaderServi - Failed to load SOUND
11:48:51.943 [JavaFX Application Thread] WARN  FXGLAssetLoaderServi - Asset "/assets/sounds/shoot.wav" was not found!
11:48:51.943 [JavaFX Application Thread] WARN  FXGLAssetLoaderServi - Failed to load SOUND
11:48:52.120 [JavaFX Application Thread] WARN  FXGLAssetLoaderServi - Asset "/assets/sounds/shoot.wav" was not found!
11:48:52.120 [JavaFX Application Thread] WARN  FXGLAssetLoaderServi - Failed to load SOUND
11:48:52.293 [JavaFX Application Thread] WARN  FXGLAssetLoaderServi - Asset "/assets/sounds/shoot.wav" was not found!
11:48:52.293 [JavaFX Application Thread] WARN  FXGLAssetLoaderServi - Failed to load SOUND
11:48:53.047 [JavaFX Application Thread] WARN  FXGLAssetLoaderServi - Asset "/assets/sounds/shoot.wav" was not found!
11:48:53.048 [JavaFX Application Thread] WARN  FXGLAssetLoaderServi - Failed to load SOUND
11:48:53.239 [JavaFX Application Thread] WARN  FXGLAssetLoaderServi - Asset "/assets/sounds/shoot.wav" was not found!
11:48:53.239 [JavaFX Application Thread] WARN  FXGLAssetLoaderServi - Failed to load SOUND
11:49:50.329 [JavaFX Application Thread] WARN  FXGLAssetLoaderServi - Asset "/assets/sounds/shoot.wav" was not found!
11:49:50.330 [JavaFX Application Thread] WARN  FXGLAssetLoaderServi - Failed to load SOUND
11:49:58.176 [JavaFX Application Thread] WARN  FXGLAssetLoaderServi - Asset "/assets/sounds/shoot.wav" was not found!
11:49:58.177 [JavaFX Application Thread] WARN  FXGLAssetLoaderServi - Failed to load SOUND
11:50:04.164 [JavaFX Application Thread] WARN  FXGLAssetLoaderServi - Asset "/assets/sounds/shoot.wav" was not found!
11:50:04.164 [JavaFX Application Thread] WARN  FXGLAssetLoaderServi - Failed to load SOUND
11:50:21.382 [JavaFX Application Thread] WARN  FXGLAssetLoaderServi - Asset "/assets/sounds/shoot.wav" was not found!
11:50:21.382 [JavaFX Application Thread] WARN  FXGLAssetLoaderServi - Failed to load SOUND
11:50:31.184 [JavaFX Application Thread] WARN  FXGLAssetLoaderServi - Asset "/assets/sounds/shoot.wav" was not found!
11:50:31.184 [JavaFX Application Thread] WARN  FXGLAssetLoaderServi - Failed to load SOUND
11:50:31.356 [JavaFX Application Thread] WARN  FXGLAssetLoaderServi - Asset "/assets/sounds/shoot.wav" was not found!
11:50:31.357 [JavaFX Application Thread] WARN  FXGLAssetLoaderServi - Failed to load SOUND
11:50:31.515 [JavaFX Application Thread] WARN  FXGLAssetLoaderServi - Asset "/assets/sounds/shoot.wav" was not found!
11:50:31.515 [JavaFX Application Thread] WARN  FXGLAssetLoaderServi - Failed to load SOUND
11:50:31.657 [JavaFX Application Thread] WARN  FXGLAssetLoaderServi - Asset "/assets/sounds/shoot.wav" was not found!
11:50:31.658 [JavaFX Application Thread] WARN  FXGLAssetLoaderServi - Failed to load SOUND
11:50:31.845 [JavaFX Application Thread] WARN  FXGLAssetLoaderServi - Asset "/assets/sounds/shoot.wav" was not found!
11:50:31.845 [JavaFX Application Thread] WARN  FXGLAssetLoaderServi - Failed to load SOUND
11:50:32.002 [JavaFX Application Thread] WARN  FXGLAssetLoaderServi - Asset "/assets/sounds/shoot.wav" was not found!
11:50:32.002 [JavaFX Application Thread] WARN  FXGLAssetLoaderServi - Failed to load SOUND
11:50:32.926 [JavaFX Application Thread] DEBUG PrimaryStageWindow   - Push state: DialogSubScene
11:50:32.926 [JavaFX Application Thread] DEBUG Input                - Clearing active input actions
11:50:32.927 [JavaFX Application Thread] DEBUG GameApplicationServi - Removing overlay from GameScene and adding to DialogSubScene
11:50:32.927 [JavaFX Application Thread] DEBUG PrimaryStageWindow   - GameScene -> DialogSubScene
11:50:36.417 [JavaFX Application Thread] DEBUG PrimaryStageWindow   - Pop state: DialogSubScene
11:50:36.418 [JavaFX Application Thread] DEBUG Input                - Clearing active input actions
11:50:36.418 [JavaFX Application Thread] DEBUG GameApplicationServi - Removing overlay from DialogSubScene and adding to GameScene
11:50:36.418 [JavaFX Application Thread] DEBUG PrimaryStageWindow   - GameScene <- DialogSubScene
11:50:36.418 [JavaFX Application Thread] WARN  FXGLAssetLoaderServi - Asset "/assets/textures/tilesheet.png" was not found!
11:50:36.419 [JavaFX Application Thread] WARN  FXGLAssetLoaderServi - Failed to load IMAGE
11:50:36.419 [JavaFX Application Thread] DEBUG FXGLAssetLoaderServi - Loading from file system: file:/D:/GITHUB%20ZOOI/IPOSE-FXGL-Mega-Man/target/classes/assets/textures/background1.jpg
11:50:50.099 [JavaFX Application Thread] WARN  FXGLAssetLoaderServi - Asset "/assets/sounds/shoot.wav" was not found!
11:50:50.099 [JavaFX Application Thread] WARN  FXGLAssetLoaderServi - Failed to load SOUND
11:50:57.307 [JavaFX Application Thread] WARN  FXGLAssetLoaderServi - Asset "/assets/sounds/shoot.wav" was not found!
11:50:57.307 [JavaFX Application Thread] WARN  FXGLAssetLoaderServi - Failed to load SOUND
11:50:59.591 [JavaFX Application Thread] WARN  FXGLAssetLoaderServi - Asset "/assets/sounds/shoot.wav" was not found!
11:50:59.591 [JavaFX Application Thread] WARN  FXGLAssetLoaderServi - Failed to load SOUND
11:51:01.083 [JavaFX Application Thread] DEBUG PrimaryStageWindow   - Push state: DialogSubScene
11:51:01.083 [JavaFX Application Thread] DEBUG Input                - Clearing active input actions
11:51:01.084 [JavaFX Application Thread] DEBUG GameApplicationServi - Removing overlay from GameScene and adding to DialogSubScene
11:51:01.084 [JavaFX Application Thread] DEBUG PrimaryStageWindow   - GameScene -> DialogSubScene
11:51:02.679 [JavaFX Application Thread] DEBUG PrimaryStageWindow   - Pop state: DialogSubScene
11:51:02.679 [JavaFX Application Thread] DEBUG Input                - Clearing active input actions
11:51:02.679 [JavaFX Application Thread] DEBUG GameApplicationServi - Removing overlay from DialogSubScene and adding to GameScene
11:51:02.679 [JavaFX Application Thread] DEBUG PrimaryStageWindow   - GameScene <- DialogSubScene
11:51:02.679 [JavaFX Application Thread] WARN  FXGLAssetLoaderServi - Asset "/assets/textures/tilesheet.png" was not found!
11:51:02.680 [JavaFX Application Thread] WARN  FXGLAssetLoaderServi - Failed to load IMAGE
11:51:06.282 [JavaFX Application Thread] DEBUG PrimaryStageWindow   - Push state: DialogSubScene
11:51:06.282 [JavaFX Application Thread] DEBUG Input                - Clearing active input actions
11:51:06.283 [JavaFX Application Thread] DEBUG GameApplicationServi - Removing overlay from GameScene and adding to DialogSubScene
11:51:06.283 [JavaFX Application Thread] DEBUG PrimaryStageWindow   - GameScene -> DialogSubScene
11:51:08.288 [JavaFX Application Thread] DEBUG PrimaryStageWindow   - Pop state: DialogSubScene
11:51:08.289 [JavaFX Application Thread] DEBUG Input                - Clearing active input actions
11:51:08.289 [JavaFX Application Thread] DEBUG GameApplicationServi - Removing overlay from DialogSubScene and adding to GameScene
11:51:08.289 [JavaFX Application Thread] DEBUG PrimaryStageWindow   - GameScene <- DialogSubScene
11:51:08.289 [JavaFX Application Thread] WARN  FXGLAssetLoaderServi - Asset "/assets/textures/tilesheet.png" was not found!
11:51:08.289 [JavaFX Application Thread] WARN  FXGLAssetLoaderServi - Failed to load IMAGE
11:51:12.666 [JavaFX Application Thread] DEBUG FXGLApplication      - Exiting FXGL
11:51:12.666 [JavaFX Application Thread] DEBUG LoopRunner           - Stopping loop
11:51:12.666 [JavaFX Application Thread] DEBUG SystemBundleService  - Saving FXGL system data
11:51:12.668 [JavaFX Application Thread] DEBUG FileSystemAccess     - Writing to: D:\GITHUB ZOOI\IPOSE-FXGL-Mega-Man\system\fxgl.bundle
11:51:12.671 [JavaFX Application Thread] DEBUG Async                - Shutting down background threads
11:51:12.671 [JavaFX Application Thread] DEBUG PrimaryStageWindow   - Closing main window
11:51:12.681 [JavaFX Application Thread] DEBUG Logger               - Closing Logger
