13:16:00.712 [main                     ] DEBUG Logger               - Configured Logger
13:16:00.737 [main                     ] DEBUG GameApplication      - Logging settings
Title: Tetris Man 2
Version: 1.0
Width: 1280
Height: 720
Fullscreen: false
Intro: false
Profiling: false
Single step:false
App Mode: DEVELOPER
Menu Key: ESCAPE
Stage Style: DECORATED
Scene Factory: class com.almasb.fxgl.app.scene.SceneFactory

13:16:01.079 [JavaFX Application Thread] DEBUG FXGLApplication      - Initializing FXGL
13:16:01.081 [JavaFX Application Thread] INFO  Engine               - FXGL-17.1 (24.03.2022 17.34) on WINDOWS (J:19.0.1 FX:19-ea)
13:16:01.082 [JavaFX Application Thread] DEBUG Engine               - JRE Vendor Name: Oracle Corporation
13:16:01.082 [JavaFX Application Thread] DEBUG Engine               - Running on OS: Windows 11 version 10.0
13:16:01.082 [JavaFX Application Thread] DEBUG Engine               - Architecture: amd64
13:16:01.082 [JavaFX Application Thread] INFO  Engine               - Source code and latest versions at: https://github.com/AlmasB/FXGL
13:16:01.082 [JavaFX Application Thread] INFO  Engine               -       Ask questions and discuss at: https://github.com/AlmasB/FXGL/discussions
13:16:01.082 [JavaFX Application Thread] INFO  Engine               -              Join the FXGL chat at: https://gitter.im/AlmasB/FXGL
13:16:01.153 [JavaFX Application Thread] DEBUG PrimaryStageWindow   - Creating a JavaFX scene
13:16:01.181 [JavaFX Application Thread] DEBUG PrimaryStageWindow   - Target settings size: 1280.0 x 720.0
13:16:01.181 [JavaFX Application Thread] DEBUG PrimaryStageWindow   - Scaled scene size:    1280.0 x 720.0
13:16:01.181 [JavaFX Application Thread] DEBUG PrimaryStageWindow   - Scaled ratio: (1.0, 1.0)
13:16:01.182 [JavaFX Application Thread] DEBUG PrimaryStageWindow   - Set initial scene to FXGLStartupScene
13:16:01.186 [JavaFX Application Thread] DEBUG PrimaryStageWindow   - Opening main window
13:16:01.270 [JavaFX Application Thread] DEBUG PrimaryStageWindow   - Window border size: (16.0, 39.0)
13:16:01.271 [JavaFX Application Thread] DEBUG PrimaryStageWindow   - Scaled size: 1280.0 x 720.0
13:16:01.271 [JavaFX Application Thread] DEBUG PrimaryStageWindow   - Scaled ratio: (1.0, 1.0)
13:16:01.271 [JavaFX Application Thread] DEBUG PrimaryStageWindow   - Scene size: 1280.0 x 720.0
13:16:01.271 [JavaFX Application Thread] DEBUG PrimaryStageWindow   - Stage size: 1296.0 x 759.0
13:16:01.280 [FXGL Background Thread 1 ] DEBUG Engine               - Initializing environment variables
13:16:01.344 [FXGL Background Thread 1 ] DEBUG FXGLAssetLoaderServi - User app class for loading assets: class com.example.ipose_megaman.Main
13:16:01.345 [FXGL Background Thread 1 ] DEBUG GameApplicationServi - Applying CSS: fxgl_dark.css
13:16:01.345 [FXGL Background Thread 1 ] DEBUG FXGLAssetLoaderServi - Loading from file system: jar:file:///C:/Users/julia/.m2/repository/com/github/almasb/fxgl/17.1/fxgl-17.1.jar!/fxglassets/ui/css/fxgl_dark.css
13:16:01.385 [FXGL Background Thread 1 ] DEBUG GameApplicationServi - Initializing application scenes
13:16:01.428 [FXGL Background Thread 1 ] DEBUG GameWorld            - Game world initialized
13:16:01.520 [FXGL Background Thread 1 ] DEBUG PhysicsWorld         - Physics world initialized: appHeight=720, physics.ppm=50,0
13:16:01.521 [FXGL Background Thread 1 ] DEBUG PhysicsWorld         - Using strategy: BRUTE_FORCE
13:16:01.527 [FXGL Background Thread 1 ] DEBUG GameScene            - Game scene initialized: 1280x720
13:16:01.535 [FXGL Background Thread 1 ] DEBUG FXGL.DefaultMenu     - createMenuBodyMainMenu()
13:16:01.545 [FXGL Background Thread 1 ] DEBUG FXGL.DefaultMenu     - createOptionsMenu()
13:16:01.567 [FXGL Background Thread 1 ] DEBUG FXGLAssetLoaderServi - Loading from file system: jar:file:///C:/Users/julia/.m2/repository/com/github/almasb/fxgl/17.1/fxgl-17.1.jar!/fxglassets/textures/particles/smoke.png
13:16:01.660 [FXGL Background Thread 1 ] DEBUG FXGLAssetLoaderServi - Loading from file system: jar:file:///C:/Users/julia/.m2/repository/com/github/almasb/fxgl/17.1/fxgl-17.1.jar!/fxglassets/textures/particles/trace_horizontal.png
13:16:01.688 [FXGL Background Thread 1 ] DEBUG FXGL.DefaultMenu     - createMenuBodyGameMenu()
13:16:01.689 [FXGL Background Thread 1 ] DEBUG FXGL.DefaultMenu     - createOptionsMenu()
13:16:01.701 [FXGL Background Thread 1 ] DEBUG GameApplicationServi - Application scenes initialized
13:16:01.710 [FXGL Background Thread 1 ] DEBUG SystemBundleService  - Loading FXGL system data
13:16:01.715 [FXGL Background Thread 1 ] DEBUG FileSystemAccess     - Reading from: C:\Users\julia\Desktop\IPOSE_MEGAMAN\system\fxgl.bundle
13:16:01.725 [FXGL Background Thread 1 ] DEBUG SystemBundleService  - Bundle FXGL: {}
13:16:01.725 [FXGL Background Thread 1 ] DEBUG UpdaterService       - Checking for updates
13:16:01.731 [FXGL Background Thread 4 ] DEBUG FXGLApplication      - Loading fonts
13:16:01.732 [FXGL Background Thread 1 ] DEBUG FXGLApplication      - Loading default localization
13:16:01.732 [FXGL Background Thread 4 ] DEBUG FXGLAssetLoaderServi - Loading from file system: jar:file:///C:/Users/julia/.m2/repository/com/github/almasb/fxgl/17.1/fxgl-17.1.jar!/fxglassets/ui/fonts/VarelaRound-Regular.ttf
13:16:01.733 [FXGL Background Thread 1 ] DEBUG FXGLAssetLoaderServi - Loading from file system: jar:file:///C:/Users/julia/.m2/repository/com/github/almasb/fxgl/17.1/fxgl-17.1.jar!/fxglassets/languages/english.lang
13:16:01.755 [FXGL Background Thread 1 ] INFO  FXGLApplication      - FXGL initialization took: 0,475 sec
13:16:01.764 [JavaFX Application Thread] DEBUG Input                - Registered new binding: Move Right - D
13:16:01.764 [JavaFX Application Thread] DEBUG Input                - Registered new binding: Move Left - A
13:16:01.765 [JavaFX Application Thread] DEBUG Input                - Registered new binding: Jump - Space
13:16:01.765 [JavaFX Application Thread] DEBUG Input                - Registered new binding: Shoot - Enter
13:16:01.765 [JavaFX Application Thread] DEBUG FXGLAssetLoaderServi - Loading from file system: jar:file:///C:/Users/julia/.m2/repository/com/github/almasb/fxgl/17.1/fxgl-17.1.jar!/fxglassets/textures/fxgl_icon.png
13:16:01.780 [JavaFX Application Thread] DEBUG FXGLAssetLoaderServi - Loading from file system: jar:file:///C:/Users/julia/.m2/repository/com/github/almasb/fxgl/17.1/fxgl-17.1.jar!/fxglassets/textures/fxgl_default_cursor.png
13:16:01.783 [JavaFX Application Thread] DEBUG Input                - Registered new binding: Screenshot - CTRL+8
13:16:01.783 [JavaFX Application Thread] DEBUG Input                - Registered new binding: System info dump - CTRL+9
13:16:01.783 [JavaFX Application Thread] DEBUG Input                - Registered new binding: Restart - CTRL+R
13:16:01.783 [JavaFX Application Thread] DEBUG Input                - Registered new binding: Toggle Debug Camera - CTRL+7
13:16:01.786 [JavaFX Application Thread] DEBUG LoopRunner           - Starting loop
13:16:01.786 [JavaFX Application Thread] DEBUG LoopRunner           - Initializing JavaFX AnimationTimerLoop
13:16:01.789 [JavaFX Application Thread] DEBUG Input                - Clearing active input actions
13:16:01.797 [JavaFX Application Thread] DEBUG GameApplicationServi - Removing overlay from FXGLStartupScene and adding to FXGLMainMenuDummyScene
13:16:01.798 [JavaFX Application Thread] DEBUG PrimaryStageWindow   - FXGLStartupScene -> FXGLMainMenuDummyScene
13:16:01.798 [JavaFX Application Thread] DEBUG PrimaryStageWindow   - Push state: FXGLDefaultMenu
13:16:01.803 [JavaFX Application Thread] DEBUG Input                - Clearing active input actions
13:16:01.807 [FXGL Background Thread 4 ] DEBUG FXGLAssetLoaderServi - Loading from file system: jar:file:///C:/Users/julia/.m2/repository/com/github/almasb/fxgl/17.1/fxgl-17.1.jar!/fxglassets/ui/fonts/Abel-Regular.ttf
13:16:01.813 [FXGL Background Thread 4 ] DEBUG FXGLAssetLoaderServi - Loading from file system: jar:file:///C:/Users/julia/.m2/repository/com/github/almasb/fxgl/17.1/fxgl-17.1.jar!/fxglassets/ui/fonts/TerminalLandMono-Regular.otf
13:16:01.815 [JavaFX Application Thread] DEBUG GameApplicationServi - Removing overlay from FXGLMainMenuDummyScene and adding to FXGLDefaultMenu
13:16:01.816 [JavaFX Application Thread] DEBUG PrimaryStageWindow   - FXGLMainMenuDummyScene -> FXGLDefaultMenu
13:16:01.819 [FXGL Background Thread 4 ] DEBUG FXGLAssetLoaderServi - Loading from file system: jar:file:///C:/Users/julia/.m2/repository/com/github/almasb/fxgl/17.1/fxgl-17.1.jar!/fxglassets/ui/fonts/Courier-Prime.ttf
13:16:01.885 [JavaFX Application Thread] DEBUG FXGLApplication      - Registering font factories with UI factory
13:16:02.427 [FXGL Background Thread 2 ] INFO  UpdaterService       - Your current version:  17.1
13:16:02.427 [FXGL Background Thread 2 ] INFO  UpdaterService       - Latest stable version: 17.3
13:16:04.731 [FXGL Background Thread 3 ] DEBUG Engine               - Logging environment variables
13:16:04.732 [FXGL Background Thread 3 ] DEBUG Engine               - achievements: []
13:16:04.733 [FXGL Background Thread 3 ] DEBUG Engine               - actualHeight: 720.0
13:16:04.733 [FXGL Background Thread 3 ] DEBUG Engine               - actualHeightProperty: ReadOnlyDoubleProperty [value: 720.0]
13:16:04.733 [FXGL Background Thread 3 ] DEBUG Engine               - actualWidth: 1280.0
13:16:04.734 [FXGL Background Thread 3 ] DEBUG Engine               - actualWidthProperty: ReadOnlyDoubleProperty [value: 1280.0]
13:16:04.734 [FXGL Background Thread 3 ] DEBUG Engine               - appIcon: fxgl_icon.png
13:16:04.734 [FXGL Background Thread 3 ] DEBUG Engine               - applicationMode: DEVELOPER
13:16:04.734 [FXGL Background Thread 3 ] DEBUG Engine               - cSSList: [fxgl_dark.css]
13:16:04.735 [FXGL Background Thread 3 ] DEBUG Engine               - collisionDetectionStrategy: BRUTE_FORCE
13:16:04.735 [FXGL Background Thread 3 ] DEBUG Engine               - configClass: Optional.empty
13:16:04.735 [FXGL Background Thread 3 ] DEBUG Engine               - credits: []
13:16:04.736 [FXGL Background Thread 3 ] DEBUG Engine               - defaultCursor: CursorInfo(imageName=fxgl_default_cursor.png, hotspotX=7.0, hotspotY=6.0)
13:16:04.737 [FXGL Background Thread 3 ] DEBUG Engine               - devBBoxColorProperty: ObjectProperty [value: 0xff0000ff]
13:16:04.737 [FXGL Background Thread 3 ] DEBUG Engine               - devEnableDebugCameraProperty: BooleanProperty [value: false]
13:16:04.738 [FXGL Background Thread 3 ] DEBUG Engine               - devSensorColorProperty: ObjectProperty [value: 0xffff00ff]
13:16:04.738 [FXGL Background Thread 3 ] DEBUG Engine               - devShowBBoxProperty: BooleanProperty [value: false]
13:16:04.738 [FXGL Background Thread 3 ] DEBUG Engine               - devShowPositionProperty: BooleanProperty [value: false]
13:16:04.738 [FXGL Background Thread 3 ] DEBUG Engine               - enabledMenuItems: []
13:16:04.738 [FXGL Background Thread 3 ] DEBUG Engine               - engineServices: [class com.almasb.fxgl.app.services.FXGLAssetLoaderService, class com.almasb.fxgl.app.FXGLApplication$GameApplicationService, class com.almasb.fxgl.app.services.FXGLDialogService, class com.almasb.fxgl.app.services.IOTaskExecutorService, class com.almasb.fxgl.io.FileSystemService, class com.almasb.fxgl.localization.LocalizationService, class com.almasb.fxgl.app.services.SystemBundleService, class com.almasb.fxgl.profile.SaveLoadService, class com.almasb.fxgl.ui.FXGLUIFactoryServiceProvider, class com.almasb.fxgl.ui.FXGLDialogFactoryServiceProvider, class com.almasb.fxgl.audio.AudioPlayer, class com.almasb.fxgl.notification.impl.NotificationServiceProvider, class com.almasb.fxgl.achievement.AchievementService, class com.almasb.fxgl.cutscene.CutsceneService, class com.almasb.fxgl.minigames.MiniGameService, class com.almasb.fxgl.net.NetService, class com.almasb.fxgl.app.services.UpdaterService, class com.almasb.fxgl.dev.DevService]
13:16:04.739 [FXGL Background Thread 3 ] DEBUG Engine               - fontGame: Abel-Regular.ttf
13:16:04.739 [FXGL Background Thread 3 ] DEBUG Engine               - fontMono: TerminalLandMono-Regular.otf
13:16:04.739 [FXGL Background Thread 3 ] DEBUG Engine               - fontText: Courier-Prime.ttf
13:16:04.739 [FXGL Background Thread 3 ] DEBUG Engine               - fontUI: VarelaRound-Regular.ttf
13:16:04.739 [FXGL Background Thread 3 ] DEBUG Engine               - fullScreen: BooleanProperty [value: false]
13:16:04.739 [FXGL Background Thread 3 ] DEBUG Engine               - gameDifficulty: MEDIUM
13:16:04.740 [FXGL Background Thread 3 ] DEBUG Engine               - gameDifficultyProperty: ObjectProperty [value: MEDIUM]
13:16:04.740 [FXGL Background Thread 3 ] DEBUG Engine               - globalMusicVolume: 0.5
13:16:04.740 [FXGL Background Thread 3 ] DEBUG Engine               - globalMusicVolumeProperty: DoubleProperty [value: 0.5]
13:16:04.740 [FXGL Background Thread 3 ] DEBUG Engine               - globalSoundVolume: 0.5
13:16:04.741 [FXGL Background Thread 3 ] DEBUG Engine               - globalSoundVolumeProperty: DoubleProperty [value: 0.5]
13:16:04.741 [FXGL Background Thread 3 ] DEBUG Engine               - height: 720
13:16:04.741 [FXGL Background Thread 3 ] DEBUG Engine               - is3D: false
13:16:04.741 [FXGL Background Thread 3 ] DEBUG Engine               - isAndroid: false
13:16:04.741 [FXGL Background Thread 3 ] DEBUG Engine               - isBrowser: false
13:16:04.741 [FXGL Background Thread 3 ] DEBUG Engine               - isClickFeedbackEnabled: false
13:16:04.742 [FXGL Background Thread 3 ] DEBUG Engine               - isCloseConfirmation: false
13:16:04.742 [FXGL Background Thread 3 ] DEBUG Engine               - isDesktop: true
13:16:04.742 [FXGL Background Thread 3 ] DEBUG Engine               - isDeveloperMenuEnabled: false
13:16:04.742 [FXGL Background Thread 3 ] DEBUG Engine               - isEmbedded: false
13:16:04.742 [FXGL Background Thread 3 ] DEBUG Engine               - isEntityPreloadEnabled: true
13:16:04.743 [FXGL Background Thread 3 ] DEBUG Engine               - isExperimentalTiledLargeMap: false
13:16:04.743 [FXGL Background Thread 3 ] DEBUG Engine               - isFileSystemWriteAllowed: true
13:16:04.743 [FXGL Background Thread 3 ] DEBUG Engine               - isFullScreenAllowed: false
13:16:04.743 [FXGL Background Thread 3 ] DEBUG Engine               - isFullScreenFromStart: false
13:16:04.743 [FXGL Background Thread 3 ] DEBUG Engine               - isGameMenuEnabled: true
13:16:04.743 [FXGL Background Thread 3 ] DEBUG Engine               - isIOS: false
13:16:04.743 [FXGL Background Thread 3 ] DEBUG Engine               - isIntroEnabled: false
13:16:04.744 [FXGL Background Thread 3 ] DEBUG Engine               - isLinux: false
13:16:04.744 [FXGL Background Thread 3 ] DEBUG Engine               - isMac: false
13:16:04.744 [FXGL Background Thread 3 ] DEBUG Engine               - isMainMenuEnabled: true
13:16:04.744 [FXGL Background Thread 3 ] DEBUG Engine               - isManualResizeEnabled: false
13:16:04.744 [FXGL Background Thread 3 ] DEBUG Engine               - isMobile: false
13:16:04.744 [FXGL Background Thread 3 ] DEBUG Engine               - isNative: false
13:16:04.744 [FXGL Background Thread 3 ] DEBUG Engine               - isPauseMusicWhenMinimized: true
13:16:04.745 [FXGL Background Thread 3 ] DEBUG Engine               - isPreserveResizeRatio: false
13:16:04.745 [FXGL Background Thread 3 ] DEBUG Engine               - isProfilingEnabled: false
13:16:04.745 [FXGL Background Thread 3 ] DEBUG Engine               - isScaleAffectedOnResize: true
13:16:04.745 [FXGL Background Thread 3 ] DEBUG Engine               - isSingleStep: false
13:16:04.745 [FXGL Background Thread 3 ] DEBUG Engine               - isUserProfileEnabled: false
13:16:04.745 [FXGL Background Thread 3 ] DEBUG Engine               - isWindows: true
13:16:04.746 [FXGL Background Thread 3 ] DEBUG Engine               - language: ObjectProperty [value: ENGLISH]
13:16:04.746 [FXGL Background Thread 3 ] DEBUG Engine               - menuKey: ESCAPE
13:16:04.746 [FXGL Background Thread 3 ] DEBUG Engine               - mouseSensitivity: 0.2
13:16:04.746 [FXGL Background Thread 3 ] DEBUG Engine               - notificationViewClass: class com.almasb.fxgl.notification.view.XboxNotificationView
13:16:04.746 [FXGL Background Thread 3 ] DEBUG Engine               - pixelsPerMeter: 50.0
13:16:04.746 [FXGL Background Thread 3 ] DEBUG Engine               - platform: WINDOWS
13:16:04.746 [FXGL Background Thread 3 ] DEBUG Engine               - prefHeightProperty: ReadOnlyDoubleProperty [value: 720.0]
13:16:04.747 [FXGL Background Thread 3 ] DEBUG Engine               - prefWidthProperty: ReadOnlyDoubleProperty [value: 1280.0]
13:16:04.747 [FXGL Background Thread 3 ] DEBUG Engine               - profileDir: profiles/
13:16:04.747 [FXGL Background Thread 3 ] DEBUG Engine               - profileName: StringProperty [value: DEFAULT]
13:16:04.747 [FXGL Background Thread 3 ] DEBUG Engine               - randomSeed: -1
13:16:04.748 [FXGL Background Thread 3 ] DEBUG Engine               - runtimeInfo: RuntimeInfo(platform=WINDOWS, version=17.1, build=24.03.2022 17.34)
13:16:04.748 [FXGL Background Thread 3 ] DEBUG Engine               - saveFileExt: sav
13:16:04.748 [FXGL Background Thread 3 ] DEBUG Engine               - scaledHeightProp$fxgl: DoubleProperty [bound, value: 720.0]
13:16:04.748 [FXGL Background Thread 3 ] DEBUG Engine               - scaledWidthProp$fxgl: DoubleProperty [bound, value: 1280.0]
13:16:04.748 [FXGL Background Thread 3 ] DEBUG Engine               - sceneFactory: com.almasb.fxgl.app.scene.SceneFactory@2095f85
13:16:04.748 [FXGL Background Thread 3 ] DEBUG Engine               - secondsIn24h: 60
13:16:04.748 [FXGL Background Thread 3 ] DEBUG Engine               - soundMenuBack: menu/back.wav
13:16:04.748 [FXGL Background Thread 3 ] DEBUG Engine               - soundMenuPress: menu/press.wav
13:16:04.748 [FXGL Background Thread 3 ] DEBUG Engine               - soundMenuSelect: menu/select.wav
13:16:04.748 [FXGL Background Thread 3 ] DEBUG Engine               - soundNotification: core/notification.wav
13:16:04.748 [FXGL Background Thread 3 ] DEBUG Engine               - stageStyle: DECORATED
13:16:04.749 [FXGL Background Thread 3 ] DEBUG Engine               - supportedLanguages: [ENGLISH, FRENCH, GERMAN, HUNGARIAN, RUSSIAN]
13:16:04.749 [FXGL Background Thread 3 ] DEBUG Engine               - ticksPerSecond: -1
13:16:04.749 [FXGL Background Thread 3 ] DEBUG Engine               - title: Tetris Man 2
13:16:04.749 [FXGL Background Thread 3 ] DEBUG Engine               - urlGithub: https://github.com/AlmasB/FXGL
13:16:04.749 [FXGL Background Thread 3 ] DEBUG Engine               - urlLeaderboard: http://fxgl-top.herokuapp.com/
13:16:04.749 [FXGL Background Thread 3 ] DEBUG Engine               - urlPOM: https://raw.githubusercontent.com/AlmasB/FXGL/release/README.md
13:16:04.749 [FXGL Background Thread 3 ] DEBUG Engine               - userAppClass: class com.example.ipose_megaman.Main
13:16:04.749 [FXGL Background Thread 3 ] DEBUG Engine               - version: 1.0
13:16:04.749 [FXGL Background Thread 3 ] DEBUG Engine               - versionCheckDays: 7
13:16:04.749 [FXGL Background Thread 3 ] DEBUG Engine               - width: 1280
13:16:04.749 [FXGL Background Thread 3 ] DEBUG Engine               - Logging services
13:16:04.749 [FXGL Background Thread 3 ] DEBUG Engine               - class com.almasb.fxgl.app.services.FXGLAssetLoaderService
13:16:04.749 [FXGL Background Thread 3 ] DEBUG Engine               - class com.almasb.fxgl.app.FXGLApplication$GameApplicationService
13:16:04.749 [FXGL Background Thread 3 ] DEBUG Engine               - class com.almasb.fxgl.app.services.FXGLDialogService
13:16:04.749 [FXGL Background Thread 3 ] DEBUG Engine               - class com.almasb.fxgl.app.services.IOTaskExecutorService
13:16:04.749 [FXGL Background Thread 3 ] DEBUG Engine               - class com.almasb.fxgl.io.FileSystemService
13:16:04.749 [FXGL Background Thread 3 ] DEBUG Engine               - class com.almasb.fxgl.localization.LocalizationService
13:16:04.749 [FXGL Background Thread 3 ] DEBUG Engine               - class com.almasb.fxgl.app.services.SystemBundleService
13:16:04.749 [FXGL Background Thread 3 ] DEBUG Engine               - class com.almasb.fxgl.profile.SaveLoadService
13:16:04.749 [FXGL Background Thread 3 ] DEBUG Engine               - class com.almasb.fxgl.ui.FXGLUIFactoryServiceProvider
13:16:04.749 [FXGL Background Thread 3 ] DEBUG Engine               - class com.almasb.fxgl.ui.FXGLDialogFactoryServiceProvider
13:16:04.749 [FXGL Background Thread 3 ] DEBUG Engine               - class com.almasb.fxgl.audio.AudioPlayer
13:16:04.749 [FXGL Background Thread 3 ] DEBUG Engine               - class com.almasb.fxgl.notification.impl.NotificationServiceProvider
13:16:04.749 [FXGL Background Thread 3 ] DEBUG Engine               - class com.almasb.fxgl.achievement.AchievementService
13:16:04.749 [FXGL Background Thread 3 ] DEBUG Engine               - class com.almasb.fxgl.cutscene.CutsceneService
13:16:04.749 [FXGL Background Thread 3 ] DEBUG Engine               - class com.almasb.fxgl.minigames.MiniGameService
13:16:04.749 [FXGL Background Thread 3 ] DEBUG Engine               - class com.almasb.fxgl.net.NetService
13:16:04.749 [FXGL Background Thread 3 ] DEBUG Engine               - class com.almasb.fxgl.app.services.UpdaterService
13:16:04.749 [FXGL Background Thread 3 ] DEBUG Engine               - class com.almasb.fxgl.dev.DevService
13:16:05.016 [JavaFX Application Thread] DEBUG Menu                 - fireNewGame()
13:16:05.016 [JavaFX Application Thread] DEBUG GameApplicationServi - Starting new game
13:16:05.017 [JavaFX Application Thread] DEBUG PrimaryStageWindow   - Pop state: FXGLDefaultMenu
13:16:05.017 [JavaFX Application Thread] DEBUG Input                - Clearing active input actions
13:16:05.018 [JavaFX Application Thread] DEBUG GameApplicationServi - Removing overlay from FXGLDefaultMenu and adding to FXGLMainMenuDummyScene
13:16:05.020 [JavaFX Application Thread] DEBUG PrimaryStageWindow   - FXGLMainMenuDummyScene <- FXGLDefaultMenu
13:16:05.020 [JavaFX Application Thread] DEBUG Input                - Clearing active input actions
13:16:05.026 [JavaFX Application Thread] DEBUG GameApplicationServi - Removing overlay from FXGLMainMenuDummyScene and adding to FXGLLoadingScene
13:16:05.026 [JavaFX Application Thread] DEBUG PrimaryStageWindow   - FXGLMainMenuDummyScene -> FXGLLoadingScene
13:16:05.026 [JavaFX Application Thread] DEBUG GameApplicationServi - Clearing previous game
13:16:05.026 [JavaFX Application Thread] DEBUG GameScene            - Clearing game scene
13:16:05.026 [JavaFX Application Thread] DEBUG GameWorld            - Clearing game world
13:16:05.026 [JavaFX Application Thread] DEBUG PhysicsWorld         - Clearing physics world
13:16:05.031 [FXGL Background Thread 2 ] DEBUG FXGLApplication      - Initializing game
13:16:05.106 [FXGL Background Thread 2 ] WARN  TMXLevelLoader       - TiledMap generated from 1.10.0. Supported version: 1.4.2. Some features may not be parsed fully.
13:16:05.138 [FXGL Background Thread 2 ] DEBUG TMXLevelLoader       - Parsed TiledMap: file:/C:/Users/julia/Desktop/IPOSE_MEGAMAN/target/classes/assets/levels/level.tmx
13:16:05.139 [FXGL Background Thread 2 ] DEBUG TMXLevelLoader       - Creating tile layer entities
13:16:05.140 [FXGL Background Thread 2 ] DEBUG TilesetLoader        - Loading view for layer Tilelaag 1
13:16:05.184 [FXGL Background Thread 2 ] DEBUG TilesetLoader        - Created buffer with size 28000.0x1400.0
13:16:05.188 [FXGL Background Thread 2 ] DEBUG TMXLevelLoader       - Creating object layer entities
13:16:05.234 [FXGL Background Thread 2 ] DEBUG FXGLAssetLoaderServi - Loading from file system: file:/C:/Users/julia/Desktop/IPOSE_MEGAMAN/target/classes/assets/textures/enemy.png
13:16:05.242 [FXGL Background Thread 2 ] DEBUG GameWorld            - Clearing removable entities
13:16:05.243 [FXGL Background Thread 2 ] DEBUG GameWorld            - Setting level: com.almasb.fxgl.entity.level.Level@27eff1b8
13:16:05.262 [FXGL Background Thread 2 ] WARN  FXGLAssetLoaderServi - Asset "/assets/textures/assets/textures/MegaManIdle.png" was not found!
13:16:05.262 [FXGL Background Thread 2 ] WARN  FXGLAssetLoaderServi - Failed to load IMAGE
13:16:05.278 [FXGL Background Thread 2 ] DEBUG FXGLAssetLoaderServi - Loading from file system: file:/C:/Users/julia/Desktop/IPOSE_MEGAMAN/target/classes/assets/textures/MegaManIdle.png
13:16:05.283 [FXGL Background Thread 2 ] DEBUG FXGLAssetLoaderServi - Loading from file system: file:/C:/Users/julia/Desktop/IPOSE_MEGAMAN/target/classes/assets/textures/background2.jpg
13:16:05.576 [FXGL Background Thread 2 ] INFO  FXGLApplication      - Game initialization took: 0,545 sec
13:16:05.579 [JavaFX Application Thread] DEBUG Input                - Clearing active input actions
13:16:05.583 [JavaFX Application Thread] DEBUG GameApplicationServi - Removing overlay from FXGLLoadingScene and adding to GameScene
13:16:05.583 [JavaFX Application Thread] DEBUG PrimaryStageWindow   - FXGLLoadingScene -> GameScene
13:16:10.825 [JavaFX Application Thread] WARN  FXGLAssetLoaderServi - Asset "/assets/sounds/shoot.wav" was not found!
13:16:10.826 [JavaFX Application Thread] WARN  FXGLAssetLoaderServi - Failed to load SOUND
13:16:22.844 [JavaFX Application Thread] WARN  FXGLAssetLoaderServi - Asset "/assets/sounds/shoot.wav" was not found!
13:16:22.844 [JavaFX Application Thread] WARN  FXGLAssetLoaderServi - Failed to load SOUND
13:16:31.572 [JavaFX Application Thread] WARN  FXGLAssetLoaderServi - Asset "/assets/sounds/shoot.wav" was not found!
13:16:31.572 [JavaFX Application Thread] WARN  FXGLAssetLoaderServi - Failed to load SOUND
13:16:32.149 [JavaFX Application Thread] WARN  FXGLAssetLoaderServi - Asset "/assets/sounds/shoot.wav" was not found!
13:16:32.150 [JavaFX Application Thread] WARN  FXGLAssetLoaderServi - Failed to load SOUND
13:16:32.902 [JavaFX Application Thread] WARN  FXGLAssetLoaderServi - Asset "/assets/sounds/shoot.wav" was not found!
13:16:32.902 [JavaFX Application Thread] WARN  FXGLAssetLoaderServi - Failed to load SOUND
13:16:34.213 [JavaFX Application Thread] WARN  FXGLAssetLoaderServi - Asset "/assets/sounds/shoot.wav" was not found!
13:16:34.214 [JavaFX Application Thread] WARN  FXGLAssetLoaderServi - Failed to load SOUND
13:16:34.503 [JavaFX Application Thread] WARN  FXGLAssetLoaderServi - Asset "/assets/sounds/shoot.wav" was not found!
13:16:34.503 [JavaFX Application Thread] WARN  FXGLAssetLoaderServi - Failed to load SOUND
13:16:34.699 [JavaFX Application Thread] WARN  FXGLAssetLoaderServi - Asset "/assets/sounds/shoot.wav" was not found!
13:16:34.699 [JavaFX Application Thread] WARN  FXGLAssetLoaderServi - Failed to load SOUND
13:16:49.600 [JavaFX Application Thread] WARN  FXGLAssetLoaderServi - Asset "/assets/sounds/shoot.wav" was not found!
13:16:49.600 [JavaFX Application Thread] WARN  FXGLAssetLoaderServi - Failed to load SOUND
13:16:50.053 [JavaFX Application Thread] WARN  FXGLAssetLoaderServi - Asset "/assets/sounds/shoot.wav" was not found!
13:16:50.053 [JavaFX Application Thread] WARN  FXGLAssetLoaderServi - Failed to load SOUND
13:16:50.376 [JavaFX Application Thread] WARN  FXGLAssetLoaderServi - Asset "/assets/sounds/shoot.wav" was not found!
13:16:50.376 [JavaFX Application Thread] WARN  FXGLAssetLoaderServi - Failed to load SOUND
13:16:50.679 [JavaFX Application Thread] WARN  FXGLAssetLoaderServi - Asset "/assets/sounds/shoot.wav" was not found!
13:16:50.679 [JavaFX Application Thread] WARN  FXGLAssetLoaderServi - Failed to load SOUND
13:16:50.915 [JavaFX Application Thread] WARN  FXGLAssetLoaderServi - Asset "/assets/sounds/shoot.wav" was not found!
13:16:50.915 [JavaFX Application Thread] WARN  FXGLAssetLoaderServi - Failed to load SOUND
13:16:51.162 [JavaFX Application Thread] WARN  FXGLAssetLoaderServi - Asset "/assets/sounds/shoot.wav" was not found!
13:16:51.162 [JavaFX Application Thread] WARN  FXGLAssetLoaderServi - Failed to load SOUND
13:16:51.429 [JavaFX Application Thread] WARN  FXGLAssetLoaderServi - Asset "/assets/sounds/shoot.wav" was not found!
13:16:51.429 [JavaFX Application Thread] WARN  FXGLAssetLoaderServi - Failed to load SOUND
13:16:51.624 [JavaFX Application Thread] WARN  FXGLAssetLoaderServi - Asset "/assets/sounds/shoot.wav" was not found!
13:16:51.624 [JavaFX Application Thread] WARN  FXGLAssetLoaderServi - Failed to load SOUND
13:16:52.513 [JavaFX Application Thread] WARN  FXGLAssetLoaderServi - Asset "/assets/sounds/shoot.wav" was not found!
13:16:52.513 [JavaFX Application Thread] WARN  FXGLAssetLoaderServi - Failed to load SOUND
13:17:05.945 [JavaFX Application Thread] WARN  FXGLAssetLoaderServi - Asset "/assets/sounds/shoot.wav" was not found!
13:17:05.945 [JavaFX Application Thread] WARN  FXGLAssetLoaderServi - Failed to load SOUND
13:17:17.448 [JavaFX Application Thread] WARN  FXGLAssetLoaderServi - Asset "/assets/sounds/shoot.wav" was not found!
13:17:17.448 [JavaFX Application Thread] WARN  FXGLAssetLoaderServi - Failed to load SOUND
13:17:17.735 [JavaFX Application Thread] WARN  FXGLAssetLoaderServi - Asset "/assets/sounds/shoot.wav" was not found!
13:17:17.735 [JavaFX Application Thread] WARN  FXGLAssetLoaderServi - Failed to load SOUND
13:17:17.929 [JavaFX Application Thread] WARN  FXGLAssetLoaderServi - Asset "/assets/sounds/shoot.wav" was not found!
13:17:17.930 [JavaFX Application Thread] WARN  FXGLAssetLoaderServi - Failed to load SOUND
13:17:18.139 [JavaFX Application Thread] WARN  FXGLAssetLoaderServi - Asset "/assets/sounds/shoot.wav" was not found!
13:17:18.139 [JavaFX Application Thread] WARN  FXGLAssetLoaderServi - Failed to load SOUND
13:17:18.328 [JavaFX Application Thread] WARN  FXGLAssetLoaderServi - Asset "/assets/sounds/shoot.wav" was not found!
13:17:18.328 [JavaFX Application Thread] WARN  FXGLAssetLoaderServi - Failed to load SOUND
13:17:18.550 [JavaFX Application Thread] WARN  FXGLAssetLoaderServi - Asset "/assets/sounds/shoot.wav" was not found!
13:17:18.550 [JavaFX Application Thread] WARN  FXGLAssetLoaderServi - Failed to load SOUND
13:17:18.761 [JavaFX Application Thread] WARN  FXGLAssetLoaderServi - Asset "/assets/sounds/shoot.wav" was not found!
13:17:18.761 [JavaFX Application Thread] WARN  FXGLAssetLoaderServi - Failed to load SOUND
13:17:18.965 [JavaFX Application Thread] WARN  FXGLAssetLoaderServi - Asset "/assets/sounds/shoot.wav" was not found!
13:17:18.966 [JavaFX Application Thread] WARN  FXGLAssetLoaderServi - Failed to load SOUND
13:17:19.176 [JavaFX Application Thread] WARN  FXGLAssetLoaderServi - Asset "/assets/sounds/shoot.wav" was not found!
13:17:19.177 [JavaFX Application Thread] WARN  FXGLAssetLoaderServi - Failed to load SOUND
13:17:19.413 [JavaFX Application Thread] WARN  FXGLAssetLoaderServi - Asset "/assets/sounds/shoot.wav" was not found!
13:17:19.414 [JavaFX Application Thread] WARN  FXGLAssetLoaderServi - Failed to load SOUND
13:17:40.775 [JavaFX Application Thread] WARN  FXGLAssetLoaderServi - Asset "/assets/sounds/shoot.wav" was not found!
13:17:40.775 [JavaFX Application Thread] WARN  FXGLAssetLoaderServi - Failed to load SOUND
13:17:47.495 [JavaFX Application Thread] DEBUG FXGLApplication      - Exiting FXGL
13:17:47.495 [JavaFX Application Thread] DEBUG LoopRunner           - Stopping loop
13:17:47.495 [JavaFX Application Thread] DEBUG SystemBundleService  - Saving FXGL system data
13:17:47.498 [JavaFX Application Thread] DEBUG FileSystemAccess     - Writing to: C:\Users\julia\Desktop\IPOSE_MEGAMAN\system\fxgl.bundle
13:17:47.501 [JavaFX Application Thread] DEBUG Async                - Shutting down background threads
13:17:47.501 [JavaFX Application Thread] DEBUG PrimaryStageWindow   - Closing main window
13:17:47.526 [JavaFX Application Thread] DEBUG Logger               - Closing Logger
