10:19:46.066 [main                     ] DEBUG Logger               - Configured Logger
10:19:46.090 [main                     ] DEBUG GameApplication      - Logging settings
Title: Tetris Man 2
Version: 1.0
Width: 720
Height: 480
Fullscreen: false
Intro: false
Profiling: false
Single step:false
App Mode: DEVELOPER
Menu Key: ESCAPE
Stage Style: DECORATED
Scene Factory: class com.almasb.fxgl.app.scene.SceneFactory

10:19:46.759 [JavaFX Application Thread] DEBUG FXGLApplication      - Initializing FXGL
10:19:46.764 [JavaFX Application Thread] INFO  Engine               - FXGL-17.1 (24.03.2022 17.34) on WINDOWS (J:19.0.2 FX:19-ea)
10:19:46.764 [JavaFX Application Thread] DEBUG Engine               - JRE Vendor Name: Oracle Corporation
10:19:46.764 [JavaFX Application Thread] DEBUG Engine               - Running on OS: Windows 10 version 10.0
10:19:46.765 [JavaFX Application Thread] DEBUG Engine               - Architecture: amd64
10:19:46.765 [JavaFX Application Thread] INFO  Engine               - Source code and latest versions at: https://github.com/AlmasB/FXGL
10:19:46.765 [JavaFX Application Thread] INFO  Engine               -       Ask questions and discuss at: https://github.com/AlmasB/FXGL/discussions
10:19:46.765 [JavaFX Application Thread] INFO  Engine               -              Join the FXGL chat at: https://gitter.im/AlmasB/FXGL
10:19:46.860 [JavaFX Application Thread] DEBUG PrimaryStageWindow   - Creating a JavaFX scene
10:19:46.906 [JavaFX Application Thread] DEBUG PrimaryStageWindow   - Target settings size: 720.0 x 480.0
10:19:46.906 [JavaFX Application Thread] DEBUG PrimaryStageWindow   - Scaled scene size:    720.0 x 480.0
10:19:46.906 [JavaFX Application Thread] DEBUG PrimaryStageWindow   - Scaled ratio: (1.0, 1.0)
10:19:46.907 [JavaFX Application Thread] DEBUG PrimaryStageWindow   - Set initial scene to FXGLStartupScene
10:19:46.914 [JavaFX Application Thread] DEBUG PrimaryStageWindow   - Opening main window
10:19:47.009 [JavaFX Application Thread] DEBUG PrimaryStageWindow   - Window border size: (14.4000244140625, 37.5999755859375)
10:19:47.010 [JavaFX Application Thread] DEBUG PrimaryStageWindow   - Scaled size: 720.0 x 480.0
10:19:47.010 [JavaFX Application Thread] DEBUG PrimaryStageWindow   - Scaled ratio: (1.0, 1.0)
10:19:47.010 [JavaFX Application Thread] DEBUG PrimaryStageWindow   - Scene size: 720.0 x 480.0
10:19:47.010 [JavaFX Application Thread] DEBUG PrimaryStageWindow   - Stage size: 734.4000244140625 x 517.5999755859375
10:19:47.017 [FXGL Background Thread 1 ] DEBUG Engine               - Initializing environment variables
10:19:47.069 [FXGL Background Thread 1 ] DEBUG FXGLAssetLoaderServi - User app class for loading assets: class com.example.ipose_megaman.Main
10:19:47.070 [FXGL Background Thread 1 ] DEBUG GameApplicationServi - Applying CSS: fxgl_dark.css
10:19:47.071 [FXGL Background Thread 1 ] DEBUG FXGLAssetLoaderServi - Loading from file system: jar:file:///C:/Users/Patryk/.m2/repository/com/github/almasb/fxgl/17.1/fxgl-17.1.jar!/fxglassets/ui/css/fxgl_dark.css
10:19:47.118 [FXGL Background Thread 1 ] DEBUG GameApplicationServi - Initializing application scenes
10:19:47.188 [FXGL Background Thread 1 ] DEBUG GameWorld            - Game world initialized
10:19:47.254 [FXGL Background Thread 1 ] DEBUG PhysicsWorld         - Physics world initialized: appHeight=480, physics.ppm=50,0
10:19:47.254 [FXGL Background Thread 1 ] DEBUG PhysicsWorld         - Using strategy: BRUTE_FORCE
10:19:47.258 [FXGL Background Thread 1 ] DEBUG GameScene            - Game scene initialized: 720x480
10:19:47.273 [FXGL Background Thread 1 ] WARN  FXGL.DefaultMenu     - FXGLDefaultMenu is not designed for resolutions < 800x600
10:19:47.273 [FXGL Background Thread 1 ] DEBUG FXGL.DefaultMenu     - createMenuBodyMainMenu()
10:19:47.288 [FXGL Background Thread 1 ] DEBUG FXGL.DefaultMenu     - createOptionsMenu()
10:19:47.301 [FXGL Background Thread 1 ] DEBUG FXGLAssetLoaderServi - Loading from file system: jar:file:///C:/Users/Patryk/.m2/repository/com/github/almasb/fxgl/17.1/fxgl-17.1.jar!/fxglassets/textures/particles/smoke.png
10:19:47.389 [FXGL Background Thread 1 ] DEBUG FXGLAssetLoaderServi - Loading from file system: jar:file:///C:/Users/Patryk/.m2/repository/com/github/almasb/fxgl/17.1/fxgl-17.1.jar!/fxglassets/textures/particles/trace_horizontal.png
10:19:47.424 [FXGL Background Thread 1 ] WARN  FXGL.DefaultMenu     - FXGLDefaultMenu is not designed for resolutions < 800x600
10:19:47.424 [FXGL Background Thread 1 ] DEBUG FXGL.DefaultMenu     - createMenuBodyGameMenu()
10:19:47.426 [FXGL Background Thread 1 ] DEBUG FXGL.DefaultMenu     - createOptionsMenu()
10:19:47.447 [FXGL Background Thread 1 ] DEBUG GameApplicationServi - Application scenes initialized
10:19:47.460 [FXGL Background Thread 1 ] DEBUG SystemBundleService  - Loading FXGL system data
10:19:47.471 [FXGL Background Thread 1 ] DEBUG FileSystemAccess     - Reading from: D:\GITHUB ZOOI\IPOSE-FXGL-Mega-Man\system\fxgl.bundle
10:19:47.481 [FXGL Background Thread 1 ] DEBUG SystemBundleService  - Bundle FXGL: {}
10:19:47.481 [FXGL Background Thread 1 ] DEBUG UpdaterService       - Checking for updates
10:19:47.486 [FXGL Background Thread 1 ] DEBUG FXGLApplication      - Loading default localization
10:19:47.487 [FXGL Background Thread 1 ] DEBUG FXGLAssetLoaderServi - Loading from file system: jar:file:///C:/Users/Patryk/.m2/repository/com/github/almasb/fxgl/17.1/fxgl-17.1.jar!/fxglassets/languages/english.lang
10:19:47.504 [FXGL Background Thread 1 ] INFO  FXGLApplication      - FXGL initialization took: 0,486 sec
10:19:47.513 [JavaFX Application Thread] DEBUG Input                - Registered new binding: Move Right - D
10:19:47.513 [JavaFX Application Thread] DEBUG Input                - Registered new binding: Move Left - A
10:19:47.513 [JavaFX Application Thread] DEBUG Input                - Registered new binding: Jump - Space
10:19:47.514 [JavaFX Application Thread] DEBUG Input                - Registered new binding: Shoot - Enter
10:19:47.514 [JavaFX Application Thread] DEBUG FXGLAssetLoaderServi - Loading from file system: jar:file:///C:/Users/Patryk/.m2/repository/com/github/almasb/fxgl/17.1/fxgl-17.1.jar!/fxglassets/textures/fxgl_icon.png
10:19:47.530 [JavaFX Application Thread] DEBUG FXGLAssetLoaderServi - Loading from file system: jar:file:///C:/Users/Patryk/.m2/repository/com/github/almasb/fxgl/17.1/fxgl-17.1.jar!/fxglassets/textures/fxgl_default_cursor.png
10:19:47.532 [JavaFX Application Thread] DEBUG Input                - Registered new binding: Screenshot - CTRL+8
10:19:47.532 [JavaFX Application Thread] DEBUG Input                - Registered new binding: System info dump - CTRL+9
10:19:47.532 [JavaFX Application Thread] DEBUG Input                - Registered new binding: Restart - CTRL+R
10:19:47.533 [JavaFX Application Thread] DEBUG Input                - Registered new binding: Toggle Debug Camera - CTRL+7
10:19:47.535 [JavaFX Application Thread] DEBUG LoopRunner           - Starting loop
10:19:47.535 [JavaFX Application Thread] DEBUG LoopRunner           - Initializing JavaFX AnimationTimerLoop
10:19:47.538 [JavaFX Application Thread] DEBUG Input                - Clearing active input actions
10:19:47.544 [JavaFX Application Thread] DEBUG GameApplicationServi - Removing overlay from FXGLStartupScene and adding to FXGLMainMenuDummyScene
10:19:47.544 [JavaFX Application Thread] DEBUG PrimaryStageWindow   - FXGLStartupScene -> FXGLMainMenuDummyScene
10:19:47.544 [JavaFX Application Thread] DEBUG PrimaryStageWindow   - Push state: FXGLDefaultMenu
10:19:47.549 [JavaFX Application Thread] DEBUG Input                - Clearing active input actions
10:19:47.557 [JavaFX Application Thread] DEBUG GameApplicationServi - Removing overlay from FXGLMainMenuDummyScene and adding to FXGLDefaultMenu
10:19:47.557 [JavaFX Application Thread] DEBUG PrimaryStageWindow   - FXGLMainMenuDummyScene -> FXGLDefaultMenu
10:19:47.627 [FXGL Background Thread 4 ] DEBUG FXGLApplication      - Loading fonts
10:19:47.629 [FXGL Background Thread 4 ] DEBUG FXGLAssetLoaderServi - Loading from file system: jar:file:///C:/Users/Patryk/.m2/repository/com/github/almasb/fxgl/17.1/fxgl-17.1.jar!/fxglassets/ui/fonts/VarelaRound-Regular.ttf
10:19:48.068 [FXGL Background Thread 4 ] DEBUG FXGLAssetLoaderServi - Loading from file system: jar:file:///C:/Users/Patryk/.m2/repository/com/github/almasb/fxgl/17.1/fxgl-17.1.jar!/fxglassets/ui/fonts/Abel-Regular.ttf
10:19:48.073 [FXGL Background Thread 4 ] DEBUG FXGLAssetLoaderServi - Loading from file system: jar:file:///C:/Users/Patryk/.m2/repository/com/github/almasb/fxgl/17.1/fxgl-17.1.jar!/fxglassets/ui/fonts/TerminalLandMono-Regular.otf
10:19:48.081 [FXGL Background Thread 4 ] DEBUG FXGLAssetLoaderServi - Loading from file system: jar:file:///C:/Users/Patryk/.m2/repository/com/github/almasb/fxgl/17.1/fxgl-17.1.jar!/fxglassets/ui/fonts/Courier-Prime.ttf
10:19:48.100 [FXGL Background Thread 2 ] INFO  UpdaterService       - Your current version:  17.1
10:19:48.100 [FXGL Background Thread 2 ] INFO  UpdaterService       - Latest stable version: 17.3
10:19:48.129 [JavaFX Application Thread] DEBUG FXGLApplication      - Registering font factories with UI factory
10:19:48.916 [JavaFX Application Thread] DEBUG Menu                 - fireNewGame()
10:19:48.916 [JavaFX Application Thread] DEBUG GameApplicationServi - Starting new game
10:19:48.917 [JavaFX Application Thread] DEBUG PrimaryStageWindow   - Pop state: FXGLDefaultMenu
10:19:48.917 [JavaFX Application Thread] DEBUG Input                - Clearing active input actions
10:19:48.918 [JavaFX Application Thread] DEBUG GameApplicationServi - Removing overlay from FXGLDefaultMenu and adding to FXGLMainMenuDummyScene
10:19:48.919 [JavaFX Application Thread] DEBUG PrimaryStageWindow   - FXGLMainMenuDummyScene <- FXGLDefaultMenu
10:19:48.919 [JavaFX Application Thread] DEBUG Input                - Clearing active input actions
10:19:48.927 [JavaFX Application Thread] DEBUG GameApplicationServi - Removing overlay from FXGLMainMenuDummyScene and adding to FXGLLoadingScene
10:19:48.927 [JavaFX Application Thread] DEBUG PrimaryStageWindow   - FXGLMainMenuDummyScene -> FXGLLoadingScene
10:19:48.927 [JavaFX Application Thread] DEBUG GameApplicationServi - Clearing previous game
10:19:48.927 [JavaFX Application Thread] DEBUG GameScene            - Clearing game scene
10:19:48.927 [JavaFX Application Thread] DEBUG GameWorld            - Clearing game world
10:19:48.927 [JavaFX Application Thread] DEBUG PhysicsWorld         - Clearing physics world
10:19:48.929 [FXGL Background Thread 2 ] DEBUG FXGLApplication      - Initializing game
10:19:48.966 [FXGL Background Thread 2 ] WARN  TMXLevelLoader       - TiledMap generated from 1.0.1. Supported version: 1.4.2. Some features may not be parsed fully.
10:19:48.975 [FXGL Background Thread 2 ] DEBUG TMXLevelLoader       - Parsed TiledMap: file:/D:/GITHUB%20ZOOI/IPOSE-FXGL-Mega-Man/target/classes/assets/levels/level3.tmx
10:19:48.976 [FXGL Background Thread 2 ] DEBUG TMXLevelLoader       - Creating tile layer entities
10:19:48.977 [FXGL Background Thread 2 ] DEBUG TilesetLoader        - Loading view for layer Tilelaag 1
10:19:48.994 [FXGL Background Thread 2 ] DEBUG TilesetLoader        - Created buffer with size 7000.0x1050.0
10:19:48.998 [FXGL Background Thread 2 ] DEBUG TMXLevelLoader       - Creating object layer entities
10:19:49.023 [FXGL Background Thread 2 ] DEBUG GameWorld            - Clearing removable entities
10:19:49.023 [FXGL Background Thread 2 ] DEBUG GameWorld            - Setting level: com.almasb.fxgl.entity.level.Level@178c2810
10:19:49.034 [FXGL Background Thread 2 ] WARN  FXGLAssetLoaderServi - Asset "/assets/textures/assets/textures/MegaManIdle.png" was not found!
10:19:49.034 [FXGL Background Thread 2 ] WARN  FXGLAssetLoaderServi - Failed to load IMAGE
10:19:49.069 [FXGL Background Thread 2 ] DEBUG FXGLAssetLoaderServi - Loading from file system: file:/D:/GITHUB%20ZOOI/IPOSE-FXGL-Mega-Man/target/classes/assets/textures/MegaManIdle.png
10:19:49.072 [FXGL Background Thread 2 ] DEBUG FXGLAssetLoaderServi - Loading from file system: file:/D:/GITHUB%20ZOOI/IPOSE-FXGL-Mega-Man/target/classes/assets/textures/background1.jpg
10:19:49.136 [FXGL Background Thread 2 ] INFO  FXGLApplication      - Game initialization took: 0,208 sec
10:19:49.137 [JavaFX Application Thread] DEBUG Input                - Clearing active input actions
10:19:49.143 [JavaFX Application Thread] DEBUG GameApplicationServi - Removing overlay from FXGLLoadingScene and adding to GameScene
10:19:49.143 [JavaFX Application Thread] DEBUG PrimaryStageWindow   - FXGLLoadingScene -> GameScene
10:19:50.486 [FXGL Background Thread 3 ] DEBUG Engine               - Logging environment variables
10:19:50.487 [FXGL Background Thread 3 ] DEBUG Engine               - achievements: []
10:19:50.487 [FXGL Background Thread 3 ] DEBUG Engine               - actualHeight: 480.0
10:19:50.487 [FXGL Background Thread 3 ] DEBUG Engine               - actualHeightProperty: ReadOnlyDoubleProperty [value: 480.0]
10:19:50.487 [FXGL Background Thread 3 ] DEBUG Engine               - actualWidth: 720.0
10:19:50.487 [FXGL Background Thread 3 ] DEBUG Engine               - actualWidthProperty: ReadOnlyDoubleProperty [value: 720.0]
10:19:50.487 [FXGL Background Thread 3 ] DEBUG Engine               - appIcon: fxgl_icon.png
10:19:50.487 [FXGL Background Thread 3 ] DEBUG Engine               - applicationMode: DEVELOPER
10:19:50.487 [FXGL Background Thread 3 ] DEBUG Engine               - cSSList: [fxgl_dark.css]
10:19:50.487 [FXGL Background Thread 3 ] DEBUG Engine               - collisionDetectionStrategy: BRUTE_FORCE
10:19:50.487 [FXGL Background Thread 3 ] DEBUG Engine               - configClass: Optional.empty
10:19:50.487 [FXGL Background Thread 3 ] DEBUG Engine               - credits: []
10:19:50.488 [FXGL Background Thread 3 ] DEBUG Engine               - defaultCursor: CursorInfo(imageName=fxgl_default_cursor.png, hotspotX=7.0, hotspotY=6.0)
10:19:50.488 [FXGL Background Thread 3 ] DEBUG Engine               - devBBoxColorProperty: ObjectProperty [value: 0xff0000ff]
10:19:50.488 [FXGL Background Thread 3 ] DEBUG Engine               - devEnableDebugCameraProperty: BooleanProperty [value: false]
10:19:50.488 [FXGL Background Thread 3 ] DEBUG Engine               - devSensorColorProperty: ObjectProperty [value: 0xffff00ff]
10:19:50.488 [FXGL Background Thread 3 ] DEBUG Engine               - devShowBBoxProperty: BooleanProperty [value: false]
10:19:50.488 [FXGL Background Thread 3 ] DEBUG Engine               - devShowPositionProperty: BooleanProperty [value: false]
10:19:50.488 [FXGL Background Thread 3 ] DEBUG Engine               - enabledMenuItems: []
10:19:50.488 [FXGL Background Thread 3 ] DEBUG Engine               - engineServices: [class com.almasb.fxgl.app.services.FXGLAssetLoaderService, class com.almasb.fxgl.app.FXGLApplication$GameApplicationService, class com.almasb.fxgl.app.services.FXGLDialogService, class com.almasb.fxgl.app.services.IOTaskExecutorService, class com.almasb.fxgl.io.FileSystemService, class com.almasb.fxgl.localization.LocalizationService, class com.almasb.fxgl.app.services.SystemBundleService, class com.almasb.fxgl.profile.SaveLoadService, class com.almasb.fxgl.ui.FXGLUIFactoryServiceProvider, class com.almasb.fxgl.ui.FXGLDialogFactoryServiceProvider, class com.almasb.fxgl.audio.AudioPlayer, class com.almasb.fxgl.notification.impl.NotificationServiceProvider, class com.almasb.fxgl.achievement.AchievementService, class com.almasb.fxgl.cutscene.CutsceneService, class com.almasb.fxgl.minigames.MiniGameService, class com.almasb.fxgl.net.NetService, class com.almasb.fxgl.app.services.UpdaterService, class com.almasb.fxgl.dev.DevService]
10:19:50.488 [FXGL Background Thread 3 ] DEBUG Engine               - fontGame: Abel-Regular.ttf
10:19:50.488 [FXGL Background Thread 3 ] DEBUG Engine               - fontMono: TerminalLandMono-Regular.otf
10:19:50.488 [FXGL Background Thread 3 ] DEBUG Engine               - fontText: Courier-Prime.ttf
10:19:50.488 [FXGL Background Thread 3 ] DEBUG Engine               - fontUI: VarelaRound-Regular.ttf
10:19:50.489 [FXGL Background Thread 3 ] DEBUG Engine               - fullScreen: BooleanProperty [value: false]
10:19:50.489 [FXGL Background Thread 3 ] DEBUG Engine               - gameDifficulty: MEDIUM
10:19:50.489 [FXGL Background Thread 3 ] DEBUG Engine               - gameDifficultyProperty: ObjectProperty [value: MEDIUM]
10:19:50.489 [FXGL Background Thread 3 ] DEBUG Engine               - globalMusicVolume: 0.5
10:19:50.489 [FXGL Background Thread 3 ] DEBUG Engine               - globalMusicVolumeProperty: DoubleProperty [value: 0.5]
10:19:50.489 [FXGL Background Thread 3 ] DEBUG Engine               - globalSoundVolume: 0.5
10:19:50.489 [FXGL Background Thread 3 ] DEBUG Engine               - globalSoundVolumeProperty: DoubleProperty [value: 0.5]
10:19:50.489 [FXGL Background Thread 3 ] DEBUG Engine               - height: 480
10:19:50.489 [FXGL Background Thread 3 ] DEBUG Engine               - is3D: false
10:19:50.489 [FXGL Background Thread 3 ] DEBUG Engine               - isAndroid: false
10:19:50.489 [FXGL Background Thread 3 ] DEBUG Engine               - isBrowser: false
10:19:50.489 [FXGL Background Thread 3 ] DEBUG Engine               - isClickFeedbackEnabled: false
10:19:50.489 [FXGL Background Thread 3 ] DEBUG Engine               - isCloseConfirmation: false
10:19:50.489 [FXGL Background Thread 3 ] DEBUG Engine               - isDesktop: true
10:19:50.489 [FXGL Background Thread 3 ] DEBUG Engine               - isDeveloperMenuEnabled: false
10:19:50.489 [FXGL Background Thread 3 ] DEBUG Engine               - isEmbedded: false
10:19:50.489 [FXGL Background Thread 3 ] DEBUG Engine               - isEntityPreloadEnabled: true
10:19:50.489 [FXGL Background Thread 3 ] DEBUG Engine               - isExperimentalTiledLargeMap: false
10:19:50.489 [FXGL Background Thread 3 ] DEBUG Engine               - isFileSystemWriteAllowed: true
10:19:50.490 [FXGL Background Thread 3 ] DEBUG Engine               - isFullScreenAllowed: false
10:19:50.490 [FXGL Background Thread 3 ] DEBUG Engine               - isFullScreenFromStart: false
10:19:50.490 [FXGL Background Thread 3 ] DEBUG Engine               - isGameMenuEnabled: true
10:19:50.490 [FXGL Background Thread 3 ] DEBUG Engine               - isIOS: false
10:19:50.490 [FXGL Background Thread 3 ] DEBUG Engine               - isIntroEnabled: false
10:19:50.490 [FXGL Background Thread 3 ] DEBUG Engine               - isLinux: false
10:19:50.490 [FXGL Background Thread 3 ] DEBUG Engine               - isMac: false
10:19:50.490 [FXGL Background Thread 3 ] DEBUG Engine               - isMainMenuEnabled: true
10:19:50.490 [FXGL Background Thread 3 ] DEBUG Engine               - isManualResizeEnabled: false
10:19:50.490 [FXGL Background Thread 3 ] DEBUG Engine               - isMobile: false
10:19:50.490 [FXGL Background Thread 3 ] DEBUG Engine               - isNative: false
10:19:50.490 [FXGL Background Thread 3 ] DEBUG Engine               - isPauseMusicWhenMinimized: true
10:19:50.490 [FXGL Background Thread 3 ] DEBUG Engine               - isPreserveResizeRatio: false
10:19:50.490 [FXGL Background Thread 3 ] DEBUG Engine               - isProfilingEnabled: false
10:19:50.490 [FXGL Background Thread 3 ] DEBUG Engine               - isScaleAffectedOnResize: true
10:19:50.490 [FXGL Background Thread 3 ] DEBUG Engine               - isSingleStep: false
10:19:50.490 [FXGL Background Thread 3 ] DEBUG Engine               - isUserProfileEnabled: false
10:19:50.490 [FXGL Background Thread 3 ] DEBUG Engine               - isWindows: true
10:19:50.490 [FXGL Background Thread 3 ] DEBUG Engine               - language: ObjectProperty [value: ENGLISH]
10:19:50.490 [FXGL Background Thread 3 ] DEBUG Engine               - menuKey: ESCAPE
10:19:50.491 [FXGL Background Thread 3 ] DEBUG Engine               - mouseSensitivity: 0.2
10:19:50.491 [FXGL Background Thread 3 ] DEBUG Engine               - notificationViewClass: class com.almasb.fxgl.notification.view.XboxNotificationView
10:19:50.491 [FXGL Background Thread 3 ] DEBUG Engine               - pixelsPerMeter: 50.0
10:19:50.491 [FXGL Background Thread 3 ] DEBUG Engine               - platform: WINDOWS
10:19:50.491 [FXGL Background Thread 3 ] DEBUG Engine               - prefHeightProperty: ReadOnlyDoubleProperty [value: 480.0]
10:19:50.491 [FXGL Background Thread 3 ] DEBUG Engine               - prefWidthProperty: ReadOnlyDoubleProperty [value: 720.0]
10:19:50.491 [FXGL Background Thread 3 ] DEBUG Engine               - profileDir: profiles/
10:19:50.491 [FXGL Background Thread 3 ] DEBUG Engine               - profileName: StringProperty [value: DEFAULT]
10:19:50.491 [FXGL Background Thread 3 ] DEBUG Engine               - randomSeed: -1
10:19:50.491 [FXGL Background Thread 3 ] DEBUG Engine               - runtimeInfo: RuntimeInfo(platform=WINDOWS, version=17.1, build=24.03.2022 17.34)
10:19:50.491 [FXGL Background Thread 3 ] DEBUG Engine               - saveFileExt: sav
10:19:50.492 [FXGL Background Thread 3 ] DEBUG Engine               - scaledHeightProp$fxgl: DoubleProperty [bound, value: 480.0]
10:19:50.492 [FXGL Background Thread 3 ] DEBUG Engine               - scaledWidthProp$fxgl: DoubleProperty [bound, value: 720.0]
10:19:50.492 [FXGL Background Thread 3 ] DEBUG Engine               - sceneFactory: com.almasb.fxgl.app.scene.SceneFactory@22a68d78
10:19:50.492 [FXGL Background Thread 3 ] DEBUG Engine               - secondsIn24h: 60
10:19:50.492 [FXGL Background Thread 3 ] DEBUG Engine               - soundMenuBack: menu/back.wav
10:19:50.492 [FXGL Background Thread 3 ] DEBUG Engine               - soundMenuPress: menu/press.wav
10:19:50.492 [FXGL Background Thread 3 ] DEBUG Engine               - soundMenuSelect: menu/select.wav
10:19:50.492 [FXGL Background Thread 3 ] DEBUG Engine               - soundNotification: core/notification.wav
10:19:50.492 [FXGL Background Thread 3 ] DEBUG Engine               - stageStyle: DECORATED
10:19:50.492 [FXGL Background Thread 3 ] DEBUG Engine               - supportedLanguages: [ENGLISH, FRENCH, GERMAN, HUNGARIAN, RUSSIAN]
10:19:50.492 [FXGL Background Thread 3 ] DEBUG Engine               - ticksPerSecond: -1
10:19:50.492 [FXGL Background Thread 3 ] DEBUG Engine               - title: Tetris Man 2
10:19:50.492 [FXGL Background Thread 3 ] DEBUG Engine               - urlGithub: https://github.com/AlmasB/FXGL
10:19:50.492 [FXGL Background Thread 3 ] DEBUG Engine               - urlLeaderboard: http://fxgl-top.herokuapp.com/
10:19:50.493 [FXGL Background Thread 3 ] DEBUG Engine               - urlPOM: https://raw.githubusercontent.com/AlmasB/FXGL/release/README.md
10:19:50.493 [FXGL Background Thread 3 ] DEBUG Engine               - userAppClass: class com.example.ipose_megaman.Main
10:19:50.493 [FXGL Background Thread 3 ] DEBUG Engine               - version: 1.0
10:19:50.493 [FXGL Background Thread 3 ] DEBUG Engine               - versionCheckDays: 7
10:19:50.493 [FXGL Background Thread 3 ] DEBUG Engine               - width: 720
10:19:50.493 [FXGL Background Thread 3 ] DEBUG Engine               - Logging services
10:19:50.493 [FXGL Background Thread 3 ] DEBUG Engine               - class com.almasb.fxgl.app.services.FXGLAssetLoaderService
10:19:50.493 [FXGL Background Thread 3 ] DEBUG Engine               - class com.almasb.fxgl.app.FXGLApplication$GameApplicationService
10:19:50.493 [FXGL Background Thread 3 ] DEBUG Engine               - class com.almasb.fxgl.app.services.FXGLDialogService
10:19:50.493 [FXGL Background Thread 3 ] DEBUG Engine               - class com.almasb.fxgl.app.services.IOTaskExecutorService
10:19:50.493 [FXGL Background Thread 3 ] DEBUG Engine               - class com.almasb.fxgl.io.FileSystemService
10:19:50.493 [FXGL Background Thread 3 ] DEBUG Engine               - class com.almasb.fxgl.localization.LocalizationService
10:19:50.493 [FXGL Background Thread 3 ] DEBUG Engine               - class com.almasb.fxgl.app.services.SystemBundleService
10:19:50.494 [FXGL Background Thread 3 ] DEBUG Engine               - class com.almasb.fxgl.profile.SaveLoadService
10:19:50.494 [FXGL Background Thread 3 ] DEBUG Engine               - class com.almasb.fxgl.ui.FXGLUIFactoryServiceProvider
10:19:50.494 [FXGL Background Thread 3 ] DEBUG Engine               - class com.almasb.fxgl.ui.FXGLDialogFactoryServiceProvider
10:19:50.494 [FXGL Background Thread 3 ] DEBUG Engine               - class com.almasb.fxgl.audio.AudioPlayer
10:19:50.494 [FXGL Background Thread 3 ] DEBUG Engine               - class com.almasb.fxgl.notification.impl.NotificationServiceProvider
10:19:50.494 [FXGL Background Thread 3 ] DEBUG Engine               - class com.almasb.fxgl.achievement.AchievementService
10:19:50.494 [FXGL Background Thread 3 ] DEBUG Engine               - class com.almasb.fxgl.cutscene.CutsceneService
10:19:50.494 [FXGL Background Thread 3 ] DEBUG Engine               - class com.almasb.fxgl.minigames.MiniGameService
10:19:50.494 [FXGL Background Thread 3 ] DEBUG Engine               - class com.almasb.fxgl.net.NetService
10:19:50.494 [FXGL Background Thread 3 ] DEBUG Engine               - class com.almasb.fxgl.app.services.UpdaterService
10:19:50.494 [FXGL Background Thread 3 ] DEBUG Engine               - class com.almasb.fxgl.dev.DevService
10:19:51.993 [JavaFX Application Thread] DEBUG FXGLApplication      - Exiting FXGL
10:19:51.993 [JavaFX Application Thread] DEBUG LoopRunner           - Stopping loop
10:19:51.993 [JavaFX Application Thread] DEBUG SystemBundleService  - Saving FXGL system data
10:19:51.996 [JavaFX Application Thread] DEBUG FileSystemAccess     - Writing to: D:\GITHUB ZOOI\IPOSE-FXGL-Mega-Man\system\fxgl.bundle
10:19:51.998 [JavaFX Application Thread] DEBUG Async                - Shutting down background threads
10:19:51.998 [JavaFX Application Thread] DEBUG PrimaryStageWindow   - Closing main window
10:19:52.012 [JavaFX Application Thread] DEBUG Logger               - Closing Logger
