09:26:22.266 [main                     ] DEBUG Logger               - Configured Logger
09:26:22.292 [main                     ] DEBUG GameApplication      - Logging settings
Title: Mega Man, but AWESOME!
Version: 1.0
Width: 1050
Height: 700
Fullscreen: false
Intro: false
Profiling: false
Single step:false
App Mode: DEVELOPER
Menu Key: ESCAPE
Stage Style: DECORATED
Scene Factory: class com.almasb.fxgl.app.scene.SceneFactory

09:26:22.608 [JavaFX Application Thread] DEBUG FXGLApplication      - Initializing FXGL
09:26:22.612 [JavaFX Application Thread] INFO  Engine               - FXGL-17.1 (24.03.2022 17.34) on WINDOWS (J:19.0.1 FX:19-ea)
09:26:22.613 [JavaFX Application Thread] DEBUG Engine               - JRE Vendor Name: Oracle Corporation
09:26:22.613 [JavaFX Application Thread] DEBUG Engine               - Running on OS: Windows 11 version 10.0
09:26:22.613 [JavaFX Application Thread] DEBUG Engine               - Architecture: amd64
09:26:22.613 [JavaFX Application Thread] INFO  Engine               - Source code and latest versions at: https://github.com/AlmasB/FXGL
09:26:22.613 [JavaFX Application Thread] INFO  Engine               -       Ask questions and discuss at: https://github.com/AlmasB/FXGL/discussions
09:26:22.614 [JavaFX Application Thread] INFO  Engine               -              Join the FXGL chat at: https://gitter.im/AlmasB/FXGL
09:26:22.665 [JavaFX Application Thread] DEBUG PrimaryStageWindow   - Creating a JavaFX scene
09:26:22.696 [JavaFX Application Thread] DEBUG PrimaryStageWindow   - Target settings size: 1050.0 x 700.0
09:26:22.696 [JavaFX Application Thread] DEBUG PrimaryStageWindow   - Scaled scene size:    1050.0 x 700.0
09:26:22.696 [JavaFX Application Thread] DEBUG PrimaryStageWindow   - Scaled ratio: (1.0, 1.0)
09:26:22.697 [JavaFX Application Thread] DEBUG PrimaryStageWindow   - Set initial scene to FXGLStartupScene
09:26:22.701 [JavaFX Application Thread] DEBUG PrimaryStageWindow   - Opening main window
09:26:22.755 [JavaFX Application Thread] DEBUG PrimaryStageWindow   - Window border size: (16.0, 39.0)
09:26:22.755 [JavaFX Application Thread] DEBUG PrimaryStageWindow   - Scaled size: 1050.0 x 700.0
09:26:22.756 [JavaFX Application Thread] DEBUG PrimaryStageWindow   - Scaled ratio: (1.0, 1.0)
09:26:22.756 [JavaFX Application Thread] DEBUG PrimaryStageWindow   - Scene size: 1050.0 x 700.0
09:26:22.756 [JavaFX Application Thread] DEBUG PrimaryStageWindow   - Stage size: 1066.0 x 739.0
09:26:22.761 [FXGL Background Thread 1 ] DEBUG Engine               - Initializing environment variables
09:26:22.817 [FXGL Background Thread 1 ] DEBUG FXGLAssetLoaderServi - User app class for loading assets: class com.example.ipose_megaman.Main
09:26:22.817 [FXGL Background Thread 1 ] DEBUG GameApplicationServi - Applying CSS: fxgl_dark.css
09:26:22.817 [FXGL Background Thread 1 ] DEBUG FXGLAssetLoaderServi - Loading from file system: jar:file:///C:/Users/julia/.m2/repository/com/github/almasb/fxgl/17.1/fxgl-17.1.jar!/fxglassets/ui/css/fxgl_dark.css
09:26:22.862 [FXGL Background Thread 1 ] DEBUG GameApplicationServi - Initializing application scenes
09:26:22.907 [FXGL Background Thread 1 ] DEBUG GameWorld            - Game world initialized
09:26:23.025 [FXGL Background Thread 1 ] DEBUG PhysicsWorld         - Physics world initialized: appHeight=700, physics.ppm=50,0
09:26:23.025 [FXGL Background Thread 1 ] DEBUG PhysicsWorld         - Using strategy: BRUTE_FORCE
09:26:23.029 [FXGL Background Thread 1 ] DEBUG GameScene            - Game scene initialized: 1050x700
09:26:23.040 [FXGL Background Thread 1 ] DEBUG FXGL.DefaultMenu     - createMenuBodyGameMenu()
09:26:23.050 [FXGL Background Thread 1 ] DEBUG FXGL.DefaultMenu     - createOptionsMenu()
09:26:23.061 [FXGL Background Thread 1 ] DEBUG FXGLAssetLoaderServi - Loading from file system: jar:file:///C:/Users/julia/.m2/repository/com/github/almasb/fxgl/17.1/fxgl-17.1.jar!/fxglassets/textures/particles/smoke.png
09:26:23.160 [FXGL Background Thread 1 ] DEBUG FXGLAssetLoaderServi - Loading from file system: jar:file:///C:/Users/julia/.m2/repository/com/github/almasb/fxgl/17.1/fxgl-17.1.jar!/fxglassets/textures/particles/trace_horizontal.png
09:26:23.191 [FXGL Background Thread 1 ] DEBUG GameApplicationServi - Application scenes initialized
09:26:23.202 [FXGL Background Thread 1 ] DEBUG SystemBundleService  - Loading FXGL system data
09:26:23.208 [FXGL Background Thread 1 ] DEBUG FileSystemAccess     - Reading from: C:\Users\julia\Desktop\IPOSE_MEGAMAN\system\fxgl.bundle
09:26:23.215 [FXGL Background Thread 1 ] DEBUG SystemBundleService  - Bundle FXGL: {}
09:26:23.215 [FXGL Background Thread 1 ] DEBUG UpdaterService       - Checking for updates
09:26:23.220 [FXGL Background Thread 4 ] DEBUG FXGLApplication      - Loading fonts
09:26:23.220 [FXGL Background Thread 1 ] DEBUG FXGLApplication      - Loading default localization
09:26:23.220 [FXGL Background Thread 4 ] DEBUG FXGLAssetLoaderServi - Loading from file system: jar:file:///C:/Users/julia/.m2/repository/com/github/almasb/fxgl/17.1/fxgl-17.1.jar!/fxglassets/ui/fonts/VarelaRound-Regular.ttf
09:26:23.221 [FXGL Background Thread 1 ] DEBUG FXGLAssetLoaderServi - Loading from file system: jar:file:///C:/Users/julia/.m2/repository/com/github/almasb/fxgl/17.1/fxgl-17.1.jar!/fxglassets/languages/english.lang
09:26:23.248 [FXGL Background Thread 1 ] INFO  FXGLApplication      - FXGL initialization took: 0,486 sec
09:26:23.258 [JavaFX Application Thread] DEBUG Input                - Registered new binding: Move Right - D
09:26:23.258 [JavaFX Application Thread] DEBUG Input                - Registered new binding: Move Left - A
09:26:23.258 [JavaFX Application Thread] DEBUG FXGLAssetLoaderServi - Loading from file system: jar:file:///C:/Users/julia/.m2/repository/com/github/almasb/fxgl/17.1/fxgl-17.1.jar!/fxglassets/textures/fxgl_icon.png
09:26:23.281 [FXGL Background Thread 4 ] DEBUG FXGLAssetLoaderServi - Loading from file system: jar:file:///C:/Users/julia/.m2/repository/com/github/almasb/fxgl/17.1/fxgl-17.1.jar!/fxglassets/ui/fonts/Abel-Regular.ttf
09:26:23.283 [JavaFX Application Thread] DEBUG FXGLAssetLoaderServi - Loading from file system: jar:file:///C:/Users/julia/.m2/repository/com/github/almasb/fxgl/17.1/fxgl-17.1.jar!/fxglassets/textures/fxgl_default_cursor.png
09:26:23.284 [JavaFX Application Thread] DEBUG Input                - Registered new binding: Screenshot - CTRL+8
09:26:23.286 [FXGL Background Thread 4 ] DEBUG FXGLAssetLoaderServi - Loading from file system: jar:file:///C:/Users/julia/.m2/repository/com/github/almasb/fxgl/17.1/fxgl-17.1.jar!/fxglassets/ui/fonts/TerminalLandMono-Regular.otf
09:26:23.286 [JavaFX Application Thread] DEBUG Input                - Registered new binding: System info dump - CTRL+9
09:26:23.286 [JavaFX Application Thread] DEBUG Input                - Registered new binding: Restart - CTRL+R
09:26:23.288 [JavaFX Application Thread] DEBUG Input                - Registered new binding: Toggle Debug Camera - CTRL+7
09:26:23.289 [FXGL Background Thread 4 ] DEBUG FXGLAssetLoaderServi - Loading from file system: jar:file:///C:/Users/julia/.m2/repository/com/github/almasb/fxgl/17.1/fxgl-17.1.jar!/fxglassets/ui/fonts/Courier-Prime.ttf
09:26:23.291 [JavaFX Application Thread] DEBUG LoopRunner           - Starting loop
09:26:23.292 [JavaFX Application Thread] DEBUG LoopRunner           - Initializing JavaFX AnimationTimerLoop
09:26:23.295 [JavaFX Application Thread] DEBUG GameApplicationServi - Starting new game
09:26:23.295 [JavaFX Application Thread] DEBUG Input                - Clearing active input actions
09:26:23.302 [JavaFX Application Thread] DEBUG GameApplicationServi - Removing overlay from FXGLStartupScene and adding to FXGLLoadingScene
09:26:23.303 [JavaFX Application Thread] DEBUG PrimaryStageWindow   - FXGLStartupScene -> FXGLLoadingScene
09:26:23.303 [JavaFX Application Thread] DEBUG GameApplicationServi - Clearing previous game
09:26:23.303 [JavaFX Application Thread] DEBUG GameScene            - Clearing game scene
09:26:23.303 [JavaFX Application Thread] DEBUG GameWorld            - Clearing game world
09:26:23.303 [JavaFX Application Thread] DEBUG PhysicsWorld         - Clearing physics world
09:26:23.305 [JavaFX Application Thread] DEBUG FXGLApplication      - Registering font factories with UI factory
09:26:23.305 [FXGL Background Thread 4 ] DEBUG FXGLApplication      - Initializing game
09:26:23.393 [FXGL Background Thread 4 ] WARN  TMXLevelLoader       - TiledMap generated from 1.0.1. Supported version: 1.4.2. Some features may not be parsed fully.
09:26:23.407 [FXGL Background Thread 4 ] DEBUG TMXLevelLoader       - Parsed TiledMap: file:/C:/Users/julia/Desktop/IPOSE_MEGAMAN/target/classes/assets/levels/map.tmx
09:26:23.408 [FXGL Background Thread 4 ] DEBUG TMXLevelLoader       - Creating tile layer entities
09:26:23.410 [FXGL Background Thread 4 ] DEBUG TilesetLoader        - Loading view for layer Tilelaag 1
09:26:23.412 [FXGL Background Thread 4 ] DEBUG TilesetLoader        - Created buffer with size 1050.0x700.0
09:26:23.417 [FXGL Background Thread 4 ] DEBUG TMXLevelLoader       - Creating object layer entities
09:26:23.443 [FXGL Background Thread 4 ] DEBUG GameWorld            - Clearing removable entities
09:26:23.443 [FXGL Background Thread 4 ] DEBUG GameWorld            - Setting level: com.almasb.fxgl.entity.level.Level@273b83f7
09:26:23.452 [FXGL Background Thread 4 ] INFO  FXGLApplication      - Game initialization took: 0,146 sec
09:26:23.472 [JavaFX Application Thread] DEBUG Input                - Clearing active input actions
09:26:23.483 [JavaFX Application Thread] DEBUG GameApplicationServi - Removing overlay from FXGLLoadingScene and adding to GameScene
09:26:23.484 [JavaFX Application Thread] DEBUG PrimaryStageWindow   - FXGLLoadingScene -> GameScene
09:26:23.639 [FXGL Background Thread 2 ] INFO  UpdaterService       - Your current version:  17.1
09:26:23.640 [FXGL Background Thread 2 ] INFO  UpdaterService       - Latest stable version: 17.3
09:26:26.219 [FXGL Background Thread 3 ] DEBUG Engine               - Logging environment variables
09:26:26.222 [FXGL Background Thread 3 ] DEBUG Engine               - achievements: []
09:26:26.222 [FXGL Background Thread 3 ] DEBUG Engine               - actualHeight: 700.0
09:26:26.222 [FXGL Background Thread 3 ] DEBUG Engine               - actualHeightProperty: ReadOnlyDoubleProperty [value: 700.0]
09:26:26.222 [FXGL Background Thread 3 ] DEBUG Engine               - actualWidth: 1050.0
09:26:26.222 [FXGL Background Thread 3 ] DEBUG Engine               - actualWidthProperty: ReadOnlyDoubleProperty [value: 1050.0]
09:26:26.223 [FXGL Background Thread 3 ] DEBUG Engine               - appIcon: fxgl_icon.png
09:26:26.223 [FXGL Background Thread 3 ] DEBUG Engine               - applicationMode: DEVELOPER
09:26:26.223 [FXGL Background Thread 3 ] DEBUG Engine               - cSSList: [fxgl_dark.css]
09:26:26.223 [FXGL Background Thread 3 ] DEBUG Engine               - collisionDetectionStrategy: BRUTE_FORCE
09:26:26.223 [FXGL Background Thread 3 ] DEBUG Engine               - configClass: Optional.empty
09:26:26.223 [FXGL Background Thread 3 ] DEBUG Engine               - credits: []
09:26:26.224 [FXGL Background Thread 3 ] DEBUG Engine               - defaultCursor: CursorInfo(imageName=fxgl_default_cursor.png, hotspotX=7.0, hotspotY=6.0)
09:26:26.224 [FXGL Background Thread 3 ] DEBUG Engine               - devBBoxColorProperty: ObjectProperty [value: 0xff0000ff]
09:26:26.224 [FXGL Background Thread 3 ] DEBUG Engine               - devEnableDebugCameraProperty: BooleanProperty [value: false]
09:26:26.224 [FXGL Background Thread 3 ] DEBUG Engine               - devSensorColorProperty: ObjectProperty [value: 0xffff00ff]
09:26:26.224 [FXGL Background Thread 3 ] DEBUG Engine               - devShowBBoxProperty: BooleanProperty [value: false]
09:26:26.224 [FXGL Background Thread 3 ] DEBUG Engine               - devShowPositionProperty: BooleanProperty [value: false]
09:26:26.224 [FXGL Background Thread 3 ] DEBUG Engine               - enabledMenuItems: []
09:26:26.225 [FXGL Background Thread 3 ] DEBUG Engine               - engineServices: [class com.almasb.fxgl.app.services.FXGLAssetLoaderService, class com.almasb.fxgl.app.FXGLApplication$GameApplicationService, class com.almasb.fxgl.app.services.FXGLDialogService, class com.almasb.fxgl.app.services.IOTaskExecutorService, class com.almasb.fxgl.io.FileSystemService, class com.almasb.fxgl.localization.LocalizationService, class com.almasb.fxgl.app.services.SystemBundleService, class com.almasb.fxgl.profile.SaveLoadService, class com.almasb.fxgl.ui.FXGLUIFactoryServiceProvider, class com.almasb.fxgl.ui.FXGLDialogFactoryServiceProvider, class com.almasb.fxgl.audio.AudioPlayer, class com.almasb.fxgl.notification.impl.NotificationServiceProvider, class com.almasb.fxgl.achievement.AchievementService, class com.almasb.fxgl.cutscene.CutsceneService, class com.almasb.fxgl.minigames.MiniGameService, class com.almasb.fxgl.net.NetService, class com.almasb.fxgl.app.services.UpdaterService, class com.almasb.fxgl.dev.DevService]
09:26:26.225 [FXGL Background Thread 3 ] DEBUG Engine               - fontGame: Abel-Regular.ttf
09:26:26.225 [FXGL Background Thread 3 ] DEBUG Engine               - fontMono: TerminalLandMono-Regular.otf
09:26:26.226 [FXGL Background Thread 3 ] DEBUG Engine               - fontText: Courier-Prime.ttf
09:26:26.226 [FXGL Background Thread 3 ] DEBUG Engine               - fontUI: VarelaRound-Regular.ttf
09:26:26.226 [FXGL Background Thread 3 ] DEBUG Engine               - fullScreen: BooleanProperty [value: false]
09:26:26.226 [FXGL Background Thread 3 ] DEBUG Engine               - gameDifficulty: MEDIUM
09:26:26.226 [FXGL Background Thread 3 ] DEBUG Engine               - gameDifficultyProperty: ObjectProperty [value: MEDIUM]
09:26:26.226 [FXGL Background Thread 3 ] DEBUG Engine               - globalMusicVolume: 0.5
09:26:26.226 [FXGL Background Thread 3 ] DEBUG Engine               - globalMusicVolumeProperty: DoubleProperty [value: 0.5]
09:26:26.227 [FXGL Background Thread 3 ] DEBUG Engine               - globalSoundVolume: 0.5
09:26:26.227 [FXGL Background Thread 3 ] DEBUG Engine               - globalSoundVolumeProperty: DoubleProperty [value: 0.5]
09:26:26.227 [FXGL Background Thread 3 ] DEBUG Engine               - height: 700
09:26:26.227 [FXGL Background Thread 3 ] DEBUG Engine               - is3D: false
09:26:26.227 [FXGL Background Thread 3 ] DEBUG Engine               - isAndroid: false
09:26:26.227 [FXGL Background Thread 3 ] DEBUG Engine               - isBrowser: false
09:26:26.227 [FXGL Background Thread 3 ] DEBUG Engine               - isClickFeedbackEnabled: false
09:26:26.227 [FXGL Background Thread 3 ] DEBUG Engine               - isCloseConfirmation: false
09:26:26.227 [FXGL Background Thread 3 ] DEBUG Engine               - isDesktop: true
09:26:26.227 [FXGL Background Thread 3 ] DEBUG Engine               - isDeveloperMenuEnabled: false
09:26:26.227 [FXGL Background Thread 3 ] DEBUG Engine               - isEmbedded: false
09:26:26.227 [FXGL Background Thread 3 ] DEBUG Engine               - isEntityPreloadEnabled: true
09:26:26.228 [FXGL Background Thread 3 ] DEBUG Engine               - isExperimentalTiledLargeMap: false
09:26:26.228 [FXGL Background Thread 3 ] DEBUG Engine               - isFileSystemWriteAllowed: true
09:26:26.228 [FXGL Background Thread 3 ] DEBUG Engine               - isFullScreenAllowed: false
09:26:26.228 [FXGL Background Thread 3 ] DEBUG Engine               - isFullScreenFromStart: false
09:26:26.228 [FXGL Background Thread 3 ] DEBUG Engine               - isGameMenuEnabled: true
09:26:26.228 [FXGL Background Thread 3 ] DEBUG Engine               - isIOS: false
09:26:26.228 [FXGL Background Thread 3 ] DEBUG Engine               - isIntroEnabled: false
09:26:26.228 [FXGL Background Thread 3 ] DEBUG Engine               - isLinux: false
09:26:26.228 [FXGL Background Thread 3 ] DEBUG Engine               - isMac: false
09:26:26.228 [FXGL Background Thread 3 ] DEBUG Engine               - isMainMenuEnabled: false
09:26:26.228 [FXGL Background Thread 3 ] DEBUG Engine               - isManualResizeEnabled: false
09:26:26.228 [FXGL Background Thread 3 ] DEBUG Engine               - isMobile: false
09:26:26.229 [FXGL Background Thread 3 ] DEBUG Engine               - isNative: false
09:26:26.233 [FXGL Background Thread 3 ] DEBUG Engine               - isPauseMusicWhenMinimized: true
09:26:26.234 [FXGL Background Thread 3 ] DEBUG Engine               - isPreserveResizeRatio: false
09:26:26.235 [FXGL Background Thread 3 ] DEBUG Engine               - isProfilingEnabled: false
09:26:26.235 [FXGL Background Thread 3 ] DEBUG Engine               - isScaleAffectedOnResize: true
09:26:26.235 [FXGL Background Thread 3 ] DEBUG Engine               - isSingleStep: false
09:26:26.235 [FXGL Background Thread 3 ] DEBUG Engine               - isUserProfileEnabled: false
09:26:26.235 [FXGL Background Thread 3 ] DEBUG Engine               - isWindows: true
09:26:26.235 [FXGL Background Thread 3 ] DEBUG Engine               - language: ObjectProperty [value: ENGLISH]
09:26:26.235 [FXGL Background Thread 3 ] DEBUG Engine               - menuKey: ESCAPE
09:26:26.235 [FXGL Background Thread 3 ] DEBUG Engine               - mouseSensitivity: 0.2
09:26:26.235 [FXGL Background Thread 3 ] DEBUG Engine               - notificationViewClass: class com.almasb.fxgl.notification.view.XboxNotificationView
09:26:26.235 [FXGL Background Thread 3 ] DEBUG Engine               - pixelsPerMeter: 50.0
09:26:26.235 [FXGL Background Thread 3 ] DEBUG Engine               - platform: WINDOWS
09:26:26.235 [FXGL Background Thread 3 ] DEBUG Engine               - prefHeightProperty: ReadOnlyDoubleProperty [value: 700.0]
09:26:26.235 [FXGL Background Thread 3 ] DEBUG Engine               - prefWidthProperty: ReadOnlyDoubleProperty [value: 1050.0]
09:26:26.236 [FXGL Background Thread 3 ] DEBUG Engine               - profileDir: profiles/
09:26:26.236 [FXGL Background Thread 3 ] DEBUG Engine               - profileName: StringProperty [value: DEFAULT]
09:26:26.236 [FXGL Background Thread 3 ] DEBUG Engine               - randomSeed: -1
09:26:26.236 [FXGL Background Thread 3 ] DEBUG Engine               - runtimeInfo: RuntimeInfo(platform=WINDOWS, version=17.1, build=24.03.2022 17.34)
09:26:26.236 [FXGL Background Thread 3 ] DEBUG Engine               - saveFileExt: sav
09:26:26.236 [FXGL Background Thread 3 ] DEBUG Engine               - scaledHeightProp$fxgl: DoubleProperty [bound, value: 700.0]
09:26:26.236 [FXGL Background Thread 3 ] DEBUG Engine               - scaledWidthProp$fxgl: DoubleProperty [bound, value: 1050.0]
09:26:26.237 [FXGL Background Thread 3 ] DEBUG Engine               - sceneFactory: com.almasb.fxgl.app.scene.SceneFactory@44adde80
09:26:26.237 [FXGL Background Thread 3 ] DEBUG Engine               - secondsIn24h: 60
09:26:26.237 [FXGL Background Thread 3 ] DEBUG Engine               - soundMenuBack: menu/back.wav
09:26:26.237 [FXGL Background Thread 3 ] DEBUG Engine               - soundMenuPress: menu/press.wav
09:26:26.237 [FXGL Background Thread 3 ] DEBUG Engine               - soundMenuSelect: menu/select.wav
09:26:26.237 [FXGL Background Thread 3 ] DEBUG Engine               - soundNotification: core/notification.wav
09:26:26.237 [FXGL Background Thread 3 ] DEBUG Engine               - stageStyle: DECORATED
09:26:26.237 [FXGL Background Thread 3 ] DEBUG Engine               - supportedLanguages: [ENGLISH, FRENCH, GERMAN, HUNGARIAN, RUSSIAN]
09:26:26.239 [FXGL Background Thread 3 ] DEBUG Engine               - ticksPerSecond: -1
09:26:26.239 [FXGL Background Thread 3 ] DEBUG Engine               - title: Mega Man, but AWESOME!
09:26:26.239 [FXGL Background Thread 3 ] DEBUG Engine               - urlGithub: https://github.com/AlmasB/FXGL
09:26:26.239 [FXGL Background Thread 3 ] DEBUG Engine               - urlLeaderboard: http://fxgl-top.herokuapp.com/
09:26:26.239 [FXGL Background Thread 3 ] DEBUG Engine               - urlPOM: https://raw.githubusercontent.com/AlmasB/FXGL/release/README.md
09:26:26.239 [FXGL Background Thread 3 ] DEBUG Engine               - userAppClass: class com.example.ipose_megaman.Main
09:26:26.239 [FXGL Background Thread 3 ] DEBUG Engine               - version: 1.0
09:26:26.239 [FXGL Background Thread 3 ] DEBUG Engine               - versionCheckDays: 7
09:26:26.239 [FXGL Background Thread 3 ] DEBUG Engine               - width: 1050
09:26:26.239 [FXGL Background Thread 3 ] DEBUG Engine               - Logging services
09:26:26.240 [FXGL Background Thread 3 ] DEBUG Engine               - class com.almasb.fxgl.app.services.FXGLAssetLoaderService
09:26:26.240 [FXGL Background Thread 3 ] DEBUG Engine               - class com.almasb.fxgl.app.FXGLApplication$GameApplicationService
09:26:26.240 [FXGL Background Thread 3 ] DEBUG Engine               - class com.almasb.fxgl.app.services.FXGLDialogService
09:26:26.240 [FXGL Background Thread 3 ] DEBUG Engine               - class com.almasb.fxgl.app.services.IOTaskExecutorService
09:26:26.240 [FXGL Background Thread 3 ] DEBUG Engine               - class com.almasb.fxgl.io.FileSystemService
09:26:26.240 [FXGL Background Thread 3 ] DEBUG Engine               - class com.almasb.fxgl.localization.LocalizationService
09:26:26.240 [FXGL Background Thread 3 ] DEBUG Engine               - class com.almasb.fxgl.app.services.SystemBundleService
09:26:26.240 [FXGL Background Thread 3 ] DEBUG Engine               - class com.almasb.fxgl.profile.SaveLoadService
09:26:26.240 [FXGL Background Thread 3 ] DEBUG Engine               - class com.almasb.fxgl.ui.FXGLUIFactoryServiceProvider
09:26:26.240 [FXGL Background Thread 3 ] DEBUG Engine               - class com.almasb.fxgl.ui.FXGLDialogFactoryServiceProvider
09:26:26.240 [FXGL Background Thread 3 ] DEBUG Engine               - class com.almasb.fxgl.audio.AudioPlayer
09:26:26.240 [FXGL Background Thread 3 ] DEBUG Engine               - class com.almasb.fxgl.notification.impl.NotificationServiceProvider
09:26:26.240 [FXGL Background Thread 3 ] DEBUG Engine               - class com.almasb.fxgl.achievement.AchievementService
09:26:26.240 [FXGL Background Thread 3 ] DEBUG Engine               - class com.almasb.fxgl.cutscene.CutsceneService
09:26:26.240 [FXGL Background Thread 3 ] DEBUG Engine               - class com.almasb.fxgl.minigames.MiniGameService
09:26:26.240 [FXGL Background Thread 3 ] DEBUG Engine               - class com.almasb.fxgl.net.NetService
09:26:26.240 [FXGL Background Thread 3 ] DEBUG Engine               - class com.almasb.fxgl.app.services.UpdaterService
09:26:26.240 [FXGL Background Thread 3 ] DEBUG Engine               - class com.almasb.fxgl.dev.DevService
09:26:37.627 [JavaFX Application Thread] DEBUG FXGLApplication      - Exiting FXGL
09:26:37.628 [JavaFX Application Thread] DEBUG LoopRunner           - Stopping loop
09:26:37.628 [JavaFX Application Thread] DEBUG SystemBundleService  - Saving FXGL system data
09:26:37.630 [JavaFX Application Thread] DEBUG FileSystemAccess     - Writing to: C:\Users\julia\Desktop\IPOSE_MEGAMAN\system\fxgl.bundle
09:26:37.637 [JavaFX Application Thread] DEBUG Async                - Shutting down background threads
09:26:37.637 [JavaFX Application Thread] DEBUG PrimaryStageWindow   - Closing main window
09:26:37.653 [JavaFX Application Thread] DEBUG Logger               - Closing Logger
