13:19:36.340 [main                     ] DEBUG Logger               - Configured Logger
13:19:36.364 [main                     ] DEBUG GameApplication      - Logging settings
Title: Tetris Man 2
Version: 1.0
Width: 1280
Height: 720
Fullscreen: false
Intro: false
Profiling: false
Single step:false
App Mode: DEVELOPER
Menu Key: ESCAPE
Stage Style: DECORATED
Scene Factory: class com.almasb.fxgl.app.scene.SceneFactory

13:19:36.724 [JavaFX Application Thread] DEBUG FXGLApplication      - Initializing FXGL
13:19:36.727 [JavaFX Application Thread] INFO  Engine               - FXGL-17.1 (24.03.2022 17.34) on WINDOWS (J:19.0.1 FX:19-ea)
13:19:36.727 [JavaFX Application Thread] DEBUG Engine               - JRE Vendor Name: Oracle Corporation
13:19:36.727 [JavaFX Application Thread] DEBUG Engine               - Running on OS: Windows 11 version 10.0
13:19:36.727 [JavaFX Application Thread] DEBUG Engine               - Architecture: amd64
13:19:36.727 [JavaFX Application Thread] INFO  Engine               - Source code and latest versions at: https://github.com/AlmasB/FXGL
13:19:36.728 [JavaFX Application Thread] INFO  Engine               -       Ask questions and discuss at: https://github.com/AlmasB/FXGL/discussions
13:19:36.728 [JavaFX Application Thread] INFO  Engine               -              Join the FXGL chat at: https://gitter.im/AlmasB/FXGL
13:19:36.789 [JavaFX Application Thread] DEBUG PrimaryStageWindow   - Creating a JavaFX scene
13:19:36.815 [JavaFX Application Thread] DEBUG PrimaryStageWindow   - Target settings size: 1280.0 x 720.0
13:19:36.816 [JavaFX Application Thread] DEBUG PrimaryStageWindow   - Scaled scene size:    1280.0 x 720.0
13:19:36.816 [JavaFX Application Thread] DEBUG PrimaryStageWindow   - Scaled ratio: (1.0, 1.0)
13:19:36.817 [JavaFX Application Thread] DEBUG PrimaryStageWindow   - Set initial scene to FXGLStartupScene
13:19:36.821 [JavaFX Application Thread] DEBUG PrimaryStageWindow   - Opening main window
13:19:36.886 [JavaFX Application Thread] DEBUG PrimaryStageWindow   - Window border size: (16.0, 39.0)
13:19:36.886 [JavaFX Application Thread] DEBUG PrimaryStageWindow   - Scaled size: 1280.0 x 720.0
13:19:36.886 [JavaFX Application Thread] DEBUG PrimaryStageWindow   - Scaled ratio: (1.0, 1.0)
13:19:36.886 [JavaFX Application Thread] DEBUG PrimaryStageWindow   - Scene size: 1280.0 x 720.0
13:19:36.887 [JavaFX Application Thread] DEBUG PrimaryStageWindow   - Stage size: 1296.0 x 759.0
13:19:36.892 [FXGL Background Thread 1 ] DEBUG Engine               - Initializing environment variables
13:19:36.939 [FXGL Background Thread 1 ] DEBUG FXGLAssetLoaderServi - User app class for loading assets: class com.example.ipose_megaman.Main
13:19:36.939 [FXGL Background Thread 1 ] DEBUG GameApplicationServi - Applying CSS: fxgl_dark.css
13:19:36.940 [FXGL Background Thread 1 ] DEBUG FXGLAssetLoaderServi - Loading from file system: jar:file:///C:/Users/julia/.m2/repository/com/github/almasb/fxgl/17.1/fxgl-17.1.jar!/fxglassets/ui/css/fxgl_dark.css
13:19:36.976 [FXGL Background Thread 1 ] DEBUG GameApplicationServi - Initializing application scenes
13:19:37.038 [FXGL Background Thread 1 ] DEBUG GameWorld            - Game world initialized
13:19:37.126 [FXGL Background Thread 1 ] DEBUG PhysicsWorld         - Physics world initialized: appHeight=720, physics.ppm=50,0
13:19:37.126 [FXGL Background Thread 1 ] DEBUG PhysicsWorld         - Using strategy: BRUTE_FORCE
13:19:37.132 [FXGL Background Thread 1 ] DEBUG GameScene            - Game scene initialized: 1280x720
13:19:37.149 [FXGL Background Thread 1 ] DEBUG FXGL.DefaultMenu     - createMenuBodyMainMenu()
13:19:37.160 [FXGL Background Thread 1 ] DEBUG FXGL.DefaultMenu     - createOptionsMenu()
13:19:37.173 [FXGL Background Thread 1 ] DEBUG FXGLAssetLoaderServi - Loading from file system: jar:file:///C:/Users/julia/.m2/repository/com/github/almasb/fxgl/17.1/fxgl-17.1.jar!/fxglassets/textures/particles/smoke.png
13:19:37.296 [FXGL Background Thread 1 ] DEBUG FXGLAssetLoaderServi - Loading from file system: jar:file:///C:/Users/julia/.m2/repository/com/github/almasb/fxgl/17.1/fxgl-17.1.jar!/fxglassets/textures/particles/trace_horizontal.png
13:19:37.321 [FXGL Background Thread 1 ] DEBUG FXGL.DefaultMenu     - createMenuBodyGameMenu()
13:19:37.322 [FXGL Background Thread 1 ] DEBUG FXGL.DefaultMenu     - createOptionsMenu()
13:19:37.329 [FXGL Background Thread 1 ] DEBUG GameApplicationServi - Application scenes initialized
13:19:37.337 [FXGL Background Thread 1 ] DEBUG SystemBundleService  - Loading FXGL system data
13:19:37.341 [FXGL Background Thread 1 ] DEBUG FileSystemAccess     - Reading from: C:\Users\julia\Desktop\IPOSE_MEGAMAN\system\fxgl.bundle
13:19:37.348 [FXGL Background Thread 1 ] DEBUG SystemBundleService  - Bundle FXGL: {}
13:19:37.348 [FXGL Background Thread 1 ] DEBUG UpdaterService       - Checking for updates
13:19:37.352 [FXGL Background Thread 4 ] DEBUG FXGLApplication      - Loading fonts
13:19:37.352 [FXGL Background Thread 1 ] DEBUG FXGLApplication      - Loading default localization
13:19:37.352 [FXGL Background Thread 4 ] DEBUG FXGLAssetLoaderServi - Loading from file system: jar:file:///C:/Users/julia/.m2/repository/com/github/almasb/fxgl/17.1/fxgl-17.1.jar!/fxglassets/ui/fonts/VarelaRound-Regular.ttf
13:19:37.353 [FXGL Background Thread 1 ] DEBUG FXGLAssetLoaderServi - Loading from file system: jar:file:///C:/Users/julia/.m2/repository/com/github/almasb/fxgl/17.1/fxgl-17.1.jar!/fxglassets/languages/english.lang
13:19:37.400 [FXGL Background Thread 1 ] INFO  FXGLApplication      - FXGL initialization took: 0,507 sec
13:19:37.404 [FXGL Background Thread 4 ] DEBUG FXGLAssetLoaderServi - Loading from file system: jar:file:///C:/Users/julia/.m2/repository/com/github/almasb/fxgl/17.1/fxgl-17.1.jar!/fxglassets/ui/fonts/Abel-Regular.ttf
13:19:37.407 [FXGL Background Thread 4 ] DEBUG FXGLAssetLoaderServi - Loading from file system: jar:file:///C:/Users/julia/.m2/repository/com/github/almasb/fxgl/17.1/fxgl-17.1.jar!/fxglassets/ui/fonts/TerminalLandMono-Regular.otf
13:19:37.411 [FXGL Background Thread 4 ] DEBUG FXGLAssetLoaderServi - Loading from file system: jar:file:///C:/Users/julia/.m2/repository/com/github/almasb/fxgl/17.1/fxgl-17.1.jar!/fxglassets/ui/fonts/Courier-Prime.ttf
13:19:37.422 [JavaFX Application Thread] DEBUG Input                - Registered new binding: Move Right - D
13:19:37.422 [JavaFX Application Thread] DEBUG Input                - Registered new binding: Move Left - A
13:19:37.423 [JavaFX Application Thread] DEBUG Input                - Registered new binding: Jump - Space
13:19:37.423 [JavaFX Application Thread] DEBUG Input                - Registered new binding: Shoot - Enter
13:19:37.423 [JavaFX Application Thread] DEBUG FXGLAssetLoaderServi - Loading from file system: jar:file:///C:/Users/julia/.m2/repository/com/github/almasb/fxgl/17.1/fxgl-17.1.jar!/fxglassets/textures/fxgl_icon.png
13:19:37.438 [JavaFX Application Thread] DEBUG FXGLAssetLoaderServi - Loading from file system: jar:file:///C:/Users/julia/.m2/repository/com/github/almasb/fxgl/17.1/fxgl-17.1.jar!/fxglassets/textures/fxgl_default_cursor.png
13:19:37.442 [JavaFX Application Thread] DEBUG Input                - Registered new binding: Screenshot - CTRL+8
13:19:37.443 [JavaFX Application Thread] DEBUG Input                - Registered new binding: System info dump - CTRL+9
13:19:37.444 [JavaFX Application Thread] DEBUG Input                - Registered new binding: Restart - CTRL+R
13:19:37.444 [JavaFX Application Thread] DEBUG Input                - Registered new binding: Toggle Debug Camera - CTRL+7
13:19:37.449 [JavaFX Application Thread] DEBUG LoopRunner           - Starting loop
13:19:37.449 [JavaFX Application Thread] DEBUG LoopRunner           - Initializing JavaFX AnimationTimerLoop
13:19:37.453 [JavaFX Application Thread] DEBUG Input                - Clearing active input actions
13:19:37.457 [JavaFX Application Thread] DEBUG GameApplicationServi - Removing overlay from FXGLStartupScene and adding to FXGLMainMenuDummyScene
13:19:37.457 [JavaFX Application Thread] DEBUG PrimaryStageWindow   - FXGLStartupScene -> FXGLMainMenuDummyScene
13:19:37.457 [JavaFX Application Thread] DEBUG PrimaryStageWindow   - Push state: FXGLDefaultMenu
13:19:37.468 [JavaFX Application Thread] DEBUG Input                - Clearing active input actions
13:19:37.479 [JavaFX Application Thread] DEBUG GameApplicationServi - Removing overlay from FXGLMainMenuDummyScene and adding to FXGLDefaultMenu
13:19:37.479 [JavaFX Application Thread] DEBUG PrimaryStageWindow   - FXGLMainMenuDummyScene -> FXGLDefaultMenu
13:19:37.479 [JavaFX Application Thread] DEBUG FXGLApplication      - Registering font factories with UI factory
13:19:38.078 [FXGL Background Thread 2 ] INFO  UpdaterService       - Your current version:  17.1
13:19:38.079 [FXGL Background Thread 2 ] INFO  UpdaterService       - Latest stable version: 17.3
13:19:40.003 [JavaFX Application Thread] DEBUG Menu                 - fireNewGame()
13:19:40.003 [JavaFX Application Thread] DEBUG GameApplicationServi - Starting new game
13:19:40.006 [JavaFX Application Thread] DEBUG PrimaryStageWindow   - Pop state: FXGLDefaultMenu
13:19:40.006 [JavaFX Application Thread] DEBUG Input                - Clearing active input actions
13:19:40.007 [JavaFX Application Thread] DEBUG GameApplicationServi - Removing overlay from FXGLDefaultMenu and adding to FXGLMainMenuDummyScene
13:19:40.007 [JavaFX Application Thread] DEBUG PrimaryStageWindow   - FXGLMainMenuDummyScene <- FXGLDefaultMenu
13:19:40.007 [JavaFX Application Thread] DEBUG Input                - Clearing active input actions
13:19:40.017 [JavaFX Application Thread] DEBUG GameApplicationServi - Removing overlay from FXGLMainMenuDummyScene and adding to FXGLLoadingScene
13:19:40.017 [JavaFX Application Thread] DEBUG PrimaryStageWindow   - FXGLMainMenuDummyScene -> FXGLLoadingScene
13:19:40.017 [JavaFX Application Thread] DEBUG GameApplicationServi - Clearing previous game
13:19:40.017 [JavaFX Application Thread] DEBUG GameScene            - Clearing game scene
13:19:40.017 [JavaFX Application Thread] DEBUG GameWorld            - Clearing game world
13:19:40.017 [JavaFX Application Thread] DEBUG PhysicsWorld         - Clearing physics world
13:19:40.025 [FXGL Background Thread 2 ] DEBUG FXGLApplication      - Initializing game
13:19:40.098 [FXGL Background Thread 2 ] WARN  TMXLevelLoader       - TiledMap generated from 1.10.0. Supported version: 1.4.2. Some features may not be parsed fully.
13:19:40.122 [FXGL Background Thread 2 ] DEBUG TMXLevelLoader       - Parsed TiledMap: file:/C:/Users/julia/Desktop/IPOSE_MEGAMAN/target/classes/assets/levels/level.tmx
13:19:40.123 [FXGL Background Thread 2 ] DEBUG TMXLevelLoader       - Creating tile layer entities
13:19:40.125 [FXGL Background Thread 2 ] DEBUG TilesetLoader        - Loading view for layer Tilelaag 1
13:19:40.172 [FXGL Background Thread 2 ] DEBUG TilesetLoader        - Created buffer with size 28000.0x1400.0
13:19:40.177 [FXGL Background Thread 2 ] DEBUG TMXLevelLoader       - Creating object layer entities
13:19:40.222 [FXGL Background Thread 2 ] DEBUG FXGLAssetLoaderServi - Loading from file system: file:/C:/Users/julia/Desktop/IPOSE_MEGAMAN/target/classes/assets/textures/enemy.png
13:19:40.229 [FXGL Background Thread 2 ] DEBUG GameWorld            - Clearing removable entities
13:19:40.229 [FXGL Background Thread 2 ] DEBUG GameWorld            - Setting level: com.almasb.fxgl.entity.level.Level@6c856f52
13:19:40.245 [FXGL Background Thread 2 ] WARN  FXGLAssetLoaderServi - Asset "/assets/textures/assets/textures/MegaManIdle.png" was not found!
13:19:40.245 [FXGL Background Thread 2 ] WARN  FXGLAssetLoaderServi - Failed to load IMAGE
13:19:40.266 [FXGL Background Thread 2 ] DEBUG FXGLAssetLoaderServi - Loading from file system: file:/C:/Users/julia/Desktop/IPOSE_MEGAMAN/target/classes/assets/textures/MegaManIdle.png
13:19:40.270 [FXGL Background Thread 2 ] DEBUG FXGLAssetLoaderServi - Loading from file system: file:/C:/Users/julia/Desktop/IPOSE_MEGAMAN/target/classes/assets/textures/background2.jpg
13:19:40.351 [FXGL Background Thread 3 ] DEBUG Engine               - Logging environment variables
13:19:40.352 [FXGL Background Thread 3 ] DEBUG Engine               - achievements: []
13:19:40.352 [FXGL Background Thread 3 ] DEBUG Engine               - actualHeight: 720.0
13:19:40.353 [FXGL Background Thread 3 ] DEBUG Engine               - actualHeightProperty: ReadOnlyDoubleProperty [value: 720.0]
13:19:40.353 [FXGL Background Thread 3 ] DEBUG Engine               - actualWidth: 1280.0
13:19:40.353 [FXGL Background Thread 3 ] DEBUG Engine               - actualWidthProperty: ReadOnlyDoubleProperty [value: 1280.0]
13:19:40.353 [FXGL Background Thread 3 ] DEBUG Engine               - appIcon: fxgl_icon.png
13:19:40.353 [FXGL Background Thread 3 ] DEBUG Engine               - applicationMode: DEVELOPER
13:19:40.353 [FXGL Background Thread 3 ] DEBUG Engine               - cSSList: [fxgl_dark.css]
13:19:40.357 [FXGL Background Thread 3 ] DEBUG Engine               - collisionDetectionStrategy: BRUTE_FORCE
13:19:40.357 [FXGL Background Thread 3 ] DEBUG Engine               - configClass: Optional.empty
13:19:40.357 [FXGL Background Thread 3 ] DEBUG Engine               - credits: []
13:19:40.360 [FXGL Background Thread 3 ] DEBUG Engine               - defaultCursor: CursorInfo(imageName=fxgl_default_cursor.png, hotspotX=7.0, hotspotY=6.0)
13:19:40.361 [FXGL Background Thread 3 ] DEBUG Engine               - devBBoxColorProperty: ObjectProperty [value: 0xff0000ff]
13:19:40.361 [FXGL Background Thread 3 ] DEBUG Engine               - devEnableDebugCameraProperty: BooleanProperty [value: false]
13:19:40.361 [FXGL Background Thread 3 ] DEBUG Engine               - devSensorColorProperty: ObjectProperty [value: 0xffff00ff]
13:19:40.362 [FXGL Background Thread 3 ] DEBUG Engine               - devShowBBoxProperty: BooleanProperty [value: false]
13:19:40.362 [FXGL Background Thread 3 ] DEBUG Engine               - devShowPositionProperty: BooleanProperty [value: false]
13:19:40.362 [FXGL Background Thread 3 ] DEBUG Engine               - enabledMenuItems: []
13:19:40.362 [FXGL Background Thread 3 ] DEBUG Engine               - engineServices: [class com.almasb.fxgl.app.services.FXGLAssetLoaderService, class com.almasb.fxgl.app.FXGLApplication$GameApplicationService, class com.almasb.fxgl.app.services.FXGLDialogService, class com.almasb.fxgl.app.services.IOTaskExecutorService, class com.almasb.fxgl.io.FileSystemService, class com.almasb.fxgl.localization.LocalizationService, class com.almasb.fxgl.app.services.SystemBundleService, class com.almasb.fxgl.profile.SaveLoadService, class com.almasb.fxgl.ui.FXGLUIFactoryServiceProvider, class com.almasb.fxgl.ui.FXGLDialogFactoryServiceProvider, class com.almasb.fxgl.audio.AudioPlayer, class com.almasb.fxgl.notification.impl.NotificationServiceProvider, class com.almasb.fxgl.achievement.AchievementService, class com.almasb.fxgl.cutscene.CutsceneService, class com.almasb.fxgl.minigames.MiniGameService, class com.almasb.fxgl.net.NetService, class com.almasb.fxgl.app.services.UpdaterService, class com.almasb.fxgl.dev.DevService]
13:19:40.362 [FXGL Background Thread 3 ] DEBUG Engine               - fontGame: Abel-Regular.ttf
13:19:40.365 [FXGL Background Thread 3 ] DEBUG Engine               - fontMono: TerminalLandMono-Regular.otf
13:19:40.365 [FXGL Background Thread 3 ] DEBUG Engine               - fontText: Courier-Prime.ttf
13:19:40.365 [FXGL Background Thread 3 ] DEBUG Engine               - fontUI: VarelaRound-Regular.ttf
13:19:40.366 [FXGL Background Thread 3 ] DEBUG Engine               - fullScreen: BooleanProperty [value: false]
13:19:40.366 [FXGL Background Thread 3 ] DEBUG Engine               - gameDifficulty: MEDIUM
13:19:40.366 [FXGL Background Thread 3 ] DEBUG Engine               - gameDifficultyProperty: ObjectProperty [value: MEDIUM]
13:19:40.366 [FXGL Background Thread 3 ] DEBUG Engine               - globalMusicVolume: 0.5
13:19:40.366 [FXGL Background Thread 3 ] DEBUG Engine               - globalMusicVolumeProperty: DoubleProperty [value: 0.5]
13:19:40.367 [FXGL Background Thread 3 ] DEBUG Engine               - globalSoundVolume: 0.5
13:19:40.367 [FXGL Background Thread 3 ] DEBUG Engine               - globalSoundVolumeProperty: DoubleProperty [value: 0.5]
13:19:40.367 [FXGL Background Thread 3 ] DEBUG Engine               - height: 720
13:19:40.367 [FXGL Background Thread 3 ] DEBUG Engine               - is3D: false
13:19:40.367 [FXGL Background Thread 3 ] DEBUG Engine               - isAndroid: false
13:19:40.367 [FXGL Background Thread 3 ] DEBUG Engine               - isBrowser: false
13:19:40.368 [FXGL Background Thread 3 ] DEBUG Engine               - isClickFeedbackEnabled: false
13:19:40.368 [FXGL Background Thread 3 ] DEBUG Engine               - isCloseConfirmation: false
13:19:40.368 [FXGL Background Thread 3 ] DEBUG Engine               - isDesktop: true
13:19:40.368 [FXGL Background Thread 3 ] DEBUG Engine               - isDeveloperMenuEnabled: false
13:19:40.368 [FXGL Background Thread 3 ] DEBUG Engine               - isEmbedded: false
13:19:40.368 [FXGL Background Thread 3 ] DEBUG Engine               - isEntityPreloadEnabled: true
13:19:40.368 [FXGL Background Thread 3 ] DEBUG Engine               - isExperimentalTiledLargeMap: false
13:19:40.368 [FXGL Background Thread 3 ] DEBUG Engine               - isFileSystemWriteAllowed: true
13:19:40.369 [FXGL Background Thread 3 ] DEBUG Engine               - isFullScreenAllowed: false
13:19:40.369 [FXGL Background Thread 3 ] DEBUG Engine               - isFullScreenFromStart: false
13:19:40.369 [FXGL Background Thread 3 ] DEBUG Engine               - isGameMenuEnabled: true
13:19:40.369 [FXGL Background Thread 3 ] DEBUG Engine               - isIOS: false
13:19:40.369 [FXGL Background Thread 3 ] DEBUG Engine               - isIntroEnabled: false
13:19:40.369 [FXGL Background Thread 3 ] DEBUG Engine               - isLinux: false
13:19:40.369 [FXGL Background Thread 3 ] DEBUG Engine               - isMac: false
13:19:40.369 [FXGL Background Thread 3 ] DEBUG Engine               - isMainMenuEnabled: true
13:19:40.370 [FXGL Background Thread 3 ] DEBUG Engine               - isManualResizeEnabled: false
13:19:40.370 [FXGL Background Thread 3 ] DEBUG Engine               - isMobile: false
13:19:40.370 [FXGL Background Thread 3 ] DEBUG Engine               - isNative: false
13:19:40.370 [FXGL Background Thread 3 ] DEBUG Engine               - isPauseMusicWhenMinimized: true
13:19:40.370 [FXGL Background Thread 3 ] DEBUG Engine               - isPreserveResizeRatio: false
13:19:40.370 [FXGL Background Thread 3 ] DEBUG Engine               - isProfilingEnabled: false
13:19:40.370 [FXGL Background Thread 3 ] DEBUG Engine               - isScaleAffectedOnResize: true
13:19:40.371 [FXGL Background Thread 3 ] DEBUG Engine               - isSingleStep: false
13:19:40.371 [FXGL Background Thread 3 ] DEBUG Engine               - isUserProfileEnabled: false
13:19:40.371 [FXGL Background Thread 3 ] DEBUG Engine               - isWindows: true
13:19:40.371 [FXGL Background Thread 3 ] DEBUG Engine               - language: ObjectProperty [value: ENGLISH]
13:19:40.371 [FXGL Background Thread 3 ] DEBUG Engine               - menuKey: ESCAPE
13:19:40.371 [FXGL Background Thread 3 ] DEBUG Engine               - mouseSensitivity: 0.2
13:19:40.371 [FXGL Background Thread 3 ] DEBUG Engine               - notificationViewClass: class com.almasb.fxgl.notification.view.XboxNotificationView
13:19:40.371 [FXGL Background Thread 3 ] DEBUG Engine               - pixelsPerMeter: 50.0
13:19:40.372 [FXGL Background Thread 3 ] DEBUG Engine               - platform: WINDOWS
13:19:40.372 [FXGL Background Thread 3 ] DEBUG Engine               - prefHeightProperty: ReadOnlyDoubleProperty [value: 720.0]
13:19:40.372 [FXGL Background Thread 3 ] DEBUG Engine               - prefWidthProperty: ReadOnlyDoubleProperty [value: 1280.0]
13:19:40.372 [FXGL Background Thread 3 ] DEBUG Engine               - profileDir: profiles/
13:19:40.372 [FXGL Background Thread 3 ] DEBUG Engine               - profileName: StringProperty [value: DEFAULT]
13:19:40.373 [FXGL Background Thread 3 ] DEBUG Engine               - randomSeed: -1
13:19:40.377 [FXGL Background Thread 3 ] DEBUG Engine               - runtimeInfo: RuntimeInfo(platform=WINDOWS, version=17.1, build=24.03.2022 17.34)
13:19:40.377 [FXGL Background Thread 3 ] DEBUG Engine               - saveFileExt: sav
13:19:40.377 [FXGL Background Thread 3 ] DEBUG Engine               - scaledHeightProp$fxgl: DoubleProperty [bound, value: 720.0]
13:19:40.377 [FXGL Background Thread 3 ] DEBUG Engine               - scaledWidthProp$fxgl: DoubleProperty [bound, value: 1280.0]
13:19:40.377 [FXGL Background Thread 3 ] DEBUG Engine               - sceneFactory: com.almasb.fxgl.app.scene.SceneFactory@a5aeb17
13:19:40.377 [FXGL Background Thread 3 ] DEBUG Engine               - secondsIn24h: 60
13:19:40.377 [FXGL Background Thread 3 ] DEBUG Engine               - soundMenuBack: menu/back.wav
13:19:40.377 [FXGL Background Thread 3 ] DEBUG Engine               - soundMenuPress: menu/press.wav
13:19:40.377 [FXGL Background Thread 3 ] DEBUG Engine               - soundMenuSelect: menu/select.wav
13:19:40.377 [FXGL Background Thread 3 ] DEBUG Engine               - soundNotification: core/notification.wav
13:19:40.377 [FXGL Background Thread 3 ] DEBUG Engine               - stageStyle: DECORATED
13:19:40.377 [FXGL Background Thread 3 ] DEBUG Engine               - supportedLanguages: [ENGLISH, FRENCH, GERMAN, HUNGARIAN, RUSSIAN]
13:19:40.377 [FXGL Background Thread 3 ] DEBUG Engine               - ticksPerSecond: -1
13:19:40.377 [FXGL Background Thread 3 ] DEBUG Engine               - title: Tetris Man 2
13:19:40.377 [FXGL Background Thread 3 ] DEBUG Engine               - urlGithub: https://github.com/AlmasB/FXGL
13:19:40.377 [FXGL Background Thread 3 ] DEBUG Engine               - urlLeaderboard: http://fxgl-top.herokuapp.com/
13:19:40.377 [FXGL Background Thread 3 ] DEBUG Engine               - urlPOM: https://raw.githubusercontent.com/AlmasB/FXGL/release/README.md
13:19:40.377 [FXGL Background Thread 3 ] DEBUG Engine               - userAppClass: class com.example.ipose_megaman.Main
13:19:40.378 [FXGL Background Thread 3 ] DEBUG Engine               - version: 1.0
13:19:40.378 [FXGL Background Thread 3 ] DEBUG Engine               - versionCheckDays: 7
13:19:40.378 [FXGL Background Thread 3 ] DEBUG Engine               - width: 1280
13:19:40.378 [FXGL Background Thread 3 ] DEBUG Engine               - Logging services
13:19:40.378 [FXGL Background Thread 3 ] DEBUG Engine               - class com.almasb.fxgl.app.services.FXGLAssetLoaderService
13:19:40.378 [FXGL Background Thread 3 ] DEBUG Engine               - class com.almasb.fxgl.app.FXGLApplication$GameApplicationService
13:19:40.378 [FXGL Background Thread 3 ] DEBUG Engine               - class com.almasb.fxgl.app.services.FXGLDialogService
13:19:40.378 [FXGL Background Thread 3 ] DEBUG Engine               - class com.almasb.fxgl.app.services.IOTaskExecutorService
13:19:40.378 [FXGL Background Thread 3 ] DEBUG Engine               - class com.almasb.fxgl.io.FileSystemService
13:19:40.378 [FXGL Background Thread 3 ] DEBUG Engine               - class com.almasb.fxgl.localization.LocalizationService
13:19:40.378 [FXGL Background Thread 3 ] DEBUG Engine               - class com.almasb.fxgl.app.services.SystemBundleService
13:19:40.378 [FXGL Background Thread 3 ] DEBUG Engine               - class com.almasb.fxgl.profile.SaveLoadService
13:19:40.378 [FXGL Background Thread 3 ] DEBUG Engine               - class com.almasb.fxgl.ui.FXGLUIFactoryServiceProvider
13:19:40.378 [FXGL Background Thread 3 ] DEBUG Engine               - class com.almasb.fxgl.ui.FXGLDialogFactoryServiceProvider
13:19:40.378 [FXGL Background Thread 3 ] DEBUG Engine               - class com.almasb.fxgl.audio.AudioPlayer
13:19:40.378 [FXGL Background Thread 3 ] DEBUG Engine               - class com.almasb.fxgl.notification.impl.NotificationServiceProvider
13:19:40.378 [FXGL Background Thread 3 ] DEBUG Engine               - class com.almasb.fxgl.achievement.AchievementService
13:19:40.378 [FXGL Background Thread 3 ] DEBUG Engine               - class com.almasb.fxgl.cutscene.CutsceneService
13:19:40.378 [FXGL Background Thread 3 ] DEBUG Engine               - class com.almasb.fxgl.minigames.MiniGameService
13:19:40.378 [FXGL Background Thread 3 ] DEBUG Engine               - class com.almasb.fxgl.net.NetService
13:19:40.378 [FXGL Background Thread 3 ] DEBUG Engine               - class com.almasb.fxgl.app.services.UpdaterService
13:19:40.378 [FXGL Background Thread 3 ] DEBUG Engine               - class com.almasb.fxgl.dev.DevService
13:19:40.667 [FXGL Background Thread 2 ] INFO  FXGLApplication      - Game initialization took: 0,641 sec
13:19:40.670 [JavaFX Application Thread] DEBUG Input                - Clearing active input actions
13:19:40.675 [JavaFX Application Thread] DEBUG GameApplicationServi - Removing overlay from FXGLLoadingScene and adding to GameScene
13:19:40.675 [JavaFX Application Thread] DEBUG PrimaryStageWindow   - FXGLLoadingScene -> GameScene
13:19:41.464 [JavaFX Application Thread] WARN  FXGLAssetLoaderServi - Asset "/assets/sounds/assets/sounds/shoot.wav" was not found!
13:19:41.464 [JavaFX Application Thread] WARN  FXGLAssetLoaderServi - Failed to load SOUND
13:19:41.740 [JavaFX Application Thread] WARN  FXGLAssetLoaderServi - Asset "/assets/sounds/assets/sounds/shoot.wav" was not found!
13:19:41.741 [JavaFX Application Thread] WARN  FXGLAssetLoaderServi - Failed to load SOUND
13:19:41.971 [JavaFX Application Thread] WARN  FXGLAssetLoaderServi - Asset "/assets/sounds/assets/sounds/shoot.wav" was not found!
13:19:41.971 [JavaFX Application Thread] WARN  FXGLAssetLoaderServi - Failed to load SOUND
13:19:42.432 [JavaFX Application Thread] WARN  FXGLAssetLoaderServi - Asset "/assets/sounds/assets/sounds/shoot.wav" was not found!
13:19:42.433 [JavaFX Application Thread] WARN  FXGLAssetLoaderServi - Failed to load SOUND
13:19:42.933 [JavaFX Application Thread] WARN  FXGLAssetLoaderServi - Asset "/assets/sounds/assets/sounds/shoot.wav" was not found!
13:19:42.933 [JavaFX Application Thread] WARN  FXGLAssetLoaderServi - Failed to load SOUND
13:19:43.197 [JavaFX Application Thread] WARN  FXGLAssetLoaderServi - Asset "/assets/sounds/assets/sounds/shoot.wav" was not found!
13:19:43.197 [JavaFX Application Thread] WARN  FXGLAssetLoaderServi - Failed to load SOUND
13:19:43.413 [JavaFX Application Thread] WARN  FXGLAssetLoaderServi - Asset "/assets/sounds/assets/sounds/shoot.wav" was not found!
13:19:43.414 [JavaFX Application Thread] WARN  FXGLAssetLoaderServi - Failed to load SOUND
13:19:43.598 [JavaFX Application Thread] WARN  FXGLAssetLoaderServi - Asset "/assets/sounds/assets/sounds/shoot.wav" was not found!
13:19:43.599 [JavaFX Application Thread] WARN  FXGLAssetLoaderServi - Failed to load SOUND
13:19:43.832 [JavaFX Application Thread] WARN  FXGLAssetLoaderServi - Asset "/assets/sounds/assets/sounds/shoot.wav" was not found!
13:19:43.832 [JavaFX Application Thread] WARN  FXGLAssetLoaderServi - Failed to load SOUND
13:19:45.998 [JavaFX Application Thread] WARN  FXGLAssetLoaderServi - Asset "/assets/sounds/assets/sounds/shoot.wav" was not found!
13:19:45.999 [JavaFX Application Thread] WARN  FXGLAssetLoaderServi - Failed to load SOUND
13:19:49.552 [JavaFX Application Thread] DEBUG FXGLApplication      - Exiting FXGL
13:19:49.552 [JavaFX Application Thread] DEBUG LoopRunner           - Stopping loop
13:19:49.552 [JavaFX Application Thread] DEBUG SystemBundleService  - Saving FXGL system data
13:19:49.554 [JavaFX Application Thread] DEBUG FileSystemAccess     - Writing to: C:\Users\julia\Desktop\IPOSE_MEGAMAN\system\fxgl.bundle
13:19:49.557 [JavaFX Application Thread] DEBUG Async                - Shutting down background threads
13:19:49.557 [JavaFX Application Thread] DEBUG PrimaryStageWindow   - Closing main window
13:19:49.586 [JavaFX Application Thread] DEBUG Logger               - Closing Logger
