09:36:24.896 [main                     ] DEBUG Logger               - Configured Logger
09:36:24.921 [main                     ] DEBUG GameApplication      - Logging settings
Title: Mega Man, but AWESOME!
Version: 1.0
Width: 1050
Height: 700
Fullscreen: false
Intro: false
Profiling: false
Single step:false
App Mode: DEVELOPER
Menu Key: ESCAPE
Stage Style: DECORATED
Scene Factory: class com.almasb.fxgl.app.scene.SceneFactory

09:36:25.255 [JavaFX Application Thread] DEBUG FXGLApplication      - Initializing FXGL
09:36:25.259 [JavaFX Application Thread] INFO  Engine               - FXGL-17.1 (24.03.2022 17.34) on WINDOWS (J:19.0.1 FX:19-ea)
09:36:25.260 [JavaFX Application Thread] DEBUG Engine               - JRE Vendor Name: Oracle Corporation
09:36:25.260 [JavaFX Application Thread] DEBUG Engine               - Running on OS: Windows 11 version 10.0
09:36:25.260 [JavaFX Application Thread] DEBUG Engine               - Architecture: amd64
09:36:25.260 [JavaFX Application Thread] INFO  Engine               - Source code and latest versions at: https://github.com/AlmasB/FXGL
09:36:25.260 [JavaFX Application Thread] INFO  Engine               -       Ask questions and discuss at: https://github.com/AlmasB/FXGL/discussions
09:36:25.260 [JavaFX Application Thread] INFO  Engine               -              Join the FXGL chat at: https://gitter.im/AlmasB/FXGL
09:36:25.313 [JavaFX Application Thread] DEBUG PrimaryStageWindow   - Creating a JavaFX scene
09:36:25.340 [JavaFX Application Thread] DEBUG PrimaryStageWindow   - Target settings size: 1050.0 x 700.0
09:36:25.340 [JavaFX Application Thread] DEBUG PrimaryStageWindow   - Scaled scene size:    1050.0 x 700.0
09:36:25.340 [JavaFX Application Thread] DEBUG PrimaryStageWindow   - Scaled ratio: (1.0, 1.0)
09:36:25.341 [JavaFX Application Thread] DEBUG PrimaryStageWindow   - Set initial scene to FXGLStartupScene
09:36:25.345 [JavaFX Application Thread] DEBUG PrimaryStageWindow   - Opening main window
09:36:25.396 [JavaFX Application Thread] DEBUG PrimaryStageWindow   - Window border size: (16.0, 39.0)
09:36:25.396 [JavaFX Application Thread] DEBUG PrimaryStageWindow   - Scaled size: 1050.0 x 700.0
09:36:25.397 [JavaFX Application Thread] DEBUG PrimaryStageWindow   - Scaled ratio: (1.0, 1.0)
09:36:25.397 [JavaFX Application Thread] DEBUG PrimaryStageWindow   - Scene size: 1050.0 x 700.0
09:36:25.397 [JavaFX Application Thread] DEBUG PrimaryStageWindow   - Stage size: 1066.0 x 739.0
09:36:25.402 [FXGL Background Thread 1 ] DEBUG Engine               - Initializing environment variables
09:36:25.445 [FXGL Background Thread 1 ] DEBUG FXGLAssetLoaderServi - User app class for loading assets: class com.example.ipose_megaman.Main
09:36:25.445 [FXGL Background Thread 1 ] DEBUG GameApplicationServi - Applying CSS: fxgl_dark.css
09:36:25.447 [FXGL Background Thread 1 ] DEBUG FXGLAssetLoaderServi - Loading from file system: jar:file:///C:/Users/julia/.m2/repository/com/github/almasb/fxgl/17.1/fxgl-17.1.jar!/fxglassets/ui/css/fxgl_dark.css
09:36:25.497 [FXGL Background Thread 1 ] DEBUG GameApplicationServi - Initializing application scenes
09:36:25.533 [FXGL Background Thread 1 ] DEBUG GameWorld            - Game world initialized
09:36:25.638 [FXGL Background Thread 1 ] DEBUG PhysicsWorld         - Physics world initialized: appHeight=700, physics.ppm=50,0
09:36:25.640 [FXGL Background Thread 1 ] DEBUG PhysicsWorld         - Using strategy: BRUTE_FORCE
09:36:25.644 [FXGL Background Thread 1 ] DEBUG GameScene            - Game scene initialized: 1050x700
09:36:25.658 [FXGL Background Thread 1 ] DEBUG FXGL.DefaultMenu     - createMenuBodyGameMenu()
09:36:25.671 [FXGL Background Thread 1 ] DEBUG FXGL.DefaultMenu     - createOptionsMenu()
09:36:25.679 [FXGL Background Thread 1 ] DEBUG FXGLAssetLoaderServi - Loading from file system: jar:file:///C:/Users/julia/.m2/repository/com/github/almasb/fxgl/17.1/fxgl-17.1.jar!/fxglassets/textures/particles/smoke.png
09:36:25.773 [FXGL Background Thread 1 ] DEBUG FXGLAssetLoaderServi - Loading from file system: jar:file:///C:/Users/julia/.m2/repository/com/github/almasb/fxgl/17.1/fxgl-17.1.jar!/fxglassets/textures/particles/trace_horizontal.png
09:36:25.795 [FXGL Background Thread 1 ] DEBUG GameApplicationServi - Application scenes initialized
09:36:25.805 [FXGL Background Thread 1 ] DEBUG SystemBundleService  - Loading FXGL system data
09:36:25.810 [FXGL Background Thread 1 ] DEBUG FileSystemAccess     - Reading from: C:\Users\julia\Desktop\IPOSE_MEGAMAN\system\fxgl.bundle
09:36:25.818 [FXGL Background Thread 1 ] DEBUG SystemBundleService  - Bundle FXGL: {}
09:36:25.818 [FXGL Background Thread 1 ] DEBUG UpdaterService       - Checking for updates
09:36:25.823 [FXGL Background Thread 4 ] DEBUG FXGLApplication      - Loading fonts
09:36:25.823 [FXGL Background Thread 1 ] DEBUG FXGLApplication      - Loading default localization
09:36:25.823 [FXGL Background Thread 4 ] DEBUG FXGLAssetLoaderServi - Loading from file system: jar:file:///C:/Users/julia/.m2/repository/com/github/almasb/fxgl/17.1/fxgl-17.1.jar!/fxglassets/ui/fonts/VarelaRound-Regular.ttf
09:36:25.824 [FXGL Background Thread 1 ] DEBUG FXGLAssetLoaderServi - Loading from file system: jar:file:///C:/Users/julia/.m2/repository/com/github/almasb/fxgl/17.1/fxgl-17.1.jar!/fxglassets/languages/english.lang
09:36:25.853 [FXGL Background Thread 1 ] INFO  FXGLApplication      - FXGL initialization took: 0,450 sec
09:36:25.866 [JavaFX Application Thread] DEBUG Input                - Registered new binding: Move Right - D
09:36:25.866 [JavaFX Application Thread] DEBUG Input                - Registered new binding: Move Left - A
09:36:25.866 [JavaFX Application Thread] DEBUG Input                - Registered new binding: Jump - Space
09:36:25.867 [JavaFX Application Thread] DEBUG FXGLAssetLoaderServi - Loading from file system: jar:file:///C:/Users/julia/.m2/repository/com/github/almasb/fxgl/17.1/fxgl-17.1.jar!/fxglassets/textures/fxgl_icon.png
09:36:25.878 [FXGL Background Thread 4 ] DEBUG FXGLAssetLoaderServi - Loading from file system: jar:file:///C:/Users/julia/.m2/repository/com/github/almasb/fxgl/17.1/fxgl-17.1.jar!/fxglassets/ui/fonts/Abel-Regular.ttf
09:36:25.883 [FXGL Background Thread 4 ] DEBUG FXGLAssetLoaderServi - Loading from file system: jar:file:///C:/Users/julia/.m2/repository/com/github/almasb/fxgl/17.1/fxgl-17.1.jar!/fxglassets/ui/fonts/TerminalLandMono-Regular.otf
09:36:25.887 [JavaFX Application Thread] DEBUG FXGLAssetLoaderServi - Loading from file system: jar:file:///C:/Users/julia/.m2/repository/com/github/almasb/fxgl/17.1/fxgl-17.1.jar!/fxglassets/textures/fxgl_default_cursor.png
09:36:25.888 [FXGL Background Thread 4 ] DEBUG FXGLAssetLoaderServi - Loading from file system: jar:file:///C:/Users/julia/.m2/repository/com/github/almasb/fxgl/17.1/fxgl-17.1.jar!/fxglassets/ui/fonts/Courier-Prime.ttf
09:36:25.890 [JavaFX Application Thread] DEBUG Input                - Registered new binding: Screenshot - CTRL+8
09:36:25.890 [JavaFX Application Thread] DEBUG Input                - Registered new binding: System info dump - CTRL+9
09:36:25.891 [JavaFX Application Thread] DEBUG Input                - Registered new binding: Restart - CTRL+R
09:36:25.891 [JavaFX Application Thread] DEBUG Input                - Registered new binding: Toggle Debug Camera - CTRL+7
09:36:25.893 [JavaFX Application Thread] DEBUG LoopRunner           - Starting loop
09:36:25.893 [JavaFX Application Thread] DEBUG LoopRunner           - Initializing JavaFX AnimationTimerLoop
09:36:25.893 [JavaFX Application Thread] DEBUG GameApplicationServi - Starting new game
09:36:25.894 [JavaFX Application Thread] DEBUG Input                - Clearing active input actions
09:36:25.906 [JavaFX Application Thread] DEBUG GameApplicationServi - Removing overlay from FXGLStartupScene and adding to FXGLLoadingScene
09:36:25.906 [JavaFX Application Thread] DEBUG PrimaryStageWindow   - FXGLStartupScene -> FXGLLoadingScene
09:36:25.906 [JavaFX Application Thread] DEBUG GameApplicationServi - Clearing previous game
09:36:25.906 [JavaFX Application Thread] DEBUG GameScene            - Clearing game scene
09:36:25.906 [JavaFX Application Thread] DEBUG GameWorld            - Clearing game world
09:36:25.906 [JavaFX Application Thread] DEBUG PhysicsWorld         - Clearing physics world
09:36:25.909 [JavaFX Application Thread] DEBUG FXGLApplication      - Registering font factories with UI factory
09:36:25.909 [FXGL Background Thread 4 ] DEBUG FXGLApplication      - Initializing game
09:36:25.959 [FXGL Background Thread 4 ] WARN  TMXLevelLoader       - TiledMap generated from 1.0.1. Supported version: 1.4.2. Some features may not be parsed fully.
09:36:25.962 [FXGL Background Thread 4 ] DEBUG TMXLevelLoader       - Parsed TiledMap: file:/C:/Users/julia/Desktop/IPOSE_MEGAMAN/target/classes/assets/levels/map.tmx
09:36:25.963 [FXGL Background Thread 4 ] DEBUG TMXLevelLoader       - Creating tile layer entities
09:36:25.965 [FXGL Background Thread 4 ] DEBUG TilesetLoader        - Loading view for layer Tilelaag 1
09:36:25.967 [FXGL Background Thread 4 ] DEBUG TilesetLoader        - Created buffer with size 1050.0x700.0
09:36:25.970 [FXGL Background Thread 4 ] DEBUG TMXLevelLoader       - Creating object layer entities
09:36:26.014 [FXGL Background Thread 4 ] DEBUG GameWorld            - Clearing removable entities
09:36:26.017 [FXGL Background Thread 4 ] DEBUG GameWorld            - Setting level: com.almasb.fxgl.entity.level.Level@1d2d908f
09:36:26.025 [FXGL Background Thread 4 ] INFO  FXGLApplication      - Game initialization took: 0,116 sec
09:36:26.053 [JavaFX Application Thread] DEBUG Input                - Clearing active input actions
09:36:26.063 [JavaFX Application Thread] DEBUG GameApplicationServi - Removing overlay from FXGLLoadingScene and adding to GameScene
09:36:26.063 [JavaFX Application Thread] DEBUG PrimaryStageWindow   - FXGLLoadingScene -> GameScene
09:36:26.209 [FXGL Background Thread 2 ] INFO  UpdaterService       - Your current version:  17.1
09:36:26.210 [FXGL Background Thread 2 ] INFO  UpdaterService       - Latest stable version: 17.3
09:36:28.822 [FXGL Background Thread 3 ] DEBUG Engine               - Logging environment variables
09:36:28.823 [FXGL Background Thread 3 ] DEBUG Engine               - achievements: []
09:36:28.824 [FXGL Background Thread 3 ] DEBUG Engine               - actualHeight: 700.0
09:36:28.824 [FXGL Background Thread 3 ] DEBUG Engine               - actualHeightProperty: ReadOnlyDoubleProperty [value: 700.0]
09:36:28.824 [FXGL Background Thread 3 ] DEBUG Engine               - actualWidth: 1050.0
09:36:28.824 [FXGL Background Thread 3 ] DEBUG Engine               - actualWidthProperty: ReadOnlyDoubleProperty [value: 1050.0]
09:36:28.824 [FXGL Background Thread 3 ] DEBUG Engine               - appIcon: fxgl_icon.png
09:36:28.824 [FXGL Background Thread 3 ] DEBUG Engine               - applicationMode: DEVELOPER
09:36:28.824 [FXGL Background Thread 3 ] DEBUG Engine               - cSSList: [fxgl_dark.css]
09:36:28.824 [FXGL Background Thread 3 ] DEBUG Engine               - collisionDetectionStrategy: BRUTE_FORCE
09:36:28.825 [FXGL Background Thread 3 ] DEBUG Engine               - configClass: Optional.empty
09:36:28.825 [FXGL Background Thread 3 ] DEBUG Engine               - credits: []
09:36:28.825 [FXGL Background Thread 3 ] DEBUG Engine               - defaultCursor: CursorInfo(imageName=fxgl_default_cursor.png, hotspotX=7.0, hotspotY=6.0)
09:36:28.825 [FXGL Background Thread 3 ] DEBUG Engine               - devBBoxColorProperty: ObjectProperty [value: 0xff0000ff]
09:36:28.826 [FXGL Background Thread 3 ] DEBUG Engine               - devEnableDebugCameraProperty: BooleanProperty [value: false]
09:36:28.826 [FXGL Background Thread 3 ] DEBUG Engine               - devSensorColorProperty: ObjectProperty [value: 0xffff00ff]
09:36:28.826 [FXGL Background Thread 3 ] DEBUG Engine               - devShowBBoxProperty: BooleanProperty [value: false]
09:36:28.826 [FXGL Background Thread 3 ] DEBUG Engine               - devShowPositionProperty: BooleanProperty [value: false]
09:36:28.826 [FXGL Background Thread 3 ] DEBUG Engine               - enabledMenuItems: []
09:36:28.826 [FXGL Background Thread 3 ] DEBUG Engine               - engineServices: [class com.almasb.fxgl.app.services.FXGLAssetLoaderService, class com.almasb.fxgl.app.FXGLApplication$GameApplicationService, class com.almasb.fxgl.app.services.FXGLDialogService, class com.almasb.fxgl.app.services.IOTaskExecutorService, class com.almasb.fxgl.io.FileSystemService, class com.almasb.fxgl.localization.LocalizationService, class com.almasb.fxgl.app.services.SystemBundleService, class com.almasb.fxgl.profile.SaveLoadService, class com.almasb.fxgl.ui.FXGLUIFactoryServiceProvider, class com.almasb.fxgl.ui.FXGLDialogFactoryServiceProvider, class com.almasb.fxgl.audio.AudioPlayer, class com.almasb.fxgl.notification.impl.NotificationServiceProvider, class com.almasb.fxgl.achievement.AchievementService, class com.almasb.fxgl.cutscene.CutsceneService, class com.almasb.fxgl.minigames.MiniGameService, class com.almasb.fxgl.net.NetService, class com.almasb.fxgl.app.services.UpdaterService, class com.almasb.fxgl.dev.DevService]
09:36:28.826 [FXGL Background Thread 3 ] DEBUG Engine               - fontGame: Abel-Regular.ttf
09:36:28.826 [FXGL Background Thread 3 ] DEBUG Engine               - fontMono: TerminalLandMono-Regular.otf
09:36:28.827 [FXGL Background Thread 3 ] DEBUG Engine               - fontText: Courier-Prime.ttf
09:36:28.827 [FXGL Background Thread 3 ] DEBUG Engine               - fontUI: VarelaRound-Regular.ttf
09:36:28.827 [FXGL Background Thread 3 ] DEBUG Engine               - fullScreen: BooleanProperty [value: false]
09:36:28.827 [FXGL Background Thread 3 ] DEBUG Engine               - gameDifficulty: MEDIUM
09:36:28.827 [FXGL Background Thread 3 ] DEBUG Engine               - gameDifficultyProperty: ObjectProperty [value: MEDIUM]
09:36:28.827 [FXGL Background Thread 3 ] DEBUG Engine               - globalMusicVolume: 0.5
09:36:28.827 [FXGL Background Thread 3 ] DEBUG Engine               - globalMusicVolumeProperty: DoubleProperty [value: 0.5]
09:36:28.827 [FXGL Background Thread 3 ] DEBUG Engine               - globalSoundVolume: 0.5
09:36:28.827 [FXGL Background Thread 3 ] DEBUG Engine               - globalSoundVolumeProperty: DoubleProperty [value: 0.5]
09:36:28.828 [FXGL Background Thread 3 ] DEBUG Engine               - height: 700
09:36:28.828 [FXGL Background Thread 3 ] DEBUG Engine               - is3D: false
09:36:28.828 [FXGL Background Thread 3 ] DEBUG Engine               - isAndroid: false
09:36:28.828 [FXGL Background Thread 3 ] DEBUG Engine               - isBrowser: false
09:36:28.828 [FXGL Background Thread 3 ] DEBUG Engine               - isClickFeedbackEnabled: false
09:36:28.828 [FXGL Background Thread 3 ] DEBUG Engine               - isCloseConfirmation: false
09:36:28.828 [FXGL Background Thread 3 ] DEBUG Engine               - isDesktop: true
09:36:28.828 [FXGL Background Thread 3 ] DEBUG Engine               - isDeveloperMenuEnabled: false
09:36:28.828 [FXGL Background Thread 3 ] DEBUG Engine               - isEmbedded: false
09:36:28.828 [FXGL Background Thread 3 ] DEBUG Engine               - isEntityPreloadEnabled: true
09:36:28.828 [FXGL Background Thread 3 ] DEBUG Engine               - isExperimentalTiledLargeMap: false
09:36:28.828 [FXGL Background Thread 3 ] DEBUG Engine               - isFileSystemWriteAllowed: true
09:36:28.829 [FXGL Background Thread 3 ] DEBUG Engine               - isFullScreenAllowed: false
09:36:28.829 [FXGL Background Thread 3 ] DEBUG Engine               - isFullScreenFromStart: false
09:36:28.829 [FXGL Background Thread 3 ] DEBUG Engine               - isGameMenuEnabled: true
09:36:28.829 [FXGL Background Thread 3 ] DEBUG Engine               - isIOS: false
09:36:28.829 [FXGL Background Thread 3 ] DEBUG Engine               - isIntroEnabled: false
09:36:28.829 [FXGL Background Thread 3 ] DEBUG Engine               - isLinux: false
09:36:28.829 [FXGL Background Thread 3 ] DEBUG Engine               - isMac: false
09:36:28.829 [FXGL Background Thread 3 ] DEBUG Engine               - isMainMenuEnabled: false
09:36:28.830 [FXGL Background Thread 3 ] DEBUG Engine               - isManualResizeEnabled: false
09:36:28.830 [FXGL Background Thread 3 ] DEBUG Engine               - isMobile: false
09:36:28.830 [FXGL Background Thread 3 ] DEBUG Engine               - isNative: false
09:36:28.830 [FXGL Background Thread 3 ] DEBUG Engine               - isPauseMusicWhenMinimized: true
09:36:28.830 [FXGL Background Thread 3 ] DEBUG Engine               - isPreserveResizeRatio: false
09:36:28.830 [FXGL Background Thread 3 ] DEBUG Engine               - isProfilingEnabled: false
09:36:28.830 [FXGL Background Thread 3 ] DEBUG Engine               - isScaleAffectedOnResize: true
09:36:28.830 [FXGL Background Thread 3 ] DEBUG Engine               - isSingleStep: false
09:36:28.830 [FXGL Background Thread 3 ] DEBUG Engine               - isUserProfileEnabled: false
09:36:28.830 [FXGL Background Thread 3 ] DEBUG Engine               - isWindows: true
09:36:28.830 [FXGL Background Thread 3 ] DEBUG Engine               - language: ObjectProperty [value: ENGLISH]
09:36:28.830 [FXGL Background Thread 3 ] DEBUG Engine               - menuKey: ESCAPE
09:36:28.830 [FXGL Background Thread 3 ] DEBUG Engine               - mouseSensitivity: 0.2
09:36:28.831 [FXGL Background Thread 3 ] DEBUG Engine               - notificationViewClass: class com.almasb.fxgl.notification.view.XboxNotificationView
09:36:28.831 [FXGL Background Thread 3 ] DEBUG Engine               - pixelsPerMeter: 50.0
09:36:28.831 [FXGL Background Thread 3 ] DEBUG Engine               - platform: WINDOWS
09:36:28.831 [FXGL Background Thread 3 ] DEBUG Engine               - prefHeightProperty: ReadOnlyDoubleProperty [value: 700.0]
09:36:28.831 [FXGL Background Thread 3 ] DEBUG Engine               - prefWidthProperty: ReadOnlyDoubleProperty [value: 1050.0]
09:36:28.831 [FXGL Background Thread 3 ] DEBUG Engine               - profileDir: profiles/
09:36:28.831 [FXGL Background Thread 3 ] DEBUG Engine               - profileName: StringProperty [value: DEFAULT]
09:36:28.831 [FXGL Background Thread 3 ] DEBUG Engine               - randomSeed: -1
09:36:28.834 [FXGL Background Thread 3 ] DEBUG Engine               - runtimeInfo: RuntimeInfo(platform=WINDOWS, version=17.1, build=24.03.2022 17.34)
09:36:28.834 [FXGL Background Thread 3 ] DEBUG Engine               - saveFileExt: sav
09:36:28.834 [FXGL Background Thread 3 ] DEBUG Engine               - scaledHeightProp$fxgl: DoubleProperty [bound, value: 700.0]
09:36:28.834 [FXGL Background Thread 3 ] DEBUG Engine               - scaledWidthProp$fxgl: DoubleProperty [bound, value: 1050.0]
09:36:28.835 [FXGL Background Thread 3 ] DEBUG Engine               - sceneFactory: com.almasb.fxgl.app.scene.SceneFactory@581eb9a4
09:36:28.835 [FXGL Background Thread 3 ] DEBUG Engine               - secondsIn24h: 60
09:36:28.838 [FXGL Background Thread 3 ] DEBUG Engine               - soundMenuBack: menu/back.wav
09:36:28.838 [FXGL Background Thread 3 ] DEBUG Engine               - soundMenuPress: menu/press.wav
09:36:28.838 [FXGL Background Thread 3 ] DEBUG Engine               - soundMenuSelect: menu/select.wav
09:36:28.838 [FXGL Background Thread 3 ] DEBUG Engine               - soundNotification: core/notification.wav
09:36:28.838 [FXGL Background Thread 3 ] DEBUG Engine               - stageStyle: DECORATED
09:36:28.838 [FXGL Background Thread 3 ] DEBUG Engine               - supportedLanguages: [ENGLISH, FRENCH, GERMAN, HUNGARIAN, RUSSIAN]
09:36:28.838 [FXGL Background Thread 3 ] DEBUG Engine               - ticksPerSecond: -1
09:36:28.839 [FXGL Background Thread 3 ] DEBUG Engine               - title: Mega Man, but AWESOME!
09:36:28.839 [FXGL Background Thread 3 ] DEBUG Engine               - urlGithub: https://github.com/AlmasB/FXGL
09:36:28.839 [FXGL Background Thread 3 ] DEBUG Engine               - urlLeaderboard: http://fxgl-top.herokuapp.com/
09:36:28.839 [FXGL Background Thread 3 ] DEBUG Engine               - urlPOM: https://raw.githubusercontent.com/AlmasB/FXGL/release/README.md
09:36:28.839 [FXGL Background Thread 3 ] DEBUG Engine               - userAppClass: class com.example.ipose_megaman.Main
09:36:28.839 [FXGL Background Thread 3 ] DEBUG Engine               - version: 1.0
09:36:28.839 [FXGL Background Thread 3 ] DEBUG Engine               - versionCheckDays: 7
09:36:28.839 [FXGL Background Thread 3 ] DEBUG Engine               - width: 1050
09:36:28.839 [FXGL Background Thread 3 ] DEBUG Engine               - Logging services
09:36:28.839 [FXGL Background Thread 3 ] DEBUG Engine               - class com.almasb.fxgl.app.services.FXGLAssetLoaderService
09:36:28.839 [FXGL Background Thread 3 ] DEBUG Engine               - class com.almasb.fxgl.app.FXGLApplication$GameApplicationService
09:36:28.839 [FXGL Background Thread 3 ] DEBUG Engine               - class com.almasb.fxgl.app.services.FXGLDialogService
09:36:28.839 [FXGL Background Thread 3 ] DEBUG Engine               - class com.almasb.fxgl.app.services.IOTaskExecutorService
09:36:28.839 [FXGL Background Thread 3 ] DEBUG Engine               - class com.almasb.fxgl.io.FileSystemService
09:36:28.839 [FXGL Background Thread 3 ] DEBUG Engine               - class com.almasb.fxgl.localization.LocalizationService
09:36:28.839 [FXGL Background Thread 3 ] DEBUG Engine               - class com.almasb.fxgl.app.services.SystemBundleService
09:36:28.840 [FXGL Background Thread 3 ] DEBUG Engine               - class com.almasb.fxgl.profile.SaveLoadService
09:36:28.840 [FXGL Background Thread 3 ] DEBUG Engine               - class com.almasb.fxgl.ui.FXGLUIFactoryServiceProvider
09:36:28.840 [FXGL Background Thread 3 ] DEBUG Engine               - class com.almasb.fxgl.ui.FXGLDialogFactoryServiceProvider
09:36:28.840 [FXGL Background Thread 3 ] DEBUG Engine               - class com.almasb.fxgl.audio.AudioPlayer
09:36:28.840 [FXGL Background Thread 3 ] DEBUG Engine               - class com.almasb.fxgl.notification.impl.NotificationServiceProvider
09:36:28.840 [FXGL Background Thread 3 ] DEBUG Engine               - class com.almasb.fxgl.achievement.AchievementService
09:36:28.840 [FXGL Background Thread 3 ] DEBUG Engine               - class com.almasb.fxgl.cutscene.CutsceneService
09:36:28.840 [FXGL Background Thread 3 ] DEBUG Engine               - class com.almasb.fxgl.minigames.MiniGameService
09:36:28.840 [FXGL Background Thread 3 ] DEBUG Engine               - class com.almasb.fxgl.net.NetService
09:36:28.840 [FXGL Background Thread 3 ] DEBUG Engine               - class com.almasb.fxgl.app.services.UpdaterService
09:36:28.840 [FXGL Background Thread 3 ] DEBUG Engine               - class com.almasb.fxgl.dev.DevService
09:36:50.488 [JavaFX Application Thread] DEBUG FXGLApplication      - Exiting FXGL
09:36:50.489 [JavaFX Application Thread] DEBUG LoopRunner           - Stopping loop
09:36:50.489 [JavaFX Application Thread] DEBUG SystemBundleService  - Saving FXGL system data
09:36:50.494 [JavaFX Application Thread] DEBUG FileSystemAccess     - Writing to: C:\Users\julia\Desktop\IPOSE_MEGAMAN\system\fxgl.bundle
09:36:50.498 [JavaFX Application Thread] DEBUG Async                - Shutting down background threads
09:36:50.498 [JavaFX Application Thread] DEBUG PrimaryStageWindow   - Closing main window
09:36:50.523 [JavaFX Application Thread] DEBUG Logger               - Closing Logger
