23:58:12.062 [main                     ] DEBUG Logger               - Configured Logger
23:58:12.084 [main                     ] DEBUG GameApplication      - Logging settings
Title: Tetris Man 2
Version: 1.0
Width: 1050
Height: 700
Fullscreen: false
Intro: false
Profiling: false
Single step:false
App Mode: DEVELOPER
Menu Key: ESCAPE
Stage Style: DECORATED
Scene Factory: class com.almasb.fxgl.app.scene.SceneFactory

23:58:12.756 [JavaFX Application Thread] DEBUG FXGLApplication      - Initializing FXGL
23:58:12.761 [JavaFX Application Thread] INFO  Engine               - FXGL-17.1 (24.03.2022 17.34) on WINDOWS (J:19.0.2 FX:19-ea)
23:58:12.761 [JavaFX Application Thread] DEBUG Engine               - JRE Vendor Name: Oracle Corporation
23:58:12.762 [JavaFX Application Thread] DEBUG Engine               - Running on OS: Windows 10 version 10.0
23:58:12.762 [JavaFX Application Thread] DEBUG Engine               - Architecture: amd64
23:58:12.762 [JavaFX Application Thread] INFO  Engine               - Source code and latest versions at: https://github.com/AlmasB/FXGL
23:58:12.762 [JavaFX Application Thread] INFO  Engine               -       Ask questions and discuss at: https://github.com/AlmasB/FXGL/discussions
23:58:12.762 [JavaFX Application Thread] INFO  Engine               -              Join the FXGL chat at: https://gitter.im/AlmasB/FXGL
23:58:12.857 [JavaFX Application Thread] DEBUG PrimaryStageWindow   - Creating a JavaFX scene
23:58:12.902 [JavaFX Application Thread] DEBUG PrimaryStageWindow   - Target settings size: 1050.0 x 700.0
23:58:12.902 [JavaFX Application Thread] DEBUG PrimaryStageWindow   - Scaled scene size:    1050.0 x 700.0
23:58:12.902 [JavaFX Application Thread] DEBUG PrimaryStageWindow   - Scaled ratio: (1.0, 1.0)
23:58:12.903 [JavaFX Application Thread] DEBUG PrimaryStageWindow   - Set initial scene to FXGLStartupScene
23:58:12.910 [JavaFX Application Thread] DEBUG PrimaryStageWindow   - Opening main window
23:58:13.007 [JavaFX Application Thread] DEBUG PrimaryStageWindow   - Window border size: (14.800048828125, 37.5999755859375)
23:58:13.007 [JavaFX Application Thread] DEBUG PrimaryStageWindow   - Scaled size: 1050.0 x 700.0
23:58:13.007 [JavaFX Application Thread] DEBUG PrimaryStageWindow   - Scaled ratio: (1.0, 1.0)
23:58:13.008 [JavaFX Application Thread] DEBUG PrimaryStageWindow   - Scene size: 1050.0 x 700.0
23:58:13.008 [JavaFX Application Thread] DEBUG PrimaryStageWindow   - Stage size: 1064.800048828125 x 737.5999755859375
23:58:13.017 [FXGL Background Thread 1 ] DEBUG Engine               - Initializing environment variables
23:58:13.070 [FXGL Background Thread 1 ] DEBUG FXGLAssetLoaderServi - User app class for loading assets: class com.example.ipose_megaman.Main
23:58:13.070 [FXGL Background Thread 1 ] DEBUG GameApplicationServi - Applying CSS: fxgl_dark.css
23:58:13.071 [FXGL Background Thread 1 ] DEBUG FXGLAssetLoaderServi - Loading from file system: jar:file:///C:/Users/Patryk/.m2/repository/com/github/almasb/fxgl/17.1/fxgl-17.1.jar!/fxglassets/ui/css/fxgl_dark.css
23:58:13.118 [FXGL Background Thread 1 ] DEBUG GameApplicationServi - Initializing application scenes
23:58:13.186 [FXGL Background Thread 1 ] DEBUG GameWorld            - Game world initialized
23:58:13.245 [FXGL Background Thread 1 ] DEBUG PhysicsWorld         - Physics world initialized: appHeight=700, physics.ppm=50,0
23:58:13.245 [FXGL Background Thread 1 ] DEBUG PhysicsWorld         - Using strategy: BRUTE_FORCE
23:58:13.249 [FXGL Background Thread 1 ] DEBUG GameScene            - Game scene initialized: 1050x700
23:58:13.263 [FXGL Background Thread 1 ] DEBUG FXGL.DefaultMenu     - createMenuBodyMainMenu()
23:58:13.278 [FXGL Background Thread 1 ] DEBUG FXGL.DefaultMenu     - createOptionsMenu()
23:58:13.289 [FXGL Background Thread 1 ] DEBUG FXGLAssetLoaderServi - Loading from file system: jar:file:///C:/Users/Patryk/.m2/repository/com/github/almasb/fxgl/17.1/fxgl-17.1.jar!/fxglassets/textures/particles/smoke.png
23:58:13.378 [FXGL Background Thread 1 ] DEBUG FXGLAssetLoaderServi - Loading from file system: jar:file:///C:/Users/Patryk/.m2/repository/com/github/almasb/fxgl/17.1/fxgl-17.1.jar!/fxglassets/textures/particles/trace_horizontal.png
23:58:13.406 [FXGL Background Thread 1 ] DEBUG FXGL.DefaultMenu     - createMenuBodyGameMenu()
23:58:13.407 [FXGL Background Thread 1 ] DEBUG FXGL.DefaultMenu     - createOptionsMenu()
23:58:13.422 [FXGL Background Thread 1 ] DEBUG GameApplicationServi - Application scenes initialized
23:58:13.434 [FXGL Background Thread 1 ] DEBUG SystemBundleService  - Loading FXGL system data
23:58:13.438 [FXGL Background Thread 1 ] DEBUG FileSystemAccess     - Reading from: D:\GITHUB ZOOI\IPOSE-FXGL-Mega-Man\system\fxgl.bundle
23:58:13.449 [FXGL Background Thread 1 ] DEBUG SystemBundleService  - Bundle FXGL: {}
23:58:13.450 [FXGL Background Thread 1 ] DEBUG UpdaterService       - Checking for updates
23:58:13.454 [FXGL Background Thread 1 ] DEBUG FXGLApplication      - Loading default localization
23:58:13.455 [FXGL Background Thread 1 ] DEBUG FXGLAssetLoaderServi - Loading from file system: jar:file:///C:/Users/Patryk/.m2/repository/com/github/almasb/fxgl/17.1/fxgl-17.1.jar!/fxglassets/languages/english.lang
23:58:13.459 [FXGL Background Thread 4 ] DEBUG FXGLApplication      - Loading fonts
23:58:13.460 [FXGL Background Thread 4 ] DEBUG FXGLAssetLoaderServi - Loading from file system: jar:file:///C:/Users/Patryk/.m2/repository/com/github/almasb/fxgl/17.1/fxgl-17.1.jar!/fxglassets/ui/fonts/VarelaRound-Regular.ttf
23:58:13.520 [FXGL Background Thread 1 ] INFO  FXGLApplication      - FXGL initialization took: 0,504 sec
23:58:13.530 [JavaFX Application Thread] DEBUG Input                - Registered new binding: Move Right - D
23:58:13.530 [JavaFX Application Thread] DEBUG Input                - Registered new binding: Move Left - A
23:58:13.530 [JavaFX Application Thread] DEBUG Input                - Registered new binding: Jump - Space
23:58:13.530 [JavaFX Application Thread] DEBUG Input                - Registered new binding: Shoot - Enter
23:58:13.531 [JavaFX Application Thread] DEBUG FXGLAssetLoaderServi - Loading from file system: jar:file:///C:/Users/Patryk/.m2/repository/com/github/almasb/fxgl/17.1/fxgl-17.1.jar!/fxglassets/textures/fxgl_icon.png
23:58:13.548 [JavaFX Application Thread] DEBUG FXGLAssetLoaderServi - Loading from file system: jar:file:///C:/Users/Patryk/.m2/repository/com/github/almasb/fxgl/17.1/fxgl-17.1.jar!/fxglassets/textures/fxgl_default_cursor.png
23:58:13.552 [JavaFX Application Thread] DEBUG Input                - Registered new binding: Screenshot - CTRL+8
23:58:13.553 [JavaFX Application Thread] DEBUG Input                - Registered new binding: System info dump - CTRL+9
23:58:13.553 [JavaFX Application Thread] DEBUG Input                - Registered new binding: Restart - CTRL+R
23:58:13.554 [JavaFX Application Thread] DEBUG Input                - Registered new binding: Toggle Debug Camera - CTRL+7
23:58:13.558 [JavaFX Application Thread] DEBUG LoopRunner           - Starting loop
23:58:13.558 [JavaFX Application Thread] DEBUG LoopRunner           - Initializing JavaFX AnimationTimerLoop
23:58:13.560 [JavaFX Application Thread] DEBUG Input                - Clearing active input actions
23:58:13.566 [JavaFX Application Thread] DEBUG GameApplicationServi - Removing overlay from FXGLStartupScene and adding to FXGLMainMenuDummyScene
23:58:13.566 [JavaFX Application Thread] DEBUG PrimaryStageWindow   - FXGLStartupScene -> FXGLMainMenuDummyScene
23:58:13.566 [JavaFX Application Thread] DEBUG PrimaryStageWindow   - Push state: FXGLDefaultMenu
23:58:13.571 [JavaFX Application Thread] DEBUG Input                - Clearing active input actions
23:58:13.578 [JavaFX Application Thread] DEBUG GameApplicationServi - Removing overlay from FXGLMainMenuDummyScene and adding to FXGLDefaultMenu
23:58:13.578 [JavaFX Application Thread] DEBUG PrimaryStageWindow   - FXGLMainMenuDummyScene -> FXGLDefaultMenu
23:58:13.934 [FXGL Background Thread 4 ] DEBUG FXGLAssetLoaderServi - Loading from file system: jar:file:///C:/Users/Patryk/.m2/repository/com/github/almasb/fxgl/17.1/fxgl-17.1.jar!/fxglassets/ui/fonts/Abel-Regular.ttf
23:58:13.939 [FXGL Background Thread 4 ] DEBUG FXGLAssetLoaderServi - Loading from file system: jar:file:///C:/Users/Patryk/.m2/repository/com/github/almasb/fxgl/17.1/fxgl-17.1.jar!/fxglassets/ui/fonts/TerminalLandMono-Regular.otf
23:58:13.945 [FXGL Background Thread 4 ] DEBUG FXGLAssetLoaderServi - Loading from file system: jar:file:///C:/Users/Patryk/.m2/repository/com/github/almasb/fxgl/17.1/fxgl-17.1.jar!/fxglassets/ui/fonts/Courier-Prime.ttf
23:58:13.952 [JavaFX Application Thread] DEBUG FXGLApplication      - Registering font factories with UI factory
23:58:14.194 [FXGL Background Thread 2 ] INFO  UpdaterService       - Your current version:  17.1
23:58:14.194 [FXGL Background Thread 2 ] INFO  UpdaterService       - Latest stable version: 17.3
23:58:15.005 [JavaFX Application Thread] DEBUG Menu                 - fireNewGame()
23:58:15.005 [JavaFX Application Thread] DEBUG GameApplicationServi - Starting new game
23:58:15.007 [JavaFX Application Thread] DEBUG PrimaryStageWindow   - Pop state: FXGLDefaultMenu
23:58:15.007 [JavaFX Application Thread] DEBUG Input                - Clearing active input actions
23:58:15.008 [JavaFX Application Thread] DEBUG GameApplicationServi - Removing overlay from FXGLDefaultMenu and adding to FXGLMainMenuDummyScene
23:58:15.008 [JavaFX Application Thread] DEBUG PrimaryStageWindow   - FXGLMainMenuDummyScene <- FXGLDefaultMenu
23:58:15.009 [JavaFX Application Thread] DEBUG Input                - Clearing active input actions
23:58:15.019 [JavaFX Application Thread] DEBUG GameApplicationServi - Removing overlay from FXGLMainMenuDummyScene and adding to FXGLLoadingScene
23:58:15.019 [JavaFX Application Thread] DEBUG PrimaryStageWindow   - FXGLMainMenuDummyScene -> FXGLLoadingScene
23:58:15.019 [JavaFX Application Thread] DEBUG GameApplicationServi - Clearing previous game
23:58:15.019 [JavaFX Application Thread] DEBUG GameScene            - Clearing game scene
23:58:15.019 [JavaFX Application Thread] DEBUG GameWorld            - Clearing game world
23:58:15.020 [JavaFX Application Thread] DEBUG PhysicsWorld         - Clearing physics world
23:58:15.021 [FXGL Background Thread 2 ] DEBUG FXGLApplication      - Initializing game
23:58:15.059 [FXGL Background Thread 2 ] WARN  TMXLevelLoader       - TiledMap generated from 1.10.0. Supported version: 1.4.2. Some features may not be parsed fully.
23:58:15.068 [FXGL Background Thread 2 ] DEBUG TMXLevelLoader       - Parsed TiledMap: file:/D:/GITHUB%20ZOOI/IPOSE-FXGL-Mega-Man/target/classes/assets/levels/level0.tmx
23:58:15.070 [FXGL Background Thread 2 ] DEBUG TMXLevelLoader       - Creating tile layer entities
23:58:15.073 [FXGL Background Thread 2 ] DEBUG TilesetLoader        - Loading view for layer Tilelaag 1
23:58:15.089 [FXGL Background Thread 2 ] DEBUG TilesetLoader        - Created buffer with size 7000.0x1050.0
23:58:15.092 [FXGL Background Thread 2 ] DEBUG TMXLevelLoader       - Creating object layer entities
23:58:15.117 [FXGL Background Thread 2 ] DEBUG GameWorld            - Clearing removable entities
23:58:15.117 [FXGL Background Thread 2 ] DEBUG GameWorld            - Setting level: com.almasb.fxgl.entity.level.Level@6a22f992
23:58:15.128 [FXGL Background Thread 2 ] WARN  FXGLAssetLoaderServi - Asset "/assets/textures/assets/textures/MegaManIdle.png" was not found!
23:58:15.128 [FXGL Background Thread 2 ] WARN  FXGLAssetLoaderServi - Failed to load IMAGE
23:58:15.159 [FXGL Background Thread 2 ] DEBUG FXGLAssetLoaderServi - Loading from file system: file:/D:/GITHUB%20ZOOI/IPOSE-FXGL-Mega-Man/target/classes/assets/textures/MegaManIdle.png
23:58:15.163 [FXGL Background Thread 2 ] DEBUG FXGLAssetLoaderServi - Loading from file system: file:/D:/GITHUB%20ZOOI/IPOSE-FXGL-Mega-Man/target/classes/assets/textures/clouds.jpg
23:58:15.192 [FXGL Background Thread 2 ] INFO  FXGLApplication      - Game initialization took: 0,171 sec
23:58:15.205 [JavaFX Application Thread] DEBUG Input                - Clearing active input actions
23:58:15.213 [JavaFX Application Thread] DEBUG GameApplicationServi - Removing overlay from FXGLLoadingScene and adding to GameScene
23:58:15.213 [JavaFX Application Thread] DEBUG PrimaryStageWindow   - FXGLLoadingScene -> GameScene
23:58:16.453 [FXGL Background Thread 3 ] DEBUG Engine               - Logging environment variables
23:58:16.453 [FXGL Background Thread 3 ] DEBUG Engine               - achievements: []
23:58:16.454 [FXGL Background Thread 3 ] DEBUG Engine               - actualHeight: 700.0
23:58:16.454 [FXGL Background Thread 3 ] DEBUG Engine               - actualHeightProperty: ReadOnlyDoubleProperty [value: 700.0]
23:58:16.454 [FXGL Background Thread 3 ] DEBUG Engine               - actualWidth: 1050.0
23:58:16.454 [FXGL Background Thread 3 ] DEBUG Engine               - actualWidthProperty: ReadOnlyDoubleProperty [value: 1050.0]
23:58:16.454 [FXGL Background Thread 3 ] DEBUG Engine               - appIcon: fxgl_icon.png
23:58:16.454 [FXGL Background Thread 3 ] DEBUG Engine               - applicationMode: DEVELOPER
23:58:16.454 [FXGL Background Thread 3 ] DEBUG Engine               - cSSList: [fxgl_dark.css]
23:58:16.454 [FXGL Background Thread 3 ] DEBUG Engine               - collisionDetectionStrategy: BRUTE_FORCE
23:58:16.454 [FXGL Background Thread 3 ] DEBUG Engine               - configClass: Optional.empty
23:58:16.454 [FXGL Background Thread 3 ] DEBUG Engine               - credits: []
23:58:16.455 [FXGL Background Thread 3 ] DEBUG Engine               - defaultCursor: CursorInfo(imageName=fxgl_default_cursor.png, hotspotX=7.0, hotspotY=6.0)
23:58:16.455 [FXGL Background Thread 3 ] DEBUG Engine               - devBBoxColorProperty: ObjectProperty [value: 0xff0000ff]
23:58:16.455 [FXGL Background Thread 3 ] DEBUG Engine               - devEnableDebugCameraProperty: BooleanProperty [value: false]
23:58:16.455 [FXGL Background Thread 3 ] DEBUG Engine               - devSensorColorProperty: ObjectProperty [value: 0xffff00ff]
23:58:16.455 [FXGL Background Thread 3 ] DEBUG Engine               - devShowBBoxProperty: BooleanProperty [value: false]
23:58:16.455 [FXGL Background Thread 3 ] DEBUG Engine               - devShowPositionProperty: BooleanProperty [value: false]
23:58:16.455 [FXGL Background Thread 3 ] DEBUG Engine               - enabledMenuItems: []
23:58:16.455 [FXGL Background Thread 3 ] DEBUG Engine               - engineServices: [class com.almasb.fxgl.app.services.FXGLAssetLoaderService, class com.almasb.fxgl.app.FXGLApplication$GameApplicationService, class com.almasb.fxgl.app.services.FXGLDialogService, class com.almasb.fxgl.app.services.IOTaskExecutorService, class com.almasb.fxgl.io.FileSystemService, class com.almasb.fxgl.localization.LocalizationService, class com.almasb.fxgl.app.services.SystemBundleService, class com.almasb.fxgl.profile.SaveLoadService, class com.almasb.fxgl.ui.FXGLUIFactoryServiceProvider, class com.almasb.fxgl.ui.FXGLDialogFactoryServiceProvider, class com.almasb.fxgl.audio.AudioPlayer, class com.almasb.fxgl.notification.impl.NotificationServiceProvider, class com.almasb.fxgl.achievement.AchievementService, class com.almasb.fxgl.cutscene.CutsceneService, class com.almasb.fxgl.minigames.MiniGameService, class com.almasb.fxgl.net.NetService, class com.almasb.fxgl.app.services.UpdaterService, class com.almasb.fxgl.dev.DevService]
23:58:16.455 [FXGL Background Thread 3 ] DEBUG Engine               - fontGame: Abel-Regular.ttf
23:58:16.455 [FXGL Background Thread 3 ] DEBUG Engine               - fontMono: TerminalLandMono-Regular.otf
23:58:16.455 [FXGL Background Thread 3 ] DEBUG Engine               - fontText: Courier-Prime.ttf
23:58:16.455 [FXGL Background Thread 3 ] DEBUG Engine               - fontUI: VarelaRound-Regular.ttf
23:58:16.455 [FXGL Background Thread 3 ] DEBUG Engine               - fullScreen: BooleanProperty [value: false]
23:58:16.455 [FXGL Background Thread 3 ] DEBUG Engine               - gameDifficulty: MEDIUM
23:58:16.455 [FXGL Background Thread 3 ] DEBUG Engine               - gameDifficultyProperty: ObjectProperty [value: MEDIUM]
23:58:16.456 [FXGL Background Thread 3 ] DEBUG Engine               - globalMusicVolume: 0.5
23:58:16.456 [FXGL Background Thread 3 ] DEBUG Engine               - globalMusicVolumeProperty: DoubleProperty [value: 0.5]
23:58:16.456 [FXGL Background Thread 3 ] DEBUG Engine               - globalSoundVolume: 0.5
23:58:16.456 [FXGL Background Thread 3 ] DEBUG Engine               - globalSoundVolumeProperty: DoubleProperty [value: 0.5]
23:58:16.456 [FXGL Background Thread 3 ] DEBUG Engine               - height: 700
23:58:16.456 [FXGL Background Thread 3 ] DEBUG Engine               - is3D: false
23:58:16.456 [FXGL Background Thread 3 ] DEBUG Engine               - isAndroid: false
23:58:16.456 [FXGL Background Thread 3 ] DEBUG Engine               - isBrowser: false
23:58:16.456 [FXGL Background Thread 3 ] DEBUG Engine               - isClickFeedbackEnabled: false
23:58:16.456 [FXGL Background Thread 3 ] DEBUG Engine               - isCloseConfirmation: false
23:58:16.456 [FXGL Background Thread 3 ] DEBUG Engine               - isDesktop: true
23:58:16.456 [FXGL Background Thread 3 ] DEBUG Engine               - isDeveloperMenuEnabled: false
23:58:16.456 [FXGL Background Thread 3 ] DEBUG Engine               - isEmbedded: false
23:58:16.456 [FXGL Background Thread 3 ] DEBUG Engine               - isEntityPreloadEnabled: true
23:58:16.456 [FXGL Background Thread 3 ] DEBUG Engine               - isExperimentalTiledLargeMap: false
23:58:16.456 [FXGL Background Thread 3 ] DEBUG Engine               - isFileSystemWriteAllowed: true
23:58:16.456 [FXGL Background Thread 3 ] DEBUG Engine               - isFullScreenAllowed: false
23:58:16.456 [FXGL Background Thread 3 ] DEBUG Engine               - isFullScreenFromStart: false
23:58:16.456 [FXGL Background Thread 3 ] DEBUG Engine               - isGameMenuEnabled: true
23:58:16.456 [FXGL Background Thread 3 ] DEBUG Engine               - isIOS: false
23:58:16.456 [FXGL Background Thread 3 ] DEBUG Engine               - isIntroEnabled: false
23:58:16.456 [FXGL Background Thread 3 ] DEBUG Engine               - isLinux: false
23:58:16.456 [FXGL Background Thread 3 ] DEBUG Engine               - isMac: false
23:58:16.457 [FXGL Background Thread 3 ] DEBUG Engine               - isMainMenuEnabled: true
23:58:16.457 [FXGL Background Thread 3 ] DEBUG Engine               - isManualResizeEnabled: false
23:58:16.457 [FXGL Background Thread 3 ] DEBUG Engine               - isMobile: false
23:58:16.457 [FXGL Background Thread 3 ] DEBUG Engine               - isNative: false
23:58:16.457 [FXGL Background Thread 3 ] DEBUG Engine               - isPauseMusicWhenMinimized: true
23:58:16.457 [FXGL Background Thread 3 ] DEBUG Engine               - isPreserveResizeRatio: false
23:58:16.469 [FXGL Background Thread 3 ] DEBUG Engine               - isProfilingEnabled: false
23:58:16.469 [FXGL Background Thread 3 ] DEBUG Engine               - isScaleAffectedOnResize: true
23:58:16.469 [FXGL Background Thread 3 ] DEBUG Engine               - isSingleStep: false
23:58:16.469 [FXGL Background Thread 3 ] DEBUG Engine               - isUserProfileEnabled: false
23:58:16.469 [FXGL Background Thread 3 ] DEBUG Engine               - isWindows: true
23:58:16.469 [FXGL Background Thread 3 ] DEBUG Engine               - language: ObjectProperty [value: ENGLISH]
23:58:16.469 [FXGL Background Thread 3 ] DEBUG Engine               - menuKey: ESCAPE
23:58:16.470 [FXGL Background Thread 3 ] DEBUG Engine               - mouseSensitivity: 0.2
23:58:16.470 [FXGL Background Thread 3 ] DEBUG Engine               - notificationViewClass: class com.almasb.fxgl.notification.view.XboxNotificationView
23:58:16.470 [FXGL Background Thread 3 ] DEBUG Engine               - pixelsPerMeter: 50.0
23:58:16.470 [FXGL Background Thread 3 ] DEBUG Engine               - platform: WINDOWS
23:58:16.470 [FXGL Background Thread 3 ] DEBUG Engine               - prefHeightProperty: ReadOnlyDoubleProperty [value: 700.0]
23:58:16.470 [FXGL Background Thread 3 ] DEBUG Engine               - prefWidthProperty: ReadOnlyDoubleProperty [value: 1050.0]
23:58:16.470 [FXGL Background Thread 3 ] DEBUG Engine               - profileDir: profiles/
23:58:16.470 [FXGL Background Thread 3 ] DEBUG Engine               - profileName: StringProperty [value: DEFAULT]
23:58:16.470 [FXGL Background Thread 3 ] DEBUG Engine               - randomSeed: -1
23:58:16.470 [FXGL Background Thread 3 ] DEBUG Engine               - runtimeInfo: RuntimeInfo(platform=WINDOWS, version=17.1, build=24.03.2022 17.34)
23:58:16.470 [FXGL Background Thread 3 ] DEBUG Engine               - saveFileExt: sav
23:58:16.470 [FXGL Background Thread 3 ] DEBUG Engine               - scaledHeightProp$fxgl: DoubleProperty [bound, value: 700.0]
23:58:16.471 [FXGL Background Thread 3 ] DEBUG Engine               - scaledWidthProp$fxgl: DoubleProperty [bound, value: 1050.0]
23:58:16.471 [FXGL Background Thread 3 ] DEBUG Engine               - sceneFactory: com.almasb.fxgl.app.scene.SceneFactory@2899aa7a
23:58:16.471 [FXGL Background Thread 3 ] DEBUG Engine               - secondsIn24h: 60
23:58:16.471 [FXGL Background Thread 3 ] DEBUG Engine               - soundMenuBack: menu/back.wav
23:58:16.471 [FXGL Background Thread 3 ] DEBUG Engine               - soundMenuPress: menu/press.wav
23:58:16.471 [FXGL Background Thread 3 ] DEBUG Engine               - soundMenuSelect: menu/select.wav
23:58:16.471 [FXGL Background Thread 3 ] DEBUG Engine               - soundNotification: core/notification.wav
23:58:16.471 [FXGL Background Thread 3 ] DEBUG Engine               - stageStyle: DECORATED
23:58:16.471 [FXGL Background Thread 3 ] DEBUG Engine               - supportedLanguages: [ENGLISH, FRENCH, GERMAN, HUNGARIAN, RUSSIAN]
23:58:16.471 [FXGL Background Thread 3 ] DEBUG Engine               - ticksPerSecond: -1
23:58:16.471 [FXGL Background Thread 3 ] DEBUG Engine               - title: Tetris Man 2
23:58:16.471 [FXGL Background Thread 3 ] DEBUG Engine               - urlGithub: https://github.com/AlmasB/FXGL
23:58:16.471 [FXGL Background Thread 3 ] DEBUG Engine               - urlLeaderboard: http://fxgl-top.herokuapp.com/
23:58:16.471 [FXGL Background Thread 3 ] DEBUG Engine               - urlPOM: https://raw.githubusercontent.com/AlmasB/FXGL/release/README.md
23:58:16.471 [FXGL Background Thread 3 ] DEBUG Engine               - userAppClass: class com.example.ipose_megaman.Main
23:58:16.471 [FXGL Background Thread 3 ] DEBUG Engine               - version: 1.0
23:58:16.471 [FXGL Background Thread 3 ] DEBUG Engine               - versionCheckDays: 7
23:58:16.471 [FXGL Background Thread 3 ] DEBUG Engine               - width: 1050
23:58:16.471 [FXGL Background Thread 3 ] DEBUG Engine               - Logging services
23:58:16.471 [FXGL Background Thread 3 ] DEBUG Engine               - class com.almasb.fxgl.app.services.FXGLAssetLoaderService
23:58:16.471 [FXGL Background Thread 3 ] DEBUG Engine               - class com.almasb.fxgl.app.FXGLApplication$GameApplicationService
23:58:16.471 [FXGL Background Thread 3 ] DEBUG Engine               - class com.almasb.fxgl.app.services.FXGLDialogService
23:58:16.471 [FXGL Background Thread 3 ] DEBUG Engine               - class com.almasb.fxgl.app.services.IOTaskExecutorService
23:58:16.471 [FXGL Background Thread 3 ] DEBUG Engine               - class com.almasb.fxgl.io.FileSystemService
23:58:16.472 [FXGL Background Thread 3 ] DEBUG Engine               - class com.almasb.fxgl.localization.LocalizationService
23:58:16.472 [FXGL Background Thread 3 ] DEBUG Engine               - class com.almasb.fxgl.app.services.SystemBundleService
23:58:16.472 [FXGL Background Thread 3 ] DEBUG Engine               - class com.almasb.fxgl.profile.SaveLoadService
23:58:16.472 [FXGL Background Thread 3 ] DEBUG Engine               - class com.almasb.fxgl.ui.FXGLUIFactoryServiceProvider
23:58:16.472 [FXGL Background Thread 3 ] DEBUG Engine               - class com.almasb.fxgl.ui.FXGLDialogFactoryServiceProvider
23:58:16.472 [FXGL Background Thread 3 ] DEBUG Engine               - class com.almasb.fxgl.audio.AudioPlayer
23:58:16.472 [FXGL Background Thread 3 ] DEBUG Engine               - class com.almasb.fxgl.notification.impl.NotificationServiceProvider
23:58:16.472 [FXGL Background Thread 3 ] DEBUG Engine               - class com.almasb.fxgl.achievement.AchievementService
23:58:16.472 [FXGL Background Thread 3 ] DEBUG Engine               - class com.almasb.fxgl.cutscene.CutsceneService
23:58:16.472 [FXGL Background Thread 3 ] DEBUG Engine               - class com.almasb.fxgl.minigames.MiniGameService
23:58:16.472 [FXGL Background Thread 3 ] DEBUG Engine               - class com.almasb.fxgl.net.NetService
23:58:16.472 [FXGL Background Thread 3 ] DEBUG Engine               - class com.almasb.fxgl.app.services.UpdaterService
23:58:16.472 [FXGL Background Thread 3 ] DEBUG Engine               - class com.almasb.fxgl.dev.DevService
23:58:22.175 [JavaFX Application Thread] DEBUG FXGLApplication      - Exiting FXGL
23:58:22.175 [JavaFX Application Thread] DEBUG LoopRunner           - Stopping loop
23:58:22.175 [JavaFX Application Thread] DEBUG SystemBundleService  - Saving FXGL system data
23:58:22.177 [JavaFX Application Thread] DEBUG FileSystemAccess     - Writing to: D:\GITHUB ZOOI\IPOSE-FXGL-Mega-Man\system\fxgl.bundle
23:58:22.180 [JavaFX Application Thread] DEBUG Async                - Shutting down background threads
23:58:22.180 [JavaFX Application Thread] DEBUG PrimaryStageWindow   - Closing main window
23:58:22.188 [JavaFX Application Thread] DEBUG Logger               - Closing Logger
