14:17:27.958 [main                     ] DEBUG Logger               - Configured Logger
14:17:27.982 [main                     ] DEBUG GameApplication      - Logging settings
Title: Mega Man, but AWESOME!
Version: 1.0
Width: 1050
Height: 700
Fullscreen: false
Intro: false
Profiling: false
Single step:false
App Mode: DEVELOPER
Menu Key: ESCAPE
Stage Style: DECORATED
Scene Factory: class com.almasb.fxgl.app.scene.SceneFactory

14:17:28.351 [JavaFX Application Thread] DEBUG FXGLApplication      - Initializing FXGL
14:17:28.356 [JavaFX Application Thread] INFO  Engine               - FXGL-17.1 (24.03.2022 17.34) on WINDOWS (J:19.0.1 FX:19-ea)
14:17:28.358 [JavaFX Application Thread] DEBUG Engine               - JRE Vendor Name: Oracle Corporation
14:17:28.358 [JavaFX Application Thread] DEBUG Engine               - Running on OS: Windows 11 version 10.0
14:17:28.358 [JavaFX Application Thread] DEBUG Engine               - Architecture: amd64
14:17:28.358 [JavaFX Application Thread] INFO  Engine               - Source code and latest versions at: https://github.com/AlmasB/FXGL
14:17:28.358 [JavaFX Application Thread] INFO  Engine               -       Ask questions and discuss at: https://github.com/AlmasB/FXGL/discussions
14:17:28.359 [JavaFX Application Thread] INFO  Engine               -              Join the FXGL chat at: https://gitter.im/AlmasB/FXGL
14:17:28.414 [JavaFX Application Thread] DEBUG PrimaryStageWindow   - Creating a JavaFX scene
14:17:28.447 [JavaFX Application Thread] DEBUG PrimaryStageWindow   - Target settings size: 1050.0 x 700.0
14:17:28.448 [JavaFX Application Thread] DEBUG PrimaryStageWindow   - Scaled scene size:    1050.0 x 700.0
14:17:28.448 [JavaFX Application Thread] DEBUG PrimaryStageWindow   - Scaled ratio: (1.0, 1.0)
14:17:28.449 [JavaFX Application Thread] DEBUG PrimaryStageWindow   - Set initial scene to FXGLStartupScene
14:17:28.455 [JavaFX Application Thread] DEBUG PrimaryStageWindow   - Opening main window
14:17:28.522 [JavaFX Application Thread] DEBUG PrimaryStageWindow   - Window border size: (16.0, 39.0)
14:17:28.522 [JavaFX Application Thread] DEBUG PrimaryStageWindow   - Scaled size: 1050.0 x 700.0
14:17:28.523 [JavaFX Application Thread] DEBUG PrimaryStageWindow   - Scaled ratio: (1.0, 1.0)
14:17:28.523 [JavaFX Application Thread] DEBUG PrimaryStageWindow   - Scene size: 1050.0 x 700.0
14:17:28.523 [JavaFX Application Thread] DEBUG PrimaryStageWindow   - Stage size: 1066.0 x 739.0
14:17:28.530 [FXGL Background Thread 1 ] DEBUG Engine               - Initializing environment variables
14:17:28.582 [FXGL Background Thread 1 ] DEBUG FXGLAssetLoaderServi - User app class for loading assets: class com.example.ipose_megaman.Main
14:17:28.582 [FXGL Background Thread 1 ] DEBUG GameApplicationServi - Applying CSS: fxgl_dark.css
14:17:28.583 [FXGL Background Thread 1 ] DEBUG FXGLAssetLoaderServi - Loading from file system: jar:file:///C:/Users/julia/.m2/repository/com/github/almasb/fxgl/17.1/fxgl-17.1.jar!/fxglassets/ui/css/fxgl_dark.css
14:17:28.628 [FXGL Background Thread 1 ] DEBUG GameApplicationServi - Initializing application scenes
14:17:28.681 [FXGL Background Thread 1 ] DEBUG GameWorld            - Game world initialized
14:17:28.746 [FXGL Background Thread 1 ] DEBUG PhysicsWorld         - Physics world initialized: appHeight=700, physics.ppm=50,0
14:17:28.746 [FXGL Background Thread 1 ] DEBUG PhysicsWorld         - Using strategy: BRUTE_FORCE
14:17:28.752 [FXGL Background Thread 1 ] DEBUG GameScene            - Game scene initialized: 1050x700
14:17:28.762 [FXGL Background Thread 1 ] DEBUG FXGL.DefaultMenu     - createMenuBodyGameMenu()
14:17:28.770 [FXGL Background Thread 1 ] DEBUG FXGL.DefaultMenu     - createOptionsMenu()
14:17:28.780 [FXGL Background Thread 1 ] DEBUG FXGLAssetLoaderServi - Loading from file system: jar:file:///C:/Users/julia/.m2/repository/com/github/almasb/fxgl/17.1/fxgl-17.1.jar!/fxglassets/textures/particles/smoke.png
14:17:28.855 [FXGL Background Thread 1 ] DEBUG FXGLAssetLoaderServi - Loading from file system: jar:file:///C:/Users/julia/.m2/repository/com/github/almasb/fxgl/17.1/fxgl-17.1.jar!/fxglassets/textures/particles/trace_horizontal.png
14:17:28.877 [FXGL Background Thread 1 ] DEBUG GameApplicationServi - Application scenes initialized
14:17:28.890 [FXGL Background Thread 1 ] DEBUG SystemBundleService  - Loading FXGL system data
14:17:28.897 [FXGL Background Thread 1 ] DEBUG FileSystemAccess     - Reading from: C:\Users\julia\Desktop\IPOSE_MEGAMAN\system\fxgl.bundle
14:17:28.904 [FXGL Background Thread 1 ] DEBUG SystemBundleService  - Bundle FXGL: {}
14:17:28.904 [FXGL Background Thread 1 ] DEBUG UpdaterService       - Checking for updates
14:17:28.910 [FXGL Background Thread 4 ] DEBUG FXGLApplication      - Loading fonts
14:17:28.910 [FXGL Background Thread 1 ] DEBUG FXGLApplication      - Loading default localization
14:17:28.910 [FXGL Background Thread 4 ] DEBUG FXGLAssetLoaderServi - Loading from file system: jar:file:///C:/Users/julia/.m2/repository/com/github/almasb/fxgl/17.1/fxgl-17.1.jar!/fxglassets/ui/fonts/VarelaRound-Regular.ttf
14:17:28.911 [FXGL Background Thread 1 ] DEBUG FXGLAssetLoaderServi - Loading from file system: jar:file:///C:/Users/julia/.m2/repository/com/github/almasb/fxgl/17.1/fxgl-17.1.jar!/fxglassets/languages/english.lang
14:17:28.951 [FXGL Background Thread 1 ] INFO  FXGLApplication      - FXGL initialization took: 0,420 sec
14:17:28.964 [JavaFX Application Thread] DEBUG Input                - Registered new binding: Move Right - D
14:17:28.964 [JavaFX Application Thread] DEBUG Input                - Registered new binding: Move Left - A
14:17:28.964 [JavaFX Application Thread] DEBUG Input                - Registered new binding: Jump - W
14:17:28.964 [JavaFX Application Thread] DEBUG Input                - Registered new binding: Shoot - Z
14:17:28.964 [JavaFX Application Thread] DEBUG FXGLAssetLoaderServi - Loading from file system: jar:file:///C:/Users/julia/.m2/repository/com/github/almasb/fxgl/17.1/fxgl-17.1.jar!/fxglassets/textures/fxgl_icon.png
14:17:28.970 [FXGL Background Thread 4 ] DEBUG FXGLAssetLoaderServi - Loading from file system: jar:file:///C:/Users/julia/.m2/repository/com/github/almasb/fxgl/17.1/fxgl-17.1.jar!/fxglassets/ui/fonts/Abel-Regular.ttf
14:17:28.974 [FXGL Background Thread 4 ] DEBUG FXGLAssetLoaderServi - Loading from file system: jar:file:///C:/Users/julia/.m2/repository/com/github/almasb/fxgl/17.1/fxgl-17.1.jar!/fxglassets/ui/fonts/TerminalLandMono-Regular.otf
14:17:28.978 [FXGL Background Thread 4 ] DEBUG FXGLAssetLoaderServi - Loading from file system: jar:file:///C:/Users/julia/.m2/repository/com/github/almasb/fxgl/17.1/fxgl-17.1.jar!/fxglassets/ui/fonts/Courier-Prime.ttf
14:17:28.986 [JavaFX Application Thread] DEBUG FXGLAssetLoaderServi - Loading from file system: jar:file:///C:/Users/julia/.m2/repository/com/github/almasb/fxgl/17.1/fxgl-17.1.jar!/fxglassets/textures/fxgl_default_cursor.png
14:17:28.990 [JavaFX Application Thread] DEBUG Input                - Registered new binding: Screenshot - CTRL+8
14:17:28.991 [JavaFX Application Thread] DEBUG Input                - Registered new binding: System info dump - CTRL+9
14:17:28.992 [JavaFX Application Thread] DEBUG Input                - Registered new binding: Restart - CTRL+R
14:17:28.994 [JavaFX Application Thread] DEBUG Input                - Registered new binding: Toggle Debug Camera - CTRL+7
14:17:29.000 [JavaFX Application Thread] DEBUG LoopRunner           - Starting loop
14:17:29.001 [JavaFX Application Thread] DEBUG LoopRunner           - Initializing JavaFX AnimationTimerLoop
14:17:29.003 [JavaFX Application Thread] DEBUG GameApplicationServi - Starting new game
14:17:29.005 [JavaFX Application Thread] DEBUG Input                - Clearing active input actions
14:17:29.014 [JavaFX Application Thread] DEBUG GameApplicationServi - Removing overlay from FXGLStartupScene and adding to FXGLLoadingScene
14:17:29.014 [JavaFX Application Thread] DEBUG PrimaryStageWindow   - FXGLStartupScene -> FXGLLoadingScene
14:17:29.014 [JavaFX Application Thread] DEBUG GameApplicationServi - Clearing previous game
14:17:29.014 [JavaFX Application Thread] DEBUG GameScene            - Clearing game scene
14:17:29.014 [JavaFX Application Thread] DEBUG GameWorld            - Clearing game world
14:17:29.014 [JavaFX Application Thread] DEBUG PhysicsWorld         - Clearing physics world
14:17:29.016 [JavaFX Application Thread] DEBUG FXGLApplication      - Registering font factories with UI factory
14:17:29.016 [FXGL Background Thread 4 ] DEBUG FXGLApplication      - Initializing game
14:17:29.087 [FXGL Background Thread 4 ] WARN  TMXLevelLoader       - TiledMap generated from 1.0.1. Supported version: 1.4.2. Some features may not be parsed fully.
14:17:29.098 [FXGL Background Thread 4 ] DEBUG TMXLevelLoader       - Parsed TiledMap: file:/C:/Users/julia/Desktop/IPOSE_MEGAMAN/target/classes/assets/levels/level1.tmx
14:17:29.101 [FXGL Background Thread 4 ] DEBUG TMXLevelLoader       - Creating tile layer entities
14:17:29.103 [FXGL Background Thread 4 ] DEBUG TilesetLoader        - Loading view for layer Tile Layer 1
14:17:29.110 [FXGL Background Thread 4 ] DEBUG TilesetLoader        - Created buffer with size 7000.0x700.0
14:17:29.114 [FXGL Background Thread 4 ] DEBUG TMXLevelLoader       - Creating object layer entities
14:17:29.140 [FXGL Background Thread 4 ] DEBUG GameWorld            - Clearing removable entities
14:17:29.141 [FXGL Background Thread 4 ] DEBUG GameWorld            - Setting level: com.almasb.fxgl.entity.level.Level@59972616
14:17:29.150 [FXGL Background Thread 4 ] WARN  FXGLAssetLoaderServi - Asset "/assets/textures/assets/textures/MegaManIdle.png" was not found!
14:17:29.150 [FXGL Background Thread 4 ] WARN  FXGLAssetLoaderServi - Failed to load IMAGE
14:17:29.182 [FXGL Background Thread 4 ] DEBUG FXGLAssetLoaderServi - Loading from file system: file:/C:/Users/julia/Desktop/IPOSE_MEGAMAN/target/classes/assets/textures/MegaManIdle.png
14:17:29.186 [FXGL Background Thread 4 ] INFO  FXGLApplication      - Game initialization took: 0,170 sec
14:17:29.187 [JavaFX Application Thread] DEBUG Input                - Clearing active input actions
14:17:29.197 [JavaFX Application Thread] DEBUG GameApplicationServi - Removing overlay from FXGLLoadingScene and adding to GameScene
14:17:29.197 [JavaFX Application Thread] DEBUG PrimaryStageWindow   - FXGLLoadingScene -> GameScene
14:17:29.589 [FXGL Background Thread 2 ] INFO  UpdaterService       - Your current version:  17.1
14:17:29.589 [FXGL Background Thread 2 ] INFO  UpdaterService       - Latest stable version: 17.3
14:17:31.427 [JavaFX Application Thread] DEBUG FXGLApplication      - Exiting FXGL
14:17:31.427 [JavaFX Application Thread] DEBUG LoopRunner           - Stopping loop
14:17:31.427 [JavaFX Application Thread] DEBUG SystemBundleService  - Saving FXGL system data
14:17:31.429 [JavaFX Application Thread] DEBUG FileSystemAccess     - Writing to: C:\Users\julia\Desktop\IPOSE_MEGAMAN\system\fxgl.bundle
14:17:31.431 [JavaFX Application Thread] DEBUG Async                - Shutting down background threads
14:17:31.431 [JavaFX Application Thread] DEBUG PrimaryStageWindow   - Closing main window
14:17:31.447 [JavaFX Application Thread] DEBUG Logger               - Closing Logger
