12:34:17.422 [main                     ] DEBUG Logger               - Configured Logger
12:34:17.462 [main                     ] DEBUG GameApplication      - Logging settings
Title: Mega Man, but AWESOME!
Version: 1.0
Width: 1050
Height: 700
Fullscreen: false
Intro: false
Profiling: false
Single step:false
App Mode: DEVELOPER
Menu Key: ESCAPE
Stage Style: DECORATED
Scene Factory: class com.almasb.fxgl.app.scene.SceneFactory

12:34:17.852 [JavaFX Application Thread] DEBUG FXGLApplication      - Initializing FXGL
12:34:17.857 [JavaFX Application Thread] INFO  Engine               - FXGL-17.1 (24.03.2022 17.34) on WINDOWS (J:19.0.1 FX:19-ea)
12:34:17.857 [JavaFX Application Thread] DEBUG Engine               - JRE Vendor Name: Oracle Corporation
12:34:17.858 [JavaFX Application Thread] DEBUG Engine               - Running on OS: Windows 11 version 10.0
12:34:17.858 [JavaFX Application Thread] DEBUG Engine               - Architecture: amd64
12:34:17.858 [JavaFX Application Thread] INFO  Engine               - Source code and latest versions at: https://github.com/AlmasB/FXGL
12:34:17.858 [JavaFX Application Thread] INFO  Engine               -       Ask questions and discuss at: https://github.com/AlmasB/FXGL/discussions
12:34:17.858 [JavaFX Application Thread] INFO  Engine               -              Join the FXGL chat at: https://gitter.im/AlmasB/FXGL
12:34:17.918 [JavaFX Application Thread] DEBUG PrimaryStageWindow   - Creating a JavaFX scene
12:34:17.949 [JavaFX Application Thread] DEBUG PrimaryStageWindow   - Target settings size: 1050.0 x 700.0
12:34:17.949 [JavaFX Application Thread] DEBUG PrimaryStageWindow   - Scaled scene size:    1050.0 x 700.0
12:34:17.949 [JavaFX Application Thread] DEBUG PrimaryStageWindow   - Scaled ratio: (1.0, 1.0)
12:34:17.950 [JavaFX Application Thread] DEBUG PrimaryStageWindow   - Set initial scene to FXGLStartupScene
12:34:17.956 [JavaFX Application Thread] DEBUG PrimaryStageWindow   - Opening main window
12:34:18.047 [JavaFX Application Thread] DEBUG PrimaryStageWindow   - Window border size: (16.0, 39.0)
12:34:18.048 [JavaFX Application Thread] DEBUG PrimaryStageWindow   - Scaled size: 1050.0 x 700.0
12:34:18.048 [JavaFX Application Thread] DEBUG PrimaryStageWindow   - Scaled ratio: (1.0, 1.0)
12:34:18.048 [JavaFX Application Thread] DEBUG PrimaryStageWindow   - Scene size: 1050.0 x 700.0
12:34:18.048 [JavaFX Application Thread] DEBUG PrimaryStageWindow   - Stage size: 1066.0 x 739.0
12:34:18.053 [FXGL Background Thread 1 ] DEBUG Engine               - Initializing environment variables
12:34:18.113 [FXGL Background Thread 1 ] DEBUG FXGLAssetLoaderServi - User app class for loading assets: class com.example.ipose_megaman.Main
12:34:18.114 [FXGL Background Thread 1 ] DEBUG GameApplicationServi - Applying CSS: fxgl_dark.css
12:34:18.115 [FXGL Background Thread 1 ] DEBUG FXGLAssetLoaderServi - Loading from file system: jar:file:///C:/Users/julia/.m2/repository/com/github/almasb/fxgl/17.1/fxgl-17.1.jar!/fxglassets/ui/css/fxgl_dark.css
12:34:18.159 [FXGL Background Thread 1 ] DEBUG GameApplicationServi - Initializing application scenes
12:34:18.211 [FXGL Background Thread 1 ] DEBUG GameWorld            - Game world initialized
12:34:18.271 [FXGL Background Thread 1 ] DEBUG PhysicsWorld         - Physics world initialized: appHeight=700, physics.ppm=50,0
12:34:18.272 [FXGL Background Thread 1 ] DEBUG PhysicsWorld         - Using strategy: BRUTE_FORCE
12:34:18.277 [FXGL Background Thread 1 ] DEBUG GameScene            - Game scene initialized: 1050x700
12:34:18.285 [FXGL Background Thread 1 ] DEBUG FXGL.DefaultMenu     - createMenuBodyGameMenu()
12:34:18.292 [FXGL Background Thread 1 ] DEBUG FXGL.DefaultMenu     - createOptionsMenu()
12:34:18.300 [FXGL Background Thread 1 ] DEBUG FXGLAssetLoaderServi - Loading from file system: jar:file:///C:/Users/julia/.m2/repository/com/github/almasb/fxgl/17.1/fxgl-17.1.jar!/fxglassets/textures/particles/smoke.png
12:34:18.409 [FXGL Background Thread 1 ] DEBUG FXGLAssetLoaderServi - Loading from file system: jar:file:///C:/Users/julia/.m2/repository/com/github/almasb/fxgl/17.1/fxgl-17.1.jar!/fxglassets/textures/particles/trace_horizontal.png
12:34:18.441 [FXGL Background Thread 1 ] DEBUG GameApplicationServi - Application scenes initialized
12:34:18.454 [FXGL Background Thread 1 ] DEBUG SystemBundleService  - Loading FXGL system data
12:34:18.459 [FXGL Background Thread 1 ] DEBUG FileSystemAccess     - Reading from: C:\Users\julia\Desktop\IPOSE_MEGAMAN\system\fxgl.bundle
12:34:18.469 [FXGL Background Thread 1 ] DEBUG SystemBundleService  - Bundle FXGL: {}
12:34:18.469 [FXGL Background Thread 1 ] DEBUG UpdaterService       - Checking for updates
12:34:18.475 [FXGL Background Thread 4 ] DEBUG FXGLApplication      - Loading fonts
12:34:18.475 [FXGL Background Thread 1 ] DEBUG FXGLApplication      - Loading default localization
12:34:18.475 [FXGL Background Thread 4 ] DEBUG FXGLAssetLoaderServi - Loading from file system: jar:file:///C:/Users/julia/.m2/repository/com/github/almasb/fxgl/17.1/fxgl-17.1.jar!/fxglassets/ui/fonts/VarelaRound-Regular.ttf
12:34:18.475 [FXGL Background Thread 1 ] DEBUG FXGLAssetLoaderServi - Loading from file system: jar:file:///C:/Users/julia/.m2/repository/com/github/almasb/fxgl/17.1/fxgl-17.1.jar!/fxglassets/languages/english.lang
12:34:18.499 [FXGL Background Thread 1 ] INFO  FXGLApplication      - FXGL initialization took: 0,446 sec
12:34:18.508 [JavaFX Application Thread] DEBUG Input                - Registered new binding: Move Right - D
12:34:18.508 [JavaFX Application Thread] DEBUG Input                - Registered new binding: Move Left - A
12:34:18.508 [JavaFX Application Thread] DEBUG Input                - Registered new binding: Jump - W
12:34:18.508 [JavaFX Application Thread] DEBUG Input                - Registered new binding: Shoot - Z
12:34:18.509 [JavaFX Application Thread] DEBUG FXGLAssetLoaderServi - Loading from file system: jar:file:///C:/Users/julia/.m2/repository/com/github/almasb/fxgl/17.1/fxgl-17.1.jar!/fxglassets/textures/fxgl_icon.png
12:34:18.531 [FXGL Background Thread 4 ] DEBUG FXGLAssetLoaderServi - Loading from file system: jar:file:///C:/Users/julia/.m2/repository/com/github/almasb/fxgl/17.1/fxgl-17.1.jar!/fxglassets/ui/fonts/Abel-Regular.ttf
12:34:18.532 [JavaFX Application Thread] DEBUG FXGLAssetLoaderServi - Loading from file system: jar:file:///C:/Users/julia/.m2/repository/com/github/almasb/fxgl/17.1/fxgl-17.1.jar!/fxglassets/textures/fxgl_default_cursor.png
12:34:18.535 [JavaFX Application Thread] DEBUG Input                - Registered new binding: Screenshot - CTRL+8
12:34:18.535 [JavaFX Application Thread] DEBUG Input                - Registered new binding: System info dump - CTRL+9
12:34:18.536 [JavaFX Application Thread] DEBUG Input                - Registered new binding: Restart - CTRL+R
12:34:18.537 [JavaFX Application Thread] DEBUG Input                - Registered new binding: Toggle Debug Camera - CTRL+7
12:34:18.537 [FXGL Background Thread 4 ] DEBUG FXGLAssetLoaderServi - Loading from file system: jar:file:///C:/Users/julia/.m2/repository/com/github/almasb/fxgl/17.1/fxgl-17.1.jar!/fxglassets/ui/fonts/TerminalLandMono-Regular.otf
12:34:18.539 [JavaFX Application Thread] DEBUG LoopRunner           - Starting loop
12:34:18.539 [JavaFX Application Thread] DEBUG LoopRunner           - Initializing JavaFX AnimationTimerLoop
12:34:18.540 [JavaFX Application Thread] DEBUG GameApplicationServi - Starting new game
12:34:18.540 [JavaFX Application Thread] DEBUG Input                - Clearing active input actions
12:34:18.543 [FXGL Background Thread 4 ] DEBUG FXGLAssetLoaderServi - Loading from file system: jar:file:///C:/Users/julia/.m2/repository/com/github/almasb/fxgl/17.1/fxgl-17.1.jar!/fxglassets/ui/fonts/Courier-Prime.ttf
12:34:18.550 [JavaFX Application Thread] DEBUG GameApplicationServi - Removing overlay from FXGLStartupScene and adding to FXGLLoadingScene
12:34:18.550 [JavaFX Application Thread] DEBUG PrimaryStageWindow   - FXGLStartupScene -> FXGLLoadingScene
12:34:18.550 [JavaFX Application Thread] DEBUG GameApplicationServi - Clearing previous game
12:34:18.550 [JavaFX Application Thread] DEBUG GameScene            - Clearing game scene
12:34:18.550 [JavaFX Application Thread] DEBUG GameWorld            - Clearing game world
12:34:18.550 [JavaFX Application Thread] DEBUG PhysicsWorld         - Clearing physics world
12:34:18.553 [FXGL Background Thread 4 ] DEBUG FXGLApplication      - Initializing game
12:34:18.597 [JavaFX Application Thread] DEBUG FXGLApplication      - Registering font factories with UI factory
12:34:18.625 [FXGL Background Thread 4 ] WARN  TMXLevelLoader       - TiledMap generated from 1.0.1. Supported version: 1.4.2. Some features may not be parsed fully.
12:34:18.641 [FXGL Background Thread 4 ] DEBUG TMXLevelLoader       - Parsed TiledMap: file:/C:/Users/julia/Desktop/IPOSE_MEGAMAN/target/classes/assets/levels/map.tmx
12:34:18.643 [FXGL Background Thread 4 ] DEBUG TMXLevelLoader       - Creating tile layer entities
12:34:18.646 [FXGL Background Thread 4 ] DEBUG TilesetLoader        - Loading view for layer Tilelaag 1
12:34:18.647 [FXGL Background Thread 4 ] DEBUG TilesetLoader        - Created buffer with size 1050.0x700.0
12:34:18.652 [FXGL Background Thread 4 ] DEBUG TMXLevelLoader       - Creating object layer entities
12:34:18.675 [FXGL Background Thread 4 ] DEBUG GameWorld            - Clearing removable entities
12:34:18.676 [FXGL Background Thread 4 ] DEBUG GameWorld            - Setting level: com.almasb.fxgl.entity.level.Level@1c75da99
12:34:18.699 [FXGL Background Thread 4 ] WARN  FXGLAssetLoaderServi - Asset "/assets/textures/MegaManIdle.png" was not found!
12:34:18.699 [FXGL Background Thread 4 ] WARN  FXGLAssetLoaderServi - Failed to load IMAGE
12:34:18.739 [FXGL Background Thread 4 ] WARN  FXGLAssetLoaderServi - Asset "/assets/textures/MegaManIdle.png" was not found!
12:34:18.739 [FXGL Background Thread 4 ] WARN  FXGLAssetLoaderServi - Failed to load IMAGE
12:34:18.744 [FXGL Background Thread 4 ] INFO  FXGLApplication      - Game initialization took: 0,191 sec
12:34:18.744 [JavaFX Application Thread] DEBUG Input                - Clearing active input actions
12:34:18.754 [JavaFX Application Thread] DEBUG GameApplicationServi - Removing overlay from FXGLLoadingScene and adding to GameScene
12:34:18.755 [JavaFX Application Thread] DEBUG PrimaryStageWindow   - FXGLLoadingScene -> GameScene
12:34:18.973 [FXGL Background Thread 2 ] INFO  UpdaterService       - Your current version:  17.1
12:34:18.973 [FXGL Background Thread 2 ] INFO  UpdaterService       - Latest stable version: 17.3
12:34:21.474 [FXGL Background Thread 3 ] DEBUG Engine               - Logging environment variables
12:34:21.474 [FXGL Background Thread 3 ] DEBUG Engine               - achievements: []
12:34:21.474 [FXGL Background Thread 3 ] DEBUG Engine               - actualHeight: 700.0
12:34:21.474 [FXGL Background Thread 3 ] DEBUG Engine               - actualHeightProperty: ReadOnlyDoubleProperty [value: 700.0]
12:34:21.474 [FXGL Background Thread 3 ] DEBUG Engine               - actualWidth: 1050.0
12:34:21.474 [FXGL Background Thread 3 ] DEBUG Engine               - actualWidthProperty: ReadOnlyDoubleProperty [value: 1050.0]
12:34:21.474 [FXGL Background Thread 3 ] DEBUG Engine               - appIcon: fxgl_icon.png
12:34:21.474 [FXGL Background Thread 3 ] DEBUG Engine               - applicationMode: DEVELOPER
12:34:21.474 [FXGL Background Thread 3 ] DEBUG Engine               - cSSList: [fxgl_dark.css]
12:34:21.475 [FXGL Background Thread 3 ] DEBUG Engine               - collisionDetectionStrategy: BRUTE_FORCE
12:34:21.475 [FXGL Background Thread 3 ] DEBUG Engine               - configClass: Optional.empty
12:34:21.475 [FXGL Background Thread 3 ] DEBUG Engine               - credits: []
12:34:21.475 [FXGL Background Thread 3 ] DEBUG Engine               - defaultCursor: CursorInfo(imageName=fxgl_default_cursor.png, hotspotX=7.0, hotspotY=6.0)
12:34:21.475 [FXGL Background Thread 3 ] DEBUG Engine               - devBBoxColorProperty: ObjectProperty [value: 0xff0000ff]
12:34:21.475 [FXGL Background Thread 3 ] DEBUG Engine               - devEnableDebugCameraProperty: BooleanProperty [value: false]
12:34:21.475 [FXGL Background Thread 3 ] DEBUG Engine               - devSensorColorProperty: ObjectProperty [value: 0xffff00ff]
12:34:21.475 [FXGL Background Thread 3 ] DEBUG Engine               - devShowBBoxProperty: BooleanProperty [value: false]
12:34:21.476 [FXGL Background Thread 3 ] DEBUG Engine               - devShowPositionProperty: BooleanProperty [value: false]
12:34:21.476 [FXGL Background Thread 3 ] DEBUG Engine               - enabledMenuItems: []
12:34:21.476 [FXGL Background Thread 3 ] DEBUG Engine               - engineServices: [class com.almasb.fxgl.app.services.FXGLAssetLoaderService, class com.almasb.fxgl.app.FXGLApplication$GameApplicationService, class com.almasb.fxgl.app.services.FXGLDialogService, class com.almasb.fxgl.app.services.IOTaskExecutorService, class com.almasb.fxgl.io.FileSystemService, class com.almasb.fxgl.localization.LocalizationService, class com.almasb.fxgl.app.services.SystemBundleService, class com.almasb.fxgl.profile.SaveLoadService, class com.almasb.fxgl.ui.FXGLUIFactoryServiceProvider, class com.almasb.fxgl.ui.FXGLDialogFactoryServiceProvider, class com.almasb.fxgl.audio.AudioPlayer, class com.almasb.fxgl.notification.impl.NotificationServiceProvider, class com.almasb.fxgl.achievement.AchievementService, class com.almasb.fxgl.cutscene.CutsceneService, class com.almasb.fxgl.minigames.MiniGameService, class com.almasb.fxgl.net.NetService, class com.almasb.fxgl.app.services.UpdaterService, class com.almasb.fxgl.dev.DevService]
12:34:21.476 [FXGL Background Thread 3 ] DEBUG Engine               - fontGame: Abel-Regular.ttf
12:34:21.476 [FXGL Background Thread 3 ] DEBUG Engine               - fontMono: TerminalLandMono-Regular.otf
12:34:21.476 [FXGL Background Thread 3 ] DEBUG Engine               - fontText: Courier-Prime.ttf
12:34:21.476 [FXGL Background Thread 3 ] DEBUG Engine               - fontUI: VarelaRound-Regular.ttf
12:34:21.476 [FXGL Background Thread 3 ] DEBUG Engine               - fullScreen: BooleanProperty [value: false]
12:34:21.476 [FXGL Background Thread 3 ] DEBUG Engine               - gameDifficulty: MEDIUM
12:34:21.476 [FXGL Background Thread 3 ] DEBUG Engine               - gameDifficultyProperty: ObjectProperty [value: MEDIUM]
12:34:21.476 [FXGL Background Thread 3 ] DEBUG Engine               - globalMusicVolume: 0.5
12:34:21.476 [FXGL Background Thread 3 ] DEBUG Engine               - globalMusicVolumeProperty: DoubleProperty [value: 0.5]
12:34:21.476 [FXGL Background Thread 3 ] DEBUG Engine               - globalSoundVolume: 0.5
12:34:21.476 [FXGL Background Thread 3 ] DEBUG Engine               - globalSoundVolumeProperty: DoubleProperty [value: 0.5]
12:34:21.476 [FXGL Background Thread 3 ] DEBUG Engine               - height: 700
12:34:21.476 [FXGL Background Thread 3 ] DEBUG Engine               - is3D: false
12:34:21.476 [FXGL Background Thread 3 ] DEBUG Engine               - isAndroid: false
12:34:21.476 [FXGL Background Thread 3 ] DEBUG Engine               - isBrowser: false
12:34:21.476 [FXGL Background Thread 3 ] DEBUG Engine               - isClickFeedbackEnabled: false
12:34:21.476 [FXGL Background Thread 3 ] DEBUG Engine               - isCloseConfirmation: false
12:34:21.476 [FXGL Background Thread 3 ] DEBUG Engine               - isDesktop: true
12:34:21.476 [FXGL Background Thread 3 ] DEBUG Engine               - isDeveloperMenuEnabled: false
12:34:21.476 [FXGL Background Thread 3 ] DEBUG Engine               - isEmbedded: false
12:34:21.476 [FXGL Background Thread 3 ] DEBUG Engine               - isEntityPreloadEnabled: true
12:34:21.476 [FXGL Background Thread 3 ] DEBUG Engine               - isExperimentalTiledLargeMap: false
12:34:21.476 [FXGL Background Thread 3 ] DEBUG Engine               - isFileSystemWriteAllowed: true
12:34:21.476 [FXGL Background Thread 3 ] DEBUG Engine               - isFullScreenAllowed: false
12:34:21.476 [FXGL Background Thread 3 ] DEBUG Engine               - isFullScreenFromStart: false
12:34:21.476 [FXGL Background Thread 3 ] DEBUG Engine               - isGameMenuEnabled: true
12:34:21.476 [FXGL Background Thread 3 ] DEBUG Engine               - isIOS: false
12:34:21.476 [FXGL Background Thread 3 ] DEBUG Engine               - isIntroEnabled: false
12:34:21.476 [FXGL Background Thread 3 ] DEBUG Engine               - isLinux: false
12:34:21.476 [FXGL Background Thread 3 ] DEBUG Engine               - isMac: false
12:34:21.476 [FXGL Background Thread 3 ] DEBUG Engine               - isMainMenuEnabled: false
12:34:21.476 [FXGL Background Thread 3 ] DEBUG Engine               - isManualResizeEnabled: false
12:34:21.476 [FXGL Background Thread 3 ] DEBUG Engine               - isMobile: false
12:34:21.476 [FXGL Background Thread 3 ] DEBUG Engine               - isNative: false
12:34:21.476 [FXGL Background Thread 3 ] DEBUG Engine               - isPauseMusicWhenMinimized: true
12:34:21.476 [FXGL Background Thread 3 ] DEBUG Engine               - isPreserveResizeRatio: false
12:34:21.476 [FXGL Background Thread 3 ] DEBUG Engine               - isProfilingEnabled: false
12:34:21.476 [FXGL Background Thread 3 ] DEBUG Engine               - isScaleAffectedOnResize: true
12:34:21.476 [FXGL Background Thread 3 ] DEBUG Engine               - isSingleStep: false
12:34:21.476 [FXGL Background Thread 3 ] DEBUG Engine               - isUserProfileEnabled: false
12:34:21.476 [FXGL Background Thread 3 ] DEBUG Engine               - isWindows: true
12:34:21.476 [FXGL Background Thread 3 ] DEBUG Engine               - language: ObjectProperty [value: ENGLISH]
12:34:21.476 [FXGL Background Thread 3 ] DEBUG Engine               - menuKey: ESCAPE
12:34:21.476 [FXGL Background Thread 3 ] DEBUG Engine               - mouseSensitivity: 0.2
12:34:21.476 [FXGL Background Thread 3 ] DEBUG Engine               - notificationViewClass: class com.almasb.fxgl.notification.view.XboxNotificationView
12:34:21.476 [FXGL Background Thread 3 ] DEBUG Engine               - pixelsPerMeter: 50.0
12:34:21.476 [FXGL Background Thread 3 ] DEBUG Engine               - platform: WINDOWS
12:34:21.476 [FXGL Background Thread 3 ] DEBUG Engine               - prefHeightProperty: ReadOnlyDoubleProperty [value: 700.0]
12:34:21.476 [FXGL Background Thread 3 ] DEBUG Engine               - prefWidthProperty: ReadOnlyDoubleProperty [value: 1050.0]
12:34:21.476 [FXGL Background Thread 3 ] DEBUG Engine               - profileDir: profiles/
12:34:21.476 [FXGL Background Thread 3 ] DEBUG Engine               - profileName: StringProperty [value: DEFAULT]
12:34:21.476 [FXGL Background Thread 3 ] DEBUG Engine               - randomSeed: -1
12:34:21.477 [FXGL Background Thread 3 ] DEBUG Engine               - runtimeInfo: RuntimeInfo(platform=WINDOWS, version=17.1, build=24.03.2022 17.34)
12:34:21.477 [FXGL Background Thread 3 ] DEBUG Engine               - saveFileExt: sav
12:34:21.477 [FXGL Background Thread 3 ] DEBUG Engine               - scaledHeightProp$fxgl: DoubleProperty [bound, value: 700.0]
12:34:21.477 [FXGL Background Thread 3 ] DEBUG Engine               - scaledWidthProp$fxgl: DoubleProperty [bound, value: 1050.0]
12:34:21.477 [FXGL Background Thread 3 ] DEBUG Engine               - sceneFactory: com.almasb.fxgl.app.scene.SceneFactory@76033e4b
12:34:21.477 [FXGL Background Thread 3 ] DEBUG Engine               - secondsIn24h: 60
12:34:21.477 [FXGL Background Thread 3 ] DEBUG Engine               - soundMenuBack: menu/back.wav
12:34:21.477 [FXGL Background Thread 3 ] DEBUG Engine               - soundMenuPress: menu/press.wav
12:34:21.477 [FXGL Background Thread 3 ] DEBUG Engine               - soundMenuSelect: menu/select.wav
12:34:21.477 [FXGL Background Thread 3 ] DEBUG Engine               - soundNotification: core/notification.wav
12:34:21.477 [FXGL Background Thread 3 ] DEBUG Engine               - stageStyle: DECORATED
12:34:21.477 [FXGL Background Thread 3 ] DEBUG Engine               - supportedLanguages: [ENGLISH, FRENCH, GERMAN, HUNGARIAN, RUSSIAN]
12:34:21.477 [FXGL Background Thread 3 ] DEBUG Engine               - ticksPerSecond: -1
12:34:21.477 [FXGL Background Thread 3 ] DEBUG Engine               - title: Mega Man, but AWESOME!
12:34:21.477 [FXGL Background Thread 3 ] DEBUG Engine               - urlGithub: https://github.com/AlmasB/FXGL
12:34:21.477 [FXGL Background Thread 3 ] DEBUG Engine               - urlLeaderboard: http://fxgl-top.herokuapp.com/
12:34:21.477 [FXGL Background Thread 3 ] DEBUG Engine               - urlPOM: https://raw.githubusercontent.com/AlmasB/FXGL/release/README.md
12:34:21.477 [FXGL Background Thread 3 ] DEBUG Engine               - userAppClass: class com.example.ipose_megaman.Main
12:34:21.477 [FXGL Background Thread 3 ] DEBUG Engine               - version: 1.0
12:34:21.477 [FXGL Background Thread 3 ] DEBUG Engine               - versionCheckDays: 7
12:34:21.477 [FXGL Background Thread 3 ] DEBUG Engine               - width: 1050
12:34:21.477 [FXGL Background Thread 3 ] DEBUG Engine               - Logging services
12:34:21.477 [FXGL Background Thread 3 ] DEBUG Engine               - class com.almasb.fxgl.app.services.FXGLAssetLoaderService
12:34:21.477 [FXGL Background Thread 3 ] DEBUG Engine               - class com.almasb.fxgl.app.FXGLApplication$GameApplicationService
12:34:21.477 [FXGL Background Thread 3 ] DEBUG Engine               - class com.almasb.fxgl.app.services.FXGLDialogService
12:34:21.477 [FXGL Background Thread 3 ] DEBUG Engine               - class com.almasb.fxgl.app.services.IOTaskExecutorService
12:34:21.477 [FXGL Background Thread 3 ] DEBUG Engine               - class com.almasb.fxgl.io.FileSystemService
12:34:21.477 [FXGL Background Thread 3 ] DEBUG Engine               - class com.almasb.fxgl.localization.LocalizationService
12:34:21.477 [FXGL Background Thread 3 ] DEBUG Engine               - class com.almasb.fxgl.app.services.SystemBundleService
12:34:21.477 [FXGL Background Thread 3 ] DEBUG Engine               - class com.almasb.fxgl.profile.SaveLoadService
12:34:21.477 [FXGL Background Thread 3 ] DEBUG Engine               - class com.almasb.fxgl.ui.FXGLUIFactoryServiceProvider
12:34:21.477 [FXGL Background Thread 3 ] DEBUG Engine               - class com.almasb.fxgl.ui.FXGLDialogFactoryServiceProvider
12:34:21.477 [FXGL Background Thread 3 ] DEBUG Engine               - class com.almasb.fxgl.audio.AudioPlayer
12:34:21.477 [FXGL Background Thread 3 ] DEBUG Engine               - class com.almasb.fxgl.notification.impl.NotificationServiceProvider
12:34:21.477 [FXGL Background Thread 3 ] DEBUG Engine               - class com.almasb.fxgl.achievement.AchievementService
12:34:21.478 [FXGL Background Thread 3 ] DEBUG Engine               - class com.almasb.fxgl.cutscene.CutsceneService
12:34:21.478 [FXGL Background Thread 3 ] DEBUG Engine               - class com.almasb.fxgl.minigames.MiniGameService
12:34:21.478 [FXGL Background Thread 3 ] DEBUG Engine               - class com.almasb.fxgl.net.NetService
12:34:21.478 [FXGL Background Thread 3 ] DEBUG Engine               - class com.almasb.fxgl.app.services.UpdaterService
12:34:21.478 [FXGL Background Thread 3 ] DEBUG Engine               - class com.almasb.fxgl.dev.DevService
12:34:48.390 [JavaFX Application Thread] DEBUG FXGLApplication      - Exiting FXGL
12:34:48.390 [JavaFX Application Thread] DEBUG LoopRunner           - Stopping loop
12:34:48.390 [JavaFX Application Thread] DEBUG SystemBundleService  - Saving FXGL system data
12:34:48.391 [JavaFX Application Thread] DEBUG FileSystemAccess     - Writing to: C:\Users\julia\Desktop\IPOSE_MEGAMAN\system\fxgl.bundle
12:34:48.392 [JavaFX Application Thread] DEBUG Async                - Shutting down background threads
12:34:48.392 [JavaFX Application Thread] DEBUG PrimaryStageWindow   - Closing main window
12:34:48.409 [JavaFX Application Thread] DEBUG Logger               - Closing Logger
